INFO: [VRFC 10-2263] Analyzing Verilog file "D:/xilinx/Vivado/2018.3/CECS461_Labs/pong_hdmi/pong_hdmi.ip_user_files/bd/system/ip/system_processing_system7_0_0/sim/system_processing_system7_0_0.v" into library xil_defaultlib
INFO: [VRFC 10-311] analyzing module system_processing_system7_0_0
INFO: [VRFC 10-2263] Analyzing Verilog file "D:/xilinx/Vivado/2018.3/CECS461_Labs/pong_hdmi/pong_hdmi.ip_user_files/bd/system/ip/system_xbar_0/sim/system_xbar_0.v" into library xil_defaultlib
INFO: [VRFC 10-311] analyzing module system_xbar_0
INFO: [VRFC 10-2263] Analyzing Verilog file "D:/xilinx/Vivado/2018.3/CECS461_Labs/pong_hdmi/pong_hdmi.srcs/sources_1/bd/system/ipshared/9097/src/mmcme2_drp.v" into library xil_defaultlib
INFO: [VRFC 10-311] analyzing module mmcme2_drp
INFO: [VRFC 10-2263] Analyzing Verilog file "D:/xilinx/Vivado/2018.3/CECS461_Labs/pong_hdmi/pong_hdmi.ip_user_files/bd/system/ip/system_v_axi4s_vid_out_0_0/sim/system_v_axi4s_vid_out_0_0.v" into library xil_defaultlib
INFO: [VRFC 10-311] analyzing module system_v_axi4s_vid_out_0_0
INFO: [VRFC 10-2263] Analyzing Verilog file "D:/xilinx/Vivado/2018.3/CECS461_Labs/pong_hdmi/pong_hdmi.ip_user_files/bd/system/ip/system_axis_subset_converter_0_0/hdl/tdata_system_axis_subset_converter_0_0.v" into library xil_defaultlib
INFO: [VRFC 10-311] analyzing module tdata_system_axis_subset_converter_0_0
INFO: [VRFC 10-2263] Analyzing Verilog file "D:/xilinx/Vivado/2018.3/CECS461_Labs/pong_hdmi/pong_hdmi.ip_user_files/bd/system/ip/system_axis_subset_converter_0_0/hdl/tuser_system_axis_subset_converter_0_0.v" into library xil_defaultlib
INFO: [VRFC 10-311] analyzing module tuser_system_axis_subset_converter_0_0
INFO: [VRFC 10-2263] Analyzing Verilog file "D:/xilinx/Vivado/2018.3/CECS461_Labs/pong_hdmi/pong_hdmi.ip_user_files/bd/system/ip/system_axis_subset_converter_0_0/hdl/tstrb_system_axis_subset_converter_0_0.v" into library xil_defaultlib
INFO: [VRFC 10-311] analyzing module tstrb_system_axis_subset_converter_0_0
INFO: [VRFC 10-2263] Analyzing Verilog file "D:/xilinx/Vivado/2018.3/CECS461_Labs/pong_hdmi/pong_hdmi.ip_user_files/bd/system/ip/system_axis_subset_converter_0_0/hdl/tkeep_system_axis_subset_converter_0_0.v" into library xil_defaultlib
INFO: [VRFC 10-311] analyzing module tkeep_system_axis_subset_converter_0_0
INFO: [VRFC 10-2263] Analyzing Verilog file "D:/xilinx/Vivado/2018.3/CECS461_Labs/pong_hdmi/pong_hdmi.ip_user_files/bd/system/ip/system_axis_subset_converter_0_0/hdl/tid_system_axis_subset_converter_0_0.v" into library xil_defaultlib
INFO: [VRFC 10-311] analyzing module tid_system_axis_subset_converter_0_0
INFO: [VRFC 10-2263] Analyzing Verilog file "D:/xilinx/Vivado/2018.3/CECS461_Labs/pong_hdmi/pong_hdmi.ip_user_files/bd/system/ip/system_axis_subset_converter_0_0/hdl/tdest_system_axis_subset_converter_0_0.v" into library xil_defaultlib
INFO: [VRFC 10-311] analyzing module tdest_system_axis_subset_converter_0_0
INFO: [VRFC 10-2263] Analyzing Verilog file "D:/xilinx/Vivado/2018.3/CECS461_Labs/pong_hdmi/pong_hdmi.ip_user_files/bd/system/ip/system_axis_subset_converter_0_0/hdl/tlast_system_axis_subset_converter_0_0.v" into library xil_defaultlib
INFO: [VRFC 10-311] analyzing module tlast_system_axis_subset_converter_0_0
INFO: [VRFC 10-2263] Analyzing Verilog file "D:/xilinx/Vivado/2018.3/CECS461_Labs/pong_hdmi/pong_hdmi.ip_user_files/bd/system/ip/system_axis_subset_converter_0_0/hdl/top_system_axis_subset_converter_0_0.v" into library xil_defaultlib
INFO: [VRFC 10-311] analyzing module top_system_axis_subset_converter_0_0
INFO: [VRFC 10-2263] Analyzing Verilog file "D:/xilinx/Vivado/2018.3/CECS461_Labs/pong_hdmi/pong_hdmi.ip_user_files/bd/system/ip/system_axis_subset_converter_0_0/sim/system_axis_subset_converter_0_0.v" into library xil_defaultlib
INFO: [VRFC 10-311] analyzing module system_axis_subset_converter_0_0
INFO: [VRFC 10-2263] Analyzing Verilog file "D:/xilinx/Vivado/2018.3/CECS461_Labs/pong_hdmi/pong_hdmi.ip_user_files/bd/system/ip/system_xlconstant_0_0/sim/system_xlconstant_0_0.v" into library xil_defaultlib
