ISim log file
Running: C:\Users\KuldeepGohil\Desktop\labs\LAB 05\Lab5\Lab5\CECS301_Lab5_TB_isim_beh.exe -intstyle ise -gui -tclbatch isim.cmd -wdb C:/Users/KuldeepGohil/Desktop/labs/LAB 05/Lab5/Lab5/CECS301_Lab5_TB_isim_beh.wdb 
ISim P.20131013 (signature 0x7708f090)
----------------------------------------------------------------------
INFO:Security:61 - The XILINXD_LICENSE_FILE environment variable is not set.
INFO:Security:63 - The LM_LICENSE_FILE environment variable is not set.
INFO:Security:68 - For more information or for assistance in obtaining 
 a license, please run the Xilinx License Configuration Manager
       (xlcm or "Manage Xilinx Licenses".)
INFO:Security:68a - user is 015499534, on host DESKTOP-JSL1OMH.
ERROR:Security:14 - No feature was available for 'ISIM'.

No such feature exists.
Feature:       ISIM
License path:  C:/.Xilinx\Xilinx.lic;S:\Xilinx\14.7\ISE_DS\ISE\/coregen/core_licenses\Xilinx.lic;S:\Xilinx\14.7\ISE_DS\ISE\/coregen/core_licenses\XilinxFree.lic;S:\Xilinx\14.7\ISE_DS\EDK/data/core_licenses\Xilinx.lic;
FLEXnet Licensing error:-5,357
For further information, refer to the FLEXnet Licensing documentation,
available at "www.flexerasoftware.com".
----------------------------------------------------------------------
WARNING: A full ISim License cannot be checked out due to the issues listed above. Please use Xilinx License Configuration Manager to fix these issues in order to check out a full ISim license.
WARNING: ISim will run in Lite mode. Please refer to the ISim documentation for more information on the differences between the Lite and the Full version.
This is a Lite version of ISim.
Time resolution is 1 ps
# onerror resume
# wave add /
# run 1000 ns
Simulator is doing circuit initialization process.
Finished circuit initialization process.
R_Adr = 0, S_Adr = 4, R=0000, S=0000
R_Adr = 1, S_Adr = 5, R=0000, S=0000
R_Adr = 2, S_Adr = 6, R=0000, S=0000
R_Adr = 3, S_Adr = 7, R=0000, S=0000
R_Adr = 0, S_Adr = 4, R=ffff, S=fffb
R_Adr = 1, S_Adr = 5, R=fffe, S=fffa
R_Adr = 2, S_Adr = 6, R=fffd, S=fff9
R_Adr = 3, S_Adr = 7, R=fffc, S=fff8
Stopped at time : 196 ns : File "C:/Users/KuldeepGohil/Desktop/labs/LAB 05/Lab5/Lab5/CECS301_Lab5_TB.v" Line 57
