Running: C:\Xilinx\14.7\ISE_DS\ISE\bin\nt64\unwrapped\fuse.exe -intstyle ise -incremental -lib unisims_ver -lib unimacro_ver -lib xilinxcorelib_ver -lib secureip -o C:/Users/Kuldeep/Desktop/CECS CLASSES/CECS 201/Ripple-Carry/FA16Adder_tb_isim_beh.exe -prj C:/Users/Kuldeep/Desktop/CECS CLASSES/CECS 201/Ripple-Carry/FA16Adder_tb_beh.prj work.FA16Adder_tb work.glbl 
ISim P.20131013 (signature 0x7708f090)
Number of CPUs detected in this system: 4
Turning on mult-threading, number of parallel sub-compilation jobs: 8 
Determining compilation order of HDL files
Analyzing Verilog file "C:/Users/Kuldeep/Desktop/CECS CLASSES/CECS 201/Ripple-Carry/FullAdder.v" into library work
Analyzing Verilog file "C:/Users/Kuldeep/Desktop/CECS CLASSES/CECS 201/Ripple-Carry/FA4.v" into library work
Analyzing Verilog file "C:/Users/Kuldeep/Desktop/CECS CLASSES/CECS 201/Ripple-Carry/FA16Adder.v" into library work
Analyzing Verilog file "C:/Users/Kuldeep/Desktop/CECS CLASSES/CECS 201/Ripple-Carry/FA16Adder_tb.v" into library work
Analyzing Verilog file "C:/Xilinx/14.7/ISE_DS/ISE//verilog/src/glbl.v" into library work
Starting static elaboration
Completed static elaboration
Compiling module FullAdder
Compiling module FA4
Compiling module FA16Adder
Compiling module FA16Adder_tb
Compiling module glbl
Time Resolution for simulation is 1ps.
Waiting for 1 sub-compilation(s) to finish...
Compiled 5 Verilog Units
Built simulation executable C:/Users/Kuldeep/Desktop/CECS CLASSES/CECS 201/Ripple-Carry/FA16Adder_tb_isim_beh.exe
Fuse Memory Usage: 27512 KB
Fuse CPU Usage: 467 ms
