--------------------------------------------------------------------------------
Release 14.7 Trace  (nt64)
Copyright (c) 1995-2013 Xilinx, Inc.  All rights reserved.

C:\Xilinx\14.7\ISE_DS\ISE\bin\nt64\unwrapped\trce.exe -intstyle ise -v 3 -s 3
-n 3 -fastpaths -xml mux.twx mux.ncd -o mux.twr mux.pcf

Design file:              mux.ncd
Physical constraint file: mux.pcf
Device,package,speed:     xc6slx16,csg324,C,-3 (PRODUCTION 1.23 2013-10-13)
Report level:             verbose report

Environment Variable      Effect 
--------------------      ------ 
NONE                      No environment variables were set
--------------------------------------------------------------------------------

INFO:Timing:2698 - No timing constraints found, doing default enumeration.
INFO:Timing:3412 - To improve timing, see the Timing Closure User Guide (UG612).
INFO:Timing:2752 - To get complete path coverage, use the unconstrained paths 
   option. All paths that are not constrained will be reported in the 
   unconstrained paths section(s) of the report.
INFO:Timing:3339 - The clock-to-out numbers in this timing report are based on 
   a 50 Ohm transmission line loading model.  For the details of this model, 
   and for more information on accounting for different loading conditions, 
   please see the device datasheet.



Data Sheet report:
-----------------
All values displayed in nanoseconds (ns)

Pad to Pad
---------------+---------------+---------+
Source Pad     |Destination Pad|  Delay  |
---------------+---------------+---------+
A<0>           |Co             |   12.393|
A<0>           |S<0>           |    7.248|
A<0>           |S<1>           |    7.341|
A<0>           |S<2>           |    8.146|
A<0>           |S<3>           |    7.983|
A<0>           |S<4>           |    8.171|
A<0>           |S<5>           |    8.406|
A<0>           |S<6>           |    9.158|
A<0>           |S<7>           |    9.451|
A<0>           |S<8>           |   10.304|
A<0>           |S<9>           |   10.432|
A<0>           |S<10>          |   10.627|
A<0>           |S<11>          |   10.932|
A<0>           |S<12>          |   11.709|
A<0>           |S<13>          |   11.553|
A<0>           |S<14>          |   12.292|
A<0>           |S<15>          |   12.294|
A<1>           |Co             |   12.039|
A<1>           |S<1>           |    6.987|
A<1>           |S<2>           |    7.792|
A<1>           |S<3>           |    7.629|
A<1>           |S<4>           |    7.817|
A<1>           |S<5>           |    8.052|
A<1>           |S<6>           |    8.804|
A<1>           |S<7>           |    9.097|
A<1>           |S<8>           |    9.950|
A<1>           |S<9>           |   10.078|
A<1>           |S<10>          |   10.273|
A<1>           |S<11>          |   10.578|
A<1>           |S<12>          |   11.355|
A<1>           |S<13>          |   11.199|
A<1>           |S<14>          |   11.938|
A<1>           |S<15>          |   11.940|
A<2>           |Co             |   11.787|
A<2>           |S<2>           |    7.193|
A<2>           |S<3>           |    7.060|
A<2>           |S<4>           |    7.565|
A<2>           |S<5>           |    7.800|
A<2>           |S<6>           |    8.552|
A<2>           |S<7>           |    8.845|
A<2>           |S<8>           |    9.698|
A<2>           |S<9>           |    9.826|
A<2>           |S<10>          |   10.021|
A<2>           |S<11>          |   10.326|
A<2>           |S<12>          |   11.103|
A<2>           |S<13>          |   10.947|
A<2>           |S<14>          |   11.686|
A<2>           |S<15>          |   11.688|
A<3>           |Co             |   11.481|
A<3>           |S<3>           |    7.090|
A<3>           |S<4>           |    7.259|
A<3>           |S<5>           |    7.494|
A<3>           |S<6>           |    8.246|
A<3>           |S<7>           |    8.539|
A<3>           |S<8>           |    9.392|
A<3>           |S<9>           |    9.520|
A<3>           |S<10>          |    9.715|
A<3>           |S<11>          |   10.020|
A<3>           |S<12>          |   10.797|
A<3>           |S<13>          |   10.641|
A<3>           |S<14>          |   11.380|
A<3>           |S<15>          |   11.382|
A<4>           |Co             |   11.107|
A<4>           |S<4>           |    6.963|
A<4>           |S<5>           |    7.276|
A<4>           |S<6>           |    7.872|
A<4>           |S<7>           |    8.165|
A<4>           |S<8>           |    9.018|
A<4>           |S<9>           |    9.146|
A<4>           |S<10>          |    9.341|
A<4>           |S<11>          |    9.646|
A<4>           |S<12>          |   10.423|
A<4>           |S<13>          |   10.267|
A<4>           |S<14>          |   11.006|
A<4>           |S<15>          |   11.008|
A<5>           |Co             |   10.768|
A<5>           |S<5>           |    6.938|
A<5>           |S<6>           |    7.533|
A<5>           |S<7>           |    7.826|
A<5>           |S<8>           |    8.679|
A<5>           |S<9>           |    8.807|
A<5>           |S<10>          |    9.002|
A<5>           |S<11>          |    9.307|
A<5>           |S<12>          |   10.084|
A<5>           |S<13>          |    9.928|
A<5>           |S<14>          |   10.667|
A<5>           |S<15>          |   10.669|
A<6>           |Co             |   10.485|
A<6>           |S<6>           |    6.978|
A<6>           |S<7>           |    7.651|
A<6>           |S<8>           |    8.396|
A<6>           |S<9>           |    8.524|
A<6>           |S<10>          |    8.719|
A<6>           |S<11>          |    9.024|
A<6>           |S<12>          |    9.801|
A<6>           |S<13>          |    9.645|
A<6>           |S<14>          |   10.384|
A<6>           |S<15>          |   10.386|
A<7>           |Co             |   10.417|
A<7>           |S<7>           |    7.472|
A<7>           |S<8>           |    8.328|
A<7>           |S<9>           |    8.456|
A<7>           |S<10>          |    8.651|
A<7>           |S<11>          |    8.956|
A<7>           |S<12>          |    9.733|
A<7>           |S<13>          |    9.577|
A<7>           |S<14>          |   10.316|
A<7>           |S<15>          |   10.318|
A<8>           |Co             |    9.442|
A<8>           |S<8>           |    7.667|
A<8>           |S<9>           |    7.474|
A<8>           |S<10>          |    7.676|
A<8>           |S<11>          |    7.981|
A<8>           |S<12>          |    8.758|
A<8>           |S<13>          |    8.602|
A<8>           |S<14>          |    9.341|
A<8>           |S<15>          |    9.343|
A<9>           |Co             |    9.364|
A<9>           |S<9>           |    7.275|
A<9>           |S<10>          |    7.598|
A<9>           |S<11>          |    7.903|
A<9>           |S<12>          |    8.680|
A<9>           |S<13>          |    8.524|
A<9>           |S<14>          |    9.263|
A<9>           |S<15>          |    9.265|
A<10>          |Co             |    9.308|
A<10>          |S<10>          |    7.382|
A<10>          |S<11>          |    7.682|
A<10>          |S<12>          |    8.624|
A<10>          |S<13>          |    8.468|
A<10>          |S<14>          |    9.207|
A<10>          |S<15>          |    9.209|
A<11>          |Co             |    9.320|
A<11>          |S<11>          |    7.795|
A<11>          |S<12>          |    8.636|
A<11>          |S<13>          |    8.480|
A<11>          |S<14>          |    9.219|
A<11>          |S<15>          |    9.221|
A<12>          |Co             |    8.380|
A<12>          |S<12>          |    7.543|
A<12>          |S<13>          |    7.926|
A<12>          |S<14>          |    8.279|
A<12>          |S<15>          |    8.281|
A<13>          |Co             |    8.470|
A<13>          |S<13>          |    7.580|
A<13>          |S<14>          |    8.369|
A<13>          |S<15>          |    8.371|
A<14>          |Co             |    8.112|
A<14>          |S<14>          |    7.957|
A<14>          |S<15>          |    7.969|
A<15>          |Co             |    7.521|
A<15>          |S<15>          |    7.400|
B<0>           |Co             |   11.673|
B<0>           |S<0>           |    6.448|
B<0>           |S<1>           |    6.621|
B<0>           |S<2>           |    7.426|
B<0>           |S<3>           |    7.263|
B<0>           |S<4>           |    7.451|
B<0>           |S<5>           |    7.686|
B<0>           |S<6>           |    8.438|
B<0>           |S<7>           |    8.731|
B<0>           |S<8>           |    9.584|
B<0>           |S<9>           |    9.712|
B<0>           |S<10>          |    9.907|
B<0>           |S<11>          |   10.212|
B<0>           |S<12>          |   10.989|
B<0>           |S<13>          |   10.833|
B<0>           |S<14>          |   11.572|
B<0>           |S<15>          |   11.574|
B<1>           |Co             |   11.706|
B<1>           |S<1>           |    6.654|
B<1>           |S<2>           |    7.459|
B<1>           |S<3>           |    7.296|
B<1>           |S<4>           |    7.484|
B<1>           |S<5>           |    7.719|
B<1>           |S<6>           |    8.471|
B<1>           |S<7>           |    8.764|
B<1>           |S<8>           |    9.617|
B<1>           |S<9>           |    9.745|
B<1>           |S<10>          |    9.940|
B<1>           |S<11>          |   10.245|
B<1>           |S<12>          |   11.022|
B<1>           |S<13>          |   10.866|
B<1>           |S<14>          |   11.605|
B<1>           |S<15>          |   11.607|
B<2>           |Co             |   11.738|
B<2>           |S<2>           |    6.391|
B<2>           |S<3>           |    7.062|
B<2>           |S<4>           |    7.516|
B<2>           |S<5>           |    7.751|
B<2>           |S<6>           |    8.503|
B<2>           |S<7>           |    8.796|
B<2>           |S<8>           |    9.649|
B<2>           |S<9>           |    9.777|
B<2>           |S<10>          |    9.972|
B<2>           |S<11>          |   10.277|
B<2>           |S<12>          |   11.054|
B<2>           |S<13>          |   10.898|
B<2>           |S<14>          |   11.637|
B<2>           |S<15>          |   11.639|
B<3>           |Co             |   11.512|
B<3>           |S<3>           |    6.832|
B<3>           |S<4>           |    7.290|
B<3>           |S<5>           |    7.525|
B<3>           |S<6>           |    8.277|
B<3>           |S<7>           |    8.570|
B<3>           |S<8>           |    9.423|
B<3>           |S<9>           |    9.551|
B<3>           |S<10>          |    9.746|
B<3>           |S<11>          |   10.051|
B<3>           |S<12>          |   10.828|
B<3>           |S<13>          |   10.672|
B<3>           |S<14>          |   11.411|
B<3>           |S<15>          |   11.413|
B<4>           |Co             |   10.154|
B<4>           |S<4>           |    6.230|
B<4>           |S<5>           |    6.328|
B<4>           |S<6>           |    6.919|
B<4>           |S<7>           |    7.212|
B<4>           |S<8>           |    8.065|
B<4>           |S<9>           |    8.193|
B<4>           |S<10>          |    8.388|
B<4>           |S<11>          |    8.693|
B<4>           |S<12>          |    9.470|
B<4>           |S<13>          |    9.314|
B<4>           |S<14>          |   10.053|
B<4>           |S<15>          |   10.055|
B<5>           |Co             |   10.303|
B<5>           |S<5>           |    6.589|
B<5>           |S<6>           |    7.068|
B<5>           |S<7>           |    7.361|
B<5>           |S<8>           |    8.214|
B<5>           |S<9>           |    8.342|
B<5>           |S<10>          |    8.537|
B<5>           |S<11>          |    8.842|
B<5>           |S<12>          |    9.619|
B<5>           |S<13>          |    9.463|
B<5>           |S<14>          |   10.202|
B<5>           |S<15>          |   10.204|
B<6>           |Co             |   10.296|
B<6>           |S<6>           |    6.701|
B<6>           |S<7>           |    7.031|
B<6>           |S<8>           |    8.207|
B<6>           |S<9>           |    8.335|
B<6>           |S<10>          |    8.530|
B<6>           |S<11>          |    8.835|
B<6>           |S<12>          |    9.612|
B<6>           |S<13>          |    9.456|
B<6>           |S<14>          |   10.195|
B<6>           |S<15>          |   10.197|
B<7>           |Co             |   10.263|
B<7>           |S<7>           |    7.320|
B<7>           |S<8>           |    8.174|
B<7>           |S<9>           |    8.302|
B<7>           |S<10>          |    8.497|
B<7>           |S<11>          |    8.802|
B<7>           |S<12>          |    9.579|
B<7>           |S<13>          |    9.423|
B<7>           |S<14>          |   10.162|
B<7>           |S<15>          |   10.164|
B<8>           |Co             |    9.481|
B<8>           |S<8>           |    7.038|
B<8>           |S<9>           |    7.338|
B<8>           |S<10>          |    7.715|
B<8>           |S<11>          |    8.020|
B<8>           |S<12>          |    8.797|
B<8>           |S<13>          |    8.641|
B<8>           |S<14>          |    9.380|
B<8>           |S<15>          |    9.382|
B<9>           |Co             |    9.058|
B<9>           |S<9>           |    6.705|
B<9>           |S<10>          |    7.292|
B<9>           |S<11>          |    7.597|
B<9>           |S<12>          |    8.374|
B<9>           |S<13>          |    8.218|
B<9>           |S<14>          |    8.957|
B<9>           |S<15>          |    8.959|
B<10>          |Co             |    8.961|
B<10>          |S<10>          |    7.225|
B<10>          |S<11>          |    7.499|
B<10>          |S<12>          |    8.277|
B<10>          |S<13>          |    8.121|
B<10>          |S<14>          |    8.860|
B<10>          |S<15>          |    8.862|
B<11>          |Co             |    8.734|
B<11>          |S<11>          |    6.928|
B<11>          |S<12>          |    8.050|
B<11>          |S<13>          |    7.894|
B<11>          |S<14>          |    8.633|
B<11>          |S<15>          |    8.635|
B<12>          |Co             |    8.210|
B<12>          |S<12>          |    7.350|
B<12>          |S<13>          |    7.819|
B<12>          |S<14>          |    8.109|
B<12>          |S<15>          |    8.111|
B<13>          |Co             |    8.236|
B<13>          |S<13>          |    7.246|
B<13>          |S<14>          |    8.135|
B<13>          |S<15>          |    8.137|
B<14>          |Co             |    7.201|
B<14>          |S<14>          |    7.801|
B<14>          |S<15>          |    7.480|
B<15>          |Co             |    6.935|
B<15>          |S<15>          |    7.155|
add_sub        |Co             |   12.756|
add_sub        |S<1>           |    7.704|
add_sub        |S<2>           |    8.509|
add_sub        |S<3>           |    8.346|
add_sub        |S<4>           |    8.534|
add_sub        |S<5>           |    8.769|
add_sub        |S<6>           |    9.521|
add_sub        |S<7>           |    9.814|
add_sub        |S<8>           |   10.667|
add_sub        |S<9>           |   10.795|
add_sub        |S<10>          |   10.990|
add_sub        |S<11>          |   11.295|
add_sub        |S<12>          |   12.072|
add_sub        |S<13>          |   11.916|
add_sub        |S<14>          |   12.655|
add_sub        |S<15>          |   12.657|
---------------+---------------+---------+


Analysis completed Mon Feb 18 17:34:17 2019 
--------------------------------------------------------------------------------

Trace Settings:
-------------------------
Trace Settings 

Peak Memory Usage: 215 MB



