#-----------------------------------------------------------
# Vivado v2018.3 (64-bit)
# SW Build 2405991 on Thu Dec  6 23:38:27 MST 2018
# IP Build 2404404 on Fri Dec  7 01:43:56 MST 2018
# Start of session at: Thu Feb 18 17:36:25 2021
# Process ID: 8332
# Current directory: C:/Users/KuldeepGohil/Desktop/Spring2021/CECS461/Labs/Lab1/project_1
# Command line: vivado.exe -gui_launcher_event rodinguilauncherevent19328 C:\Users\KuldeepGohil\Desktop\Spring2021\CECS461\Labs\Lab1\project_1\project_1.xpr
# Log file: C:/Users/KuldeepGohil/Desktop/Spring2021/CECS461/Labs/Lab1/project_1/vivado.log
# Journal file: C:/Users/KuldeepGohil/Desktop/Spring2021/CECS461/Labs/Lab1/project_1\vivado.jou
#-----------------------------------------------------------
start_gui
open_project C:/Users/KuldeepGohil/Desktop/Spring2021/CECS461/Labs/Lab1/project_1/project_1.xpr
INFO: [Project 1-313] Project file moved from 'C:/Users/KuldeepGohil/Desktop/Spring 2021/CECS 461/Labs/Lab1/project_1' since last save.
Scanning sources...
Finished scanning sources
INFO: [IP_Flow 19-234] Refreshing IP repositories
INFO: [IP_Flow 19-1704] No user IP repositories specified
INFO: [IP_Flow 19-2313] Loaded Vivado IP repository 'S:/Xilinx/Vivado/2018.3/data/ip'.
open_project: Time (s): cpu = 00:00:10 ; elapsed = 00:00:16 . Memory (MB): peak = 808.477 ; gain = 180.539
update_compile_order -fileset sources_1
save_project_as lab2 C:/Users/KuldeepGohil/Desktop/Spring2021/CECS461/Labs/Lab2/lab2 -force
save_project_as: Time (s): cpu = 00:00:03 ; elapsed = 00:00:07 . Memory (MB): peak = 816.957 ; gain = 2.480
open_bd_design {C:/Users/KuldeepGohil/Desktop/Spring2021/CECS461/Labs/Lab2/lab2/lab2.srcs/sources_1/bd/design_1/design_1.bd}
Adding cell -- xilinx.com:ip:processing_system7:5.5 - processing_system7_0
Successfully read diagram <design_1> from BD file <C:/Users/KuldeepGohil/Desktop/Spring2021/CECS461/Labs/Lab2/lab2/lab2.srcs/sources_1/bd/design_1/design_1.bd>
INFO: [Common 17-365] Interrupt caught but 'open_bd_design' cannot be canceled. Please wait for command to finish.
open_bd_design: Time (s): cpu = 00:00:07 ; elapsed = 00:00:09 . Memory (MB): peak = 917.547 ; gain = 93.387
INFO: [Common 17-681] Processing pending cancel.
1
CRITICAL WARNING: [PSU-1]  Parameter : PCW_UIPARAM_DDR_DQS_TO_CLK_DELAY_0 has negative value -0.050 . PS DDR interfaces might fail when entering negative DQS skew values. 
CRITICAL WARNING: [PSU-2]  Parameter : PCW_UIPARAM_DDR_DQS_TO_CLK_DELAY_1 has negative value -0.044 . PS DDR interfaces might fail when entering negative DQS skew values. 
CRITICAL WARNING: [PSU-3]  Parameter : PCW_UIPARAM_DDR_DQS_TO_CLK_DELAY_2 has negative value -0.035 . PS DDR interfaces might fail when entering negative DQS skew values. 
CRITICAL WARNING: [PSU-4]  Parameter : PCW_UIPARAM_DDR_DQS_TO_CLK_DELAY_3 has negative value -0.100 . PS DDR interfaces might fail when entering negative DQS skew values. 
CRITICAL WARNING: [PSU-1]  Parameter : PCW_UIPARAM_DDR_DQS_TO_CLK_DELAY_0 has negative value -0.050 . PS DDR interfaces might fail when entering negative DQS skew values. 
CRITICAL WARNING: [PSU-2]  Parameter : PCW_UIPARAM_DDR_DQS_TO_CLK_DELAY_1 has negative value -0.044 . PS DDR interfaces might fail when entering negative DQS skew values. 
CRITICAL WARNING: [PSU-3]  Parameter : PCW_UIPARAM_DDR_DQS_TO_CLK_DELAY_2 has negative value -0.035 . PS DDR interfaces might fail when entering negative DQS skew values. 
CRITICAL WARNING: [PSU-4]  Parameter : PCW_UIPARAM_DDR_DQS_TO_CLK_DELAY_3 has negative value -0.100 . PS DDR interfaces might fail when entering negative DQS skew values. 
WARNING: [IP_Flow 19-474] Invalid Parameter 'Component_Name'
open_bd_design {C:/Users/KuldeepGohil/Desktop/Spring2021/CECS461/Labs/Lab2/lab2/lab2.srcs/sources_1/bd/design_1/design_1.bd}
open_bd_design {C:/Users/KuldeepGohil/Desktop/Spring2021/CECS461/Labs/Lab2/lab2/lab2.srcs/sources_1/bd/design_1/design_1.bd}
CRITICAL WARNING: [PSU-1]  Parameter : PCW_UIPARAM_DDR_DQS_TO_CLK_DELAY_0 has negative value -0.050 . PS DDR interfaces might fail when entering negative DQS skew values. 
CRITICAL WARNING: [PSU-2]  Parameter : PCW_UIPARAM_DDR_DQS_TO_CLK_DELAY_1 has negative value -0.044 . PS DDR interfaces might fail when entering negative DQS skew values. 
CRITICAL WARNING: [PSU-3]  Parameter : PCW_UIPARAM_DDR_DQS_TO_CLK_DELAY_2 has negative value -0.035 . PS DDR interfaces might fail when entering negative DQS skew values. 
CRITICAL WARNING: [PSU-4]  Parameter : PCW_UIPARAM_DDR_DQS_TO_CLK_DELAY_3 has negative value -0.100 . PS DDR interfaces might fail when entering negative DQS skew values. 
WARNING: [IP_Flow 19-474] Invalid Parameter 'Component_Name'
CRITICAL WARNING: [PSU-1]  Parameter : PCW_UIPARAM_DDR_DQS_TO_CLK_DELAY_0 has negative value -0.050 . PS DDR interfaces might fail when entering negative DQS skew values. 
CRITICAL WARNING: [PSU-2]  Parameter : PCW_UIPARAM_DDR_DQS_TO_CLK_DELAY_1 has negative value -0.044 . PS DDR interfaces might fail when entering negative DQS skew values. 
CRITICAL WARNING: [PSU-3]  Parameter : PCW_UIPARAM_DDR_DQS_TO_CLK_DELAY_2 has negative value -0.035 . PS DDR interfaces might fail when entering negative DQS skew values. 
CRITICAL WARNING: [PSU-4]  Parameter : PCW_UIPARAM_DDR_DQS_TO_CLK_DELAY_3 has negative value -0.100 . PS DDR interfaces might fail when entering negative DQS skew values. 
CRITICAL WARNING: [PSU-1]  Parameter : PCW_UIPARAM_DDR_DQS_TO_CLK_DELAY_0 has negative value -0.050 . PS DDR interfaces might fail when entering negative DQS skew values. 
CRITICAL WARNING: [PSU-2]  Parameter : PCW_UIPARAM_DDR_DQS_TO_CLK_DELAY_1 has negative value -0.044 . PS DDR interfaces might fail when entering negative DQS skew values. 
CRITICAL WARNING: [PSU-3]  Parameter : PCW_UIPARAM_DDR_DQS_TO_CLK_DELAY_2 has negative value -0.035 . PS DDR interfaces might fail when entering negative DQS skew values. 
CRITICAL WARNING: [PSU-4]  Parameter : PCW_UIPARAM_DDR_DQS_TO_CLK_DELAY_3 has negative value -0.100 . PS DDR interfaces might fail when entering negative DQS skew values. 
CRITICAL WARNING: [PSU-1]  Parameter : PCW_UIPARAM_DDR_DQS_TO_CLK_DELAY_0 has negative value -0.050 . PS DDR interfaces might fail when entering negative DQS skew values. 
CRITICAL WARNING: [PSU-2]  Parameter : PCW_UIPARAM_DDR_DQS_TO_CLK_DELAY_1 has negative value -0.044 . PS DDR interfaces might fail when entering negative DQS skew values. 
CRITICAL WARNING: [PSU-3]  Parameter : PCW_UIPARAM_DDR_DQS_TO_CLK_DELAY_2 has negative value -0.035 . PS DDR interfaces might fail when entering negative DQS skew values. 
CRITICAL WARNING: [PSU-4]  Parameter : PCW_UIPARAM_DDR_DQS_TO_CLK_DELAY_3 has negative value -0.100 . PS DDR interfaces might fail when entering negative DQS skew values. 
startgroup
set_property -dict [list CONFIG.PCW_FPGA0_PERIPHERAL_FREQMHZ {100} CONFIG.PCW_USE_M_AXI_GP0 {1} CONFIG.PCW_EN_CLK0_PORT {1} CONFIG.PCW_EN_RST0_PORT {1}] [get_bd_cells processing_system7_0]
CRITICAL WARNING: [PSU-1]  Parameter : PCW_UIPARAM_DDR_DQS_TO_CLK_DELAY_0 has negative value -0.050 . PS DDR interfaces might fail when entering negative DQS skew values. 
CRITICAL WARNING: [PSU-2]  Parameter : PCW_UIPARAM_DDR_DQS_TO_CLK_DELAY_1 has negative value -0.044 . PS DDR interfaces might fail when entering negative DQS skew values. 
CRITICAL WARNING: [PSU-3]  Parameter : PCW_UIPARAM_DDR_DQS_TO_CLK_DELAY_2 has negative value -0.035 . PS DDR interfaces might fail when entering negative DQS skew values. 
CRITICAL WARNING: [PSU-4]  Parameter : PCW_UIPARAM_DDR_DQS_TO_CLK_DELAY_3 has negative value -0.100 . PS DDR interfaces might fail when entering negative DQS skew values. 
endgroup
set_property location {407 29} [get_bd_intf_ports DDR]
set_property location {389 46} [get_bd_intf_ports FIXED_IO]
startgroup
create_bd_cell -type ip -vlnv xilinx.com:ip:axi_gpio:2.0 axi_gpio_0
endgroup
set_property location {1 -31 81} [get_bd_cells axi_gpio_0]
set_property name switches [get_bd_cells axi_gpio_0]
open_bd_design {C:/Users/KuldeepGohil/Desktop/Spring2021/CECS461/Labs/Lab2/lab2/lab2.srcs/sources_1/bd/design_1/design_1.bd}
open_bd_design {C:/Users/KuldeepGohil/Desktop/Spring2021/CECS461/Labs/Lab2/lab2/lab2.srcs/sources_1/bd/design_1/design_1.bd}
set_property -dict [list CONFIG.C_GPIO_WIDTH {4} CONFIG.C_ALL_INPUTS {1} CONFIG.GPIO_BOARD_INTERFACE {sws_4bits}] [get_bd_cells switches]
apply_bd_automation -rule xilinx.com:bd_rule:axi4 -config { Clk_master {Auto} Clk_slave {Auto} Clk_xbar {Auto} Master {/processing_system7_0/M_AXI_GP0} Slave {/switches/S_AXI} intc_ip {New AXI Interconnect} master_apm {0}}  [get_bd_intf_pins switches/S_AXI]
INFO: [Ipptcl 7-1463] No Compatible Board Interface found. Board Tab not created in customize GUI
</switches/S_AXI/Reg> is being mapped into </processing_system7_0/Data> at <0x41200000 [ 64K ]>
set_property location {2 470 -60} [get_bd_cells processing_system7_0]
set_property location {3 815 167} [get_bd_cells ps7_0_axi_periph]
set_property location {3.5 1205 -82} [get_bd_cells rst_ps7_0_100M]
set_property location {3 858 -83} [get_bd_cells ps7_0_axi_periph]
set_property location {4 1192 111} [get_bd_cells switches]
set_property location {1 417 137} [get_bd_cells rst_ps7_0_100M]
set_property location {1 475 -257} [get_bd_cells rst_ps7_0_100M]
set_property location {1 437 132} [get_bd_cells processing_system7_0]
set_property location {1 449 -72} [get_bd_cells rst_ps7_0_100M]
set_property location {3 1127 -87} [get_bd_cells switches]
startgroup
create_bd_cell -type ip -vlnv xilinx.com:ip:axi_gpio:2.0 axi_gpio_0
endgroup
set_property name buttons [get_bd_cells axi_gpio_0]
set_property -dict [list CONFIG.C_GPIO_WIDTH {4} CONFIG.C_ALL_INPUTS {1} CONFIG.GPIO_BOARD_INTERFACE {btns_4bits}] [get_bd_cells buttons]
CRITICAL WARNING: [PSU-1]  Parameter : PCW_UIPARAM_DDR_DQS_TO_CLK_DELAY_0 has negative value -0.050 . PS DDR interfaces might fail when entering negative DQS skew values. 
CRITICAL WARNING: [PSU-2]  Parameter : PCW_UIPARAM_DDR_DQS_TO_CLK_DELAY_1 has negative value -0.044 . PS DDR interfaces might fail when entering negative DQS skew values. 
CRITICAL WARNING: [PSU-3]  Parameter : PCW_UIPARAM_DDR_DQS_TO_CLK_DELAY_2 has negative value -0.035 . PS DDR interfaces might fail when entering negative DQS skew values. 
CRITICAL WARNING: [PSU-4]  Parameter : PCW_UIPARAM_DDR_DQS_TO_CLK_DELAY_3 has negative value -0.100 . PS DDR interfaces might fail when entering negative DQS skew values. 
WARNING: [IP_Flow 19-474] Invalid Parameter 'Component_Name'
INFO: [Ipptcl 7-1463] No Compatible Board Interface found. Board Tab not created in customize GUI
startgroup
set_property -dict [list CONFIG.NUM_MI {2}] [get_bd_cells ps7_0_axi_periph]
endgroup
connect_bd_intf_net [get_bd_intf_pins buttons/S_AXI] -boundary_type upper [get_bd_intf_pins ps7_0_axi_periph/M01_AXI]
connect_bd_net [get_bd_pins buttons/s_axi_aclk] [get_bd_pins processing_system7_0/FCLK_CLK0]
connect_bd_net [get_bd_pins buttons/s_axi_aresetn] [get_bd_pins rst_ps7_0_100M/peripheral_aresetn]
connect_bd_net [get_bd_pins ps7_0_axi_periph/M01_ACLK] [get_bd_pins processing_system7_0/FCLK_CLK0]
connect_bd_net [get_bd_pins ps7_0_axi_periph/M01_ARESETN] [get_bd_pins rst_ps7_0_100M/peripheral_aresetn]
set_property location {4 1126 146} [get_bd_cells buttons]
set_property location {2 871 -20} [get_bd_cells ps7_0_axi_periph]
set_property location {1 499 -289} [get_bd_cells processing_system7_0]
set_property location {1425 -336} [get_bd_intf_ports DDR]
set_property location {1428 -306} [get_bd_intf_ports FIXED_IO]
set_property location {1428 -328} [get_bd_intf_ports DDR]
set_property location {1246 -326} [get_bd_intf_ports DDR]
set_property location {1294 -347} [get_bd_intf_ports DDR]
set_property location {1429 -337} [get_bd_intf_ports DDR]
set_property location {1419 -314} [get_bd_intf_ports FIXED_IO]
set_property location {1426 -331} [get_bd_intf_ports DDR]
regenerate_bd_layout
startgroup
apply_bd_automation -rule xilinx.com:bd_rule:board -config { Board_Interface {sws_4bits ( 4 Switches ) } Manual_Source {Auto}}  [get_bd_intf_pins switches/GPIO]
INFO: [board_rule 100-100] set_property CONFIG.USE_BOARD_FLOW true [get_bd_cells /switches]
INFO: [board_rule 100-100] set_property CONFIG.GPIO_BOARD_INTERFACE sws_4bits [get_bd_cells /switches]
INFO: [board_rule 100-100] create_bd_intf_port -mode Master -vlnv xilinx.com:interface:gpio_rtl:1.0 sws_4bits
INFO: [board_rule 100-100] connect_bd_intf_net /sws_4bits /switches/GPIO
apply_bd_automation -rule xilinx.com:bd_rule:board -config { Board_Interface {btns_4bits ( 4 Buttons ) } Manual_Source {Auto}}  [get_bd_intf_pins buttons/GPIO]
INFO: [board_rule 100-100] set_property CONFIG.USE_BOARD_FLOW true [get_bd_cells /buttons]
INFO: [board_rule 100-100] set_property CONFIG.GPIO_BOARD_INTERFACE btns_4bits [get_bd_cells /buttons]
INFO: [board_rule 100-100] create_bd_intf_port -mode Master -vlnv xilinx.com:interface:gpio_rtl:1.0 btns_4bits
INFO: [board_rule 100-100] connect_bd_intf_net /btns_4bits /buttons/GPIO
endgroup
undo
INFO: [Common 17-17] undo 'endgroup'
INFO: [Common 17-17] undo 'apply_bd_automation -rule xilinx.com:bd_rule:board -config { Board_Interface {btns_4bits ( 4 Buttons ) } Manual_Source {Auto}}  [get_bd_intf_pins buttons/GPIO]'
INFO: [Common 17-17] undo 'apply_bd_automation -rule xilinx.com:bd_rule:board -config { Board_Interface {sws_4bits ( 4 Switches ) } Manual_Source {Auto}}  [get_bd_intf_pins switches/GPIO]'
INFO: [Common 17-17] undo 'startgroup'
apply_bd_automation -rule xilinx.com:bd_rule:board -config { Board_Interface {sws_4bits ( 4 Switches ) } Manual_Source {Auto}}  [get_bd_intf_pins switches/GPIO]
INFO: [board_rule 100-100] set_property CONFIG.USE_BOARD_FLOW true [get_bd_cells /switches]
INFO: [board_rule 100-100] set_property CONFIG.GPIO_BOARD_INTERFACE sws_4bits [get_bd_cells /switches]
INFO: [board_rule 100-100] create_bd_intf_port -mode Master -vlnv xilinx.com:interface:gpio_rtl:1.0 sws_4bits
INFO: [board_rule 100-100] connect_bd_intf_net /sws_4bits /switches/GPIO
open_bd_design {C:/Users/KuldeepGohil/Desktop/Spring2021/CECS461/Labs/Lab2/lab2/lab2.srcs/sources_1/bd/design_1/design_1.bd}
apply_bd_automation -rule xilinx.com:bd_rule:board -config { Board_Interface {btns_4bits ( 4 Buttons ) } Manual_Source {Auto}}  [get_bd_intf_pins buttons/GPIO]
INFO: [board_rule 100-100] set_property CONFIG.USE_BOARD_FLOW true [get_bd_cells /buttons]
INFO: [board_rule 100-100] set_property CONFIG.GPIO_BOARD_INTERFACE btns_4bits [get_bd_cells /buttons]
INFO: [board_rule 100-100] create_bd_intf_port -mode Master -vlnv xilinx.com:interface:gpio_rtl:1.0 btns_4bits
INFO: [board_rule 100-100] connect_bd_intf_net /btns_4bits /buttons/GPIO
open_bd_design {C:/Users/KuldeepGohil/Desktop/Spring2021/CECS461/Labs/Lab2/lab2/lab2.srcs/sources_1/bd/design_1/design_1.bd}
undo
INFO: [Common 17-17] undo 'apply_bd_automation -rule xilinx.com:bd_rule:board -config { Board_Interface {btns_4bits ( 4 Buttons ) } Manual_Source {Auto}}  [get_bd_intf_pins buttons/GPIO]'
apply_bd_automation -rule xilinx.com:bd_rule:board -config { Board_Interface {btns_4bits ( 4 Buttons ) } Manual_Source {Auto}}  [get_bd_intf_pins buttons/GPIO]
INFO: [board_rule 100-100] set_property CONFIG.USE_BOARD_FLOW true [get_bd_cells /buttons]
INFO: [board_rule 100-100] set_property CONFIG.GPIO_BOARD_INTERFACE btns_4bits [get_bd_cells /buttons]
INFO: [board_rule 100-100] create_bd_intf_port -mode Master -vlnv xilinx.com:interface:gpio_rtl:1.0 btns_4bits
INFO: [board_rule 100-100] connect_bd_intf_net /btns_4bits /buttons/GPIO
undo
INFO: [Common 17-17] undo 'apply_bd_automation -rule xilinx.com:bd_rule:board -config { Board_Interface {btns_4bits ( 4 Buttons ) } Manual_Source {Auto}}  [get_bd_intf_pins buttons/GPIO]'
startgroup
make_bd_intf_pins_external  [get_bd_intf_pins buttons/GPIO]
endgroup
set_property NAME switches [get_bd_intf_pins /buttons/GPIO]
WARNING: [BD 41-1642] Cannot set the parameter 'NAME' on '/buttons/GPIO' - Parameter does not exist. 
set_property NAME switches [get_bd_intf_pins /buttons/GPIO]
WARNING: [BD 41-1642] Cannot set the parameter 'NAME' on '/buttons/GPIO' - Parameter does not exist. 
set_property NAME switches [get_bd_intf_pins /buttons/GPIO]
WARNING: [BD 41-1642] Cannot set the parameter 'NAME' on '/buttons/GPIO' - Parameter does not exist. 
set_property NAME buttons [get_bd_intf_pins /buttons/GPIO]
WARNING: [BD 41-1642] Cannot set the parameter 'NAME' on '/buttons/GPIO' - Parameter does not exist. 
undo
INFO: [Common 17-17] undo 'set_property NAME buttons [get_bd_intf_pins /buttons/GPIO]'
undo
INFO: [Common 17-17] undo 'set_property NAME switches [get_bd_intf_pins /buttons/GPIO]'
undo
INFO: [Common 17-17] undo 'set_property NAME switches [get_bd_intf_pins /buttons/GPIO]'
undo
INFO: [Common 17-17] undo 'set_property NAME switches [get_bd_intf_pins /buttons/GPIO]'
undo
INFO: [Common 17-17] undo 'endgroup'
INFO: [Common 17-17] undo 'make_bd_intf_pins_external  [get_bd_intf_pins buttons/GPIO]'
INFO: [Common 17-17] undo 'startgroup'
apply_bd_automation -rule xilinx.com:bd_rule:board -config { Board_Interface {btns_4bits ( 4 Buttons ) } Manual_Source {Auto}}  [get_bd_intf_pins buttons/GPIO]
INFO: [board_rule 100-100] set_property CONFIG.USE_BOARD_FLOW true [get_bd_cells /buttons]
INFO: [board_rule 100-100] set_property CONFIG.GPIO_BOARD_INTERFACE btns_4bits [get_bd_cells /buttons]
INFO: [board_rule 100-100] create_bd_intf_port -mode Master -vlnv xilinx.com:interface:gpio_rtl:1.0 btns_4bits
INFO: [board_rule 100-100] connect_bd_intf_net /btns_4bits /buttons/GPIO
save_bd_design
Wrote  : <C:\Users\KuldeepGohil\Desktop\Spring2021\CECS461\Labs\Lab2\lab2\lab2.srcs\sources_1\bd\design_1\design_1.bd> 
Wrote  : <C:/Users/KuldeepGohil/Desktop/Spring2021/CECS461/Labs/Lab2/lab2/lab2.srcs/sources_1/bd/design_1/ui/bd_1f5defd0.ui> 
launch_runs synth_1 -jobs 6
CRITICAL WARNING: [BD 41-1356] Address block </buttons/S_AXI/Reg> is not mapped into </processing_system7_0/Data>. Please use Address Editor to either map or exclude it.
CRITICAL WARNING: [PSU-1]  Parameter : PCW_UIPARAM_DDR_DQS_TO_CLK_DELAY_0 has negative value -0.050 . PS DDR interfaces might fail when entering negative DQS skew values. 
CRITICAL WARNING: [PSU-2]  Parameter : PCW_UIPARAM_DDR_DQS_TO_CLK_DELAY_1 has negative value -0.044 . PS DDR interfaces might fail when entering negative DQS skew values. 
CRITICAL WARNING: [PSU-3]  Parameter : PCW_UIPARAM_DDR_DQS_TO_CLK_DELAY_2 has negative value -0.035 . PS DDR interfaces might fail when entering negative DQS skew values. 
CRITICAL WARNING: [PSU-4]  Parameter : PCW_UIPARAM_DDR_DQS_TO_CLK_DELAY_3 has negative value -0.100 . PS DDR interfaces might fail when entering negative DQS skew values. 
CRITICAL WARNING: [BD 41-1356] Address block </buttons/S_AXI/Reg> is not mapped into </processing_system7_0/Data>. Please use Address Editor to either map or exclude it.
Wrote  : <C:\Users\KuldeepGohil\Desktop\Spring2021\CECS461\Labs\Lab2\lab2\lab2.srcs\sources_1\bd\design_1\design_1.bd> 
VHDL Output written to : C:/Users/KuldeepGohil/Desktop/Spring2021/CECS461/Labs/Lab2/lab2/lab2.srcs/sources_1/bd/design_1/synth/design_1.vhd
VHDL Output written to : C:/Users/KuldeepGohil/Desktop/Spring2021/CECS461/Labs/Lab2/lab2/lab2.srcs/sources_1/bd/design_1/sim/design_1.vhd
VHDL Output written to : C:/Users/KuldeepGohil/Desktop/Spring2021/CECS461/Labs/Lab2/lab2/lab2.srcs/sources_1/bd/design_1/hdl/design_1_wrapper.vhd
INFO: [BD 41-1029] Generation completed for the IP Integrator block processing_system7_0 .
INFO: [BD 41-1029] Generation completed for the IP Integrator block switches .
INFO: [BD 41-1029] Generation completed for the IP Integrator block ps7_0_axi_periph/xbar .
INFO: [BD 41-1029] Generation completed for the IP Integrator block rst_ps7_0_100M .
INFO: [BD 41-1029] Generation completed for the IP Integrator block buttons .
WARNING: [IP_Flow 19-4994] Overwriting existing constraint file 'c:/Users/KuldeepGohil/Desktop/Spring2021/CECS461/Labs/Lab2/lab2/lab2.srcs/sources_1/bd/design_1/ip/design_1_auto_pc_0/design_1_auto_pc_0_ooc.xdc'
INFO: [BD 41-1029] Generation completed for the IP Integrator block ps7_0_axi_periph/s00_couplers/auto_pc .
INFO: [BD 41-1029] Generation completed for the IP Integrator block ps7_0_axi_periph/s00_mmu .
Exporting to file C:/Users/KuldeepGohil/Desktop/Spring2021/CECS461/Labs/Lab2/lab2/lab2.srcs/sources_1/bd/design_1/hw_handoff/design_1.hwh
Generated Block Design Tcl file C:/Users/KuldeepGohil/Desktop/Spring2021/CECS461/Labs/Lab2/lab2/lab2.srcs/sources_1/bd/design_1/hw_handoff/design_1_bd.tcl
Generated Hardware Definition File C:/Users/KuldeepGohil/Desktop/Spring2021/CECS461/Labs/Lab2/lab2/lab2.srcs/sources_1/bd/design_1/synth/design_1.hwdef
[Thu Feb 18 21:52:57 2021] Launched design_1_processing_system7_0_0_synth_1, design_1_xbar_0_synth_1, design_1_rst_ps7_0_100M_0_synth_1, design_1_axi_gpio_0_0_synth_1, design_1_auto_pc_0_synth_1, design_1_s00_mmu_0_synth_1, design_1_axi_gpio_0_1_synth_1...
Run output will be captured here:
design_1_processing_system7_0_0_synth_1: C:/Users/KuldeepGohil/Desktop/Spring2021/CECS461/Labs/Lab2/lab2/lab2.runs/design_1_processing_system7_0_0_synth_1/runme.log
design_1_xbar_0_synth_1: C:/Users/KuldeepGohil/Desktop/Spring2021/CECS461/Labs/Lab2/lab2/lab2.runs/design_1_xbar_0_synth_1/runme.log
design_1_rst_ps7_0_100M_0_synth_1: C:/Users/KuldeepGohil/Desktop/Spring2021/CECS461/Labs/Lab2/lab2/lab2.runs/design_1_rst_ps7_0_100M_0_synth_1/runme.log
design_1_axi_gpio_0_0_synth_1: C:/Users/KuldeepGohil/Desktop/Spring2021/CECS461/Labs/Lab2/lab2/lab2.runs/design_1_axi_gpio_0_0_synth_1/runme.log
design_1_auto_pc_0_synth_1: C:/Users/KuldeepGohil/Desktop/Spring2021/CECS461/Labs/Lab2/lab2/lab2.runs/design_1_auto_pc_0_synth_1/runme.log
design_1_s00_mmu_0_synth_1: C:/Users/KuldeepGohil/Desktop/Spring2021/CECS461/Labs/Lab2/lab2/lab2.runs/design_1_s00_mmu_0_synth_1/runme.log
design_1_axi_gpio_0_1_synth_1: C:/Users/KuldeepGohil/Desktop/Spring2021/CECS461/Labs/Lab2/lab2/lab2.runs/design_1_axi_gpio_0_1_synth_1/runme.log
[Thu Feb 18 21:52:57 2021] Launched synth_1...
Run output will be captured here: C:/Users/KuldeepGohil/Desktop/Spring2021/CECS461/Labs/Lab2/lab2/lab2.runs/synth_1/runme.log
launch_runs: Time (s): cpu = 00:00:23 ; elapsed = 00:00:29 . Memory (MB): peak = 1376.355 ; gain = 168.852
set_property location {1 260 12} [get_bd_cells processing_system7_0]
set_property location {3 898 72} [get_bd_cells switches]
set_property location {3 902 302} [get_bd_cells buttons]
set_property location {3 902 155} [get_bd_cells switches]
set_property location {3 889 394} [get_bd_cells buttons]
set_property location {3 889 240} [get_bd_cells switches]
set_property location {3 888 227} [get_bd_cells switches]
set_property location {3 888 215} [get_bd_cells switches]
set_property location {3 892 223} [get_bd_cells switches]
set_property location {1043 390} [get_bd_intf_ports sws_4bits]
set_property location {1042 216} [get_bd_intf_ports sws_4bits]
set_property location {1046 399} [get_bd_intf_ports btns_4bits]
set_property location {1042 391} [get_bd_intf_ports btns_4bits]
open_run synth_1 -name synth_1
Design is defaulting to impl run constrset: constrs_1
Design is defaulting to synth run part: xc7z010clg400-1
INFO: [Project 1-454] Reading design checkpoint 'c:/Users/KuldeepGohil/Desktop/Spring2021/CECS461/Labs/Lab2/lab2/lab2.srcs/sources_1/bd/design_1/ip/design_1_axi_gpio_0_1/design_1_axi_gpio_0_1.dcp' for cell 'design_1_i/buttons'
INFO: [Project 1-454] Reading design checkpoint 'c:/Users/KuldeepGohil/Desktop/Spring2021/CECS461/Labs/Lab2/lab2/lab2.srcs/sources_1/bd/design_1/ip/design_1_processing_system7_0_0/design_1_processing_system7_0_0.dcp' for cell 'design_1_i/processing_system7_0'
INFO: [Project 1-454] Reading design checkpoint 'c:/Users/KuldeepGohil/Desktop/Spring2021/CECS461/Labs/Lab2/lab2/lab2.srcs/sources_1/bd/design_1/ip/design_1_rst_ps7_0_100M_0/design_1_rst_ps7_0_100M_0.dcp' for cell 'design_1_i/rst_ps7_0_100M'
INFO: [Project 1-454] Reading design checkpoint 'c:/Users/KuldeepGohil/Desktop/Spring2021/CECS461/Labs/Lab2/lab2/lab2.srcs/sources_1/bd/design_1/ip/design_1_axi_gpio_0_0/design_1_axi_gpio_0_0.dcp' for cell 'design_1_i/switches'
INFO: [Project 1-454] Reading design checkpoint 'c:/Users/KuldeepGohil/Desktop/Spring2021/CECS461/Labs/Lab2/lab2/lab2.srcs/sources_1/bd/design_1/ip/design_1_s00_mmu_0/design_1_s00_mmu_0.dcp' for cell 'design_1_i/ps7_0_axi_periph/s00_mmu'
INFO: [Project 1-454] Reading design checkpoint 'c:/Users/KuldeepGohil/Desktop/Spring2021/CECS461/Labs/Lab2/lab2/lab2.srcs/sources_1/bd/design_1/ip/design_1_xbar_0/design_1_xbar_0.dcp' for cell 'design_1_i/ps7_0_axi_periph/xbar'
INFO: [Project 1-454] Reading design checkpoint 'c:/Users/KuldeepGohil/Desktop/Spring2021/CECS461/Labs/Lab2/lab2/lab2.srcs/sources_1/bd/design_1/ip/design_1_auto_pc_0/design_1_auto_pc_0.dcp' for cell 'design_1_i/ps7_0_axi_periph/s00_couplers/auto_pc'
INFO: [Netlist 29-17] Analyzing 18 Unisim elements for replacement
INFO: [Netlist 29-28] Unisim Transformation completed in 0 CPU seconds
INFO: [Project 1-479] Netlist was created with Vivado 2018.3
INFO: [Device 21-403] Loading part xc7z010clg400-1
INFO: [Project 1-570] Preparing netlist for logic optimization
Parsing XDC File [c:/Users/KuldeepGohil/Desktop/Spring2021/CECS461/Labs/Lab2/lab2/lab2.srcs/sources_1/bd/design_1/ip/design_1_processing_system7_0_0/design_1_processing_system7_0_0.xdc] for cell 'design_1_i/processing_system7_0/inst'
Finished Parsing XDC File [c:/Users/KuldeepGohil/Desktop/Spring2021/CECS461/Labs/Lab2/lab2/lab2.srcs/sources_1/bd/design_1/ip/design_1_processing_system7_0_0/design_1_processing_system7_0_0.xdc] for cell 'design_1_i/processing_system7_0/inst'
Parsing XDC File [c:/Users/KuldeepGohil/Desktop/Spring2021/CECS461/Labs/Lab2/lab2/lab2.srcs/sources_1/bd/design_1/ip/design_1_axi_gpio_0_0/design_1_axi_gpio_0_0_board.xdc] for cell 'design_1_i/switches/U0'
Finished Parsing XDC File [c:/Users/KuldeepGohil/Desktop/Spring2021/CECS461/Labs/Lab2/lab2/lab2.srcs/sources_1/bd/design_1/ip/design_1_axi_gpio_0_0/design_1_axi_gpio_0_0_board.xdc] for cell 'design_1_i/switches/U0'
Parsing XDC File [c:/Users/KuldeepGohil/Desktop/Spring2021/CECS461/Labs/Lab2/lab2/lab2.srcs/sources_1/bd/design_1/ip/design_1_axi_gpio_0_0/design_1_axi_gpio_0_0.xdc] for cell 'design_1_i/switches/U0'
Finished Parsing XDC File [c:/Users/KuldeepGohil/Desktop/Spring2021/CECS461/Labs/Lab2/lab2/lab2.srcs/sources_1/bd/design_1/ip/design_1_axi_gpio_0_0/design_1_axi_gpio_0_0.xdc] for cell 'design_1_i/switches/U0'
Parsing XDC File [c:/Users/KuldeepGohil/Desktop/Spring2021/CECS461/Labs/Lab2/lab2/lab2.srcs/sources_1/bd/design_1/ip/design_1_rst_ps7_0_100M_0/design_1_rst_ps7_0_100M_0_board.xdc] for cell 'design_1_i/rst_ps7_0_100M/U0'
Finished Parsing XDC File [c:/Users/KuldeepGohil/Desktop/Spring2021/CECS461/Labs/Lab2/lab2/lab2.srcs/sources_1/bd/design_1/ip/design_1_rst_ps7_0_100M_0/design_1_rst_ps7_0_100M_0_board.xdc] for cell 'design_1_i/rst_ps7_0_100M/U0'
Parsing XDC File [c:/Users/KuldeepGohil/Desktop/Spring2021/CECS461/Labs/Lab2/lab2/lab2.srcs/sources_1/bd/design_1/ip/design_1_rst_ps7_0_100M_0/design_1_rst_ps7_0_100M_0.xdc] for cell 'design_1_i/rst_ps7_0_100M/U0'
Finished Parsing XDC File [c:/Users/KuldeepGohil/Desktop/Spring2021/CECS461/Labs/Lab2/lab2/lab2.srcs/sources_1/bd/design_1/ip/design_1_rst_ps7_0_100M_0/design_1_rst_ps7_0_100M_0.xdc] for cell 'design_1_i/rst_ps7_0_100M/U0'
Parsing XDC File [c:/Users/KuldeepGohil/Desktop/Spring2021/CECS461/Labs/Lab2/lab2/lab2.srcs/sources_1/bd/design_1/ip/design_1_axi_gpio_0_1/design_1_axi_gpio_0_1_board.xdc] for cell 'design_1_i/buttons/U0'
Finished Parsing XDC File [c:/Users/KuldeepGohil/Desktop/Spring2021/CECS461/Labs/Lab2/lab2/lab2.srcs/sources_1/bd/design_1/ip/design_1_axi_gpio_0_1/design_1_axi_gpio_0_1_board.xdc] for cell 'design_1_i/buttons/U0'
Parsing XDC File [c:/Users/KuldeepGohil/Desktop/Spring2021/CECS461/Labs/Lab2/lab2/lab2.srcs/sources_1/bd/design_1/ip/design_1_axi_gpio_0_1/design_1_axi_gpio_0_1.xdc] for cell 'design_1_i/buttons/U0'
Finished Parsing XDC File [c:/Users/KuldeepGohil/Desktop/Spring2021/CECS461/Labs/Lab2/lab2/lab2.srcs/sources_1/bd/design_1/ip/design_1_axi_gpio_0_1/design_1_axi_gpio_0_1.xdc] for cell 'design_1_i/buttons/U0'
INFO: [Opt 31-138] Pushed 0 inverter(s) to 0 load pin(s).
Netlist sorting complete. Time (s): cpu = 00:00:00 ; elapsed = 00:00:00.001 . Memory (MB): peak = 1690.434 ; gain = 0.000
INFO: [Project 1-111] Unisim Transformation Summary:
No Unisim elements were transformed.

WARNING: [Designutils 20-3303] unexpected site type 'IOPAD' in HDPYFinalizeIO
WARNING: [Designutils 20-3303] unexpected site type 'IOPAD' in HDPYFinalizeIO
WARNING: [Designutils 20-3303] unexpected site type 'IOPAD' in HDPYFinalizeIO
WARNING: [Designutils 20-3303] unexpected site type 'IOPAD' in HDPYFinalizeIO
WARNING: [Designutils 20-3303] unexpected site type 'IOPAD' in HDPYFinalizeIO
WARNING: [Designutils 20-3303] unexpected site type 'IOPAD' in HDPYFinalizeIO
WARNING: [Designutils 20-3303] unexpected site type 'IOPAD' in HDPYFinalizeIO
WARNING: [Designutils 20-3303] unexpected site type 'IOPAD' in HDPYFinalizeIO
WARNING: [Designutils 20-3303] unexpected site type 'IOPAD' in HDPYFinalizeIO
WARNING: [Designutils 20-3303] unexpected site type 'IOPAD' in HDPYFinalizeIO
WARNING: [Designutils 20-3303] unexpected site type 'IOPAD' in HDPYFinalizeIO
WARNING: [Designutils 20-3303] unexpected site type 'IOPAD' in HDPYFinalizeIO
WARNING: [Designutils 20-3303] unexpected site type 'IOPAD' in HDPYFinalizeIO
WARNING: [Designutils 20-3303] unexpected site type 'IOPAD' in HDPYFinalizeIO
WARNING: [Designutils 20-3303] unexpected site type 'IOPAD' in HDPYFinalizeIO
WARNING: [Designutils 20-3303] unexpected site type 'IOPAD' in HDPYFinalizeIO
WARNING: [Designutils 20-3303] unexpected site type 'IOPAD' in HDPYFinalizeIO
WARNING: [Designutils 20-3303] unexpected site type 'IOPAD' in HDPYFinalizeIO
WARNING: [Designutils 20-3303] unexpected site type 'IOPAD' in HDPYFinalizeIO
WARNING: [Designutils 20-3303] unexpected site type 'IOPAD' in HDPYFinalizeIO
WARNING: [Designutils 20-3303] unexpected site type 'IOPAD' in HDPYFinalizeIO
WARNING: [Designutils 20-3303] unexpected site type 'IOPAD' in HDPYFinalizeIO
WARNING: [Designutils 20-3303] unexpected site type 'IOPAD' in HDPYFinalizeIO
WARNING: [Designutils 20-3303] unexpected site type 'IOPAD' in HDPYFinalizeIO
WARNING: [Designutils 20-3303] unexpected site type 'IOPAD' in HDPYFinalizeIO
WARNING: [Designutils 20-3303] unexpected site type 'IOPAD' in HDPYFinalizeIO
WARNING: [Designutils 20-3303] unexpected site type 'IOPAD' in HDPYFinalizeIO
WARNING: [Designutils 20-3303] unexpected site type 'IOPAD' in HDPYFinalizeIO
WARNING: [Designutils 20-3303] unexpected site type 'IOPAD' in HDPYFinalizeIO
WARNING: [Designutils 20-3303] unexpected site type 'IOPAD' in HDPYFinalizeIO
WARNING: [Designutils 20-3303] unexpected site type 'IOPAD' in HDPYFinalizeIO
WARNING: [Designutils 20-3303] unexpected site type 'IOPAD' in HDPYFinalizeIO
WARNING: [Designutils 20-3303] unexpected site type 'IOPAD' in HDPYFinalizeIO
WARNING: [Designutils 20-3303] unexpected site type 'IOPAD' in HDPYFinalizeIO
WARNING: [Designutils 20-3303] unexpected site type 'IOPAD' in HDPYFinalizeIO
WARNING: [Designutils 20-3303] unexpected site type 'IOPAD' in HDPYFinalizeIO
WARNING: [Designutils 20-3303] unexpected site type 'IOPAD' in HDPYFinalizeIO
WARNING: [Designutils 20-3303] unexpected site type 'IOPAD' in HDPYFinalizeIO
WARNING: [Designutils 20-3303] unexpected site type 'IOPAD' in HDPYFinalizeIO
WARNING: [Designutils 20-3303] unexpected site type 'IOPAD' in HDPYFinalizeIO
WARNING: [Designutils 20-3303] unexpected site type 'IOPAD' in HDPYFinalizeIO
WARNING: [Designutils 20-3303] unexpected site type 'IOPAD' in HDPYFinalizeIO
WARNING: [Designutils 20-3303] unexpected site type 'IOPAD' in HDPYFinalizeIO
WARNING: [Designutils 20-3303] unexpected site type 'IOPAD' in HDPYFinalizeIO
WARNING: [Designutils 20-3303] unexpected site type 'IOPAD' in HDPYFinalizeIO
WARNING: [Designutils 20-3303] unexpected site type 'IOPAD' in HDPYFinalizeIO
WARNING: [Designutils 20-3303] unexpected site type 'IOPAD' in HDPYFinalizeIO
WARNING: [Designutils 20-3303] unexpected site type 'IOPAD' in HDPYFinalizeIO
WARNING: [Designutils 20-3303] unexpected site type 'IOPAD' in HDPYFinalizeIO
WARNING: [Designutils 20-3303] unexpected site type 'IOPAD' in HDPYFinalizeIO
WARNING: [Designutils 20-3303] unexpected site type 'IOPAD' in HDPYFinalizeIO
WARNING: [Designutils 20-3303] unexpected site type 'IOPAD' in HDPYFinalizeIO
WARNING: [Designutils 20-3303] unexpected site type 'IOPAD' in HDPYFinalizeIO
WARNING: [Designutils 20-3303] unexpected site type 'IOPAD' in HDPYFinalizeIO
WARNING: [Designutils 20-3303] unexpected site type 'IOPAD' in HDPYFinalizeIO
WARNING: [Designutils 20-3303] unexpected site type 'IOPAD' in HDPYFinalizeIO
WARNING: [Designutils 20-3303] unexpected site type 'IOPAD' in HDPYFinalizeIO
WARNING: [Designutils 20-3303] unexpected site type 'IOPAD' in HDPYFinalizeIO
WARNING: [Designutils 20-3303] unexpected site type 'IOPAD' in HDPYFinalizeIO
WARNING: [Designutils 20-3303] unexpected site type 'IOPAD' in HDPYFinalizeIO
WARNING: [Designutils 20-3303] unexpected site type 'IOPAD' in HDPYFinalizeIO
WARNING: [Designutils 20-3303] unexpected site type 'IOPAD' in HDPYFinalizeIO
WARNING: [Designutils 20-3303] unexpected site type 'IOPAD' in HDPYFinalizeIO
WARNING: [Designutils 20-3303] unexpected site type 'IOPAD' in HDPYFinalizeIO
WARNING: [Designutils 20-3303] unexpected site type 'IOPAD' in HDPYFinalizeIO
WARNING: [Designutils 20-3303] unexpected site type 'IOPAD' in HDPYFinalizeIO
WARNING: [Designutils 20-3303] unexpected site type 'IOPAD' in HDPYFinalizeIO
WARNING: [Designutils 20-3303] unexpected site type 'IOPAD' in HDPYFinalizeIO
WARNING: [Designutils 20-3303] unexpected site type 'IOPAD' in HDPYFinalizeIO
WARNING: [Designutils 20-3303] unexpected site type 'IOPAD' in HDPYFinalizeIO
WARNING: [Designutils 20-3303] unexpected site type 'IOPAD' in HDPYFinalizeIO
WARNING: [Designutils 20-3303] unexpected site type 'IOPAD' in HDPYFinalizeIO
WARNING: [Designutils 20-3303] unexpected site type 'IOPAD' in HDPYFinalizeIO
WARNING: [Designutils 20-3303] unexpected site type 'IOPAD' in HDPYFinalizeIO
WARNING: [Designutils 20-3303] unexpected site type 'IOPAD' in HDPYFinalizeIO
WARNING: [Designutils 20-3303] unexpected site type 'IOPAD' in HDPYFinalizeIO
WARNING: [Designutils 20-3303] unexpected site type 'IOPAD' in HDPYFinalizeIO
WARNING: [Designutils 20-3303] unexpected site type 'IOPAD' in HDPYFinalizeIO
WARNING: [Designutils 20-3303] unexpected site type 'IOPAD' in HDPYFinalizeIO
WARNING: [Designutils 20-3303] unexpected site type 'IOPAD' in HDPYFinalizeIO
WARNING: [Designutils 20-3303] unexpected site type 'IOPAD' in HDPYFinalizeIO
WARNING: [Designutils 20-3303] unexpected site type 'IOPAD' in HDPYFinalizeIO
WARNING: [Designutils 20-3303] unexpected site type 'IOPAD' in HDPYFinalizeIO
WARNING: [Designutils 20-3303] unexpected site type 'IOPAD' in HDPYFinalizeIO
WARNING: [Designutils 20-3303] unexpected site type 'IOPAD' in HDPYFinalizeIO
WARNING: [Designutils 20-3303] unexpected site type 'IOPAD' in HDPYFinalizeIO
WARNING: [Designutils 20-3303] unexpected site type 'IOPAD' in HDPYFinalizeIO
WARNING: [Designutils 20-3303] unexpected site type 'IOPAD' in HDPYFinalizeIO
WARNING: [Designutils 20-3303] unexpected site type 'IOPAD' in HDPYFinalizeIO
WARNING: [Designutils 20-3303] unexpected site type 'IOPAD' in HDPYFinalizeIO
WARNING: [Designutils 20-3303] unexpected site type 'IOPAD' in HDPYFinalizeIO
WARNING: [Designutils 20-3303] unexpected site type 'IOPAD' in HDPYFinalizeIO
WARNING: [Designutils 20-3303] unexpected site type 'IOPAD' in HDPYFinalizeIO
WARNING: [Designutils 20-3303] unexpected site type 'IOPAD' in HDPYFinalizeIO
WARNING: [Designutils 20-3303] unexpected site type 'IOPAD' in HDPYFinalizeIO
WARNING: [Designutils 20-3303] unexpected site type 'IOPAD' in HDPYFinalizeIO
WARNING: [Designutils 20-3303] unexpected site type 'IOPAD' in HDPYFinalizeIO
WARNING: [Designutils 20-3303] unexpected site type 'IOPAD' in HDPYFinalizeIO
WARNING: [Designutils 20-3303] unexpected site type 'IOPAD' in HDPYFinalizeIO
WARNING: [Designutils 20-3303] unexpected site type 'IOPAD' in HDPYFinalizeIO
INFO: [Common 17-14] Message 'Designutils 20-3303' appears 100 times and further instances of the messages will be disabled. Use the Tcl command set_msg_config to change the current settings.
open_run: Time (s): cpu = 00:00:17 ; elapsed = 00:00:14 . Memory (MB): peak = 1792.777 ; gain = 380.406
open_bd_design {C:/Users/KuldeepGohil/Desktop/Spring2021/CECS461/Labs/Lab2/lab2/lab2.srcs/sources_1/bd/design_1/design_1.bd}
assign_bd_address
</buttons/S_AXI/Reg> is being mapped into </processing_system7_0/Data> at <0x41210000 [ 64K ]>
validate_bd_design
delete_bd_objs [get_bd_intf_nets buttons_GPIO] [get_bd_intf_ports btns_4bits]
startgroup
make_bd_pins_external  [get_bd_cells buttons]
make_bd_intf_pins_external  [get_bd_cells buttons]
endgroup
set_property NAME switches [get_bd_intf_pins /buttons/GPIO]
WARNING: [BD 41-1642] Cannot set the parameter 'NAME' on '/buttons/GPIO' - Parameter does not exist. 
set_property NAME switches [get_bd_intf_pins /buttons/GPIO]
WARNING: [BD 41-1642] Cannot set the parameter 'NAME' on '/buttons/GPIO' - Parameter does not exist. 
undo
INFO: [Common 17-17] undo 'set_property NAME switches [get_bd_intf_pins /buttons/GPIO]'
undo
INFO: [Common 17-17] undo 'set_property NAME switches [get_bd_intf_pins /buttons/GPIO]'
undo
INFO: [Common 17-17] undo 'endgroup'
INFO: [Common 17-17] undo 'make_bd_intf_pins_external  [get_bd_cells buttons]'
INFO: [Common 17-17] undo 'make_bd_pins_external  [get_bd_cells buttons]'
INFO: [Common 17-17] undo 'startgroup'
apply_bd_automation -rule xilinx.com:bd_rule:board -config { Board_Interface {btns_4bits ( 4 Buttons ) } Manual_Source {Auto}}  [get_bd_intf_pins buttons/GPIO]
INFO: [board_rule 100-100] set_property CONFIG.GPIO_BOARD_INTERFACE btns_4bits [get_bd_cells /buttons]
INFO: [board_rule 100-100] create_bd_intf_port -mode Master -vlnv xilinx.com:interface:gpio_rtl:1.0 btns_4bits
INFO: [board_rule 100-100] connect_bd_intf_net /btns_4bits /buttons/GPIO
validate_bd_design
reset_run design_1_xbar_0_synth_1
save_bd_design
Wrote  : <C:\Users\KuldeepGohil\Desktop\Spring2021\CECS461\Labs\Lab2\lab2\lab2.srcs\sources_1\bd\design_1\design_1.bd> 
Wrote  : <C:/Users/KuldeepGohil/Desktop/Spring2021/CECS461/Labs/Lab2/lab2/lab2.srcs/sources_1/bd/design_1/ui/bd_1f5defd0.ui> 
reset_run synth_1
launch_runs synth_1 -jobs 6
INFO: [BD 41-1662] The design 'design_1.bd' is already validated. Therefore parameter propagation will not be re-run.
VHDL Output written to : C:/Users/KuldeepGohil/Desktop/Spring2021/CECS461/Labs/Lab2/lab2/lab2.srcs/sources_1/bd/design_1/synth/design_1.vhd
VHDL Output written to : C:/Users/KuldeepGohil/Desktop/Spring2021/CECS461/Labs/Lab2/lab2/lab2.srcs/sources_1/bd/design_1/sim/design_1.vhd
VHDL Output written to : C:/Users/KuldeepGohil/Desktop/Spring2021/CECS461/Labs/Lab2/lab2/lab2.srcs/sources_1/bd/design_1/hdl/design_1_wrapper.vhd
INFO: [BD 41-1029] Generation completed for the IP Integrator block processing_system7_0 .
INFO: [BD 41-1029] Generation completed for the IP Integrator block switches .
INFO: [BD 41-1029] Generation completed for the IP Integrator block ps7_0_axi_periph/xbar .
INFO: [BD 41-1029] Generation completed for the IP Integrator block rst_ps7_0_100M .
INFO: [BD 41-1029] Generation completed for the IP Integrator block buttons .
WARNING: [IP_Flow 19-4994] Overwriting existing constraint file 'c:/Users/KuldeepGohil/Desktop/Spring2021/CECS461/Labs/Lab2/lab2/lab2.srcs/sources_1/bd/design_1/ip/design_1_auto_pc_0/design_1_auto_pc_0_ooc.xdc'
INFO: [BD 41-1029] Generation completed for the IP Integrator block ps7_0_axi_periph/s00_couplers/auto_pc .
Exporting to file C:/Users/KuldeepGohil/Desktop/Spring2021/CECS461/Labs/Lab2/lab2/lab2.srcs/sources_1/bd/design_1/hw_handoff/design_1.hwh
Generated Block Design Tcl file C:/Users/KuldeepGohil/Desktop/Spring2021/CECS461/Labs/Lab2/lab2/lab2.srcs/sources_1/bd/design_1/hw_handoff/design_1_bd.tcl
Generated Hardware Definition File C:/Users/KuldeepGohil/Desktop/Spring2021/CECS461/Labs/Lab2/lab2/lab2.srcs/sources_1/bd/design_1/synth/design_1.hwdef
INFO: [IP_Flow 19-4993] Using cached IP synthesis design for IP design_1_auto_pc_0, cache-ID = a55a396f04eaec77; cache size = 3.272 MB.
[Fri Feb 19 01:27:07 2021] Launched design_1_xbar_0_synth_1...
Run output will be captured here: C:/Users/KuldeepGohil/Desktop/Spring2021/CECS461/Labs/Lab2/lab2/lab2.runs/design_1_xbar_0_synth_1/runme.log
[Fri Feb 19 01:27:07 2021] Launched synth_1...
Run output will be captured here: C:/Users/KuldeepGohil/Desktop/Spring2021/CECS461/Labs/Lab2/lab2/lab2.runs/synth_1/runme.log
close_design
reset_run synth_1
launch_runs synth_1 -jobs 6
[Fri Feb 19 01:27:47 2021] Launched design_1_xbar_0_synth_1...
Run output will be captured here: C:/Users/KuldeepGohil/Desktop/Spring2021/CECS461/Labs/Lab2/lab2/lab2.runs/design_1_xbar_0_synth_1/runme.log
[Fri Feb 19 01:27:47 2021] Launched synth_1...
Run output will be captured here: C:/Users/KuldeepGohil/Desktop/Spring2021/CECS461/Labs/Lab2/lab2/lab2.runs/synth_1/runme.log
open_run synth_1 -name synth_1
Design is defaulting to impl run constrset: constrs_1
Design is defaulting to synth run part: xc7z010clg400-1
INFO: [Project 1-454] Reading design checkpoint 'c:/Users/KuldeepGohil/Desktop/Spring2021/CECS461/Labs/Lab2/lab2/lab2.srcs/sources_1/bd/design_1/ip/design_1_axi_gpio_0_1/design_1_axi_gpio_0_1.dcp' for cell 'design_1_i/buttons'
INFO: [Project 1-454] Reading design checkpoint 'c:/Users/KuldeepGohil/Desktop/Spring2021/CECS461/Labs/Lab2/lab2/lab2.srcs/sources_1/bd/design_1/ip/design_1_processing_system7_0_0/design_1_processing_system7_0_0.dcp' for cell 'design_1_i/processing_system7_0'
INFO: [Project 1-454] Reading design checkpoint 'c:/Users/KuldeepGohil/Desktop/Spring2021/CECS461/Labs/Lab2/lab2/lab2.srcs/sources_1/bd/design_1/ip/design_1_rst_ps7_0_100M_0/design_1_rst_ps7_0_100M_0.dcp' for cell 'design_1_i/rst_ps7_0_100M'
INFO: [Project 1-454] Reading design checkpoint 'c:/Users/KuldeepGohil/Desktop/Spring2021/CECS461/Labs/Lab2/lab2/lab2.srcs/sources_1/bd/design_1/ip/design_1_axi_gpio_0_0/design_1_axi_gpio_0_0.dcp' for cell 'design_1_i/switches'
INFO: [Project 1-454] Reading design checkpoint 'c:/Users/KuldeepGohil/Desktop/Spring2021/CECS461/Labs/Lab2/lab2/lab2.srcs/sources_1/bd/design_1/ip/design_1_xbar_0/design_1_xbar_0.dcp' for cell 'design_1_i/ps7_0_axi_periph/xbar'
INFO: [Project 1-454] Reading design checkpoint 'c:/Users/KuldeepGohil/Desktop/Spring2021/CECS461/Labs/Lab2/lab2/lab2.srcs/sources_1/bd/design_1/ip/design_1_auto_pc_0/design_1_auto_pc_0.dcp' for cell 'design_1_i/ps7_0_axi_periph/s00_couplers/auto_pc'
INFO: [Netlist 29-17] Analyzing 18 Unisim elements for replacement
INFO: [Netlist 29-28] Unisim Transformation completed in 0 CPU seconds
INFO: [Project 1-479] Netlist was created with Vivado 2018.3
INFO: [Project 1-570] Preparing netlist for logic optimization
Parsing XDC File [c:/Users/KuldeepGohil/Desktop/Spring2021/CECS461/Labs/Lab2/lab2/lab2.srcs/sources_1/bd/design_1/ip/design_1_processing_system7_0_0/design_1_processing_system7_0_0.xdc] for cell 'design_1_i/processing_system7_0/inst'
Finished Parsing XDC File [c:/Users/KuldeepGohil/Desktop/Spring2021/CECS461/Labs/Lab2/lab2/lab2.srcs/sources_1/bd/design_1/ip/design_1_processing_system7_0_0/design_1_processing_system7_0_0.xdc] for cell 'design_1_i/processing_system7_0/inst'
Parsing XDC File [c:/Users/KuldeepGohil/Desktop/Spring2021/CECS461/Labs/Lab2/lab2/lab2.srcs/sources_1/bd/design_1/ip/design_1_axi_gpio_0_0/design_1_axi_gpio_0_0_board.xdc] for cell 'design_1_i/switches/U0'
Finished Parsing XDC File [c:/Users/KuldeepGohil/Desktop/Spring2021/CECS461/Labs/Lab2/lab2/lab2.srcs/sources_1/bd/design_1/ip/design_1_axi_gpio_0_0/design_1_axi_gpio_0_0_board.xdc] for cell 'design_1_i/switches/U0'
Parsing XDC File [c:/Users/KuldeepGohil/Desktop/Spring2021/CECS461/Labs/Lab2/lab2/lab2.srcs/sources_1/bd/design_1/ip/design_1_axi_gpio_0_0/design_1_axi_gpio_0_0.xdc] for cell 'design_1_i/switches/U0'
Finished Parsing XDC File [c:/Users/KuldeepGohil/Desktop/Spring2021/CECS461/Labs/Lab2/lab2/lab2.srcs/sources_1/bd/design_1/ip/design_1_axi_gpio_0_0/design_1_axi_gpio_0_0.xdc] for cell 'design_1_i/switches/U0'
Parsing XDC File [c:/Users/KuldeepGohil/Desktop/Spring2021/CECS461/Labs/Lab2/lab2/lab2.srcs/sources_1/bd/design_1/ip/design_1_rst_ps7_0_100M_0/design_1_rst_ps7_0_100M_0_board.xdc] for cell 'design_1_i/rst_ps7_0_100M/U0'
Finished Parsing XDC File [c:/Users/KuldeepGohil/Desktop/Spring2021/CECS461/Labs/Lab2/lab2/lab2.srcs/sources_1/bd/design_1/ip/design_1_rst_ps7_0_100M_0/design_1_rst_ps7_0_100M_0_board.xdc] for cell 'design_1_i/rst_ps7_0_100M/U0'
Parsing XDC File [c:/Users/KuldeepGohil/Desktop/Spring2021/CECS461/Labs/Lab2/lab2/lab2.srcs/sources_1/bd/design_1/ip/design_1_rst_ps7_0_100M_0/design_1_rst_ps7_0_100M_0.xdc] for cell 'design_1_i/rst_ps7_0_100M/U0'
Finished Parsing XDC File [c:/Users/KuldeepGohil/Desktop/Spring2021/CECS461/Labs/Lab2/lab2/lab2.srcs/sources_1/bd/design_1/ip/design_1_rst_ps7_0_100M_0/design_1_rst_ps7_0_100M_0.xdc] for cell 'design_1_i/rst_ps7_0_100M/U0'
Parsing XDC File [c:/Users/KuldeepGohil/Desktop/Spring2021/CECS461/Labs/Lab2/lab2/lab2.srcs/sources_1/bd/design_1/ip/design_1_axi_gpio_0_1/design_1_axi_gpio_0_1_board.xdc] for cell 'design_1_i/buttons/U0'
Finished Parsing XDC File [c:/Users/KuldeepGohil/Desktop/Spring2021/CECS461/Labs/Lab2/lab2/lab2.srcs/sources_1/bd/design_1/ip/design_1_axi_gpio_0_1/design_1_axi_gpio_0_1_board.xdc] for cell 'design_1_i/buttons/U0'
Parsing XDC File [c:/Users/KuldeepGohil/Desktop/Spring2021/CECS461/Labs/Lab2/lab2/lab2.srcs/sources_1/bd/design_1/ip/design_1_axi_gpio_0_1/design_1_axi_gpio_0_1.xdc] for cell 'design_1_i/buttons/U0'
Finished Parsing XDC File [c:/Users/KuldeepGohil/Desktop/Spring2021/CECS461/Labs/Lab2/lab2/lab2.srcs/sources_1/bd/design_1/ip/design_1_axi_gpio_0_1/design_1_axi_gpio_0_1.xdc] for cell 'design_1_i/buttons/U0'
INFO: [Opt 31-138] Pushed 0 inverter(s) to 0 load pin(s).
Netlist sorting complete. Time (s): cpu = 00:00:00 ; elapsed = 00:00:00.001 . Memory (MB): peak = 2888.234 ; gain = 0.000
INFO: [Project 1-111] Unisim Transformation Summary:
No Unisim elements were transformed.

WARNING: [Designutils 20-3303] unexpected site type 'IOPAD' in HDPYFinalizeIO
WARNING: [Designutils 20-3303] unexpected site type 'IOPAD' in HDPYFinalizeIO
WARNING: [Designutils 20-3303] unexpected site type 'IOPAD' in HDPYFinalizeIO
WARNING: [Designutils 20-3303] unexpected site type 'IOPAD' in HDPYFinalizeIO
WARNING: [Designutils 20-3303] unexpected site type 'IOPAD' in HDPYFinalizeIO
WARNING: [Designutils 20-3303] unexpected site type 'IOPAD' in HDPYFinalizeIO
WARNING: [Designutils 20-3303] unexpected site type 'IOPAD' in HDPYFinalizeIO
WARNING: [Designutils 20-3303] unexpected site type 'IOPAD' in HDPYFinalizeIO
WARNING: [Designutils 20-3303] unexpected site type 'IOPAD' in HDPYFinalizeIO
WARNING: [Designutils 20-3303] unexpected site type 'IOPAD' in HDPYFinalizeIO
WARNING: [Designutils 20-3303] unexpected site type 'IOPAD' in HDPYFinalizeIO
WARNING: [Designutils 20-3303] unexpected site type 'IOPAD' in HDPYFinalizeIO
WARNING: [Designutils 20-3303] unexpected site type 'IOPAD' in HDPYFinalizeIO
WARNING: [Designutils 20-3303] unexpected site type 'IOPAD' in HDPYFinalizeIO
WARNING: [Designutils 20-3303] unexpected site type 'IOPAD' in HDPYFinalizeIO
WARNING: [Designutils 20-3303] unexpected site type 'IOPAD' in HDPYFinalizeIO
WARNING: [Designutils 20-3303] unexpected site type 'IOPAD' in HDPYFinalizeIO
WARNING: [Designutils 20-3303] unexpected site type 'IOPAD' in HDPYFinalizeIO
WARNING: [Designutils 20-3303] unexpected site type 'IOPAD' in HDPYFinalizeIO
WARNING: [Designutils 20-3303] unexpected site type 'IOPAD' in HDPYFinalizeIO
WARNING: [Designutils 20-3303] unexpected site type 'IOPAD' in HDPYFinalizeIO
WARNING: [Designutils 20-3303] unexpected site type 'IOPAD' in HDPYFinalizeIO
WARNING: [Designutils 20-3303] unexpected site type 'IOPAD' in HDPYFinalizeIO
WARNING: [Designutils 20-3303] unexpected site type 'IOPAD' in HDPYFinalizeIO
WARNING: [Designutils 20-3303] unexpected site type 'IOPAD' in HDPYFinalizeIO
WARNING: [Designutils 20-3303] unexpected site type 'IOPAD' in HDPYFinalizeIO
WARNING: [Designutils 20-3303] unexpected site type 'IOPAD' in HDPYFinalizeIO
WARNING: [Designutils 20-3303] unexpected site type 'IOPAD' in HDPYFinalizeIO
WARNING: [Designutils 20-3303] unexpected site type 'IOPAD' in HDPYFinalizeIO
WARNING: [Designutils 20-3303] unexpected site type 'IOPAD' in HDPYFinalizeIO
WARNING: [Designutils 20-3303] unexpected site type 'IOPAD' in HDPYFinalizeIO
WARNING: [Designutils 20-3303] unexpected site type 'IOPAD' in HDPYFinalizeIO
WARNING: [Designutils 20-3303] unexpected site type 'IOPAD' in HDPYFinalizeIO
WARNING: [Designutils 20-3303] unexpected site type 'IOPAD' in HDPYFinalizeIO
WARNING: [Designutils 20-3303] unexpected site type 'IOPAD' in HDPYFinalizeIO
WARNING: [Designutils 20-3303] unexpected site type 'IOPAD' in HDPYFinalizeIO
WARNING: [Designutils 20-3303] unexpected site type 'IOPAD' in HDPYFinalizeIO
WARNING: [Designutils 20-3303] unexpected site type 'IOPAD' in HDPYFinalizeIO
WARNING: [Designutils 20-3303] unexpected site type 'IOPAD' in HDPYFinalizeIO
WARNING: [Designutils 20-3303] unexpected site type 'IOPAD' in HDPYFinalizeIO
WARNING: [Designutils 20-3303] unexpected site type 'IOPAD' in HDPYFinalizeIO
WARNING: [Designutils 20-3303] unexpected site type 'IOPAD' in HDPYFinalizeIO
WARNING: [Designutils 20-3303] unexpected site type 'IOPAD' in HDPYFinalizeIO
WARNING: [Designutils 20-3303] unexpected site type 'IOPAD' in HDPYFinalizeIO
WARNING: [Designutils 20-3303] unexpected site type 'IOPAD' in HDPYFinalizeIO
WARNING: [Designutils 20-3303] unexpected site type 'IOPAD' in HDPYFinalizeIO
WARNING: [Designutils 20-3303] unexpected site type 'IOPAD' in HDPYFinalizeIO
WARNING: [Designutils 20-3303] unexpected site type 'IOPAD' in HDPYFinalizeIO
WARNING: [Designutils 20-3303] unexpected site type 'IOPAD' in HDPYFinalizeIO
WARNING: [Designutils 20-3303] unexpected site type 'IOPAD' in HDPYFinalizeIO
WARNING: [Designutils 20-3303] unexpected site type 'IOPAD' in HDPYFinalizeIO
WARNING: [Designutils 20-3303] unexpected site type 'IOPAD' in HDPYFinalizeIO
WARNING: [Designutils 20-3303] unexpected site type 'IOPAD' in HDPYFinalizeIO
WARNING: [Designutils 20-3303] unexpected site type 'IOPAD' in HDPYFinalizeIO
WARNING: [Designutils 20-3303] unexpected site type 'IOPAD' in HDPYFinalizeIO
WARNING: [Designutils 20-3303] unexpected site type 'IOPAD' in HDPYFinalizeIO
WARNING: [Designutils 20-3303] unexpected site type 'IOPAD' in HDPYFinalizeIO
WARNING: [Designutils 20-3303] unexpected site type 'IOPAD' in HDPYFinalizeIO
WARNING: [Designutils 20-3303] unexpected site type 'IOPAD' in HDPYFinalizeIO
WARNING: [Designutils 20-3303] unexpected site type 'IOPAD' in HDPYFinalizeIO
WARNING: [Designutils 20-3303] unexpected site type 'IOPAD' in HDPYFinalizeIO
WARNING: [Designutils 20-3303] unexpected site type 'IOPAD' in HDPYFinalizeIO
WARNING: [Designutils 20-3303] unexpected site type 'IOPAD' in HDPYFinalizeIO
WARNING: [Designutils 20-3303] unexpected site type 'IOPAD' in HDPYFinalizeIO
WARNING: [Designutils 20-3303] unexpected site type 'IOPAD' in HDPYFinalizeIO
WARNING: [Designutils 20-3303] unexpected site type 'IOPAD' in HDPYFinalizeIO
WARNING: [Designutils 20-3303] unexpected site type 'IOPAD' in HDPYFinalizeIO
WARNING: [Designutils 20-3303] unexpected site type 'IOPAD' in HDPYFinalizeIO
WARNING: [Designutils 20-3303] unexpected site type 'IOPAD' in HDPYFinalizeIO
WARNING: [Designutils 20-3303] unexpected site type 'IOPAD' in HDPYFinalizeIO
WARNING: [Designutils 20-3303] unexpected site type 'IOPAD' in HDPYFinalizeIO
WARNING: [Designutils 20-3303] unexpected site type 'IOPAD' in HDPYFinalizeIO
WARNING: [Designutils 20-3303] unexpected site type 'IOPAD' in HDPYFinalizeIO
WARNING: [Designutils 20-3303] unexpected site type 'IOPAD' in HDPYFinalizeIO
WARNING: [Designutils 20-3303] unexpected site type 'IOPAD' in HDPYFinalizeIO
WARNING: [Designutils 20-3303] unexpected site type 'IOPAD' in HDPYFinalizeIO
WARNING: [Designutils 20-3303] unexpected site type 'IOPAD' in HDPYFinalizeIO
WARNING: [Designutils 20-3303] unexpected site type 'IOPAD' in HDPYFinalizeIO
WARNING: [Designutils 20-3303] unexpected site type 'IOPAD' in HDPYFinalizeIO
WARNING: [Designutils 20-3303] unexpected site type 'IOPAD' in HDPYFinalizeIO
WARNING: [Designutils 20-3303] unexpected site type 'IOPAD' in HDPYFinalizeIO
WARNING: [Designutils 20-3303] unexpected site type 'IOPAD' in HDPYFinalizeIO
WARNING: [Designutils 20-3303] unexpected site type 'IOPAD' in HDPYFinalizeIO
WARNING: [Designutils 20-3303] unexpected site type 'IOPAD' in HDPYFinalizeIO
WARNING: [Designutils 20-3303] unexpected site type 'IOPAD' in HDPYFinalizeIO
WARNING: [Designutils 20-3303] unexpected site type 'IOPAD' in HDPYFinalizeIO
WARNING: [Designutils 20-3303] unexpected site type 'IOPAD' in HDPYFinalizeIO
WARNING: [Designutils 20-3303] unexpected site type 'IOPAD' in HDPYFinalizeIO
WARNING: [Designutils 20-3303] unexpected site type 'IOPAD' in HDPYFinalizeIO
WARNING: [Designutils 20-3303] unexpected site type 'IOPAD' in HDPYFinalizeIO
WARNING: [Designutils 20-3303] unexpected site type 'IOPAD' in HDPYFinalizeIO
WARNING: [Designutils 20-3303] unexpected site type 'IOPAD' in HDPYFinalizeIO
WARNING: [Designutils 20-3303] unexpected site type 'IOPAD' in HDPYFinalizeIO
WARNING: [Designutils 20-3303] unexpected site type 'IOPAD' in HDPYFinalizeIO
WARNING: [Designutils 20-3303] unexpected site type 'IOPAD' in HDPYFinalizeIO
WARNING: [Designutils 20-3303] unexpected site type 'IOPAD' in HDPYFinalizeIO
WARNING: [Designutils 20-3303] unexpected site type 'IOPAD' in HDPYFinalizeIO
WARNING: [Designutils 20-3303] unexpected site type 'IOPAD' in HDPYFinalizeIO
WARNING: [Designutils 20-3303] unexpected site type 'IOPAD' in HDPYFinalizeIO
WARNING: [Designutils 20-3303] unexpected site type 'IOPAD' in HDPYFinalizeIO
INFO: [Common 17-14] Message 'Designutils 20-3303' appears 100 times and further instances of the messages will be disabled. Use the Tcl command set_msg_config to change the current settings.
place_ports {btns_4bits_tri_i[2]} V16
place_ports {btns_4bits_tri_i[0]} R18
file mkdir C:/Users/KuldeepGohil/Desktop/Spring2021/CECS461/Labs/Lab2/lab2/lab2.srcs/constrs_1/new
close [ open C:/Users/KuldeepGohil/Desktop/Spring2021/CECS461/Labs/Lab2/lab2/lab2.srcs/constrs_1/new/lab2.xdc w ]
add_files -fileset constrs_1 C:/Users/KuldeepGohil/Desktop/Spring2021/CECS461/Labs/Lab2/lab2/lab2.srcs/constrs_1/new/lab2.xdc
set_property target_constrs_file C:/Users/KuldeepGohil/Desktop/Spring2021/CECS461/Labs/Lab2/lab2/lab2.srcs/constrs_1/new/lab2.xdc [current_fileset -constrset]
save_constraints -force
Netlist sorting complete. Time (s): cpu = 00:00:00 ; elapsed = 00:00:00.001 . Memory (MB): peak = 2888.234 ; gain = 0.000
reset_run synth_1
launch_runs impl_1 -to_step write_bitstream -jobs 6
WARNING: [Project 1-478] Design 'synth_1' is stale and will not be used when launching 'impl_1'
[Fri Feb 19 01:34:35 2021] Launched synth_1...
Run output will be captured here: C:/Users/KuldeepGohil/Desktop/Spring2021/CECS461/Labs/Lab2/lab2/lab2.runs/synth_1/runme.log
[Fri Feb 19 01:34:35 2021] Launched impl_1...
Run output will be captured here: C:/Users/KuldeepGohil/Desktop/Spring2021/CECS461/Labs/Lab2/lab2/lab2.runs/impl_1/runme.log
close_design
file copy -force C:/Users/KuldeepGohil/Desktop/Spring2021/CECS461/Labs/Lab2/lab2/lab2.runs/impl_1/design_1_wrapper.sysdef C:/Users/KuldeepGohil/Desktop/Spring2021/CECS461/Labs/Lab2/lab2/lab2.sdk/design_1_wrapper.hdf

launch_sdk -workspace C:/Users/KuldeepGohil/Desktop/Spring2021/CECS461/Labs/Lab2/lab2/lab2.sdk -hwspec C:/Users/KuldeepGohil/Desktop/Spring2021/CECS461/Labs/Lab2/lab2/lab2.sdk/design_1_wrapper.hdf
INFO: [Vivado 12-393] Launching SDK...
INFO: [Vivado 12-417] Running xsdk -workspace C:/Users/KuldeepGohil/Desktop/Spring2021/CECS461/Labs/Lab2/lab2/lab2.sdk -hwspec C:/Users/KuldeepGohil/Desktop/Spring2021/CECS461/Labs/Lab2/lab2/lab2.sdk/design_1_wrapper.hdf
INFO: [Vivado 12-3157] SDK launch initiated. Please check console for any further messages.
exit
INFO: [Common 17-206] Exiting Vivado at Fri Feb 19 01:52:34 2021...
