#-----------------------------------------------------------
# Vivado v2018.3 (64-bit)
# SW Build 2405991 on Thu Dec  6 23:38:27 MST 2018
# IP Build 2404404 on Fri Dec  7 01:43:56 MST 2018
# Start of session at: Mon Oct 25 01:55:33 2021
# Process ID: 23468
# Current directory: C:/Users/KuldeepGohil/Desktop/Github/Xilinx Projects/CECS 461/Lab1/project_1
# Command line: vivado.exe -gui_launcher_event rodinguilauncherevent23104 C:\Users\KuldeepGohil\Desktop\Github\Xilinx Projects\CECS 461\Lab1\project_1\project_1.xpr
# Log file: C:/Users/KuldeepGohil/Desktop/Github/Xilinx Projects/CECS 461/Lab1/project_1/vivado.log
# Journal file: C:/Users/KuldeepGohil/Desktop/Github/Xilinx Projects/CECS 461/Lab1/project_1\vivado.jou
#-----------------------------------------------------------
start_gui
open_project {C:/Users/KuldeepGohil/Desktop/Github/Xilinx Projects/CECS 461/Lab1/project_1/project_1.xpr}
INFO: [Project 1-313] Project file moved from 'C:/Users/KuldeepGohil/Desktop/Spring 2021/CECS 461/Labs/Lab1/project_1' since last save.
Scanning sources...
Finished scanning sources
INFO: [IP_Flow 19-234] Refreshing IP repositories
INFO: [IP_Flow 19-1704] No user IP repositories specified
INFO: [IP_Flow 19-2313] Loaded Vivado IP repository 'S:/Xilinx/Vivado/2018.3/data/ip'.
open_project: Time (s): cpu = 00:00:10 ; elapsed = 00:00:13 . Memory (MB): peak = 772.418 ; gain = 173.098
update_compile_order -fileset sources_1
exit
INFO: [Common 17-206] Exiting Vivado at Mon Oct 25 02:00:54 2021...
