Release 14.7 - xst P.20131013 (nt64)
Copyright (c) 1995-2013 Xilinx, Inc.  All rights reserved.
--> Parameter TMPDIR set to xst/projnav.tmp


Total REAL time to Xst completion: 0.00 secs
Total CPU time to Xst completion: 0.17 secs
 
--> Parameter xsthdpdir set to xst


Total REAL time to Xst completion: 0.00 secs
Total CPU time to Xst completion: 0.18 secs
 
--> Reading design: counter32.prj

TABLE OF CONTENTS
  1) Synthesis Options Summary
  2) HDL Parsing
  3) HDL Elaboration
  4) HDL Synthesis
       4.1) HDL Synthesis Report
  5) Advanced HDL Synthesis
       5.1) Advanced HDL Synthesis Report
  6) Low Level Synthesis
  7) Partition Report
  8) Design Summary
       8.1) Primitive and Black Box Usage
       8.2) Device utilization summary
       8.3) Partition Resource Summary
       8.4) Timing Report
            8.4.1) Clock Information
            8.4.2) Asynchronous Control Signals Information
            8.4.3) Timing Summary
            8.4.4) Timing Details
            8.4.5) Cross Clock Domains Report


=========================================================================
*                      Synthesis Options Summary                        *
=========================================================================
---- Source Parameters
Input File Name                    : "counter32.prj"
Ignore Synthesis Constraint File   : NO

---- Target Parameters
Output File Name                   : "counter32"
Output Format                      : NGC
Target Device                      : xc6slx16-3-csg324

---- Source Options
Top Module Name                    : counter32
Automatic FSM Extraction           : YES
FSM Encoding Algorithm             : Auto
Safe Implementation                : No
FSM Style                          : LUT
RAM Extraction                     : Yes
RAM Style                          : Auto
ROM Extraction                     : Yes
Shift Register Extraction          : YES
ROM Style                          : Auto
Resource Sharing                   : YES
Asynchronous To Synchronous        : NO
Shift Register Minimum Size        : 2
Use DSP Block                      : Auto
Automatic Register Balancing       : No

---- Target Options
LUT Combining                      : Auto
Reduce Control Sets                : Auto
Add IO Buffers                     : YES
Global Maximum Fanout              : 100000
Add Generic Clock Buffer(BUFG)     : 16
Register Duplication               : YES
Optimize Instantiated Primitives   : NO
Use Clock Enable                   : Auto
Use Synchronous Set                : Auto
Use Synchronous Reset              : Auto
Pack IO Registers into IOBs        : Auto
Equivalent register Removal        : YES

---- General Options
Optimization Goal                  : Speed
Optimization Effort                : 1
Power Reduction                    : NO
Keep Hierarchy                     : No
Netlist Hierarchy                  : As_Optimized
RTL Output                         : Yes
Global Optimization                : AllClockNets
Read Cores                         : YES
Write Timing Constraints           : NO
Cross Clock Analysis               : NO
Hierarchy Separator                : /
Bus Delimiter                      : <>
Case Specifier                     : Maintain
Slice Utilization Ratio            : 100
BRAM Utilization Ratio             : 100
DSP48 Utilization Ratio            : 100
Auto BRAM Packing                  : NO
Slice Utilization Ratio Delta      : 5

=========================================================================


=========================================================================
*                          HDL Parsing                                  *
=========================================================================
Analyzing Verilog file "C:\Users\Kuldeep\Downloads\counter32.v" into library work
Parsing module <counter32>.

=========================================================================
*                            HDL Elaboration                            *
=========================================================================

Elaborating module <counter32>.

=========================================================================
*                           HDL Synthesis                               *
=========================================================================

Synthesizing Unit <counter32>.
    Related source file is "C:\Users\Kuldeep\Downloads\counter32.v".
    Found 32-bit register for signal <Q>.
    Found 32-bit adder for signal <Q[31]_GND_1_o_add_0_OUT> created at line 34.
WARNING:Xst:737 - Found 1-bit latch for signal <Y<7>>. Latches may be generated from incomplete case or if statements. We do not recommend the use of latches in FPGA/CPLD designs, as they may lead to timing problems.
WARNING:Xst:737 - Found 1-bit latch for signal <Y<6>>. Latches may be generated from incomplete case or if statements. We do not recommend the use of latches in FPGA/CPLD designs, as they may lead to timing problems.
WARNING:Xst:737 - Found 1-bit latch for signal <Y<5>>. Latches may be generated from incomplete case or if statements. We do not recommend the use of latches in FPGA/CPLD designs, as they may lead to timing problems.
WARNING:Xst:737 - Found 1-bit latch for signal <Y<4>>. Latches may be generated from incomplete case or if statements. We do not recommend the use of latches in FPGA/CPLD designs, as they may lead to timing problems.
WARNING:Xst:737 - Found 1-bit latch for signal <Y<3>>. Latches may be generated from incomplete case or if statements. We do not recommend the use of latches in FPGA/CPLD designs, as they may lead to timing problems.
WARNING:Xst:737 - Found 1-bit latch for signal <Y<2>>. Latches may be generated from incomplete case or if statements. We do not recommend the use of latches in FPGA/CPLD designs, as they may lead to timing problems.
WARNING:Xst:737 - Found 1-bit latch for signal <Y<1>>. Latches may be generated from incomplete case or if statements. We do not recommend the use of latches in FPGA/CPLD designs, as they may lead to timing problems.
WARNING:Xst:737 - Found 1-bit latch for signal <Y<0>>. Latches may be generated from incomplete case or if statements. We do not recommend the use of latches in FPGA/CPLD designs, as they may lead to timing problems.
    Summary:
	inferred   1 Adder/Subtractor(s).
	inferred  32 D-type flip-flop(s).
	inferred   8 Latch(s).
	inferred  24 Multiplexer(s).
Unit <counter32> synthesized.

=========================================================================
HDL Synthesis Report

Macro Statistics
# Adders/Subtractors                                   : 1
 32-bit adder                                          : 1
# Registers                                            : 1
 32-bit register                                       : 1
# Latches                                              : 8
 1-bit latch                                           : 8
# Multiplexers                                         : 24
 1-bit 2-to-1 multiplexer                              : 24

=========================================================================

=========================================================================
*                       Advanced HDL Synthesis                          *
=========================================================================


Synthesizing (advanced) Unit <counter32>.
The following registers are absorbed into counter <Q>: 1 register on signal <Q>.
Unit <counter32> synthesized (advanced).

=========================================================================
Advanced HDL Synthesis Report

Macro Statistics
# Counters                                             : 1
 32-bit up counter                                     : 1
# Multiplexers                                         : 24
 1-bit 2-to-1 multiplexer                              : 24

=========================================================================

=========================================================================
*                         Low Level Synthesis                           *
=========================================================================

Optimizing unit <counter32> ...
WARNING:Xst:1294 - Latch <Y_7> is equivalent to a wire in block <counter32>.
WARNING:Xst:1294 - Latch <Y_6> is equivalent to a wire in block <counter32>.
WARNING:Xst:1294 - Latch <Y_5> is equivalent to a wire in block <counter32>.
WARNING:Xst:1294 - Latch <Y_4> is equivalent to a wire in block <counter32>.
WARNING:Xst:1294 - Latch <Y_3> is equivalent to a wire in block <counter32>.
WARNING:Xst:1294 - Latch <Y_2> is equivalent to a wire in block <counter32>.
WARNING:Xst:1294 - Latch <Y_1> is equivalent to a wire in block <counter32>.
WARNING:Xst:1294 - Latch <Y_0> is equivalent to a wire in block <counter32>.

Mapping all equations...
Building and optimizing final netlist ...
Found area constraint ratio of 100 (+ 5) on block counter32, actual ratio is 0.

Final Macro Processing ...

=========================================================================
Final Register Report

Macro Statistics
# Registers                                            : 32
 Flip-Flops                                            : 32

=========================================================================

=========================================================================
*                           Partition Report                            *
=========================================================================

Partition Implementation Status
-------------------------------

  No Partitions were found in this design.

-------------------------------

=========================================================================
*                            Design Summary                             *
=========================================================================

Top Level Output File Name         : counter32.ngc

Primitive and Black Box Usage:
------------------------------
# BELS                             : 105
#      GND                         : 1
#      INV                         : 1
#      LUT1                        : 31
#      LUT6                        : 8
#      MUXCY                       : 31
#      VCC                         : 1
#      XORCY                       : 32
# FlipFlops/Latches                : 32
#      FDC                         : 32
# Clock Buffers                    : 1
#      BUFGP                       : 1
# IO Buffers                       : 43
#      IBUF                        : 3
#      OBUF                        : 40

Device utilization summary:
---------------------------

Selected Device : 6slx16csg324-3 


Slice Logic Utilization: 
 Number of Slice Registers:              32  out of  18224     0%  
 Number of Slice LUTs:                   40  out of   9112     0%  
    Number used as Logic:                40  out of   9112     0%  

Slice Logic Distribution: 
 Number of LUT Flip Flop pairs used:     40
   Number with an unused Flip Flop:       8  out of     40    20%  
   Number with an unused LUT:             0  out of     40     0%  
   Number of fully used LUT-FF pairs:    32  out of     40    80%  
   Number of unique control sets:         1

IO Utilization: 
 Number of IOs:                          44
 Number of bonded IOBs:                  44  out of    232    18%  

Specific Feature Utilization:
 Number of BUFG/BUFGCTRLs:                1  out of     16     6%  

---------------------------
Partition Resource Summary:
---------------------------

  No Partitions were found in this design.

---------------------------


=========================================================================
Timing Report

NOTE: THESE TIMING NUMBERS ARE ONLY A SYNTHESIS ESTIMATE.
      FOR ACCURATE TIMING INFORMATION PLEASE REFER TO THE TRACE REPORT
      GENERATED AFTER PLACE-and-ROUTE.

Clock Information:
------------------
-----------------------------------+------------------------+-------+
Clock Signal                       | Clock buffer(FF name)  | Load  |
-----------------------------------+------------------------+-------+
clk                                | BUFGP                  | 32    |
-----------------------------------+------------------------+-------+

Asynchronous Control Signals Information:
----------------------------------------
No asynchronous control signals found in this design

Timing Summary:
---------------
Speed Grade: -3

   Minimum period: 2.327ns (Maximum Frequency: 429.691MHz)
   Minimum input arrival time before clock: 2.943ns
   Maximum output required time after clock: 4.698ns
   Maximum combinational path delay: 5.741ns

Timing Details:
---------------
All values displayed in nanoseconds (ns)

=========================================================================
Timing constraint: Default period analysis for Clock 'clk'
  Clock period: 2.327ns (frequency: 429.691MHz)
  Total number of paths / destination ports: 528 / 32
-------------------------------------------------------------------------
Delay:               2.327ns (Levels of Logic = 33)
  Source:            Q_0 (FF)
  Destination:       Q_31 (FF)
  Source Clock:      clk rising
  Destination Clock: clk rising

  Data Path: Q_0 to Q_31
                                Gate     Net
    Cell:in->out      fanout   Delay   Delay  Logical Name (Net Name)
    ----------------------------------------  ------------
     FDC:C->Q              3   0.447   0.650  Q_0 (Q_0)
     INV:I->O              1   0.206   0.000  Mcount_Q_lut<0>_INV_0 (Mcount_Q_lut<0>)
     MUXCY:S->O            1   0.172   0.000  Mcount_Q_cy<0> (Mcount_Q_cy<0>)
     MUXCY:CI->O           1   0.019   0.000  Mcount_Q_cy<1> (Mcount_Q_cy<1>)
     MUXCY:CI->O           1   0.019   0.000  Mcount_Q_cy<2> (Mcount_Q_cy<2>)
     MUXCY:CI->O           1   0.019   0.000  Mcount_Q_cy<3> (Mcount_Q_cy<3>)
     MUXCY:CI->O           1   0.019   0.000  Mcount_Q_cy<4> (Mcount_Q_cy<4>)
     MUXCY:CI->O           1   0.019   0.000  Mcount_Q_cy<5> (Mcount_Q_cy<5>)
     MUXCY:CI->O           1   0.019   0.000  Mcount_Q_cy<6> (Mcount_Q_cy<6>)
     MUXCY:CI->O           1   0.019   0.000  Mcount_Q_cy<7> (Mcount_Q_cy<7>)
     MUXCY:CI->O           1   0.019   0.000  Mcount_Q_cy<8> (Mcount_Q_cy<8>)
     MUXCY:CI->O           1   0.019   0.000  Mcount_Q_cy<9> (Mcount_Q_cy<9>)
     MUXCY:CI->O           1   0.019   0.000  Mcount_Q_cy<10> (Mcount_Q_cy<10>)
     MUXCY:CI->O           1   0.019   0.000  Mcount_Q_cy<11> (Mcount_Q_cy<11>)
     MUXCY:CI->O           1   0.019   0.000  Mcount_Q_cy<12> (Mcount_Q_cy<12>)
     MUXCY:CI->O           1   0.019   0.000  Mcount_Q_cy<13> (Mcount_Q_cy<13>)
     MUXCY:CI->O           1   0.019   0.000  Mcount_Q_cy<14> (Mcount_Q_cy<14>)
     MUXCY:CI->O           1   0.019   0.000  Mcount_Q_cy<15> (Mcount_Q_cy<15>)
     MUXCY:CI->O           1   0.019   0.000  Mcount_Q_cy<16> (Mcount_Q_cy<16>)
     MUXCY:CI->O           1   0.019   0.000  Mcount_Q_cy<17> (Mcount_Q_cy<17>)
     MUXCY:CI->O           1   0.019   0.000  Mcount_Q_cy<18> (Mcount_Q_cy<18>)
     MUXCY:CI->O           1   0.019   0.000  Mcount_Q_cy<19> (Mcount_Q_cy<19>)
     MUXCY:CI->O           1   0.019   0.000  Mcount_Q_cy<20> (Mcount_Q_cy<20>)
     MUXCY:CI->O           1   0.019   0.000  Mcount_Q_cy<21> (Mcount_Q_cy<21>)
     MUXCY:CI->O           1   0.019   0.000  Mcount_Q_cy<22> (Mcount_Q_cy<22>)
     MUXCY:CI->O           1   0.019   0.000  Mcount_Q_cy<23> (Mcount_Q_cy<23>)
     MUXCY:CI->O           1   0.019   0.000  Mcount_Q_cy<24> (Mcount_Q_cy<24>)
     MUXCY:CI->O           1   0.019   0.000  Mcount_Q_cy<25> (Mcount_Q_cy<25>)
     MUXCY:CI->O           1   0.019   0.000  Mcount_Q_cy<26> (Mcount_Q_cy<26>)
     MUXCY:CI->O           1   0.019   0.000  Mcount_Q_cy<27> (Mcount_Q_cy<27>)
     MUXCY:CI->O           1   0.019   0.000  Mcount_Q_cy<28> (Mcount_Q_cy<28>)
     MUXCY:CI->O           1   0.019   0.000  Mcount_Q_cy<29> (Mcount_Q_cy<29>)
     MUXCY:CI->O           0   0.019   0.000  Mcount_Q_cy<30> (Mcount_Q_cy<30>)
     XORCY:CI->O           1   0.180   0.000  Mcount_Q_xor<31> (Result<31>)
     FDC:D                     0.102          Q_31
    ----------------------------------------
    Total                      2.327ns (1.677ns logic, 0.650ns route)
                                       (72.1% logic, 27.9% route)

=========================================================================
Timing constraint: Default OFFSET IN BEFORE for Clock 'clk'
  Total number of paths / destination ports: 32 / 32
-------------------------------------------------------------------------
Offset:              2.943ns (Levels of Logic = 1)
  Source:            reset (PAD)
  Destination:       Q_0 (FF)
  Destination Clock: clk rising

  Data Path: reset to Q_0
                                Gate     Net
    Cell:in->out      fanout   Delay   Delay  Logical Name (Net Name)
    ----------------------------------------  ------------
     IBUF:I->O            32   1.222   1.291  reset_IBUF (reset_IBUF)
     FDC:CLR                   0.430          Q_0
    ----------------------------------------
    Total                      2.943ns (1.652ns logic, 1.291ns route)
                                       (56.1% logic, 43.9% route)

=========================================================================
Timing constraint: Default OFFSET OUT AFTER for Clock 'clk'
  Total number of paths / destination ports: 64 / 40
-------------------------------------------------------------------------
Offset:              4.698ns (Levels of Logic = 2)
  Source:            Q_15 (FF)
  Destination:       Y<7> (PAD)
  Source Clock:      clk rising

  Data Path: Q_15 to Y<7>
                                Gate     Net
    Cell:in->out      fanout   Delay   Delay  Logical Name (Net Name)
    ----------------------------------------  ------------
     FDC:C->Q              3   0.447   0.898  Q_15 (Q_15)
     LUT6:I2->O            1   0.203   0.579  Mmux_Y[7]_Q[7]_MUX_12_o11 (Y_7_OBUF)
     OBUF:I->O                 2.571          Y_7_OBUF (Y<7>)
    ----------------------------------------
    Total                      4.698ns (3.221ns logic, 1.477ns route)
                                       (68.6% logic, 31.4% route)

=========================================================================
Timing constraint: Default path analysis
  Total number of paths / destination ports: 16 / 8
-------------------------------------------------------------------------
Delay:               5.741ns (Levels of Logic = 3)
  Source:            Sel<0> (PAD)
  Destination:       Y<7> (PAD)

  Data Path: Sel<0> to Y<7>
                                Gate     Net
    Cell:in->out      fanout   Delay   Delay  Logical Name (Net Name)
    ----------------------------------------  ------------
     IBUF:I->O             8   1.222   1.167  Sel_0_IBUF (Sel_0_IBUF)
     LUT6:I0->O            1   0.203   0.579  Mmux_Y[7]_Q[0]_MUX_40_o11 (Y_0_OBUF)
     OBUF:I->O                 2.571          Y_0_OBUF (Y<0>)
    ----------------------------------------
    Total                      5.741ns (3.996ns logic, 1.745ns route)
                                       (69.6% logic, 30.4% route)

=========================================================================

Cross Clock Domains Report:
--------------------------

Clock to Setup on destination clock clk
---------------+---------+---------+---------+---------+
               | Src:Rise| Src:Fall| Src:Rise| Src:Fall|
Source Clock   |Dest:Rise|Dest:Rise|Dest:Fall|Dest:Fall|
---------------+---------+---------+---------+---------+
clk            |    2.327|         |         |         |
---------------+---------+---------+---------+---------+

=========================================================================


Total REAL time to Xst completion: 10.00 secs
Total CPU time to Xst completion: 9.58 secs
 
--> 

Total memory usage is 254100 kilobytes

Number of errors   :    0 (   0 filtered)
Number of warnings :   16 (   0 filtered)
Number of infos    :    0 (   0 filtered)

