


ARM Macro Assembler    Page 1 


    1 00000000         ; <<< Use Configuration Wizard in Context Menu >>>
    2 00000000         ;*******************************************************
                       ***********************
    3 00000000         ;
    4 00000000         ; startup_rvmdk.S - Startup code for use with Keil's uVi
                       sion.
    5 00000000         ;
    6 00000000         ; Copyright (c) 2012 Texas Instruments Incorporated.  Al
                       l rights reserved.
    7 00000000         ; Software License Agreement
    8 00000000         ;
    9 00000000         ; Texas Instruments (TI) is supplying this software for 
                       use solely and
   10 00000000         ; exclusively on TI's microcontroller products. The soft
                       ware is owned by
   11 00000000         ; TI and/or its suppliers, and is protected under applic
                       able copyright
   12 00000000         ; laws. You may not combine this software with "viral" o
                       pen-source
   13 00000000         ; software in order to form a larger program.
   14 00000000         ;
   15 00000000         ; THIS SOFTWARE IS PROVIDED "AS IS" AND WITH ALL FAULTS.
                       
   16 00000000         ; NO WARRANTIES, WHETHER EXPRESS, IMPLIED OR STATUTORY, 
                       INCLUDING, BUT
   17 00000000         ; NOT LIMITED TO, IMPLIED WARRANTIES OF MERCHANTABILITY 
                       AND FITNESS FOR
   18 00000000         ; A PARTICULAR PURPOSE APPLY TO THIS SOFTWARE. TI SHALL 
                       NOT, UNDER ANY
   19 00000000         ; CIRCUMSTANCES, BE LIABLE FOR SPECIAL, INCIDENTAL, OR C
                       ONSEQUENTIAL
   20 00000000         ; DAMAGES, FOR ANY REASON WHATSOEVER.
   21 00000000         ;
   22 00000000         ; This is part of revision 9453 of the EK-LM4F120XL Firm
                       ware Package.
   23 00000000         ;
   24 00000000         ;*******************************************************
                       ***********************
   25 00000000         ; Edited to conform with ISR names as described in
   26 00000000         ;   "Embedded Systems: Introduction to ARM Cortex M Micr
                       ocontrollers",
   27 00000000         ;   ISBN: 978-1469998749, Jonathan Valvano, copyright (c
                       ) 2012
   28 00000000         ;   "Embedded Systems: Real Time Interfacing to ARM Cort
                       ex M Microcontrollers",
   29 00000000         ;   ISBN: 978-1463590154, Jonathan Valvano, copyright (c
                       ) 2012
   30 00000000         ;   "Embedded Systems: Real-Time Operating Systems for A
                       RM Cortex M Microcontrollers",
   31 00000000         ;   ISBN: 978-1466468863, Jonathan Valvano, copyright (c
                       ) 2013
   32 00000000         ;
   33 00000000         ;*******************************************************
                       ***********************
   34 00000000         ;
   35 00000000         ; <o> Stack Size (in Bytes) <0x0-0xFFFFFFFF:8>
   36 00000000         ;
   37 00000000         ;*******************************************************
                       ***********************



ARM Macro Assembler    Page 2 


   38 00000000 00000400 
                       Stack   EQU              0x00000400
   39 00000000         
   40 00000000         ;*******************************************************
                       ***********************
   41 00000000         ;
   42 00000000         ; <o> Heap Size (in Bytes) <0x0-0xFFFFFFFF:8>
   43 00000000         ;
   44 00000000         ;*******************************************************
                       ***********************
   45 00000000 00000000 
                       Heap    EQU              0x00000000
   46 00000000         
   47 00000000         ;*******************************************************
                       ***********************
   48 00000000         ;
   49 00000000         ; Allocate space for the stack.
   50 00000000         ;
   51 00000000         ;*******************************************************
                       ***********************
   52 00000000                 AREA             STACK, NOINIT, READWRITE, ALIGN
=3
   53 00000000         StackMem
   54 00000000                 SPACE            Stack
   55 00000400         __initial_sp
   56 00000400         
   57 00000400         ;*******************************************************
                       ***********************
   58 00000400         ;
   59 00000400         ; Allocate space for the heap.
   60 00000400         ;
   61 00000400         ;*******************************************************
                       ***********************
   62 00000400                 AREA             HEAP, NOINIT, READWRITE, ALIGN=
3
   63 00000000         __heap_base
   64 00000000         HeapMem
   65 00000000                 SPACE            Heap
   66 00000000         __heap_limit
   67 00000000         
   68 00000000         ;*******************************************************
                       ***********************
   69 00000000         ;
   70 00000000         ; Indicate that the code in this file preserves 8-byte a
                       lignment of the stack.
   71 00000000         ;
   72 00000000         ;*******************************************************
                       ***********************
   73 00000000                 PRESERVE8
   74 00000000         
   75 00000000         ;*******************************************************
                       ***********************
   76 00000000         ;
   77 00000000         ; Place code into the reset code section.
   78 00000000         ;
   79 00000000         ;*******************************************************
                       ***********************
   80 00000000                 AREA             RESET, CODE, READONLY
   81 00000000                 THUMB



ARM Macro Assembler    Page 3 


   82 00000000         
   83 00000000         ;*******************************************************
                       ***********************
   84 00000000         ;
   85 00000000         ; The vector table.
   86 00000000         ;
   87 00000000         ;*******************************************************
                       ***********************
   88 00000000                 EXPORT           __Vectors
   89 00000000         __Vectors
   90 00000000 00000400        DCD              StackMem + Stack ; Top of Stack
                                                            
   91 00000004 00000000        DCD              Reset_Handler ; Reset Handler
   92 00000008 00000000        DCD              NMI_Handler ; NMI Handler
   93 0000000C 00000000        DCD              HardFault_Handler ; Hard Fault 
                                                            Handler
   94 00000010 00000000        DCD              MemManage_Handler 
                                                            ; MPU Fault Handler
                                                            
   95 00000014 00000000        DCD              BusFault_Handler 
                                                            ; Bus Fault Handler
                                                            
   96 00000018 00000000        DCD              UsageFault_Handler ; Usage Faul
                                                            t Handler
   97 0000001C 00000000        DCD              0           ; Reserved
   98 00000020 00000000        DCD              0           ; Reserved
   99 00000024 00000000        DCD              0           ; Reserved
  100 00000028 00000000        DCD              0           ; Reserved
  101 0000002C 00000000        DCD              SVC_Handler ; SVCall Handler
  102 00000030 00000000        DCD              DebugMon_Handler ; Debug Monito
                                                            r Handler
  103 00000034 00000000        DCD              0           ; Reserved
  104 00000038 00000000        DCD              PendSV_Handler ; PendSV Handler
                                                            
  105 0000003C 00000000        DCD              SysTick_Handler 
                                                            ; SysTick Handler
  106 00000040 00000000        DCD              GPIOPortA_Handler ; GPIO Port A
                                                            
  107 00000044 00000000        DCD              GPIOPortB_Handler ; GPIO Port B
                                                            
  108 00000048 00000000        DCD              GPIOPortC_Handler ; GPIO Port C
                                                            
  109 0000004C 00000000        DCD              GPIOPortD_Handler ; GPIO Port D
                                                            
  110 00000050 00000000        DCD              GPIOPortE_Handler ; GPIO Port E
                                                            
  111 00000054 00000000        DCD              UART0_Handler ; UART0 Rx and Tx
                                                            
  112 00000058 00000000        DCD              UART1_Handler ; UART1 Rx and Tx
                                                            
  113 0000005C 00000000        DCD              SSI0_Handler ; SSI0 Rx and Tx
  114 00000060 00000000        DCD              I2C0_Handler ; I2C0 Master and 
                                                            Slave
  115 00000064 00000000        DCD              PWM0Fault_Handler ; PWM 0 Fault
                                                            
  116 00000068 00000000        DCD              PWM0Generator0_Handler 
                                                            ; PWM 0 Generator 0
                                                            
  117 0000006C 00000000        DCD              PWM0Generator1_Handler 



ARM Macro Assembler    Page 4 


                                                            ; PWM 0 Generator 1
                                                            
  118 00000070 00000000        DCD              PWM0Generator2_Handler 
                                                            ; PWM 0 Generator 2
                                                            
  119 00000074 00000000        DCD              Quadrature0_Handler ; Quadratur
                                                            e Encoder 0
  120 00000078 00000000        DCD              ADC0Seq0_Handler 
                                                            ; ADC0 Sequence 0
  121 0000007C 00000000        DCD              ADC0Seq1_Handler 
                                                            ; ADC0 Sequence 1
  122 00000080 00000000        DCD              ADC0Seq2_Handler 
                                                            ; ADC0 Sequence 2
  123 00000084 00000000        DCD              ADC0Seq3_Handler 
                                                            ; ADC0 Sequence 3
  124 00000088 00000000        DCD              WDT_Handler ; Watchdog
  125 0000008C 00000000        DCD              Timer0A_Handler ; Timer 0 subti
                                                            mer A
  126 00000090 00000000        DCD              Timer0B_Handler ; Timer 0 subti
                                                            mer B
  127 00000094 00000000        DCD              Timer1A_Handler ; Timer 1 subti
                                                            mer A
  128 00000098 00000000        DCD              Timer1B_Handler ; Timer 1 subti
                                                            mer B
  129 0000009C 00000000        DCD              Timer2A_Handler ; Timer 2 subti
                                                            mer A
  130 000000A0 00000000        DCD              Timer2B_Handler ; Timer 2 subti
                                                            mer B
  131 000000A4 00000000        DCD              Comp0_Handler ; Analog Comp 0
  132 000000A8 00000000        DCD              Comp1_Handler ; Analog Comp 1
  133 000000AC 00000000        DCD              Comp2_Handler ; Analog Comp 2
  134 000000B0 00000000        DCD              SysCtl_Handler ; System Control
                                                            
  135 000000B4 00000000        DCD              FlashCtl_Handler 
                                                            ; Flash Control
  136 000000B8 00000000        DCD              GPIOPortF_Handler ; GPIO Port F
                                                            
  137 000000BC 00000000        DCD              GPIOPortG_Handler ; GPIO Port G
                                                            
  138 000000C0 00000000        DCD              GPIOPortH_Handler ; GPIO Port H
                                                            
  139 000000C4 00000000        DCD              UART2_Handler ; UART2 Rx and Tx
                                                            
  140 000000C8 00000000        DCD              SSI1_Handler ; SSI1 Rx and Tx
  141 000000CC 00000000        DCD              Timer3A_Handler ; Timer 3 subti
                                                            mer A
  142 000000D0 00000000        DCD              Timer3B_Handler ; Timer 3 subti
                                                            mer B
  143 000000D4 00000000        DCD              I2C1_Handler ; I2C1 Master and 
                                                            Slave
  144 000000D8 00000000        DCD              Quadrature1_Handler ; Quadratur
                                                            e Encoder 1
  145 000000DC 00000000        DCD              CAN0_Handler ; CAN0
  146 000000E0 00000000        DCD              CAN1_Handler ; CAN1
  147 000000E4 00000000        DCD              CAN2_Handler ; CAN2
  148 000000E8 00000000        DCD              Ethernet_Handler ; Ethernet
  149 000000EC 00000000        DCD              Hibernate_Handler ; Hibernate
  150 000000F0 00000000        DCD              USB0_Handler ; USB0
  151 000000F4 00000000        DCD              PWM0Generator3_Handler 



ARM Macro Assembler    Page 5 


                                                            ; PWM 0 Generator 3
                                                            
  152 000000F8 00000000        DCD              uDMA_Handler ; uDMA Software Tr
                                                            ansfer
  153 000000FC 00000000        DCD              uDMA_Error  ; uDMA Error
  154 00000100 00000000        DCD              ADC1Seq0_Handler 
                                                            ; ADC1 Sequence 0
  155 00000104 00000000        DCD              ADC1Seq1_Handler 
                                                            ; ADC1 Sequence 1
  156 00000108 00000000        DCD              ADC1Seq2_Handler 
                                                            ; ADC1 Sequence 2
  157 0000010C 00000000        DCD              ADC1Seq3_Handler 
                                                            ; ADC1 Sequence 3
  158 00000110 00000000        DCD              I2S0_Handler ; I2S0
  159 00000114 00000000        DCD              ExtBus_Handler ; External Bus I
                                                            nterface 0
  160 00000118 00000000        DCD              GPIOPortJ_Handler ; GPIO Port J
                                                            
  161 0000011C 00000000        DCD              GPIOPortK_Handler ; GPIO Port K
                                                            
  162 00000120 00000000        DCD              GPIOPortL_Handler ; GPIO Port L
                                                            
  163 00000124 00000000        DCD              SSI2_Handler ; SSI2 Rx and Tx
  164 00000128 00000000        DCD              SSI3_Handler ; SSI3 Rx and Tx
  165 0000012C 00000000        DCD              UART3_Handler ; UART3 Rx and Tx
                                                            
  166 00000130 00000000        DCD              UART4_Handler ; UART4 Rx and Tx
                                                            
  167 00000134 00000000        DCD              UART5_Handler ; UART5 Rx and Tx
                                                            
  168 00000138 00000000        DCD              UART6_Handler ; UART6 Rx and Tx
                                                            
  169 0000013C 00000000        DCD              UART7_Handler ; UART7 Rx and Tx
                                                            
  170 00000140 00000000        DCD              0           ; Reserved
  171 00000144 00000000        DCD              0           ; Reserved
  172 00000148 00000000        DCD              0           ; Reserved
  173 0000014C 00000000        DCD              0           ; Reserved
  174 00000150 00000000        DCD              I2C2_Handler ; I2C2 Master and 
                                                            Slave
  175 00000154 00000000        DCD              I2C3_Handler ; I2C3 Master and 
                                                            Slave
  176 00000158 00000000        DCD              Timer4A_Handler ; Timer 4 subti
                                                            mer A
  177 0000015C 00000000        DCD              Timer4B_Handler ; Timer 4 subti
                                                            mer B
  178 00000160 00000000        DCD              0           ; Reserved
  179 00000164 00000000        DCD              0           ; Reserved
  180 00000168 00000000        DCD              0           ; Reserved
  181 0000016C 00000000        DCD              0           ; Reserved
  182 00000170 00000000        DCD              0           ; Reserved
  183 00000174 00000000        DCD              0           ; Reserved
  184 00000178 00000000        DCD              0           ; Reserved
  185 0000017C 00000000        DCD              0           ; Reserved
  186 00000180 00000000        DCD              0           ; Reserved
  187 00000184 00000000        DCD              0           ; Reserved
  188 00000188 00000000        DCD              0           ; Reserved
  189 0000018C 00000000        DCD              0           ; Reserved
  190 00000190 00000000        DCD              0           ; Reserved



ARM Macro Assembler    Page 6 


  191 00000194 00000000        DCD              0           ; Reserved
  192 00000198 00000000        DCD              0           ; Reserved
  193 0000019C 00000000        DCD              0           ; Reserved
  194 000001A0 00000000        DCD              0           ; Reserved
  195 000001A4 00000000        DCD              0           ; Reserved
  196 000001A8 00000000        DCD              0           ; Reserved
  197 000001AC 00000000        DCD              0           ; Reserved
  198 000001B0 00000000        DCD              Timer5A_Handler ; Timer 5 subti
                                                            mer A
  199 000001B4 00000000        DCD              Timer5B_Handler ; Timer 5 subti
                                                            mer B
  200 000001B8 00000000        DCD              WideTimer0A_Handler ; Wide Time
                                                            r 0 subtimer A
  201 000001BC 00000000        DCD              WideTimer0B_Handler ; Wide Time
                                                            r 0 subtimer B
  202 000001C0 00000000        DCD              WideTimer1A_Handler ; Wide Time
                                                            r 1 subtimer A
  203 000001C4 00000000        DCD              WideTimer1B_Handler ; Wide Time
                                                            r 1 subtimer B
  204 000001C8 00000000        DCD              WideTimer2A_Handler ; Wide Time
                                                            r 2 subtimer A
  205 000001CC 00000000        DCD              WideTimer2B_Handler ; Wide Time
                                                            r 2 subtimer B
  206 000001D0 00000000        DCD              WideTimer3A_Handler ; Wide Time
                                                            r 3 subtimer A
  207 000001D4 00000000        DCD              WideTimer3B_Handler ; Wide Time
                                                            r 3 subtimer B
  208 000001D8 00000000        DCD              WideTimer4A_Handler ; Wide Time
                                                            r 4 subtimer A
  209 000001DC 00000000        DCD              WideTimer4B_Handler ; Wide Time
                                                            r 4 subtimer B
  210 000001E0 00000000        DCD              WideTimer5A_Handler ; Wide Time
                                                            r 5 subtimer A
  211 000001E4 00000000        DCD              WideTimer5B_Handler ; Wide Time
                                                            r 5 subtimer B
  212 000001E8 00000000        DCD              FPU_Handler ; FPU
  213 000001EC 00000000        DCD              PECI0_Handler ; PECI 0
  214 000001F0 00000000        DCD              LPC0_Handler ; LPC 0
  215 000001F4 00000000        DCD              I2C4_Handler ; I2C4 Master and 
                                                            Slave
  216 000001F8 00000000        DCD              I2C5_Handler ; I2C5 Master and 
                                                            Slave
  217 000001FC 00000000        DCD              GPIOPortM_Handler ; GPIO Port M
                                                            
  218 00000200 00000000        DCD              GPIOPortN_Handler ; GPIO Port N
                                                            
  219 00000204 00000000        DCD              Quadrature2_Handler ; Quadratur
                                                            e Encoder 2
  220 00000208 00000000        DCD              Fan0_Handler ; Fan 0
  221 0000020C 00000000        DCD              0           ; Reserved
  222 00000210 00000000        DCD              GPIOPortP_Handler ; GPIO Port P
                                                             (Summary or P0)
  223 00000214 00000000        DCD              GPIOPortP1_Handler 
                                                            ; GPIO Port P1
  224 00000218 00000000        DCD              GPIOPortP2_Handler 
                                                            ; GPIO Port P2
  225 0000021C 00000000        DCD              GPIOPortP3_Handler 
                                                            ; GPIO Port P3
  226 00000220 00000000        DCD              GPIOPortP4_Handler 



ARM Macro Assembler    Page 7 


                                                            ; GPIO Port P4
  227 00000224 00000000        DCD              GPIOPortP5_Handler 
                                                            ; GPIO Port P5
  228 00000228 00000000        DCD              GPIOPortP6_Handler 
                                                            ; GPIO Port P6
  229 0000022C 00000000        DCD              GPIOPortP7_Handler 
                                                            ; GPIO Port P7
  230 00000230 00000000        DCD              GPIOPortQ_Handler ; GPIO Port Q
                                                             (Summary or Q0)
  231 00000234 00000000        DCD              GPIOPortQ1_Handler 
                                                            ; GPIO Port Q1
  232 00000238 00000000        DCD              GPIOPortQ2_Handler 
                                                            ; GPIO Port Q2
  233 0000023C 00000000        DCD              GPIOPortQ3_Handler 
                                                            ; GPIO Port Q3
  234 00000240 00000000        DCD              GPIOPortQ4_Handler 
                                                            ; GPIO Port Q4
  235 00000244 00000000        DCD              GPIOPortQ5_Handler 
                                                            ; GPIO Port Q5
  236 00000248 00000000        DCD              GPIOPortQ6_Handler 
                                                            ; GPIO Port Q6
  237 0000024C 00000000        DCD              GPIOPortQ7_Handler 
                                                            ; GPIO Port Q7
  238 00000250 00000000        DCD              GPIOPortR_Handler ; GPIO Port R
                                                            
  239 00000254 00000000        DCD              GPIOPortS_Handler ; GPIO Port S
                                                            
  240 00000258 00000000        DCD              PWM1Generator0_Handler 
                                                            ; PWM 1 Generator 0
                                                            
  241 0000025C 00000000        DCD              PWM1Generator1_Handler 
                                                            ; PWM 1 Generator 1
                                                            
  242 00000260 00000000        DCD              PWM1Generator2_Handler 
                                                            ; PWM 1 Generator 2
                                                            
  243 00000264 00000000        DCD              PWM1Generator3_Handler 
                                                            ; PWM 1 Generator 3
                                                            
  244 00000268 00000000        DCD              PWM1Fault_Handler ; PWM 1 Fault
                                                            
  245 0000026C         
  246 0000026C         ;*******************************************************
                       ***********************
  247 0000026C         ;
  248 0000026C         ; This is the code that gets called when the processor f
                       irst starts execution
  249 0000026C         ; following a reset event.
  250 0000026C         ;
  251 0000026C         ;*******************************************************
                       ***********************
  252 0000026C                 EXPORT           Reset_Handler
  253 0000026C         Reset_Handler
  254 0000026C         ;
  255 0000026C         ; DO NOT enable the floating-point unit.  This must be d
                       one here to handle the
  256 0000026C         ; case where main() uses floating-point and the function
                        prologue saves
  257 0000026C         ; floating-point registers (which will fault if floating



ARM Macro Assembler    Page 8 


                       -point is not
  258 0000026C         ; enabled).  Any configuration of the floating-point uni
                       t using
  259 0000026C         ; DriverLib APIs must be done here prior to the floating
                       -point unit
  260 0000026C         ; being enabled.
  261 0000026C         ;
  262 0000026C         ; Note that this does not use DriverLib since it might n
                       ot be included
  263 0000026C         ; in this project.
  264 0000026C         ;
  265 0000026C F64E 5088       MOVW             R0, #0xED88
  266 00000270 F2CE 0000       MOVT             R0, #0xE000
  267 00000274 6801            LDR              R1, [R0]
  268 00000276 F441 0170       ORR              R1, #0x00F00000
  269 0000027A 6001            STR              R1, [R0]
  270 0000027C F3BF 8F4F       DSB
  271 00000280 F3BF 8F6F       ISB
  272 00000284         
  273 00000284         ;
  274 00000284         ; Call the C library enty point that handles startup.  T
                       his will copy
  275 00000284         ; the .data section initializers from flash to SRAM and 
                       zero fill the
  276 00000284         ; .bss section.
  277 00000284         ;
  278 00000284                 IMPORT           __main
  279 00000284 F7FF BFFE       B                __main
  280 00000288         
  281 00000288         ;*******************************************************
                       ***********************
  282 00000288         ;
  283 00000288         ; This is the code that gets called when the processor r
                       eceives a NMI.  This
  284 00000288         ; simply enters an infinite loop, preserving the system 
                       state for examination
  285 00000288         ; by a debugger.
  286 00000288         ;
  287 00000288         ;*******************************************************
                       ***********************
  288 00000288         NMI_Handler
                               PROC
  289 00000288                 EXPORT           NMI_Handler               [WEAK
]
  290 00000288 E7FE            B                .
  291 0000028A                 ENDP
  292 0000028A         
  293 0000028A         ;*******************************************************
                       ***********************
  294 0000028A         ;
  295 0000028A         ; This is the code that gets called when the processor r
                       eceives a fault
  296 0000028A         ; interrupt.  This simply enters an infinite loop, prese
                       rving the system state
  297 0000028A         ; for examination by a debugger.
  298 0000028A         ;
  299 0000028A         ;*******************************************************
                       ***********************
  301 0000028A         HardFault_Handler



ARM Macro Assembler    Page 9 


                               PROC
  302 0000028A                 EXPORT           HardFault_Handler         [WEAK
]
  303 0000028A E7FE            B                .
  304 0000028C                 ENDP
  305 0000028C         
  307 0000028C         MemManage_Handler
                               PROC
  308 0000028C                 EXPORT           MemManage_Handler         [WEAK
]
  309 0000028C E7FE            B                .
  310 0000028E                 ENDP
  312 0000028E         BusFault_Handler
                               PROC
  313 0000028E                 EXPORT           BusFault_Handler          [WEAK
]
  314 0000028E E7FE            B                .
  315 00000290                 ENDP
  317 00000290         UsageFault_Handler
                               PROC
  318 00000290                 EXPORT           UsageFault_Handler        [WEAK
]
  319 00000290 E7FE            B                .
  320 00000292                 ENDP
  321 00000292         SVC_Handler
                               PROC
  322 00000292                 EXPORT           SVC_Handler               [WEAK
]
  323 00000292 E7FE            B                .
  324 00000294                 ENDP
  326 00000294         DebugMon_Handler
                               PROC
  327 00000294                 EXPORT           DebugMon_Handler          [WEAK
]
  328 00000294 E7FE            B                .
  329 00000296                 ENDP
  330 00000296         PendSV_Handler
                               PROC
  331 00000296                 EXPORT           PendSV_Handler            [WEAK
]
  332 00000296 E7FE            B                .
  333 00000298                 ENDP
  334 00000298         SysTick_Handler
                               PROC
  335 00000298                 EXPORT           SysTick_Handler           [WEAK
]
  336 00000298 E7FE            B                .
  337 0000029A                 ENDP
  339 0000029A         IntDefaultHandler
                               PROC
  340 0000029A         
  341 0000029A                 EXPORT           GPIOPortA_Handler         [WEAK
]
  342 0000029A                 EXPORT           GPIOPortB_Handler         [WEAK
]
  343 0000029A                 EXPORT           GPIOPortC_Handler         [WEAK
]
  344 0000029A                 EXPORT           GPIOPortD_Handler         [WEAK
]



ARM Macro Assembler    Page 10 


  345 0000029A                 EXPORT           GPIOPortE_Handler         [WEAK
]
  346 0000029A                 EXPORT           UART0_Handler             [WEAK
]
  347 0000029A                 EXPORT           UART1_Handler             [WEAK
]
  348 0000029A                 EXPORT           SSI0_Handler              [WEAK
]
  349 0000029A                 EXPORT           I2C0_Handler              [WEAK
]
  350 0000029A                 EXPORT           PWM0Fault_Handler         [WEAK
]
  351 0000029A                 EXPORT           PWM0Generator0_Handler    [WEAK
]
  352 0000029A                 EXPORT           PWM0Generator1_Handler    [WEAK
]
  353 0000029A                 EXPORT           PWM0Generator2_Handler    [WEAK
]
  354 0000029A                 EXPORT           Quadrature0_Handler       [WEAK
]
  355 0000029A                 EXPORT           ADC0Seq0_Handler          [WEAK
]
  356 0000029A                 EXPORT           ADC0Seq1_Handler          [WEAK
]
  357 0000029A                 EXPORT           ADC0Seq2_Handler          [WEAK
]
  358 0000029A                 EXPORT           ADC0Seq3_Handler          [WEAK
]
  359 0000029A                 EXPORT           WDT_Handler               [WEAK
]
  360 0000029A                 EXPORT           Timer0A_Handler           [WEAK
]
  361 0000029A                 EXPORT           Timer0B_Handler           [WEAK
]
  362 0000029A                 EXPORT           Timer1A_Handler           [WEAK
]
  363 0000029A                 EXPORT           Timer1B_Handler           [WEAK
]
  364 0000029A                 EXPORT           Timer2A_Handler           [WEAK
]
  365 0000029A                 EXPORT           Timer2B_Handler           [WEAK
]
  366 0000029A                 EXPORT           Comp0_Handler             [WEAK
]
  367 0000029A                 EXPORT           Comp1_Handler             [WEAK
]
  368 0000029A                 EXPORT           Comp2_Handler             [WEAK
]
  369 0000029A                 EXPORT           SysCtl_Handler            [WEAK
]
  370 0000029A                 EXPORT           FlashCtl_Handler          [WEAK
]
  371 0000029A                 EXPORT           GPIOPortF_Handler         [WEAK
]
  372 0000029A                 EXPORT           GPIOPortG_Handler         [WEAK
]
  373 0000029A                 EXPORT           GPIOPortH_Handler         [WEAK
]
  374 0000029A                 EXPORT           UART2_Handler             [WEAK



ARM Macro Assembler    Page 11 


]
  375 0000029A                 EXPORT           SSI1_Handler              [WEAK
]
  376 0000029A                 EXPORT           Timer3A_Handler           [WEAK
]
  377 0000029A                 EXPORT           Timer3B_Handler           [WEAK
]
  378 0000029A                 EXPORT           I2C1_Handler              [WEAK
]
  379 0000029A                 EXPORT           Quadrature1_Handler       [WEAK
]
  380 0000029A                 EXPORT           CAN0_Handler              [WEAK
]
  381 0000029A                 EXPORT           CAN1_Handler              [WEAK
]
  382 0000029A                 EXPORT           CAN2_Handler              [WEAK
]
  383 0000029A                 EXPORT           Ethernet_Handler          [WEAK
]
  384 0000029A                 EXPORT           Hibernate_Handler         [WEAK
]
  385 0000029A                 EXPORT           USB0_Handler              [WEAK
]
  386 0000029A                 EXPORT           PWM0Generator3_Handler    [WEAK
]
  387 0000029A                 EXPORT           uDMA_Handler              [WEAK
]
  388 0000029A                 EXPORT           uDMA_Error                [WEAK
]
  389 0000029A                 EXPORT           ADC1Seq0_Handler          [WEAK
]
  390 0000029A                 EXPORT           ADC1Seq1_Handler          [WEAK
]
  391 0000029A                 EXPORT           ADC1Seq2_Handler          [WEAK
]
  392 0000029A                 EXPORT           ADC1Seq3_Handler          [WEAK
]
  393 0000029A                 EXPORT           I2S0_Handler              [WEAK
]
  394 0000029A                 EXPORT           ExtBus_Handler            [WEAK
]
  395 0000029A                 EXPORT           GPIOPortJ_Handler         [WEAK
]
  396 0000029A                 EXPORT           GPIOPortK_Handler         [WEAK
]
  397 0000029A                 EXPORT           GPIOPortL_Handler         [WEAK
]
  398 0000029A                 EXPORT           SSI2_Handler              [WEAK
]
  399 0000029A                 EXPORT           SSI3_Handler              [WEAK
]
  400 0000029A                 EXPORT           UART3_Handler             [WEAK
]
  401 0000029A                 EXPORT           UART4_Handler             [WEAK
]
  402 0000029A                 EXPORT           UART5_Handler             [WEAK
]
  403 0000029A                 EXPORT           UART6_Handler             [WEAK
]



ARM Macro Assembler    Page 12 


  404 0000029A                 EXPORT           UART7_Handler             [WEAK
]
  405 0000029A                 EXPORT           I2C2_Handler              [WEAK
]
  406 0000029A                 EXPORT           I2C3_Handler              [WEAK
]
  407 0000029A                 EXPORT           Timer4A_Handler           [WEAK
]
  408 0000029A                 EXPORT           Timer4B_Handler           [WEAK
]
  409 0000029A                 EXPORT           Timer5A_Handler           [WEAK
]
  410 0000029A                 EXPORT           Timer5B_Handler           [WEAK
]
  411 0000029A                 EXPORT           WideTimer0A_Handler       [WEAK
]
  412 0000029A                 EXPORT           WideTimer0B_Handler       [WEAK
]
  413 0000029A                 EXPORT           WideTimer1A_Handler       [WEAK
]
  414 0000029A                 EXPORT           WideTimer1B_Handler       [WEAK
]
  415 0000029A                 EXPORT           WideTimer2A_Handler       [WEAK
]
  416 0000029A                 EXPORT           WideTimer2B_Handler       [WEAK
]
  417 0000029A                 EXPORT           WideTimer3A_Handler       [WEAK
]
  418 0000029A                 EXPORT           WideTimer3B_Handler       [WEAK
]
  419 0000029A                 EXPORT           WideTimer4A_Handler       [WEAK
]
  420 0000029A                 EXPORT           WideTimer4B_Handler       [WEAK
]
  421 0000029A                 EXPORT           WideTimer5A_Handler       [WEAK
]
  422 0000029A                 EXPORT           WideTimer5B_Handler       [WEAK
]
  423 0000029A                 EXPORT           FPU_Handler               [WEAK
]
  424 0000029A                 EXPORT           PECI0_Handler             [WEAK
]
  425 0000029A                 EXPORT           LPC0_Handler              [WEAK
]
  426 0000029A                 EXPORT           I2C4_Handler              [WEAK
]
  427 0000029A                 EXPORT           I2C5_Handler              [WEAK
]
  428 0000029A                 EXPORT           GPIOPortM_Handler         [WEAK
]
  429 0000029A                 EXPORT           GPIOPortN_Handler         [WEAK
]
  430 0000029A                 EXPORT           Quadrature2_Handler       [WEAK
]
  431 0000029A                 EXPORT           Fan0_Handler              [WEAK
]
  432 0000029A                 EXPORT           GPIOPortP_Handler         [WEAK
]
  433 0000029A                 EXPORT           GPIOPortP1_Handler        [WEAK



ARM Macro Assembler    Page 13 


]
  434 0000029A                 EXPORT           GPIOPortP2_Handler        [WEAK
]
  435 0000029A                 EXPORT           GPIOPortP3_Handler        [WEAK
]
  436 0000029A                 EXPORT           GPIOPortP4_Handler        [WEAK
]
  437 0000029A                 EXPORT           GPIOPortP5_Handler        [WEAK
]
  438 0000029A                 EXPORT           GPIOPortP6_Handler        [WEAK
]
  439 0000029A                 EXPORT           GPIOPortP7_Handler        [WEAK
]
  440 0000029A                 EXPORT           GPIOPortQ_Handler         [WEAK
]
  441 0000029A                 EXPORT           GPIOPortQ1_Handler        [WEAK
]
  442 0000029A                 EXPORT           GPIOPortQ2_Handler        [WEAK
]
  443 0000029A                 EXPORT           GPIOPortQ3_Handler        [WEAK
]
  444 0000029A                 EXPORT           GPIOPortQ4_Handler        [WEAK
]
  445 0000029A                 EXPORT           GPIOPortQ5_Handler        [WEAK
]
  446 0000029A                 EXPORT           GPIOPortQ6_Handler        [WEAK
]
  447 0000029A                 EXPORT           GPIOPortQ7_Handler        [WEAK
]
  448 0000029A                 EXPORT           GPIOPortR_Handler         [WEAK
]
  449 0000029A                 EXPORT           GPIOPortS_Handler         [WEAK
]
  450 0000029A                 EXPORT           PWM1Generator0_Handler    [WEAK
]
  451 0000029A                 EXPORT           PWM1Generator1_Handler    [WEAK
]
  452 0000029A                 EXPORT           PWM1Generator2_Handler    [WEAK
]
  453 0000029A                 EXPORT           PWM1Generator3_Handler    [WEAK
]
  454 0000029A                 EXPORT           PWM1Fault_Handler         [WEAK
]
  455 0000029A         
  456 0000029A         GPIOPortA_Handler
  457 0000029A         GPIOPortB_Handler
  458 0000029A         GPIOPortC_Handler
  459 0000029A         GPIOPortD_Handler
  460 0000029A         GPIOPortE_Handler
  461 0000029A         UART0_Handler
  462 0000029A         UART1_Handler
  463 0000029A         SSI0_Handler
  464 0000029A         I2C0_Handler
  465 0000029A         PWM0Fault_Handler
  466 0000029A         PWM0Generator0_Handler
  467 0000029A         PWM0Generator1_Handler
  468 0000029A         PWM0Generator2_Handler
  469 0000029A         Quadrature0_Handler
  470 0000029A         ADC0Seq0_Handler



ARM Macro Assembler    Page 14 


  471 0000029A         ADC0Seq1_Handler
  472 0000029A         ADC0Seq2_Handler
  473 0000029A         ADC0Seq3_Handler
  474 0000029A         WDT_Handler
  475 0000029A         Timer0A_Handler
  476 0000029A         Timer0B_Handler
  477 0000029A         Timer1A_Handler
  478 0000029A         Timer1B_Handler
  479 0000029A         Timer2A_Handler
  480 0000029A         Timer2B_Handler
  481 0000029A         Comp0_Handler
  482 0000029A         Comp1_Handler
  483 0000029A         Comp2_Handler
  484 0000029A         SysCtl_Handler
  485 0000029A         FlashCtl_Handler
  486 0000029A         GPIOPortF_Handler
  487 0000029A         GPIOPortG_Handler
  488 0000029A         GPIOPortH_Handler
  489 0000029A         UART2_Handler
  490 0000029A         SSI1_Handler
  491 0000029A         Timer3A_Handler
  492 0000029A         Timer3B_Handler
  493 0000029A         I2C1_Handler
  494 0000029A         Quadrature1_Handler
  495 0000029A         CAN0_Handler
  496 0000029A         CAN1_Handler
  497 0000029A         CAN2_Handler
  498 0000029A         Ethernet_Handler
  499 0000029A         Hibernate_Handler
  500 0000029A         USB0_Handler
  501 0000029A         PWM0Generator3_Handler
  502 0000029A         uDMA_Handler
  503 0000029A         uDMA_Error
  504 0000029A         ADC1Seq0_Handler
  505 0000029A         ADC1Seq1_Handler
  506 0000029A         ADC1Seq2_Handler
  507 0000029A         ADC1Seq3_Handler
  508 0000029A         I2S0_Handler
  509 0000029A         ExtBus_Handler
  510 0000029A         GPIOPortJ_Handler
  511 0000029A         GPIOPortK_Handler
  512 0000029A         GPIOPortL_Handler
  513 0000029A         SSI2_Handler
  514 0000029A         SSI3_Handler
  515 0000029A         UART3_Handler
  516 0000029A         UART4_Handler
  517 0000029A         UART5_Handler
  518 0000029A         UART6_Handler
  519 0000029A         UART7_Handler
  520 0000029A         I2C2_Handler
  521 0000029A         I2C3_Handler
  522 0000029A         Timer4A_Handler
  523 0000029A         Timer4B_Handler
  524 0000029A         Timer5A_Handler
  525 0000029A         Timer5B_Handler
  526 0000029A         WideTimer0A_Handler
  527 0000029A         WideTimer0B_Handler
  528 0000029A         WideTimer1A_Handler
  529 0000029A         WideTimer1B_Handler



ARM Macro Assembler    Page 15 


  530 0000029A         WideTimer2A_Handler
  531 0000029A         WideTimer2B_Handler
  532 0000029A         WideTimer3A_Handler
  533 0000029A         WideTimer3B_Handler
  534 0000029A         WideTimer4A_Handler
  535 0000029A         WideTimer4B_Handler
  536 0000029A         WideTimer5A_Handler
  537 0000029A         WideTimer5B_Handler
  538 0000029A         FPU_Handler
  539 0000029A         PECI0_Handler
  540 0000029A         LPC0_Handler
  541 0000029A         I2C4_Handler
  542 0000029A         I2C5_Handler
  543 0000029A         GPIOPortM_Handler
  544 0000029A         GPIOPortN_Handler
  545 0000029A         Quadrature2_Handler
  546 0000029A         Fan0_Handler
  547 0000029A         GPIOPortP_Handler
  548 0000029A         GPIOPortP1_Handler
  549 0000029A         GPIOPortP2_Handler
  550 0000029A         GPIOPortP3_Handler
  551 0000029A         GPIOPortP4_Handler
  552 0000029A         GPIOPortP5_Handler
  553 0000029A         GPIOPortP6_Handler
  554 0000029A         GPIOPortP7_Handler
  555 0000029A         GPIOPortQ_Handler
  556 0000029A         GPIOPortQ1_Handler
  557 0000029A         GPIOPortQ2_Handler
  558 0000029A         GPIOPortQ3_Handler
  559 0000029A         GPIOPortQ4_Handler
  560 0000029A         GPIOPortQ5_Handler
  561 0000029A         GPIOPortQ6_Handler
  562 0000029A         GPIOPortQ7_Handler
  563 0000029A         GPIOPortR_Handler
  564 0000029A         GPIOPortS_Handler
  565 0000029A         PWM1Generator0_Handler
  566 0000029A         PWM1Generator1_Handler
  567 0000029A         PWM1Generator2_Handler
  568 0000029A         PWM1Generator3_Handler
  569 0000029A         PWM1Fault_Handler
  570 0000029A         
  571 0000029A E7FE            B                .
  572 0000029C         
  573 0000029C                 ENDP
  574 0000029C         
  575 0000029C         ;*******************************************************
                       ***********************
  576 0000029C         ;
  577 0000029C         ; Make sure the end of this section is aligned.
  578 0000029C         ;
  579 0000029C         ;*******************************************************
                       ***********************
  580 0000029C                 ALIGN
  581 0000029C         
  582 0000029C         ;*******************************************************
                       ***********************
  583 0000029C         ;
  584 0000029C         ; Some code in the normal code section for initializing 
                       the heap and stack.



ARM Macro Assembler    Page 16 


  585 0000029C         ;
  586 0000029C         ;*******************************************************
                       ***********************
  587 0000029C                 AREA             |.text|, CODE, READONLY
  588 00000000         
  589 00000000         ;*******************************************************
                       ***********************
  590 00000000         ;
  591 00000000         ; Useful functions.
  592 00000000         ;
  593 00000000         ;*******************************************************
                       ***********************
  594 00000000                 EXPORT           DisableInterrupts
  595 00000000                 EXPORT           EnableInterrupts
  596 00000000                 EXPORT           StartCritical
  597 00000000                 EXPORT           EndCritical
  598 00000000                 EXPORT           WaitForInterrupt
  599 00000000         
  600 00000000         ;*********** DisableInterrupts ***************
  601 00000000         ; disable interrupts
  602 00000000         ; inputs:  none
  603 00000000         ; outputs: none
  604 00000000         DisableInterrupts
  605 00000000 B672            CPSID            I
  606 00000002 4770            BX               LR
  607 00000004         
  608 00000004         ;*********** EnableInterrupts ***************
  609 00000004         ; disable interrupts
  610 00000004         ; inputs:  none
  611 00000004         ; outputs: none
  612 00000004         EnableInterrupts
  613 00000004 B662            CPSIE            I
  614 00000006 4770            BX               LR
  615 00000008         
  616 00000008         ;*********** StartCritical ************************
  617 00000008         ; make a copy of previous I bit, disable interrupts
  618 00000008         ; inputs:  none
  619 00000008         ; outputs: previous I bit
  620 00000008         StartCritical
  621 00000008 F3EF 8010       MRS              R0, PRIMASK ; save old status
  622 0000000C B672            CPSID            I           ; mask all (except 
                                                            faults)
  623 0000000E 4770            BX               LR
  624 00000010         
  625 00000010         ;*********** EndCritical ************************
  626 00000010         ; using the copy of previous I bit, restore I bit to pre
                       vious value
  627 00000010         ; inputs:  previous I bit
  628 00000010         ; outputs: none
  629 00000010         EndCritical
  630 00000010 F380 8810       MSR              PRIMASK, R0
  631 00000014 4770            BX               LR
  632 00000016         
  633 00000016         ;*********** WaitForInterrupt ************************
  634 00000016         ; go to low power mode while waiting for the next interr
                       upt
  635 00000016         ; inputs:  none
  636 00000016         ; outputs: none
  637 00000016         WaitForInterrupt



ARM Macro Assembler    Page 17 


  638 00000016 BF30            WFI
  639 00000018 4770            BX               LR
  640 0000001A         
  641 0000001A         ;*******************************************************
                       ***********************
  642 0000001A         ;
  643 0000001A         ; The function expected of the C library startup code fo
                       r defining the stack
  644 0000001A         ; and heap memory locations.  For the C library version 
                       of the startup code,
  645 0000001A         ; provide this function so that the C library initializa
                       tion code can find out
  646 0000001A         ; the location of the stack and heap.
  647 0000001A         ;
  648 0000001A         ;*******************************************************
                       ***********************
  649 0000001A                 IF               :DEF: __MICROLIB
  650 0000001A                 EXPORT           __initial_sp
  651 0000001A                 EXPORT           __heap_base
  652 0000001A                 EXPORT           __heap_limit
  653 0000001A                 ELSE
  662                          ENDIF
  663 0000001A         
  664 0000001A         ;*******************************************************
                       ***********************
  665 0000001A         ;
  666 0000001A         ; Make sure the end of this section is aligned.
  667 0000001A         ;
  668 0000001A         ;*******************************************************
                       ***********************
  669 0000001A 00 00           ALIGN
  670 0000001C         
  671 0000001C         ;*******************************************************
                       ***********************
  672 0000001C         ;
  673 0000001C         ; Tell the assembler that we're done.
  674 0000001C         ;
  675 0000001C         ;*******************************************************
                       ***********************
  676 0000001C                 END
Command Line: --16 --debug --xref --cpu=Cortex-M4 --apcs=interwork --depend=.\s
tartup.d -o.\startup.o -IC:\Keil\ARM\RV31\INC -IC:\Keil\ARM\CMSIS\Include -IC:\
Keil\ARM\Inc\TI\TM4C123 --predefine="__EVAL SETA 1" --predefine="__MICROLIB SET
A 1" --list=.\startup.lst startup.s



ARM Macro Assembler    Page 1 Alphabetic symbol ordering
Relocatable symbols

STACK 00000000

Symbol: STACK
   Definitions
      At line 52 in file startup.s
   Uses
      None
Comment: STACK unused
StackMem 00000000

Symbol: StackMem
   Definitions
      At line 53 in file startup.s
   Uses
      At line 90 in file startup.s
Comment: StackMem used once
__initial_sp 00000400

Symbol: __initial_sp
   Definitions
      At line 55 in file startup.s
   Uses
      At line 650 in file startup.s
Comment: __initial_sp used once
3 symbols



ARM Macro Assembler    Page 1 Alphabetic symbol ordering
Relocatable symbols

HEAP 00000000

Symbol: HEAP
   Definitions
      At line 62 in file startup.s
   Uses
      None
Comment: HEAP unused
HeapMem 00000000

Symbol: HeapMem
   Definitions
      At line 64 in file startup.s
   Uses
      None
Comment: HeapMem unused
__heap_base 00000000

Symbol: __heap_base
   Definitions
      At line 63 in file startup.s
   Uses
      At line 651 in file startup.s
Comment: __heap_base used once
__heap_limit 00000000

Symbol: __heap_limit
   Definitions
      At line 66 in file startup.s
   Uses
      At line 652 in file startup.s
Comment: __heap_limit used once
4 symbols



ARM Macro Assembler    Page 1 Alphabetic symbol ordering
Relocatable symbols

ADC0Seq0_Handler 0000029A

Symbol: ADC0Seq0_Handler
   Definitions
      At line 470 in file startup.s
   Uses
      At line 120 in file startup.s
      At line 355 in file startup.s

ADC0Seq1_Handler 0000029A

Symbol: ADC0Seq1_Handler
   Definitions
      At line 471 in file startup.s
   Uses
      At line 121 in file startup.s
      At line 356 in file startup.s

ADC0Seq2_Handler 0000029A

Symbol: ADC0Seq2_Handler
   Definitions
      At line 472 in file startup.s
   Uses
      At line 122 in file startup.s
      At line 357 in file startup.s

ADC0Seq3_Handler 0000029A

Symbol: ADC0Seq3_Handler
   Definitions
      At line 473 in file startup.s
   Uses
      At line 123 in file startup.s
      At line 358 in file startup.s

ADC1Seq0_Handler 0000029A

Symbol: ADC1Seq0_Handler
   Definitions
      At line 504 in file startup.s
   Uses
      At line 154 in file startup.s
      At line 389 in file startup.s

ADC1Seq1_Handler 0000029A

Symbol: ADC1Seq1_Handler
   Definitions
      At line 505 in file startup.s
   Uses
      At line 155 in file startup.s
      At line 390 in file startup.s

ADC1Seq2_Handler 0000029A

Symbol: ADC1Seq2_Handler
   Definitions
      At line 506 in file startup.s



ARM Macro Assembler    Page 2 Alphabetic symbol ordering
Relocatable symbols

   Uses
      At line 156 in file startup.s
      At line 391 in file startup.s

ADC1Seq3_Handler 0000029A

Symbol: ADC1Seq3_Handler
   Definitions
      At line 507 in file startup.s
   Uses
      At line 157 in file startup.s
      At line 392 in file startup.s

BusFault_Handler 0000028E

Symbol: BusFault_Handler
   Definitions
      At line 312 in file startup.s
   Uses
      At line 95 in file startup.s
      At line 313 in file startup.s

CAN0_Handler 0000029A

Symbol: CAN0_Handler
   Definitions
      At line 495 in file startup.s
   Uses
      At line 145 in file startup.s
      At line 380 in file startup.s

CAN1_Handler 0000029A

Symbol: CAN1_Handler
   Definitions
      At line 496 in file startup.s
   Uses
      At line 146 in file startup.s
      At line 381 in file startup.s

CAN2_Handler 0000029A

Symbol: CAN2_Handler
   Definitions
      At line 497 in file startup.s
   Uses
      At line 147 in file startup.s
      At line 382 in file startup.s

Comp0_Handler 0000029A

Symbol: Comp0_Handler
   Definitions
      At line 481 in file startup.s
   Uses
      At line 131 in file startup.s
      At line 366 in file startup.s

Comp1_Handler 0000029A



ARM Macro Assembler    Page 3 Alphabetic symbol ordering
Relocatable symbols


Symbol: Comp1_Handler
   Definitions
      At line 482 in file startup.s
   Uses
      At line 132 in file startup.s
      At line 367 in file startup.s

Comp2_Handler 0000029A

Symbol: Comp2_Handler
   Definitions
      At line 483 in file startup.s
   Uses
      At line 133 in file startup.s
      At line 368 in file startup.s

DebugMon_Handler 00000294

Symbol: DebugMon_Handler
   Definitions
      At line 326 in file startup.s
   Uses
      At line 102 in file startup.s
      At line 327 in file startup.s

Ethernet_Handler 0000029A

Symbol: Ethernet_Handler
   Definitions
      At line 498 in file startup.s
   Uses
      At line 148 in file startup.s
      At line 383 in file startup.s

ExtBus_Handler 0000029A

Symbol: ExtBus_Handler
   Definitions
      At line 509 in file startup.s
   Uses
      At line 159 in file startup.s
      At line 394 in file startup.s

FPU_Handler 0000029A

Symbol: FPU_Handler
   Definitions
      At line 538 in file startup.s
   Uses
      At line 212 in file startup.s
      At line 423 in file startup.s

Fan0_Handler 0000029A

Symbol: Fan0_Handler
   Definitions
      At line 546 in file startup.s
   Uses



ARM Macro Assembler    Page 4 Alphabetic symbol ordering
Relocatable symbols

      At line 220 in file startup.s
      At line 431 in file startup.s

FlashCtl_Handler 0000029A

Symbol: FlashCtl_Handler
   Definitions
      At line 485 in file startup.s
   Uses
      At line 135 in file startup.s
      At line 370 in file startup.s

GPIOPortA_Handler 0000029A

Symbol: GPIOPortA_Handler
   Definitions
      At line 456 in file startup.s
   Uses
      At line 106 in file startup.s
      At line 341 in file startup.s

GPIOPortB_Handler 0000029A

Symbol: GPIOPortB_Handler
   Definitions
      At line 457 in file startup.s
   Uses
      At line 107 in file startup.s
      At line 342 in file startup.s

GPIOPortC_Handler 0000029A

Symbol: GPIOPortC_Handler
   Definitions
      At line 458 in file startup.s
   Uses
      At line 108 in file startup.s
      At line 343 in file startup.s

GPIOPortD_Handler 0000029A

Symbol: GPIOPortD_Handler
   Definitions
      At line 459 in file startup.s
   Uses
      At line 109 in file startup.s
      At line 344 in file startup.s

GPIOPortE_Handler 0000029A

Symbol: GPIOPortE_Handler
   Definitions
      At line 460 in file startup.s
   Uses
      At line 110 in file startup.s
      At line 345 in file startup.s

GPIOPortF_Handler 0000029A




ARM Macro Assembler    Page 5 Alphabetic symbol ordering
Relocatable symbols

Symbol: GPIOPortF_Handler
   Definitions
      At line 486 in file startup.s
   Uses
      At line 136 in file startup.s
      At line 371 in file startup.s

GPIOPortG_Handler 0000029A

Symbol: GPIOPortG_Handler
   Definitions
      At line 487 in file startup.s
   Uses
      At line 137 in file startup.s
      At line 372 in file startup.s

GPIOPortH_Handler 0000029A

Symbol: GPIOPortH_Handler
   Definitions
      At line 488 in file startup.s
   Uses
      At line 138 in file startup.s
      At line 373 in file startup.s

GPIOPortJ_Handler 0000029A

Symbol: GPIOPortJ_Handler
   Definitions
      At line 510 in file startup.s
   Uses
      At line 160 in file startup.s
      At line 395 in file startup.s

GPIOPortK_Handler 0000029A

Symbol: GPIOPortK_Handler
   Definitions
      At line 511 in file startup.s
   Uses
      At line 161 in file startup.s
      At line 396 in file startup.s

GPIOPortL_Handler 0000029A

Symbol: GPIOPortL_Handler
   Definitions
      At line 512 in file startup.s
   Uses
      At line 162 in file startup.s
      At line 397 in file startup.s

GPIOPortM_Handler 0000029A

Symbol: GPIOPortM_Handler
   Definitions
      At line 543 in file startup.s
   Uses
      At line 217 in file startup.s



ARM Macro Assembler    Page 6 Alphabetic symbol ordering
Relocatable symbols

      At line 428 in file startup.s

GPIOPortN_Handler 0000029A

Symbol: GPIOPortN_Handler
   Definitions
      At line 544 in file startup.s
   Uses
      At line 218 in file startup.s
      At line 429 in file startup.s

GPIOPortP1_Handler 0000029A

Symbol: GPIOPortP1_Handler
   Definitions
      At line 548 in file startup.s
   Uses
      At line 223 in file startup.s
      At line 433 in file startup.s

GPIOPortP2_Handler 0000029A

Symbol: GPIOPortP2_Handler
   Definitions
      At line 549 in file startup.s
   Uses
      At line 224 in file startup.s
      At line 434 in file startup.s

GPIOPortP3_Handler 0000029A

Symbol: GPIOPortP3_Handler
   Definitions
      At line 550 in file startup.s
   Uses
      At line 225 in file startup.s
      At line 435 in file startup.s

GPIOPortP4_Handler 0000029A

Symbol: GPIOPortP4_Handler
   Definitions
      At line 551 in file startup.s
   Uses
      At line 226 in file startup.s
      At line 436 in file startup.s

GPIOPortP5_Handler 0000029A

Symbol: GPIOPortP5_Handler
   Definitions
      At line 552 in file startup.s
   Uses
      At line 227 in file startup.s
      At line 437 in file startup.s

GPIOPortP6_Handler 0000029A

Symbol: GPIOPortP6_Handler



ARM Macro Assembler    Page 7 Alphabetic symbol ordering
Relocatable symbols

   Definitions
      At line 553 in file startup.s
   Uses
      At line 228 in file startup.s
      At line 438 in file startup.s

GPIOPortP7_Handler 0000029A

Symbol: GPIOPortP7_Handler
   Definitions
      At line 554 in file startup.s
   Uses
      At line 229 in file startup.s
      At line 439 in file startup.s

GPIOPortP_Handler 0000029A

Symbol: GPIOPortP_Handler
   Definitions
      At line 547 in file startup.s
   Uses
      At line 222 in file startup.s
      At line 432 in file startup.s

GPIOPortQ1_Handler 0000029A

Symbol: GPIOPortQ1_Handler
   Definitions
      At line 556 in file startup.s
   Uses
      At line 231 in file startup.s
      At line 441 in file startup.s

GPIOPortQ2_Handler 0000029A

Symbol: GPIOPortQ2_Handler
   Definitions
      At line 557 in file startup.s
   Uses
      At line 232 in file startup.s
      At line 442 in file startup.s

GPIOPortQ3_Handler 0000029A

Symbol: GPIOPortQ3_Handler
   Definitions
      At line 558 in file startup.s
   Uses
      At line 233 in file startup.s
      At line 443 in file startup.s

GPIOPortQ4_Handler 0000029A

Symbol: GPIOPortQ4_Handler
   Definitions
      At line 559 in file startup.s
   Uses
      At line 234 in file startup.s
      At line 444 in file startup.s



ARM Macro Assembler    Page 8 Alphabetic symbol ordering
Relocatable symbols


GPIOPortQ5_Handler 0000029A

Symbol: GPIOPortQ5_Handler
   Definitions
      At line 560 in file startup.s
   Uses
      At line 235 in file startup.s
      At line 445 in file startup.s

GPIOPortQ6_Handler 0000029A

Symbol: GPIOPortQ6_Handler
   Definitions
      At line 561 in file startup.s
   Uses
      At line 236 in file startup.s
      At line 446 in file startup.s

GPIOPortQ7_Handler 0000029A

Symbol: GPIOPortQ7_Handler
   Definitions
      At line 562 in file startup.s
   Uses
      At line 237 in file startup.s
      At line 447 in file startup.s

GPIOPortQ_Handler 0000029A

Symbol: GPIOPortQ_Handler
   Definitions
      At line 555 in file startup.s
   Uses
      At line 230 in file startup.s
      At line 440 in file startup.s

GPIOPortR_Handler 0000029A

Symbol: GPIOPortR_Handler
   Definitions
      At line 563 in file startup.s
   Uses
      At line 238 in file startup.s
      At line 448 in file startup.s

GPIOPortS_Handler 0000029A

Symbol: GPIOPortS_Handler
   Definitions
      At line 564 in file startup.s
   Uses
      At line 239 in file startup.s
      At line 449 in file startup.s

HardFault_Handler 0000028A

Symbol: HardFault_Handler
   Definitions



ARM Macro Assembler    Page 9 Alphabetic symbol ordering
Relocatable symbols

      At line 301 in file startup.s
   Uses
      At line 93 in file startup.s
      At line 302 in file startup.s

Hibernate_Handler 0000029A

Symbol: Hibernate_Handler
   Definitions
      At line 499 in file startup.s
   Uses
      At line 149 in file startup.s
      At line 384 in file startup.s

I2C0_Handler 0000029A

Symbol: I2C0_Handler
   Definitions
      At line 464 in file startup.s
   Uses
      At line 114 in file startup.s
      At line 349 in file startup.s

I2C1_Handler 0000029A

Symbol: I2C1_Handler
   Definitions
      At line 493 in file startup.s
   Uses
      At line 143 in file startup.s
      At line 378 in file startup.s

I2C2_Handler 0000029A

Symbol: I2C2_Handler
   Definitions
      At line 520 in file startup.s
   Uses
      At line 174 in file startup.s
      At line 405 in file startup.s

I2C3_Handler 0000029A

Symbol: I2C3_Handler
   Definitions
      At line 521 in file startup.s
   Uses
      At line 175 in file startup.s
      At line 406 in file startup.s

I2C4_Handler 0000029A

Symbol: I2C4_Handler
   Definitions
      At line 541 in file startup.s
   Uses
      At line 215 in file startup.s
      At line 426 in file startup.s




ARM Macro Assembler    Page 10 Alphabetic symbol ordering
Relocatable symbols

I2C5_Handler 0000029A

Symbol: I2C5_Handler
   Definitions
      At line 542 in file startup.s
   Uses
      At line 216 in file startup.s
      At line 427 in file startup.s

I2S0_Handler 0000029A

Symbol: I2S0_Handler
   Definitions
      At line 508 in file startup.s
   Uses
      At line 158 in file startup.s
      At line 393 in file startup.s

IntDefaultHandler 0000029A

Symbol: IntDefaultHandler
   Definitions
      At line 339 in file startup.s
   Uses
      None
Comment: IntDefaultHandler unused
LPC0_Handler 0000029A

Symbol: LPC0_Handler
   Definitions
      At line 540 in file startup.s
   Uses
      At line 214 in file startup.s
      At line 425 in file startup.s

MemManage_Handler 0000028C

Symbol: MemManage_Handler
   Definitions
      At line 307 in file startup.s
   Uses
      At line 94 in file startup.s
      At line 308 in file startup.s

NMI_Handler 00000288

Symbol: NMI_Handler
   Definitions
      At line 288 in file startup.s
   Uses
      At line 92 in file startup.s
      At line 289 in file startup.s

PECI0_Handler 0000029A

Symbol: PECI0_Handler
   Definitions
      At line 539 in file startup.s
   Uses



ARM Macro Assembler    Page 11 Alphabetic symbol ordering
Relocatable symbols

      At line 213 in file startup.s
      At line 424 in file startup.s

PWM0Fault_Handler 0000029A

Symbol: PWM0Fault_Handler
   Definitions
      At line 465 in file startup.s
   Uses
      At line 115 in file startup.s
      At line 350 in file startup.s

PWM0Generator0_Handler 0000029A

Symbol: PWM0Generator0_Handler
   Definitions
      At line 466 in file startup.s
   Uses
      At line 116 in file startup.s
      At line 351 in file startup.s

PWM0Generator1_Handler 0000029A

Symbol: PWM0Generator1_Handler
   Definitions
      At line 467 in file startup.s
   Uses
      At line 117 in file startup.s
      At line 352 in file startup.s

PWM0Generator2_Handler 0000029A

Symbol: PWM0Generator2_Handler
   Definitions
      At line 468 in file startup.s
   Uses
      At line 118 in file startup.s
      At line 353 in file startup.s

PWM0Generator3_Handler 0000029A

Symbol: PWM0Generator3_Handler
   Definitions
      At line 501 in file startup.s
   Uses
      At line 151 in file startup.s
      At line 386 in file startup.s

PWM1Fault_Handler 0000029A

Symbol: PWM1Fault_Handler
   Definitions
      At line 569 in file startup.s
   Uses
      At line 244 in file startup.s
      At line 454 in file startup.s

PWM1Generator0_Handler 0000029A




ARM Macro Assembler    Page 12 Alphabetic symbol ordering
Relocatable symbols

Symbol: PWM1Generator0_Handler
   Definitions
      At line 565 in file startup.s
   Uses
      At line 240 in file startup.s
      At line 450 in file startup.s

PWM1Generator1_Handler 0000029A

Symbol: PWM1Generator1_Handler
   Definitions
      At line 566 in file startup.s
   Uses
      At line 241 in file startup.s
      At line 451 in file startup.s

PWM1Generator2_Handler 0000029A

Symbol: PWM1Generator2_Handler
   Definitions
      At line 567 in file startup.s
   Uses
      At line 242 in file startup.s
      At line 452 in file startup.s

PWM1Generator3_Handler 0000029A

Symbol: PWM1Generator3_Handler
   Definitions
      At line 568 in file startup.s
   Uses
      At line 243 in file startup.s
      At line 453 in file startup.s

PendSV_Handler 00000296

Symbol: PendSV_Handler
   Definitions
      At line 330 in file startup.s
   Uses
      At line 104 in file startup.s
      At line 331 in file startup.s

Quadrature0_Handler 0000029A

Symbol: Quadrature0_Handler
   Definitions
      At line 469 in file startup.s
   Uses
      At line 119 in file startup.s
      At line 354 in file startup.s

Quadrature1_Handler 0000029A

Symbol: Quadrature1_Handler
   Definitions
      At line 494 in file startup.s
   Uses
      At line 144 in file startup.s



ARM Macro Assembler    Page 13 Alphabetic symbol ordering
Relocatable symbols

      At line 379 in file startup.s

Quadrature2_Handler 0000029A

Symbol: Quadrature2_Handler
   Definitions
      At line 545 in file startup.s
   Uses
      At line 219 in file startup.s
      At line 430 in file startup.s

RESET 00000000

Symbol: RESET
   Definitions
      At line 80 in file startup.s
   Uses
      None
Comment: RESET unused
Reset_Handler 0000026C

Symbol: Reset_Handler
   Definitions
      At line 253 in file startup.s
   Uses
      At line 91 in file startup.s
      At line 252 in file startup.s

SSI0_Handler 0000029A

Symbol: SSI0_Handler
   Definitions
      At line 463 in file startup.s
   Uses
      At line 113 in file startup.s
      At line 348 in file startup.s

SSI1_Handler 0000029A

Symbol: SSI1_Handler
   Definitions
      At line 490 in file startup.s
   Uses
      At line 140 in file startup.s
      At line 375 in file startup.s

SSI2_Handler 0000029A

Symbol: SSI2_Handler
   Definitions
      At line 513 in file startup.s
   Uses
      At line 163 in file startup.s
      At line 398 in file startup.s

SSI3_Handler 0000029A

Symbol: SSI3_Handler
   Definitions



ARM Macro Assembler    Page 14 Alphabetic symbol ordering
Relocatable symbols

      At line 514 in file startup.s
   Uses
      At line 164 in file startup.s
      At line 399 in file startup.s

SVC_Handler 00000292

Symbol: SVC_Handler
   Definitions
      At line 321 in file startup.s
   Uses
      At line 101 in file startup.s
      At line 322 in file startup.s

SysCtl_Handler 0000029A

Symbol: SysCtl_Handler
   Definitions
      At line 484 in file startup.s
   Uses
      At line 134 in file startup.s
      At line 369 in file startup.s

SysTick_Handler 00000298

Symbol: SysTick_Handler
   Definitions
      At line 334 in file startup.s
   Uses
      At line 105 in file startup.s
      At line 335 in file startup.s

Timer0A_Handler 0000029A

Symbol: Timer0A_Handler
   Definitions
      At line 475 in file startup.s
   Uses
      At line 125 in file startup.s
      At line 360 in file startup.s

Timer0B_Handler 0000029A

Symbol: Timer0B_Handler
   Definitions
      At line 476 in file startup.s
   Uses
      At line 126 in file startup.s
      At line 361 in file startup.s

Timer1A_Handler 0000029A

Symbol: Timer1A_Handler
   Definitions
      At line 477 in file startup.s
   Uses
      At line 127 in file startup.s
      At line 362 in file startup.s




ARM Macro Assembler    Page 15 Alphabetic symbol ordering
Relocatable symbols

Timer1B_Handler 0000029A

Symbol: Timer1B_Handler
   Definitions
      At line 478 in file startup.s
   Uses
      At line 128 in file startup.s
      At line 363 in file startup.s

Timer2A_Handler 0000029A

Symbol: Timer2A_Handler
   Definitions
      At line 479 in file startup.s
   Uses
      At line 129 in file startup.s
      At line 364 in file startup.s

Timer2B_Handler 0000029A

Symbol: Timer2B_Handler
   Definitions
      At line 480 in file startup.s
   Uses
      At line 130 in file startup.s
      At line 365 in file startup.s

Timer3A_Handler 0000029A

Symbol: Timer3A_Handler
   Definitions
      At line 491 in file startup.s
   Uses
      At line 141 in file startup.s
      At line 376 in file startup.s

Timer3B_Handler 0000029A

Symbol: Timer3B_Handler
   Definitions
      At line 492 in file startup.s
   Uses
      At line 142 in file startup.s
      At line 377 in file startup.s

Timer4A_Handler 0000029A

Symbol: Timer4A_Handler
   Definitions
      At line 522 in file startup.s
   Uses
      At line 176 in file startup.s
      At line 407 in file startup.s

Timer4B_Handler 0000029A

Symbol: Timer4B_Handler
   Definitions
      At line 523 in file startup.s



ARM Macro Assembler    Page 16 Alphabetic symbol ordering
Relocatable symbols

   Uses
      At line 177 in file startup.s
      At line 408 in file startup.s

Timer5A_Handler 0000029A

Symbol: Timer5A_Handler
   Definitions
      At line 524 in file startup.s
   Uses
      At line 198 in file startup.s
      At line 409 in file startup.s

Timer5B_Handler 0000029A

Symbol: Timer5B_Handler
   Definitions
      At line 525 in file startup.s
   Uses
      At line 199 in file startup.s
      At line 410 in file startup.s

UART0_Handler 0000029A

Symbol: UART0_Handler
   Definitions
      At line 461 in file startup.s
   Uses
      At line 111 in file startup.s
      At line 346 in file startup.s

UART1_Handler 0000029A

Symbol: UART1_Handler
   Definitions
      At line 462 in file startup.s
   Uses
      At line 112 in file startup.s
      At line 347 in file startup.s

UART2_Handler 0000029A

Symbol: UART2_Handler
   Definitions
      At line 489 in file startup.s
   Uses
      At line 139 in file startup.s
      At line 374 in file startup.s

UART3_Handler 0000029A

Symbol: UART3_Handler
   Definitions
      At line 515 in file startup.s
   Uses
      At line 165 in file startup.s
      At line 400 in file startup.s

UART4_Handler 0000029A



ARM Macro Assembler    Page 17 Alphabetic symbol ordering
Relocatable symbols


Symbol: UART4_Handler
   Definitions
      At line 516 in file startup.s
   Uses
      At line 166 in file startup.s
      At line 401 in file startup.s

UART5_Handler 0000029A

Symbol: UART5_Handler
   Definitions
      At line 517 in file startup.s
   Uses
      At line 167 in file startup.s
      At line 402 in file startup.s

UART6_Handler 0000029A

Symbol: UART6_Handler
   Definitions
      At line 518 in file startup.s
   Uses
      At line 168 in file startup.s
      At line 403 in file startup.s

UART7_Handler 0000029A

Symbol: UART7_Handler
   Definitions
      At line 519 in file startup.s
   Uses
      At line 169 in file startup.s
      At line 404 in file startup.s

USB0_Handler 0000029A

Symbol: USB0_Handler
   Definitions
      At line 500 in file startup.s
   Uses
      At line 150 in file startup.s
      At line 385 in file startup.s

UsageFault_Handler 00000290

Symbol: UsageFault_Handler
   Definitions
      At line 317 in file startup.s
   Uses
      At line 96 in file startup.s
      At line 318 in file startup.s

WDT_Handler 0000029A

Symbol: WDT_Handler
   Definitions
      At line 474 in file startup.s
   Uses



ARM Macro Assembler    Page 18 Alphabetic symbol ordering
Relocatable symbols

      At line 124 in file startup.s
      At line 359 in file startup.s

WideTimer0A_Handler 0000029A

Symbol: WideTimer0A_Handler
   Definitions
      At line 526 in file startup.s
   Uses
      At line 200 in file startup.s
      At line 411 in file startup.s

WideTimer0B_Handler 0000029A

Symbol: WideTimer0B_Handler
   Definitions
      At line 527 in file startup.s
   Uses
      At line 201 in file startup.s
      At line 412 in file startup.s

WideTimer1A_Handler 0000029A

Symbol: WideTimer1A_Handler
   Definitions
      At line 528 in file startup.s
   Uses
      At line 202 in file startup.s
      At line 413 in file startup.s

WideTimer1B_Handler 0000029A

Symbol: WideTimer1B_Handler
   Definitions
      At line 529 in file startup.s
   Uses
      At line 203 in file startup.s
      At line 414 in file startup.s

WideTimer2A_Handler 0000029A

Symbol: WideTimer2A_Handler
   Definitions
      At line 530 in file startup.s
   Uses
      At line 204 in file startup.s
      At line 415 in file startup.s

WideTimer2B_Handler 0000029A

Symbol: WideTimer2B_Handler
   Definitions
      At line 531 in file startup.s
   Uses
      At line 205 in file startup.s
      At line 416 in file startup.s

WideTimer3A_Handler 0000029A




ARM Macro Assembler    Page 19 Alphabetic symbol ordering
Relocatable symbols

Symbol: WideTimer3A_Handler
   Definitions
      At line 532 in file startup.s
   Uses
      At line 206 in file startup.s
      At line 417 in file startup.s

WideTimer3B_Handler 0000029A

Symbol: WideTimer3B_Handler
   Definitions
      At line 533 in file startup.s
   Uses
      At line 207 in file startup.s
      At line 418 in file startup.s

WideTimer4A_Handler 0000029A

Symbol: WideTimer4A_Handler
   Definitions
      At line 534 in file startup.s
   Uses
      At line 208 in file startup.s
      At line 419 in file startup.s

WideTimer4B_Handler 0000029A

Symbol: WideTimer4B_Handler
   Definitions
      At line 535 in file startup.s
   Uses
      At line 209 in file startup.s
      At line 420 in file startup.s

WideTimer5A_Handler 0000029A

Symbol: WideTimer5A_Handler
   Definitions
      At line 536 in file startup.s
   Uses
      At line 210 in file startup.s
      At line 421 in file startup.s

WideTimer5B_Handler 0000029A

Symbol: WideTimer5B_Handler
   Definitions
      At line 537 in file startup.s
   Uses
      At line 211 in file startup.s
      At line 422 in file startup.s

__Vectors 00000000

Symbol: __Vectors
   Definitions
      At line 89 in file startup.s
   Uses
      At line 88 in file startup.s



ARM Macro Assembler    Page 20 Alphabetic symbol ordering
Relocatable symbols

Comment: __Vectors used once
uDMA_Error 0000029A

Symbol: uDMA_Error
   Definitions
      At line 503 in file startup.s
   Uses
      At line 153 in file startup.s
      At line 388 in file startup.s

uDMA_Handler 0000029A

Symbol: uDMA_Handler
   Definitions
      At line 502 in file startup.s
   Uses
      At line 152 in file startup.s
      At line 387 in file startup.s

127 symbols



ARM Macro Assembler    Page 1 Alphabetic symbol ordering
Relocatable symbols

.text 00000000

Symbol: .text
   Definitions
      At line 587 in file startup.s
   Uses
      None
Comment: .text unused
DisableInterrupts 00000000

Symbol: DisableInterrupts
   Definitions
      At line 604 in file startup.s
   Uses
      At line 594 in file startup.s
Comment: DisableInterrupts used once
EnableInterrupts 00000004

Symbol: EnableInterrupts
   Definitions
      At line 612 in file startup.s
   Uses
      At line 595 in file startup.s
Comment: EnableInterrupts used once
EndCritical 00000010

Symbol: EndCritical
   Definitions
      At line 629 in file startup.s
   Uses
      At line 597 in file startup.s
Comment: EndCritical used once
StartCritical 00000008

Symbol: StartCritical
   Definitions
      At line 620 in file startup.s
   Uses
      At line 596 in file startup.s
Comment: StartCritical used once
WaitForInterrupt 00000016

Symbol: WaitForInterrupt
   Definitions
      At line 637 in file startup.s
   Uses
      At line 598 in file startup.s
Comment: WaitForInterrupt used once
6 symbols



ARM Macro Assembler    Page 1 Alphabetic symbol ordering
Absolute symbols

Heap 00000000

Symbol: Heap
   Definitions
      At line 45 in file startup.s
   Uses
      At line 65 in file startup.s
Comment: Heap used once
Stack 00000400

Symbol: Stack
   Definitions
      At line 38 in file startup.s
   Uses
      At line 54 in file startup.s
      At line 90 in file startup.s

2 symbols



ARM Macro Assembler    Page 1 Alphabetic symbol ordering
External symbols

__main 00000000

Symbol: __main
   Definitions
      At line 278 in file startup.s
   Uses
      At line 279 in file startup.s
Comment: __main used once
1 symbol
475 symbols in table
