
**** Clean-only build of configuration Debug for project Lab4 ****

"C:\\ti\\ccs1000\\ccs\\utils\\bin\\gmake" -k -j 12 clean -O 
 
DEL /F  "Lab4.hex"  "Lab4.out" 
DEL /F "tivaCbluetooth.obj" "tm4c123gh6pm_startup_ccs.obj" 
DEL /F "tivaCbluetooth.d" "tm4c123gh6pm_startup_ccs.d" 
Finished clean
 

**** Build Finished ****

**** Build of configuration Debug for project Lab4 ****

"C:\\ti\\ccs1000\\ccs\\utils\\bin\\gmake" -k -j 12 all -O 
 
Building file: "../tm4c123gh6pm_startup_ccs.c"
Invoking: ARM Compiler
"C:/ti/ccs1000/ccs/tools/compiler/ti-cgt-arm_20.2.0.LTS/bin/armcl" -mv7M4 --code_state=16 --float_support=FPv4SPD16 -me --include_path="C:/Users/KuldeepGohil/Desktop/CECS 447/Lab 4/Lab4" --include_path="C:/ti/ccs1000/ccs/tools/compiler/ti-cgt-arm_20.2.0.LTS/include" --define=ccs="ccs" --define=PART_TM4C123GH6PM -g --gcc --diag_warning=225 --diag_wrap=off --display_error_number --abi=eabi --preproc_with_compile --preproc_dependency="tm4c123gh6pm_startup_ccs.d_raw"  "../tm4c123gh6pm_startup_ccs.c"
Finished building: "../tm4c123gh6pm_startup_ccs.c"
 
Building file: "../tivaCbluetooth.c"
Invoking: ARM Compiler
"C:/ti/ccs1000/ccs/tools/compiler/ti-cgt-arm_20.2.0.LTS/bin/armcl" -mv7M4 --code_state=16 --float_support=FPv4SPD16 -me --include_path="C:/Users/KuldeepGohil/Desktop/CECS 447/Lab 4/Lab4" --include_path="C:/ti/ccs1000/ccs/tools/compiler/ti-cgt-arm_20.2.0.LTS/include" --define=ccs="ccs" --define=PART_TM4C123GH6PM -g --gcc --diag_warning=225 --diag_wrap=off --display_error_number --abi=eabi --preproc_with_compile --preproc_dependency="tivaCbluetooth.d_raw"  "../tivaCbluetooth.c"
Finished building: "../tivaCbluetooth.c"
 
Building target: "Lab4.out"
Invoking: ARM Linker
"C:/ti/ccs1000/ccs/tools/compiler/ti-cgt-arm_20.2.0.LTS/bin/armcl" -mv7M4 --code_state=16 --float_support=FPv4SPD16 -me --define=ccs="ccs" --define=PART_TM4C123GH6PM -g --gcc --diag_warning=225 --diag_wrap=off --display_error_number --abi=eabi -z -m"Lab4.map" --heap_size=0 --stack_size=512 -i"C:/ti/ccs1000/ccs/tools/compiler/ti-cgt-arm_20.2.0.LTS/lib" -i"C:/ti/ccs1000/ccs/tools/compiler/ti-cgt-arm_20.2.0.LTS/include" --reread_libs --diag_wrap=off --display_error_number --warn_sections --xml_link_info="Lab4_linkInfo.xml" --rom_model -o "Lab4.out" "./tivaCbluetooth.obj" "./tm4c123gh6pm_startup_ccs.obj" "../tm4c123gh6pm.cmd"  -llibc.a 
<Linking>
Finished building target: "Lab4.out"
 

**** Build Finished ****

**** Build of configuration Debug for project Lab4 ****

"C:\\ti\\ccs1000\\ccs\\utils\\bin\\gmake" -k -j 12 all -O 
 
gmake[1]: 'Lab4.out' is up to date.

**** Build Finished ****

**** Clean-only build of configuration Debug for project Bluetooth ****

"C:\\ti\\ccs1000\\ccs\\utils\\bin\\gmake" -k -j 12 clean -O 
 
DEL /F  "Bluetooth.hex"  "Bluetooth.out" 
DEL /F "tivaCbluetooth.obj" "tm4c123gh6pm_startup_ccs.obj" 
DEL /F "tivaCbluetooth.d" "tm4c123gh6pm_startup_ccs.d" 
Finished clean
 

**** Build Finished ****

**** Build of configuration Debug for project Bluetooth ****

"C:\\ti\\ccs1000\\ccs\\utils\\bin\\gmake" -k -j 12 all -O 
 
Building file: "../tm4c123gh6pm_startup_ccs.c"
Invoking: ARM Compiler
"C:/ti/ccs1000/ccs/tools/compiler/ti-cgt-arm_20.2.0.LTS/bin/armcl" -mv7M4 --code_state=16 --float_support=FPv4SPD16 -me --include_path="C:/Users/KuldeepGohil/Desktop/CECS 447/Lab 4/Bluetooth" --include_path="C:/ti/ccs1000/ccs/TivaWare_C_Series-2.1.4.178" --include_path="C:/ti/ccs1000/ccs/tools/compiler/ti-cgt-arm_20.2.0.LTS/include" --define=ccs="ccs" --define=PART_TM4C123GH6PM -g --gcc --diag_warning=225 --diag_wrap=off --display_error_number --abi=eabi --preproc_with_compile --preproc_dependency="tm4c123gh6pm_startup_ccs.d_raw"  "../tm4c123gh6pm_startup_ccs.c"
Finished building: "../tm4c123gh6pm_startup_ccs.c"
 
Building file: "../tivaCbluetooth.c"
Invoking: ARM Compiler
"C:/ti/ccs1000/ccs/tools/compiler/ti-cgt-arm_20.2.0.LTS/bin/armcl" -mv7M4 --code_state=16 --float_support=FPv4SPD16 -me --include_path="C:/Users/KuldeepGohil/Desktop/CECS 447/Lab 4/Bluetooth" --include_path="C:/ti/ccs1000/ccs/TivaWare_C_Series-2.1.4.178" --include_path="C:/ti/ccs1000/ccs/tools/compiler/ti-cgt-arm_20.2.0.LTS/include" --define=ccs="ccs" --define=PART_TM4C123GH6PM -g --gcc --diag_warning=225 --diag_wrap=off --display_error_number --abi=eabi --preproc_with_compile --preproc_dependency="tivaCbluetooth.d_raw"  "../tivaCbluetooth.c"
Finished building: "../tivaCbluetooth.c"
 
Building target: "Bluetooth.out"
Invoking: ARM Linker
"C:/ti/ccs1000/ccs/tools/compiler/ti-cgt-arm_20.2.0.LTS/bin/armcl" -mv7M4 --code_state=16 --float_support=FPv4SPD16 -me --define=ccs="ccs" --define=PART_TM4C123GH6PM -g --gcc --diag_warning=225 --diag_wrap=off --display_error_number --abi=eabi -z -m"Bluetooth.map" --heap_size=0 --stack_size=512 -i"C:/ti/ccs1000/ccs/tools/compiler/ti-cgt-arm_20.2.0.LTS/lib" -i"C:/ti/ccs1000/ccs/tools/compiler/ti-cgt-arm_20.2.0.LTS/include" --reread_libs --diag_wrap=off --display_error_number --warn_sections --xml_link_info="Bluetooth_linkInfo.xml" --rom_model -o "Bluetooth.out" "./tivaCbluetooth.obj" "./tm4c123gh6pm_startup_ccs.obj" "../driverlib.lib" "../tm4c123gh6pm.cmd"  -llibc.a 
<Linking>
Finished building target: "Bluetooth.out"
 

**** Build Finished ****

**** Build of configuration Debug for project Bluetooth ****

"C:\\ti\\ccs1000\\ccs\\utils\\bin\\gmake" -k -j 12 all -O 
 
gmake[1]: 'Bluetooth.out' is up to date.

**** Build Finished ****

**** Clean-only build of configuration Debug for project TivaBluetooth ****

"C:\\ti\\ccs1000\\ccs\\utils\\bin\\gmake" -k clean 
 
DEL /F  "TivaBluetooth.hex"  "TivaBluetooth.out" 
DEL /F "tivaCbluetooth.obj" "tm4c123gh6pm_startup_ccs.obj" 
DEL /F "tivaCbluetooth.d" "tm4c123gh6pm_startup_ccs.d" 
Finished clean
 

**** Build Finished ****

**** Build of configuration Debug for project TivaBluetooth ****

"C:\\ti\\ccs1000\\ccs\\utils\\bin\\gmake" -k all 
 
Building file: "../tivaCbluetooth.c"
Invoking: ARM Compiler
"C:/ti/ccs1000/ccs/tools/compiler/ti-cgt-arm_20.2.0.LTS/bin/armcl" -mv7M4 --code_state=16 --float_support=FPv4SPD16 -me --include_path="C:/ti/ccs1000/ccs/tools/compiler/ti-cgt-arm_20.2.0.LTS/include" --include_path="C:/ti/ccs1000/ccs/TivaWare_C_Series-2.1.4.178" --define=ccs="ccs" --define=PART_TM4C123GH6PM -g --gcc --diag_warning=225 --diag_wrap=off --display_error_number --abi=eabi --preproc_with_compile --preproc_dependency="tivaCbluetooth.d_raw"  "../tivaCbluetooth.c"
Finished building: "../tivaCbluetooth.c"
 
Building file: "../tm4c123gh6pm_startup_ccs.c"
Invoking: ARM Compiler
"C:/ti/ccs1000/ccs/tools/compiler/ti-cgt-arm_20.2.0.LTS/bin/armcl" -mv7M4 --code_state=16 --float_support=FPv4SPD16 -me --include_path="C:/ti/ccs1000/ccs/tools/compiler/ti-cgt-arm_20.2.0.LTS/include" --include_path="C:/ti/ccs1000/ccs/TivaWare_C_Series-2.1.4.178" --define=ccs="ccs" --define=PART_TM4C123GH6PM -g --gcc --diag_warning=225 --diag_wrap=off --display_error_number --abi=eabi --preproc_with_compile --preproc_dependency="tm4c123gh6pm_startup_ccs.d_raw"  "../tm4c123gh6pm_startup_ccs.c"
Finished building: "../tm4c123gh6pm_startup_ccs.c"
 
Building target: "TivaBluetooth.out"
Invoking: ARM Linker
"C:/ti/ccs1000/ccs/tools/compiler/ti-cgt-arm_20.2.0.LTS/bin/armcl" -mv7M4 --code_state=16 --float_support=FPv4SPD16 -me --define=ccs="ccs" --define=PART_TM4C123GH6PM -g --gcc --diag_warning=225 --diag_wrap=off --display_error_number --abi=eabi -z -m"TivaBluetooth.map" --heap_size=0 --stack_size=2048 -i"C:/ti/ccs1000/ccs/tools/compiler/ti-cgt-arm_20.2.0.LTS/lib" -i"C:/ti/ccs1000/ccs/tools/compiler/ti-cgt-arm_20.2.0.LTS/include" --reread_libs --diag_wrap=off --display_error_number --warn_sections --xml_link_info="TivaBluetooth_linkInfo.xml" --rom_model -o "TivaBluetooth.out" "./tivaCbluetooth.obj" "./tm4c123gh6pm_startup_ccs.obj" "../driverlib.lib" "../tm4c123gh6pm.cmd"  -llibc.a 
<Linking>
Finished building target: "TivaBluetooth.out"
 

**** Build Finished ****

**** Build of configuration Debug for project TivaBluetooth ****

"C:\\ti\\ccs1000\\ccs\\utils\\bin\\gmake" -k all 
 
gmake: Nothing to be done for 'all'.

**** Build Finished ****

**** Build of configuration Debug for project TivaBluetooth ****

"C:\\ti\\ccs1000\\ccs\\utils\\bin\\gmake" -k all 
 
gmake: Nothing to be done for 'all'.

**** Build Finished ****

**** Clean-only build of configuration Debug for project TivaBluetooth ****

"C:\\ti\\ccs1000\\ccs\\utils\\bin\\gmake" -k clean 
 
DEL /F  "TivaBluetooth.hex"  "TivaBluetooth.out" 
DEL /F "tivaCbluetooth.obj" "tm4c123gh6pm_startup_ccs.obj" 
DEL /F "tivaCbluetooth.d" "tm4c123gh6pm_startup_ccs.d" 
Finished clean
 

**** Build Finished ****

**** Build of configuration Debug for project TivaBluetooth ****

"C:\\ti\\ccs1000\\ccs\\utils\\bin\\gmake" -k all 
 
Building file: "../tivaCbluetooth.c"
Invoking: ARM Compiler
"C:/ti/ccs1000/ccs/tools/compiler/ti-cgt-arm_20.2.0.LTS/bin/armcl" -mv7M4 --code_state=16 --float_support=FPv4SPD16 -me --include_path="C:/ti/ccs1000/ccs/tools/compiler/ti-cgt-arm_20.2.0.LTS/include" --include_path="C:/ti/ccs1000/ccs/TivaWare_C_Series-2.1.4.178" --define=ccs="ccs" --define=PART_TM4C123GH6PM -g --gcc --diag_warning=225 --diag_wrap=off --display_error_number --abi=eabi --preproc_with_compile --preproc_dependency="tivaCbluetooth.d_raw"  "../tivaCbluetooth.c"
Finished building: "../tivaCbluetooth.c"
 
Building file: "../tm4c123gh6pm_startup_ccs.c"
Invoking: ARM Compiler
"C:/ti/ccs1000/ccs/tools/compiler/ti-cgt-arm_20.2.0.LTS/bin/armcl" -mv7M4 --code_state=16 --float_support=FPv4SPD16 -me --include_path="C:/ti/ccs1000/ccs/tools/compiler/ti-cgt-arm_20.2.0.LTS/include" --include_path="C:/ti/ccs1000/ccs/TivaWare_C_Series-2.1.4.178" --define=ccs="ccs" --define=PART_TM4C123GH6PM -g --gcc --diag_warning=225 --diag_wrap=off --display_error_number --abi=eabi --preproc_with_compile --preproc_dependency="tm4c123gh6pm_startup_ccs.d_raw"  "../tm4c123gh6pm_startup_ccs.c"
Finished building: "../tm4c123gh6pm_startup_ccs.c"
 
Building target: "TivaBluetooth.out"
Invoking: ARM Linker
"C:/ti/ccs1000/ccs/tools/compiler/ti-cgt-arm_20.2.0.LTS/bin/armcl" -mv7M4 --code_state=16 --float_support=FPv4SPD16 -me --define=ccs="ccs" --define=PART_TM4C123GH6PM -g --gcc --diag_warning=225 --diag_wrap=off --display_error_number --abi=eabi -z -m"TivaBluetooth.map" --heap_size=0 --stack_size=2048 -i"C:/ti/ccs1000/ccs/tools/compiler/ti-cgt-arm_20.2.0.LTS/lib" -i"C:/ti/ccs1000/ccs/tools/compiler/ti-cgt-arm_20.2.0.LTS/include" --reread_libs --diag_wrap=off --display_error_number --warn_sections --xml_link_info="TivaBluetooth_linkInfo.xml" --rom_model -o "TivaBluetooth.out" "./tivaCbluetooth.obj" "./tm4c123gh6pm_startup_ccs.obj" "../driverlib.lib" "../tm4c123gh6pm.cmd"  -llibc.a 
<Linking>
Finished building target: "TivaBluetooth.out"
 

**** Build Finished ****

**** Build of configuration Debug for project TivaBluetooth ****

"C:\\ti\\ccs1000\\ccs\\utils\\bin\\gmake" -k all 
 
gmake: Nothing to be done for 'all'.

**** Build Finished ****

**** Clean-only build of configuration Debug for project TivaBluetooth ****

"C:\\ti\\ccs1000\\ccs\\utils\\bin\\gmake" -k clean 
 
DEL /F  "TivaBluetooth.hex"  "TivaBluetooth.out" 
DEL /F "tivaCbluetooth.obj" "tm4c123gh6pm_startup_ccs.obj" 
DEL /F "tivaCbluetooth.d" "tm4c123gh6pm_startup_ccs.d" 
Finished clean
 

**** Build Finished ****

**** Build of configuration Debug for project TivaBluetooth ****

"C:\\ti\\ccs1000\\ccs\\utils\\bin\\gmake" -k all 
 
Building file: "../tivaCbluetooth.c"
Invoking: ARM Compiler
"C:/ti/ccs1000/ccs/tools/compiler/ti-cgt-arm_20.2.0.LTS/bin/armcl" -mv7M4 --code_state=16 --float_support=FPv4SPD16 -me --include_path="C:/ti/ccs1000/ccs/tools/compiler/ti-cgt-arm_20.2.0.LTS/include" --include_path="C:/ti/ccs1000/ccs/TivaWare_C_Series-2.1.4.178" --define=ccs="ccs" --define=PART_TM4C123GH6PM -g --gcc --diag_warning=225 --diag_wrap=off --display_error_number --abi=eabi --preproc_with_compile --preproc_dependency="tivaCbluetooth.d_raw"  "../tivaCbluetooth.c"
Finished building: "../tivaCbluetooth.c"
 
Building file: "../tm4c123gh6pm_startup_ccs.c"
Invoking: ARM Compiler
"C:/ti/ccs1000/ccs/tools/compiler/ti-cgt-arm_20.2.0.LTS/bin/armcl" -mv7M4 --code_state=16 --float_support=FPv4SPD16 -me --include_path="C:/ti/ccs1000/ccs/tools/compiler/ti-cgt-arm_20.2.0.LTS/include" --include_path="C:/ti/ccs1000/ccs/TivaWare_C_Series-2.1.4.178" --define=ccs="ccs" --define=PART_TM4C123GH6PM -g --gcc --diag_warning=225 --diag_wrap=off --display_error_number --abi=eabi --preproc_with_compile --preproc_dependency="tm4c123gh6pm_startup_ccs.d_raw"  "../tm4c123gh6pm_startup_ccs.c"
Finished building: "../tm4c123gh6pm_startup_ccs.c"
 
Building target: "TivaBluetooth.out"
Invoking: ARM Linker
"C:/ti/ccs1000/ccs/tools/compiler/ti-cgt-arm_20.2.0.LTS/bin/armcl" -mv7M4 --code_state=16 --float_support=FPv4SPD16 -me --define=ccs="ccs" --define=PART_TM4C123GH6PM -g --gcc --diag_warning=225 --diag_wrap=off --display_error_number --abi=eabi -z -m"TivaBluetooth.map" --heap_size=0 --stack_size=2048 -i"C:/ti/ccs1000/ccs/tools/compiler/ti-cgt-arm_20.2.0.LTS/lib" -i"C:/ti/ccs1000/ccs/tools/compiler/ti-cgt-arm_20.2.0.LTS/include" --reread_libs --diag_wrap=off --display_error_number --warn_sections --xml_link_info="TivaBluetooth_linkInfo.xml" --rom_model -o "TivaBluetooth.out" "./tivaCbluetooth.obj" "./tm4c123gh6pm_startup_ccs.obj" "../driverlib.lib" "../tm4c123gh6pm.cmd"  -llibc.a 
<Linking>
Finished building target: "TivaBluetooth.out"
 

**** Build Finished ****

**** Build of configuration Debug for project TivaBluetooth ****

"C:\\ti\\ccs1000\\ccs\\utils\\bin\\gmake" -k all 
 
gmake: Nothing to be done for 'all'.

**** Build Finished ****

**** Clean-only build of configuration Debug for project Lab4 ****

"C:\\ti\\ccs1000\\ccs\\utils\\bin\\gmake" -k -j 12 clean -O 
 
DEL /F  "Lab4.hex"  "Lab4.out" 
DEL /F "tivaCbluetooth.obj" "tm4c123gh6pm_startup_ccs.obj" 
DEL /F "tivaCbluetooth.d" "tm4c123gh6pm_startup_ccs.d" 
Finished clean
 

**** Build Finished ****

**** Build of configuration Debug for project Lab4 ****

"C:\\ti\\ccs1000\\ccs\\utils\\bin\\gmake" -k -j 12 all -O 
 
Building file: "../tm4c123gh6pm_startup_ccs.c"
Invoking: ARM Compiler
"C:/ti/ccs1000/ccs/tools/compiler/ti-cgt-arm_20.2.0.LTS/bin/armcl" -mv7M4 --code_state=16 --float_support=FPv4SPD16 -me --include_path="C:/Users/KuldeepGohil/Desktop/CECS 447/Lab 4/Lab4" --include_path="C:/ti/ccs1000/ccs/tools/compiler/ti-cgt-arm_20.2.0.LTS/include" --define=ccs="ccs" --define=PART_TM4C123GH6PM -g --gcc --diag_warning=225 --diag_wrap=off --display_error_number --abi=eabi --preproc_with_compile --preproc_dependency="tm4c123gh6pm_startup_ccs.d_raw"  "../tm4c123gh6pm_startup_ccs.c"
Finished building: "../tm4c123gh6pm_startup_ccs.c"
 
Building file: "../tivaCbluetooth.c"
Invoking: ARM Compiler
"C:/ti/ccs1000/ccs/tools/compiler/ti-cgt-arm_20.2.0.LTS/bin/armcl" -mv7M4 --code_state=16 --float_support=FPv4SPD16 -me --include_path="C:/Users/KuldeepGohil/Desktop/CECS 447/Lab 4/Lab4" --include_path="C:/ti/ccs1000/ccs/tools/compiler/ti-cgt-arm_20.2.0.LTS/include" --define=ccs="ccs" --define=PART_TM4C123GH6PM -g --gcc --diag_warning=225 --diag_wrap=off --display_error_number --abi=eabi --preproc_with_compile --preproc_dependency="tivaCbluetooth.d_raw"  "../tivaCbluetooth.c"
Finished building: "../tivaCbluetooth.c"
 
Building target: "Lab4.out"
Invoking: ARM Linker
"C:/ti/ccs1000/ccs/tools/compiler/ti-cgt-arm_20.2.0.LTS/bin/armcl" -mv7M4 --code_state=16 --float_support=FPv4SPD16 -me --define=ccs="ccs" --define=PART_TM4C123GH6PM -g --gcc --diag_warning=225 --diag_wrap=off --display_error_number --abi=eabi -z -m"Lab4.map" --heap_size=0 --stack_size=512 -i"C:/ti/ccs1000/ccs/tools/compiler/ti-cgt-arm_20.2.0.LTS/lib" -i"C:/ti/ccs1000/ccs/tools/compiler/ti-cgt-arm_20.2.0.LTS/include" --reread_libs --diag_wrap=off --display_error_number --warn_sections --xml_link_info="Lab4_linkInfo.xml" --rom_model -o "Lab4.out" "./tivaCbluetooth.obj" "./tm4c123gh6pm_startup_ccs.obj" "../tm4c123gh6pm.cmd"  -llibc.a 
<Linking>
Finished building target: "Lab4.out"
 

**** Build Finished ****

**** Build of configuration Debug for project Lab4 ****

"C:\\ti\\ccs1000\\ccs\\utils\\bin\\gmake" -k -j 12 all -O 
 
gmake[1]: 'Lab4.out' is up to date.

**** Build Finished ****

**** Clean-only build of configuration Debug for project TivaBluetooth ****

"C:\\ti\\ccs1000\\ccs\\utils\\bin\\gmake" -k clean 
 
DEL /F  "TivaBluetooth.hex"  "TivaBluetooth.out" 
DEL /F "tivaCbluetooth.obj" "tm4c123gh6pm_startup_ccs.obj" 
DEL /F "tivaCbluetooth.d" "tm4c123gh6pm_startup_ccs.d" 
Finished clean
 

**** Build Finished ****

**** Build of configuration Debug for project TivaBluetooth ****

"C:\\ti\\ccs1000\\ccs\\utils\\bin\\gmake" -k all 
 
Building file: "../tivaCbluetooth.c"
Invoking: ARM Compiler
"C:/ti/ccs1000/ccs/tools/compiler/ti-cgt-arm_20.2.0.LTS/bin/armcl" -mv7M4 --code_state=16 --float_support=FPv4SPD16 -me --include_path="C:/ti/ccs1000/ccs/tools/compiler/ti-cgt-arm_20.2.0.LTS/include" --include_path="C:/ti/ccs1000/ccs/TivaWare_C_Series-2.1.4.178" --define=ccs="ccs" --define=PART_TM4C123GH6PM -g --gcc --diag_warning=225 --diag_wrap=off --display_error_number --abi=eabi --preproc_with_compile --preproc_dependency="tivaCbluetooth.d_raw"  "../tivaCbluetooth.c"
Finished building: "../tivaCbluetooth.c"
 
Building file: "../tm4c123gh6pm_startup_ccs.c"
Invoking: ARM Compiler
"C:/ti/ccs1000/ccs/tools/compiler/ti-cgt-arm_20.2.0.LTS/bin/armcl" -mv7M4 --code_state=16 --float_support=FPv4SPD16 -me --include_path="C:/ti/ccs1000/ccs/tools/compiler/ti-cgt-arm_20.2.0.LTS/include" --include_path="C:/ti/ccs1000/ccs/TivaWare_C_Series-2.1.4.178" --define=ccs="ccs" --define=PART_TM4C123GH6PM -g --gcc --diag_warning=225 --diag_wrap=off --display_error_number --abi=eabi --preproc_with_compile --preproc_dependency="tm4c123gh6pm_startup_ccs.d_raw"  "../tm4c123gh6pm_startup_ccs.c"
Finished building: "../tm4c123gh6pm_startup_ccs.c"
 
Building target: "TivaBluetooth.out"
Invoking: ARM Linker
"C:/ti/ccs1000/ccs/tools/compiler/ti-cgt-arm_20.2.0.LTS/bin/armcl" -mv7M4 --code_state=16 --float_support=FPv4SPD16 -me --define=ccs="ccs" --define=PART_TM4C123GH6PM -g --gcc --diag_warning=225 --diag_wrap=off --display_error_number --abi=eabi -z -m"TivaBluetooth.map" --heap_size=0 --stack_size=2048 -i"C:/ti/ccs1000/ccs/tools/compiler/ti-cgt-arm_20.2.0.LTS/lib" -i"C:/ti/ccs1000/ccs/tools/compiler/ti-cgt-arm_20.2.0.LTS/include" --reread_libs --diag_wrap=off --display_error_number --warn_sections --xml_link_info="TivaBluetooth_linkInfo.xml" --rom_model -o "TivaBluetooth.out" "./tivaCbluetooth.obj" "./tm4c123gh6pm_startup_ccs.obj" "../driverlib.lib" "../tm4c123gh6pm.cmd"  -llibc.a 
<Linking>
Finished building target: "TivaBluetooth.out"
 

**** Build Finished ****

**** Build of configuration Debug for project TivaBluetooth ****

"C:\\ti\\ccs1000\\ccs\\utils\\bin\\gmake" -k all 
 
gmake: Nothing to be done for 'all'.

**** Build Finished ****

**** Clean-only build of configuration Debug for project TivaBluetooth ****

"C:\\ti\\ccs1000\\ccs\\utils\\bin\\gmake" -k clean 
 
DEL /F  "TivaBluetooth.hex"  "TivaBluetooth.out" 
DEL /F "tivaCbluetooth.obj" "tm4c123gh6pm_startup_ccs.obj" 
DEL /F "tivaCbluetooth.d" "tm4c123gh6pm_startup_ccs.d" 
Finished clean
 

**** Build Finished ****

**** Build of configuration Debug for project TivaBluetooth ****

"C:\\ti\\ccs1000\\ccs\\utils\\bin\\gmake" -k all 
 
Building file: "../tivaCbluetooth.c"
Invoking: ARM Compiler
"C:/ti/ccs1000/ccs/tools/compiler/ti-cgt-arm_20.2.0.LTS/bin/armcl" -mv7M4 --code_state=16 --float_support=FPv4SPD16 -me --include_path="C:/ti/ccs1000/ccs/tools/compiler/ti-cgt-arm_20.2.0.LTS/include" --include_path="C:/ti/ccs1000/ccs/TivaWare_C_Series-2.1.4.178" --define=ccs="ccs" --define=PART_TM4C123GH6PM -g --gcc --diag_warning=225 --diag_wrap=off --display_error_number --abi=eabi --preproc_with_compile --preproc_dependency="tivaCbluetooth.d_raw"  "../tivaCbluetooth.c"
Finished building: "../tivaCbluetooth.c"
 
Building file: "../tm4c123gh6pm_startup_ccs.c"
Invoking: ARM Compiler
"C:/ti/ccs1000/ccs/tools/compiler/ti-cgt-arm_20.2.0.LTS/bin/armcl" -mv7M4 --code_state=16 --float_support=FPv4SPD16 -me --include_path="C:/ti/ccs1000/ccs/tools/compiler/ti-cgt-arm_20.2.0.LTS/include" --include_path="C:/ti/ccs1000/ccs/TivaWare_C_Series-2.1.4.178" --define=ccs="ccs" --define=PART_TM4C123GH6PM -g --gcc --diag_warning=225 --diag_wrap=off --display_error_number --abi=eabi --preproc_with_compile --preproc_dependency="tm4c123gh6pm_startup_ccs.d_raw"  "../tm4c123gh6pm_startup_ccs.c"
Finished building: "../tm4c123gh6pm_startup_ccs.c"
 
Building target: "TivaBluetooth.out"
Invoking: ARM Linker
"C:/ti/ccs1000/ccs/tools/compiler/ti-cgt-arm_20.2.0.LTS/bin/armcl" -mv7M4 --code_state=16 --float_support=FPv4SPD16 -me --define=ccs="ccs" --define=PART_TM4C123GH6PM -g --gcc --diag_warning=225 --diag_wrap=off --display_error_number --abi=eabi -z -m"TivaBluetooth.map" --heap_size=0 --stack_size=2048 -i"C:/ti/ccs1000/ccs/tools/compiler/ti-cgt-arm_20.2.0.LTS/lib" -i"C:/ti/ccs1000/ccs/tools/compiler/ti-cgt-arm_20.2.0.LTS/include" --reread_libs --diag_wrap=off --display_error_number --warn_sections --xml_link_info="TivaBluetooth_linkInfo.xml" --rom_model -o "TivaBluetooth.out" "./tivaCbluetooth.obj" "./tm4c123gh6pm_startup_ccs.obj" "../driverlib.lib" "../tm4c123gh6pm.cmd"  -llibc.a 
<Linking>
Finished building target: "TivaBluetooth.out"
 

**** Build Finished ****

**** Clean-only build of configuration Debug for project TivaBluetooth ****

"C:\\ti\\ccs1000\\ccs\\utils\\bin\\gmake" -k clean 
 
DEL /F  "TivaBluetooth.hex"  "TivaBluetooth.out" 
DEL /F "tivaCbluetooth.obj" "tm4c123gh6pm_startup_ccs.obj" 
DEL /F "tivaCbluetooth.d" "tm4c123gh6pm_startup_ccs.d" 
Finished clean
 

**** Build Finished ****

**** Build of configuration Debug for project TivaBluetooth ****

"C:\\ti\\ccs1000\\ccs\\utils\\bin\\gmake" -k all 
 
Building file: "../tivaCbluetooth.c"
Invoking: ARM Compiler
"C:/ti/ccs1000/ccs/tools/compiler/ti-cgt-arm_20.2.0.LTS/bin/armcl" -mv7M4 --code_state=16 --float_support=FPv4SPD16 -me --include_path="C:/ti/ccs1000/ccs/tools/compiler/ti-cgt-arm_20.2.0.LTS/include" --include_path="C:/ti/ccs1000/ccs/TivaWare_C_Series-2.1.4.178" --define=ccs="ccs" --define=PART_TM4C123GH6PM -g --gcc --diag_warning=225 --diag_wrap=off --display_error_number --abi=eabi --preproc_with_compile --preproc_dependency="tivaCbluetooth.d_raw"  "../tivaCbluetooth.c"
Finished building: "../tivaCbluetooth.c"
 
Building file: "../tm4c123gh6pm_startup_ccs.c"
Invoking: ARM Compiler
"C:/ti/ccs1000/ccs/tools/compiler/ti-cgt-arm_20.2.0.LTS/bin/armcl" -mv7M4 --code_state=16 --float_support=FPv4SPD16 -me --include_path="C:/ti/ccs1000/ccs/tools/compiler/ti-cgt-arm_20.2.0.LTS/include" --include_path="C:/ti/ccs1000/ccs/TivaWare_C_Series-2.1.4.178" --define=ccs="ccs" --define=PART_TM4C123GH6PM -g --gcc --diag_warning=225 --diag_wrap=off --display_error_number --abi=eabi --preproc_with_compile --preproc_dependency="tm4c123gh6pm_startup_ccs.d_raw"  "../tm4c123gh6pm_startup_ccs.c"
Finished building: "../tm4c123gh6pm_startup_ccs.c"
 
Building target: "TivaBluetooth.out"
Invoking: ARM Linker
"C:/ti/ccs1000/ccs/tools/compiler/ti-cgt-arm_20.2.0.LTS/bin/armcl" -mv7M4 --code_state=16 --float_support=FPv4SPD16 -me --define=ccs="ccs" --define=PART_TM4C123GH6PM -g --gcc --diag_warning=225 --diag_wrap=off --display_error_number --abi=eabi -z -m"TivaBluetooth.map" --heap_size=0 --stack_size=2048 -i"C:/ti/ccs1000/ccs/tools/compiler/ti-cgt-arm_20.2.0.LTS/lib" -i"C:/ti/ccs1000/ccs/tools/compiler/ti-cgt-arm_20.2.0.LTS/include" --reread_libs --diag_wrap=off --display_error_number --warn_sections --xml_link_info="TivaBluetooth_linkInfo.xml" --rom_model -o "TivaBluetooth.out" "./tivaCbluetooth.obj" "./tm4c123gh6pm_startup_ccs.obj" "../driverlib.lib" "../tm4c123gh6pm.cmd"  -llibc.a 
<Linking>
Finished building target: "TivaBluetooth.out"
 

**** Build Finished ****

**** Build of configuration Debug for project TivaBluetooth ****

"C:\\ti\\ccs1000\\ccs\\utils\\bin\\gmake" -k all 
 
gmake: Nothing to be done for 'all'.

**** Build Finished ****

**** Build of configuration Debug for project TivaBluetooth ****

"C:\\ti\\ccs1000\\ccs\\utils\\bin\\gmake" -k all 
 
gmake: Nothing to be done for 'all'.

**** Build Finished ****

**** Build of configuration Debug for project TivaBluetooth ****

"C:\\ti\\ccs1000\\ccs\\utils\\bin\\gmake" -k all 
 
gmake: Nothing to be done for 'all'.

**** Build Finished ****

**** Build of configuration Debug for project TivaBluetooth ****

"C:\\ti\\ccs1000\\ccs\\utils\\bin\\gmake" -k all 
 
gmake: Nothing to be done for 'all'.

**** Build Finished ****

**** Build of configuration Debug for project TivaBluetooth ****

"C:\\ti\\ccs1000\\ccs\\utils\\bin\\gmake" -k all 
 
gmake: Nothing to be done for 'all'.

**** Build Finished ****

**** Clean-only build of configuration Debug for project TivaBluetooth ****

"C:\\ti\\ccs1000\\ccs\\utils\\bin\\gmake" -k clean 
 
DEL /F  "TivaBluetooth.hex"  "TivaBluetooth.out" 
DEL /F "tivaCbluetooth.obj" "tm4c123gh6pm_startup_ccs.obj" 
DEL /F "tivaCbluetooth.d" "tm4c123gh6pm_startup_ccs.d" 
Finished clean
 

**** Build Finished ****

**** Build of configuration Debug for project TivaBluetooth ****

"C:\\ti\\ccs1000\\ccs\\utils\\bin\\gmake" -k all 
 
Building file: "../tivaCbluetooth.c"
Invoking: ARM Compiler
"C:/ti/ccs1000/ccs/tools/compiler/ti-cgt-arm_20.2.0.LTS/bin/armcl" -mv7M4 --code_state=16 --float_support=FPv4SPD16 -me --include_path="C:/ti/ccs1000/ccs/tools/compiler/ti-cgt-arm_20.2.0.LTS/include" --include_path="C:/ti/ccs1000/ccs/TivaWare_C_Series-2.1.4.178" --define=ccs="ccs" --define=PART_TM4C123GH6PM -g --gcc --diag_warning=225 --diag_wrap=off --display_error_number --abi=eabi --preproc_with_compile --preproc_dependency="tivaCbluetooth.d_raw"  "../tivaCbluetooth.c"
Finished building: "../tivaCbluetooth.c"
 
Building file: "../tm4c123gh6pm_startup_ccs.c"
Invoking: ARM Compiler
"C:/ti/ccs1000/ccs/tools/compiler/ti-cgt-arm_20.2.0.LTS/bin/armcl" -mv7M4 --code_state=16 --float_support=FPv4SPD16 -me --include_path="C:/ti/ccs1000/ccs/tools/compiler/ti-cgt-arm_20.2.0.LTS/include" --include_path="C:/ti/ccs1000/ccs/TivaWare_C_Series-2.1.4.178" --define=ccs="ccs" --define=PART_TM4C123GH6PM -g --gcc --diag_warning=225 --diag_wrap=off --display_error_number --abi=eabi --preproc_with_compile --preproc_dependency="tm4c123gh6pm_startup_ccs.d_raw"  "../tm4c123gh6pm_startup_ccs.c"
Finished building: "../tm4c123gh6pm_startup_ccs.c"
 
Building target: "TivaBluetooth.out"
Invoking: ARM Linker
"C:/ti/ccs1000/ccs/tools/compiler/ti-cgt-arm_20.2.0.LTS/bin/armcl" -mv7M4 --code_state=16 --float_support=FPv4SPD16 -me --define=ccs="ccs" --define=PART_TM4C123GH6PM -g --gcc --diag_warning=225 --diag_wrap=off --display_error_number --abi=eabi -z -m"TivaBluetooth.map" --heap_size=0 --stack_size=2048 -i"C:/ti/ccs1000/ccs/tools/compiler/ti-cgt-arm_20.2.0.LTS/lib" -i"C:/ti/ccs1000/ccs/tools/compiler/ti-cgt-arm_20.2.0.LTS/include" --reread_libs --diag_wrap=off --display_error_number --warn_sections --xml_link_info="TivaBluetooth_linkInfo.xml" --rom_model -o "TivaBluetooth.out" "./tivaCbluetooth.obj" "./tm4c123gh6pm_startup_ccs.obj" "../driverlib.lib" "../tm4c123gh6pm.cmd"  -llibc.a 
<Linking>
Finished building target: "TivaBluetooth.out"
 

**** Build Finished ****

**** Build of configuration Debug for project TivaBluetooth ****

"C:\\ti\\ccs1000\\ccs\\utils\\bin\\gmake" -k all 
 
gmake: Nothing to be done for 'all'.

**** Build Finished ****

**** Clean-only build of configuration Debug for project TivaBluetooth ****

"C:\\ti\\ccs1000\\ccs\\utils\\bin\\gmake" -k clean 
 
DEL /F  "TivaBluetooth.hex"  "TivaBluetooth.out" 
DEL /F "tivaCbluetooth.obj" "tm4c123gh6pm_startup_ccs.obj" 
DEL /F "tivaCbluetooth.d" "tm4c123gh6pm_startup_ccs.d" 
Finished clean
 

**** Build Finished ****

**** Build of configuration Debug for project TivaBluetooth ****

"C:\\ti\\ccs1000\\ccs\\utils\\bin\\gmake" -k all 
 
Building file: "../tivaCbluetooth.c"
Invoking: ARM Compiler
"C:/ti/ccs1000/ccs/tools/compiler/ti-cgt-arm_20.2.0.LTS/bin/armcl" -mv7M4 --code_state=16 --float_support=FPv4SPD16 -me --include_path="C:/ti/ccs1000/ccs/tools/compiler/ti-cgt-arm_20.2.0.LTS/include" --include_path="C:/ti/ccs1000/ccs/TivaWare_C_Series-2.1.4.178" --define=ccs="ccs" --define=PART_TM4C123GH6PM -g --gcc --diag_warning=225 --diag_wrap=off --display_error_number --abi=eabi --preproc_with_compile --preproc_dependency="tivaCbluetooth.d_raw"  "../tivaCbluetooth.c"
Finished building: "../tivaCbluetooth.c"
 
Building file: "../tm4c123gh6pm_startup_ccs.c"
Invoking: ARM Compiler
"C:/ti/ccs1000/ccs/tools/compiler/ti-cgt-arm_20.2.0.LTS/bin/armcl" -mv7M4 --code_state=16 --float_support=FPv4SPD16 -me --include_path="C:/ti/ccs1000/ccs/tools/compiler/ti-cgt-arm_20.2.0.LTS/include" --include_path="C:/ti/ccs1000/ccs/TivaWare_C_Series-2.1.4.178" --define=ccs="ccs" --define=PART_TM4C123GH6PM -g --gcc --diag_warning=225 --diag_wrap=off --display_error_number --abi=eabi --preproc_with_compile --preproc_dependency="tm4c123gh6pm_startup_ccs.d_raw"  "../tm4c123gh6pm_startup_ccs.c"
Finished building: "../tm4c123gh6pm_startup_ccs.c"
 
Building target: "TivaBluetooth.out"
Invoking: ARM Linker
"C:/ti/ccs1000/ccs/tools/compiler/ti-cgt-arm_20.2.0.LTS/bin/armcl" -mv7M4 --code_state=16 --float_support=FPv4SPD16 -me --define=ccs="ccs" --define=PART_TM4C123GH6PM -g --gcc --diag_warning=225 --diag_wrap=off --display_error_number --abi=eabi -z -m"TivaBluetooth.map" --heap_size=0 --stack_size=2048 -i"C:/ti/ccs1000/ccs/tools/compiler/ti-cgt-arm_20.2.0.LTS/lib" -i"C:/ti/ccs1000/ccs/tools/compiler/ti-cgt-arm_20.2.0.LTS/include" --reread_libs --diag_wrap=off --display_error_number --warn_sections --xml_link_info="TivaBluetooth_linkInfo.xml" --rom_model -o "TivaBluetooth.out" "./tivaCbluetooth.obj" "./tm4c123gh6pm_startup_ccs.obj" "../driverlib.lib" "../tm4c123gh6pm.cmd"  -llibc.a 
<Linking>
Finished building target: "TivaBluetooth.out"
 

**** Build Finished ****

**** Build of configuration Debug for project TivaBluetooth ****

"C:\\ti\\ccs1000\\ccs\\utils\\bin\\gmake" -k all 
 
gmake: Nothing to be done for 'all'.

**** Build Finished ****

**** Build of configuration Debug for project TivaBluetooth ****

"C:\\ti\\ccs1000\\ccs\\utils\\bin\\gmake" -k all 
 
gmake: Nothing to be done for 'all'.

**** Build Finished ****

**** Build of configuration Debug for project TivaBluetooth ****

"C:\\ti\\ccs1000\\ccs\\utils\\bin\\gmake" -k all 
 
gmake: Nothing to be done for 'all'.

**** Build Finished ****
