Running: C:\Xilinx\14.7\ISE_DS\ISE\bin\nt64\unwrapped\fuse.exe -intstyle ise -incremental -lib unisims_ver -lib unimacro_ver -lib xilinxcorelib_ver -lib secureip -o C:/Users/Kuldeep/Desktop/Lab 3/LAB3/EncDec_tb_isim_beh.exe -prj C:/Users/Kuldeep/Desktop/Lab 3/LAB3/EncDec_tb_beh.prj work.EncDec_tb work.glbl 
ISim P.20131013 (signature 0x7708f090)
Number of CPUs detected in this system: 4
Turning on mult-threading, number of parallel sub-compilation jobs: 8 
Determining compilation order of HDL files
Analyzing Verilog file "C:/Users/Kuldeep/Desktop/Lab 3/LAB3/Encoder.v" into library work
Analyzing Verilog file "C:/Users/Kuldeep/Desktop/Lab 3/LAB3/Decoder.v" into library work
Analyzing Verilog file "C:/Users/Kuldeep/Desktop/Lab 3/LAB3/EncDec.v" into library work
Analyzing Verilog file "C:/Users/Kuldeep/Desktop/Lab 3/LAB3/EncDec_tb.v" into library work
Analyzing Verilog file "C:/Xilinx/14.7/ISE_DS/ISE//verilog/src/glbl.v" into library work
Starting static elaboration
Completed static elaboration
Compiling module Encoder
Compiling module Decoder
Compiling module EncDec
Compiling module EncDec_tb
Compiling module glbl
Time Resolution for simulation is 1ps.
Waiting for 1 sub-compilation(s) to finish...
Compiled 5 Verilog Units
Built simulation executable C:/Users/Kuldeep/Desktop/Lab 3/LAB3/EncDec_tb_isim_beh.exe
Fuse Memory Usage: 27028 KB
Fuse CPU Usage: 576 ms
