
*** Running vivado
    with args -log DeterminantMicroBlaze_wrapper.vds -m64 -product Vivado -mode batch -messageDb vivado.pb -notrace -source DeterminantMicroBlaze_wrapper.tcl


****** Vivado v2018.3 (64-bit)
  **** SW Build 2405991 on Thu Dec  6 23:38:27 MST 2018
  **** IP Build 2404404 on Fri Dec  7 01:43:56 MST 2018
    ** Copyright 1986-2018 Xilinx, Inc. All Rights Reserved.

source DeterminantMicroBlaze_wrapper.tcl -notrace
INFO: [IP_Flow 19-234] Refreshing IP repositories
INFO: [IP_Flow 19-1704] No user IP repositories specified
INFO: [IP_Flow 19-2313] Loaded Vivado IP repository 'S:/Xilinx/Vivado/2018.3/data/ip'.
add_files: Time (s): cpu = 00:00:05 ; elapsed = 00:00:07 . Memory (MB): peak = 394.648 ; gain = 68.113
Command: synth_design -top DeterminantMicroBlaze_wrapper -part xc7a100tcsg324-1
Starting synth_design
Attempting to get a license for feature 'Synthesis' and/or device 'xc7a100t'
INFO: [Common 17-349] Got license for feature 'Synthesis' and/or device 'xc7a100t'
INFO: Launching helper process for spawning children vivado processes
INFO: Helper process launched with PID 11672 
---------------------------------------------------------------------------------
Starting RTL Elaboration : Time (s): cpu = 00:00:02 ; elapsed = 00:00:02 . Memory (MB): peak = 503.996 ; gain = 102.457
---------------------------------------------------------------------------------
INFO: [Synth 8-6157] synthesizing module 'DeterminantMicroBlaze_wrapper' [C:/Users/KuldeepGohil/Desktop/Spring2021/CECS 460/labs/VivadoProjects/lab6/lab6.srcs/sources_1/bd/DeterminantMicroBlaze/hdl/DeterminantMicroBlaze_wrapper.v:12]
INFO: [Synth 8-6157] synthesizing module 'DeterminantMicroBlaze' [C:/Users/KuldeepGohil/Desktop/Spring2021/CECS 460/labs/VivadoProjects/lab6/lab6.srcs/sources_1/bd/DeterminantMicroBlaze/synth/DeterminantMicroBlaze.v:13]
INFO: [Synth 8-6157] synthesizing module 'DeterminantMicroBlaze_DeterminantTopModule_0_0' [C:/Users/KuldeepGohil/Desktop/Spring2021/CECS 460/labs/VivadoProjects/lab6/lab6.runs/synth_1/.Xil/Vivado-18692-DESKTOP-JSL1OMH/realtime/DeterminantMicroBlaze_DeterminantTopModule_0_0_stub.v:6]
INFO: [Synth 8-6155] done synthesizing module 'DeterminantMicroBlaze_DeterminantTopModule_0_0' (1#1) [C:/Users/KuldeepGohil/Desktop/Spring2021/CECS 460/labs/VivadoProjects/lab6/lab6.runs/synth_1/.Xil/Vivado-18692-DESKTOP-JSL1OMH/realtime/DeterminantMicroBlaze_DeterminantTopModule_0_0_stub.v:6]
INFO: [Synth 8-6157] synthesizing module 'DeterminantMicroBlaze_axi_gpio_0_0' [C:/Users/KuldeepGohil/Desktop/Spring2021/CECS 460/labs/VivadoProjects/lab6/lab6.runs/synth_1/.Xil/Vivado-18692-DESKTOP-JSL1OMH/realtime/DeterminantMicroBlaze_axi_gpio_0_0_stub.v:6]
INFO: [Synth 8-6155] done synthesizing module 'DeterminantMicroBlaze_axi_gpio_0_0' (2#1) [C:/Users/KuldeepGohil/Desktop/Spring2021/CECS 460/labs/VivadoProjects/lab6/lab6.runs/synth_1/.Xil/Vivado-18692-DESKTOP-JSL1OMH/realtime/DeterminantMicroBlaze_axi_gpio_0_0_stub.v:6]
INFO: [Synth 8-6157] synthesizing module 'DeterminantMicroBlaze_axi_gpio_1_0' [C:/Users/KuldeepGohil/Desktop/Spring2021/CECS 460/labs/VivadoProjects/lab6/lab6.runs/synth_1/.Xil/Vivado-18692-DESKTOP-JSL1OMH/realtime/DeterminantMicroBlaze_axi_gpio_1_0_stub.v:6]
INFO: [Synth 8-6155] done synthesizing module 'DeterminantMicroBlaze_axi_gpio_1_0' (3#1) [C:/Users/KuldeepGohil/Desktop/Spring2021/CECS 460/labs/VivadoProjects/lab6/lab6.runs/synth_1/.Xil/Vivado-18692-DESKTOP-JSL1OMH/realtime/DeterminantMicroBlaze_axi_gpio_1_0_stub.v:6]
INFO: [Synth 8-6157] synthesizing module 'DeterminantMicroBlaze_axi_gpio_2_0' [C:/Users/KuldeepGohil/Desktop/Spring2021/CECS 460/labs/VivadoProjects/lab6/lab6.runs/synth_1/.Xil/Vivado-18692-DESKTOP-JSL1OMH/realtime/DeterminantMicroBlaze_axi_gpio_2_0_stub.v:6]
INFO: [Synth 8-6155] done synthesizing module 'DeterminantMicroBlaze_axi_gpio_2_0' (4#1) [C:/Users/KuldeepGohil/Desktop/Spring2021/CECS 460/labs/VivadoProjects/lab6/lab6.runs/synth_1/.Xil/Vivado-18692-DESKTOP-JSL1OMH/realtime/DeterminantMicroBlaze_axi_gpio_2_0_stub.v:6]
INFO: [Synth 8-6157] synthesizing module 'DeterminantMicroBlaze_axi_gpio_3_0' [C:/Users/KuldeepGohil/Desktop/Spring2021/CECS 460/labs/VivadoProjects/lab6/lab6.runs/synth_1/.Xil/Vivado-18692-DESKTOP-JSL1OMH/realtime/DeterminantMicroBlaze_axi_gpio_3_0_stub.v:6]
INFO: [Synth 8-6155] done synthesizing module 'DeterminantMicroBlaze_axi_gpio_3_0' (5#1) [C:/Users/KuldeepGohil/Desktop/Spring2021/CECS 460/labs/VivadoProjects/lab6/lab6.runs/synth_1/.Xil/Vivado-18692-DESKTOP-JSL1OMH/realtime/DeterminantMicroBlaze_axi_gpio_3_0_stub.v:6]
INFO: [Synth 8-6157] synthesizing module 'DeterminantMicroBlaze_axi_gpio_3_1' [C:/Users/KuldeepGohil/Desktop/Spring2021/CECS 460/labs/VivadoProjects/lab6/lab6.runs/synth_1/.Xil/Vivado-18692-DESKTOP-JSL1OMH/realtime/DeterminantMicroBlaze_axi_gpio_3_1_stub.v:6]
INFO: [Synth 8-6155] done synthesizing module 'DeterminantMicroBlaze_axi_gpio_3_1' (6#1) [C:/Users/KuldeepGohil/Desktop/Spring2021/CECS 460/labs/VivadoProjects/lab6/lab6.runs/synth_1/.Xil/Vivado-18692-DESKTOP-JSL1OMH/realtime/DeterminantMicroBlaze_axi_gpio_3_1_stub.v:6]
INFO: [Synth 8-6157] synthesizing module 'DeterminantMicroBlaze_axi_gpio_3_2' [C:/Users/KuldeepGohil/Desktop/Spring2021/CECS 460/labs/VivadoProjects/lab6/lab6.runs/synth_1/.Xil/Vivado-18692-DESKTOP-JSL1OMH/realtime/DeterminantMicroBlaze_axi_gpio_3_2_stub.v:6]
INFO: [Synth 8-6155] done synthesizing module 'DeterminantMicroBlaze_axi_gpio_3_2' (7#1) [C:/Users/KuldeepGohil/Desktop/Spring2021/CECS 460/labs/VivadoProjects/lab6/lab6.runs/synth_1/.Xil/Vivado-18692-DESKTOP-JSL1OMH/realtime/DeterminantMicroBlaze_axi_gpio_3_2_stub.v:6]
INFO: [Synth 8-6157] synthesizing module 'DeterminantMicroBlaze_axi_gpio_3_3' [C:/Users/KuldeepGohil/Desktop/Spring2021/CECS 460/labs/VivadoProjects/lab6/lab6.runs/synth_1/.Xil/Vivado-18692-DESKTOP-JSL1OMH/realtime/DeterminantMicroBlaze_axi_gpio_3_3_stub.v:6]
INFO: [Synth 8-6155] done synthesizing module 'DeterminantMicroBlaze_axi_gpio_3_3' (8#1) [C:/Users/KuldeepGohil/Desktop/Spring2021/CECS 460/labs/VivadoProjects/lab6/lab6.runs/synth_1/.Xil/Vivado-18692-DESKTOP-JSL1OMH/realtime/DeterminantMicroBlaze_axi_gpio_3_3_stub.v:6]
INFO: [Synth 8-6157] synthesizing module 'DeterminantMicroBlaze_axi_gpio_3_4' [C:/Users/KuldeepGohil/Desktop/Spring2021/CECS 460/labs/VivadoProjects/lab6/lab6.runs/synth_1/.Xil/Vivado-18692-DESKTOP-JSL1OMH/realtime/DeterminantMicroBlaze_axi_gpio_3_4_stub.v:6]
INFO: [Synth 8-6155] done synthesizing module 'DeterminantMicroBlaze_axi_gpio_3_4' (9#1) [C:/Users/KuldeepGohil/Desktop/Spring2021/CECS 460/labs/VivadoProjects/lab6/lab6.runs/synth_1/.Xil/Vivado-18692-DESKTOP-JSL1OMH/realtime/DeterminantMicroBlaze_axi_gpio_3_4_stub.v:6]
INFO: [Synth 8-6157] synthesizing module 'DeterminantMicroBlaze_axi_gpio_3_5' [C:/Users/KuldeepGohil/Desktop/Spring2021/CECS 460/labs/VivadoProjects/lab6/lab6.runs/synth_1/.Xil/Vivado-18692-DESKTOP-JSL1OMH/realtime/DeterminantMicroBlaze_axi_gpio_3_5_stub.v:6]
INFO: [Synth 8-6155] done synthesizing module 'DeterminantMicroBlaze_axi_gpio_3_5' (10#1) [C:/Users/KuldeepGohil/Desktop/Spring2021/CECS 460/labs/VivadoProjects/lab6/lab6.runs/synth_1/.Xil/Vivado-18692-DESKTOP-JSL1OMH/realtime/DeterminantMicroBlaze_axi_gpio_3_5_stub.v:6]
INFO: [Synth 8-6157] synthesizing module 'DeterminantMicroBlaze_axi_gpio_3_6' [C:/Users/KuldeepGohil/Desktop/Spring2021/CECS 460/labs/VivadoProjects/lab6/lab6.runs/synth_1/.Xil/Vivado-18692-DESKTOP-JSL1OMH/realtime/DeterminantMicroBlaze_axi_gpio_3_6_stub.v:6]
INFO: [Synth 8-6155] done synthesizing module 'DeterminantMicroBlaze_axi_gpio_3_6' (11#1) [C:/Users/KuldeepGohil/Desktop/Spring2021/CECS 460/labs/VivadoProjects/lab6/lab6.runs/synth_1/.Xil/Vivado-18692-DESKTOP-JSL1OMH/realtime/DeterminantMicroBlaze_axi_gpio_3_6_stub.v:6]
INFO: [Synth 8-6157] synthesizing module 'DeterminantMicroBlaze_axi_uartlite_0_0' [C:/Users/KuldeepGohil/Desktop/Spring2021/CECS 460/labs/VivadoProjects/lab6/lab6.runs/synth_1/.Xil/Vivado-18692-DESKTOP-JSL1OMH/realtime/DeterminantMicroBlaze_axi_uartlite_0_0_stub.v:6]
INFO: [Synth 8-6155] done synthesizing module 'DeterminantMicroBlaze_axi_uartlite_0_0' (12#1) [C:/Users/KuldeepGohil/Desktop/Spring2021/CECS 460/labs/VivadoProjects/lab6/lab6.runs/synth_1/.Xil/Vivado-18692-DESKTOP-JSL1OMH/realtime/DeterminantMicroBlaze_axi_uartlite_0_0_stub.v:6]
WARNING: [Synth 8-350] instance 'axi_uartlite_0' of module 'DeterminantMicroBlaze_axi_uartlite_0_0' requires 22 connections, but only 21 given [C:/Users/KuldeepGohil/Desktop/Spring2021/CECS 460/labs/VivadoProjects/lab6/lab6.srcs/sources_1/bd/DeterminantMicroBlaze/synth/DeterminantMicroBlaze.v:516]
INFO: [Synth 8-6157] synthesizing module 'DeterminantMicroBlaze_clk_wiz_0_0' [C:/Users/KuldeepGohil/Desktop/Spring2021/CECS 460/labs/VivadoProjects/lab6/lab6.runs/synth_1/.Xil/Vivado-18692-DESKTOP-JSL1OMH/realtime/DeterminantMicroBlaze_clk_wiz_0_0_stub.v:5]
INFO: [Synth 8-6155] done synthesizing module 'DeterminantMicroBlaze_clk_wiz_0_0' (13#1) [C:/Users/KuldeepGohil/Desktop/Spring2021/CECS 460/labs/VivadoProjects/lab6/lab6.runs/synth_1/.Xil/Vivado-18692-DESKTOP-JSL1OMH/realtime/DeterminantMicroBlaze_clk_wiz_0_0_stub.v:5]
INFO: [Synth 8-6157] synthesizing module 'DeterminantMicroBlaze_mdm_1_0' [C:/Users/KuldeepGohil/Desktop/Spring2021/CECS 460/labs/VivadoProjects/lab6/lab6.runs/synth_1/.Xil/Vivado-18692-DESKTOP-JSL1OMH/realtime/DeterminantMicroBlaze_mdm_1_0_stub.v:6]
INFO: [Synth 8-6155] done synthesizing module 'DeterminantMicroBlaze_mdm_1_0' (14#1) [C:/Users/KuldeepGohil/Desktop/Spring2021/CECS 460/labs/VivadoProjects/lab6/lab6.runs/synth_1/.Xil/Vivado-18692-DESKTOP-JSL1OMH/realtime/DeterminantMicroBlaze_mdm_1_0_stub.v:6]
INFO: [Synth 8-6157] synthesizing module 'DeterminantMicroBlaze_microblaze_0_0' [C:/Users/KuldeepGohil/Desktop/Spring2021/CECS 460/labs/VivadoProjects/lab6/lab6.runs/synth_1/.Xil/Vivado-18692-DESKTOP-JSL1OMH/realtime/DeterminantMicroBlaze_microblaze_0_0_stub.v:6]
INFO: [Synth 8-6155] done synthesizing module 'DeterminantMicroBlaze_microblaze_0_0' (15#1) [C:/Users/KuldeepGohil/Desktop/Spring2021/CECS 460/labs/VivadoProjects/lab6/lab6.runs/synth_1/.Xil/Vivado-18692-DESKTOP-JSL1OMH/realtime/DeterminantMicroBlaze_microblaze_0_0_stub.v:6]
WARNING: [Synth 8-350] instance 'microblaze_0' of module 'DeterminantMicroBlaze_microblaze_0_0' requires 52 connections, but only 51 given [C:/Users/KuldeepGohil/Desktop/Spring2021/CECS 460/labs/VivadoProjects/lab6/lab6.srcs/sources_1/bd/DeterminantMicroBlaze/synth/DeterminantMicroBlaze.v:556]
INFO: [Synth 8-6157] synthesizing module 'DeterminantMicroBlaze_microblaze_0_axi_periph_0' [C:/Users/KuldeepGohil/Desktop/Spring2021/CECS 460/labs/VivadoProjects/lab6/lab6.srcs/sources_1/bd/DeterminantMicroBlaze/synth/DeterminantMicroBlaze.v:877]
INFO: [Synth 8-6157] synthesizing module 'm00_couplers_imp_MA2ZC7' [C:/Users/KuldeepGohil/Desktop/Spring2021/CECS 460/labs/VivadoProjects/lab6/lab6.srcs/sources_1/bd/DeterminantMicroBlaze/synth/DeterminantMicroBlaze.v:2479]
INFO: [Synth 8-6155] done synthesizing module 'm00_couplers_imp_MA2ZC7' (16#1) [C:/Users/KuldeepGohil/Desktop/Spring2021/CECS 460/labs/VivadoProjects/lab6/lab6.srcs/sources_1/bd/DeterminantMicroBlaze/synth/DeterminantMicroBlaze.v:2479]
INFO: [Synth 8-6157] synthesizing module 'm01_couplers_imp_Q9MLYU' [C:/Users/KuldeepGohil/Desktop/Spring2021/CECS 460/labs/VivadoProjects/lab6/lab6.srcs/sources_1/bd/DeterminantMicroBlaze/synth/DeterminantMicroBlaze.v:2611]
INFO: [Synth 8-6155] done synthesizing module 'm01_couplers_imp_Q9MLYU' (17#1) [C:/Users/KuldeepGohil/Desktop/Spring2021/CECS 460/labs/VivadoProjects/lab6/lab6.srcs/sources_1/bd/DeterminantMicroBlaze/synth/DeterminantMicroBlaze.v:2611]
INFO: [Synth 8-6157] synthesizing module 'm02_couplers_imp_LI96TH' [C:/Users/KuldeepGohil/Desktop/Spring2021/CECS 460/labs/VivadoProjects/lab6/lab6.srcs/sources_1/bd/DeterminantMicroBlaze/synth/DeterminantMicroBlaze.v:2743]
INFO: [Synth 8-6155] done synthesizing module 'm02_couplers_imp_LI96TH' (18#1) [C:/Users/KuldeepGohil/Desktop/Spring2021/CECS 460/labs/VivadoProjects/lab6/lab6.srcs/sources_1/bd/DeterminantMicroBlaze/synth/DeterminantMicroBlaze.v:2743]
INFO: [Synth 8-6157] synthesizing module 'm03_couplers_imp_IP69SK' [C:/Users/KuldeepGohil/Desktop/Spring2021/CECS 460/labs/VivadoProjects/lab6/lab6.srcs/sources_1/bd/DeterminantMicroBlaze/synth/DeterminantMicroBlaze.v:2875]
INFO: [Synth 8-6155] done synthesizing module 'm03_couplers_imp_IP69SK' (19#1) [C:/Users/KuldeepGohil/Desktop/Spring2021/CECS 460/labs/VivadoProjects/lab6/lab6.srcs/sources_1/bd/DeterminantMicroBlaze/synth/DeterminantMicroBlaze.v:2875]
INFO: [Synth 8-6157] synthesizing module 'm04_couplers_imp_TX14IR' [C:/Users/KuldeepGohil/Desktop/Spring2021/CECS 460/labs/VivadoProjects/lab6/lab6.srcs/sources_1/bd/DeterminantMicroBlaze/synth/DeterminantMicroBlaze.v:3007]
INFO: [Synth 8-6155] done synthesizing module 'm04_couplers_imp_TX14IR' (20#1) [C:/Users/KuldeepGohil/Desktop/Spring2021/CECS 460/labs/VivadoProjects/lab6/lab6.srcs/sources_1/bd/DeterminantMicroBlaze/synth/DeterminantMicroBlaze.v:3007]
INFO: [Synth 8-6157] synthesizing module 'm05_couplers_imp_S2X59U' [C:/Users/KuldeepGohil/Desktop/Spring2021/CECS 460/labs/VivadoProjects/lab6/lab6.srcs/sources_1/bd/DeterminantMicroBlaze/synth/DeterminantMicroBlaze.v:3139]
INFO: [Synth 8-6155] done synthesizing module 'm05_couplers_imp_S2X59U' (21#1) [C:/Users/KuldeepGohil/Desktop/Spring2021/CECS 460/labs/VivadoProjects/lab6/lab6.srcs/sources_1/bd/DeterminantMicroBlaze/synth/DeterminantMicroBlaze.v:3139]
INFO: [Synth 8-6157] synthesizing module 'm06_couplers_imp_WRSR5T' [C:/Users/KuldeepGohil/Desktop/Spring2021/CECS 460/labs/VivadoProjects/lab6/lab6.srcs/sources_1/bd/DeterminantMicroBlaze/synth/DeterminantMicroBlaze.v:3271]
INFO: [Synth 8-6155] done synthesizing module 'm06_couplers_imp_WRSR5T' (22#1) [C:/Users/KuldeepGohil/Desktop/Spring2021/CECS 460/labs/VivadoProjects/lab6/lab6.srcs/sources_1/bd/DeterminantMicroBlaze/synth/DeterminantMicroBlaze.v:3271]
INFO: [Synth 8-6157] synthesizing module 'm07_couplers_imp_XKFZV4' [C:/Users/KuldeepGohil/Desktop/Spring2021/CECS 460/labs/VivadoProjects/lab6/lab6.srcs/sources_1/bd/DeterminantMicroBlaze/synth/DeterminantMicroBlaze.v:3403]
INFO: [Synth 8-6155] done synthesizing module 'm07_couplers_imp_XKFZV4' (23#1) [C:/Users/KuldeepGohil/Desktop/Spring2021/CECS 460/labs/VivadoProjects/lab6/lab6.srcs/sources_1/bd/DeterminantMicroBlaze/synth/DeterminantMicroBlaze.v:3403]
INFO: [Synth 8-6157] synthesizing module 'm08_couplers_imp_AY2SQ7' [C:/Users/KuldeepGohil/Desktop/Spring2021/CECS 460/labs/VivadoProjects/lab6/lab6.srcs/sources_1/bd/DeterminantMicroBlaze/synth/DeterminantMicroBlaze.v:3535]
INFO: [Synth 8-6155] done synthesizing module 'm08_couplers_imp_AY2SQ7' (24#1) [C:/Users/KuldeepGohil/Desktop/Spring2021/CECS 460/labs/VivadoProjects/lab6/lab6.srcs/sources_1/bd/DeterminantMicroBlaze/synth/DeterminantMicroBlaze.v:3535]
INFO: [Synth 8-6157] synthesizing module 'm09_couplers_imp_BJBI2M' [C:/Users/KuldeepGohil/Desktop/Spring2021/CECS 460/labs/VivadoProjects/lab6/lab6.srcs/sources_1/bd/DeterminantMicroBlaze/synth/DeterminantMicroBlaze.v:3667]
INFO: [Synth 8-6155] done synthesizing module 'm09_couplers_imp_BJBI2M' (25#1) [C:/Users/KuldeepGohil/Desktop/Spring2021/CECS 460/labs/VivadoProjects/lab6/lab6.srcs/sources_1/bd/DeterminantMicroBlaze/synth/DeterminantMicroBlaze.v:3667]
INFO: [Synth 8-6157] synthesizing module 'm10_couplers_imp_18U2219' [C:/Users/KuldeepGohil/Desktop/Spring2021/CECS 460/labs/VivadoProjects/lab6/lab6.srcs/sources_1/bd/DeterminantMicroBlaze/synth/DeterminantMicroBlaze.v:3799]
INFO: [Synth 8-6155] done synthesizing module 'm10_couplers_imp_18U2219' (26#1) [C:/Users/KuldeepGohil/Desktop/Spring2021/CECS 460/labs/VivadoProjects/lab6/lab6.srcs/sources_1/bd/DeterminantMicroBlaze/synth/DeterminantMicroBlaze.v:3799]
INFO: [Synth 8-6157] synthesizing module 's00_couplers_imp_N42ZOM' [C:/Users/KuldeepGohil/Desktop/Spring2021/CECS 460/labs/VivadoProjects/lab6/lab6.srcs/sources_1/bd/DeterminantMicroBlaze/synth/DeterminantMicroBlaze.v:4165]
INFO: [Synth 8-6155] done synthesizing module 's00_couplers_imp_N42ZOM' (27#1) [C:/Users/KuldeepGohil/Desktop/Spring2021/CECS 460/labs/VivadoProjects/lab6/lab6.srcs/sources_1/bd/DeterminantMicroBlaze/synth/DeterminantMicroBlaze.v:4165]
INFO: [Synth 8-6157] synthesizing module 'DeterminantMicroBlaze_xbar_0' [C:/Users/KuldeepGohil/Desktop/Spring2021/CECS 460/labs/VivadoProjects/lab6/lab6.runs/synth_1/.Xil/Vivado-18692-DESKTOP-JSL1OMH/realtime/DeterminantMicroBlaze_xbar_0_stub.v:6]
INFO: [Synth 8-6155] done synthesizing module 'DeterminantMicroBlaze_xbar_0' (28#1) [C:/Users/KuldeepGohil/Desktop/Spring2021/CECS 460/labs/VivadoProjects/lab6/lab6.runs/synth_1/.Xil/Vivado-18692-DESKTOP-JSL1OMH/realtime/DeterminantMicroBlaze_xbar_0_stub.v:6]
WARNING: [Synth 8-350] instance 'xbar' of module 'DeterminantMicroBlaze_xbar_0' requires 40 connections, but only 38 given [C:/Users/KuldeepGohil/Desktop/Spring2021/CECS 460/labs/VivadoProjects/lab6/lab6.srcs/sources_1/bd/DeterminantMicroBlaze/synth/DeterminantMicroBlaze.v:2438]
INFO: [Synth 8-6155] done synthesizing module 'DeterminantMicroBlaze_microblaze_0_axi_periph_0' (29#1) [C:/Users/KuldeepGohil/Desktop/Spring2021/CECS 460/labs/VivadoProjects/lab6/lab6.srcs/sources_1/bd/DeterminantMicroBlaze/synth/DeterminantMicroBlaze.v:877]
INFO: [Synth 8-6157] synthesizing module 'microblaze_0_local_memory_imp_5CYS9E' [C:/Users/KuldeepGohil/Desktop/Spring2021/CECS 460/labs/VivadoProjects/lab6/lab6.srcs/sources_1/bd/DeterminantMicroBlaze/synth/DeterminantMicroBlaze.v:3931]
INFO: [Synth 8-6157] synthesizing module 'DeterminantMicroBlaze_dlmb_bram_if_cntlr_0' [C:/Users/KuldeepGohil/Desktop/Spring2021/CECS 460/labs/VivadoProjects/lab6/lab6.runs/synth_1/.Xil/Vivado-18692-DESKTOP-JSL1OMH/realtime/DeterminantMicroBlaze_dlmb_bram_if_cntlr_0_stub.v:6]
INFO: [Synth 8-6155] done synthesizing module 'DeterminantMicroBlaze_dlmb_bram_if_cntlr_0' (30#1) [C:/Users/KuldeepGohil/Desktop/Spring2021/CECS 460/labs/VivadoProjects/lab6/lab6.runs/synth_1/.Xil/Vivado-18692-DESKTOP-JSL1OMH/realtime/DeterminantMicroBlaze_dlmb_bram_if_cntlr_0_stub.v:6]
INFO: [Synth 8-6157] synthesizing module 'DeterminantMicroBlaze_dlmb_v10_0' [C:/Users/KuldeepGohil/Desktop/Spring2021/CECS 460/labs/VivadoProjects/lab6/lab6.runs/synth_1/.Xil/Vivado-18692-DESKTOP-JSL1OMH/realtime/DeterminantMicroBlaze_dlmb_v10_0_stub.v:6]
INFO: [Synth 8-6155] done synthesizing module 'DeterminantMicroBlaze_dlmb_v10_0' (31#1) [C:/Users/KuldeepGohil/Desktop/Spring2021/CECS 460/labs/VivadoProjects/lab6/lab6.runs/synth_1/.Xil/Vivado-18692-DESKTOP-JSL1OMH/realtime/DeterminantMicroBlaze_dlmb_v10_0_stub.v:6]
WARNING: [Synth 8-350] instance 'dlmb_v10' of module 'DeterminantMicroBlaze_dlmb_v10_0' requires 25 connections, but only 24 given [C:/Users/KuldeepGohil/Desktop/Spring2021/CECS 460/labs/VivadoProjects/lab6/lab6.srcs/sources_1/bd/DeterminantMicroBlaze/synth/DeterminantMicroBlaze.v:4077]
INFO: [Synth 8-6157] synthesizing module 'DeterminantMicroBlaze_ilmb_bram_if_cntlr_0' [C:/Users/KuldeepGohil/Desktop/Spring2021/CECS 460/labs/VivadoProjects/lab6/lab6.runs/synth_1/.Xil/Vivado-18692-DESKTOP-JSL1OMH/realtime/DeterminantMicroBlaze_ilmb_bram_if_cntlr_0_stub.v:6]
INFO: [Synth 8-6155] done synthesizing module 'DeterminantMicroBlaze_ilmb_bram_if_cntlr_0' (32#1) [C:/Users/KuldeepGohil/Desktop/Spring2021/CECS 460/labs/VivadoProjects/lab6/lab6.runs/synth_1/.Xil/Vivado-18692-DESKTOP-JSL1OMH/realtime/DeterminantMicroBlaze_ilmb_bram_if_cntlr_0_stub.v:6]
INFO: [Synth 8-6157] synthesizing module 'DeterminantMicroBlaze_ilmb_v10_0' [C:/Users/KuldeepGohil/Desktop/Spring2021/CECS 460/labs/VivadoProjects/lab6/lab6.runs/synth_1/.Xil/Vivado-18692-DESKTOP-JSL1OMH/realtime/DeterminantMicroBlaze_ilmb_v10_0_stub.v:6]
INFO: [Synth 8-6155] done synthesizing module 'DeterminantMicroBlaze_ilmb_v10_0' (33#1) [C:/Users/KuldeepGohil/Desktop/Spring2021/CECS 460/labs/VivadoProjects/lab6/lab6.runs/synth_1/.Xil/Vivado-18692-DESKTOP-JSL1OMH/realtime/DeterminantMicroBlaze_ilmb_v10_0_stub.v:6]
WARNING: [Synth 8-350] instance 'ilmb_v10' of module 'DeterminantMicroBlaze_ilmb_v10_0' requires 25 connections, but only 24 given [C:/Users/KuldeepGohil/Desktop/Spring2021/CECS 460/labs/VivadoProjects/lab6/lab6.srcs/sources_1/bd/DeterminantMicroBlaze/synth/DeterminantMicroBlaze.v:4123]
INFO: [Synth 8-6157] synthesizing module 'DeterminantMicroBlaze_lmb_bram_0' [C:/Users/KuldeepGohil/Desktop/Spring2021/CECS 460/labs/VivadoProjects/lab6/lab6.runs/synth_1/.Xil/Vivado-18692-DESKTOP-JSL1OMH/realtime/DeterminantMicroBlaze_lmb_bram_0_stub.v:6]
INFO: [Synth 8-6155] done synthesizing module 'DeterminantMicroBlaze_lmb_bram_0' (34#1) [C:/Users/KuldeepGohil/Desktop/Spring2021/CECS 460/labs/VivadoProjects/lab6/lab6.runs/synth_1/.Xil/Vivado-18692-DESKTOP-JSL1OMH/realtime/DeterminantMicroBlaze_lmb_bram_0_stub.v:6]
WARNING: [Synth 8-350] instance 'lmb_bram' of module 'DeterminantMicroBlaze_lmb_bram_0' requires 16 connections, but only 14 given [C:/Users/KuldeepGohil/Desktop/Spring2021/CECS 460/labs/VivadoProjects/lab6/lab6.srcs/sources_1/bd/DeterminantMicroBlaze/synth/DeterminantMicroBlaze.v:4148]
INFO: [Synth 8-6155] done synthesizing module 'microblaze_0_local_memory_imp_5CYS9E' (35#1) [C:/Users/KuldeepGohil/Desktop/Spring2021/CECS 460/labs/VivadoProjects/lab6/lab6.srcs/sources_1/bd/DeterminantMicroBlaze/synth/DeterminantMicroBlaze.v:3931]
INFO: [Synth 8-6157] synthesizing module 'DeterminantMicroBlaze_rst_clk_wiz_0_100M_0' [C:/Users/KuldeepGohil/Desktop/Spring2021/CECS 460/labs/VivadoProjects/lab6/lab6.runs/synth_1/.Xil/Vivado-18692-DESKTOP-JSL1OMH/realtime/DeterminantMicroBlaze_rst_clk_wiz_0_100M_0_stub.v:6]
INFO: [Synth 8-6155] done synthesizing module 'DeterminantMicroBlaze_rst_clk_wiz_0_100M_0' (36#1) [C:/Users/KuldeepGohil/Desktop/Spring2021/CECS 460/labs/VivadoProjects/lab6/lab6.runs/synth_1/.Xil/Vivado-18692-DESKTOP-JSL1OMH/realtime/DeterminantMicroBlaze_rst_clk_wiz_0_100M_0_stub.v:6]
WARNING: [Synth 8-350] instance 'rst_clk_wiz_0_100M' of module 'DeterminantMicroBlaze_rst_clk_wiz_0_100M_0' requires 10 connections, but only 8 given [C:/Users/KuldeepGohil/Desktop/Spring2021/CECS 460/labs/VivadoProjects/lab6/lab6.srcs/sources_1/bd/DeterminantMicroBlaze/synth/DeterminantMicroBlaze.v:863]
INFO: [Synth 8-6157] synthesizing module 'DeterminantMicroBlaze_util_vector_logic_0_0' [C:/Users/KuldeepGohil/Desktop/Spring2021/CECS 460/labs/VivadoProjects/lab6/lab6.runs/synth_1/.Xil/Vivado-18692-DESKTOP-JSL1OMH/realtime/DeterminantMicroBlaze_util_vector_logic_0_0_stub.v:6]
INFO: [Synth 8-6155] done synthesizing module 'DeterminantMicroBlaze_util_vector_logic_0_0' (37#1) [C:/Users/KuldeepGohil/Desktop/Spring2021/CECS 460/labs/VivadoProjects/lab6/lab6.runs/synth_1/.Xil/Vivado-18692-DESKTOP-JSL1OMH/realtime/DeterminantMicroBlaze_util_vector_logic_0_0_stub.v:6]
INFO: [Synth 8-6155] done synthesizing module 'DeterminantMicroBlaze' (38#1) [C:/Users/KuldeepGohil/Desktop/Spring2021/CECS 460/labs/VivadoProjects/lab6/lab6.srcs/sources_1/bd/DeterminantMicroBlaze/synth/DeterminantMicroBlaze.v:13]
INFO: [Synth 8-6155] done synthesizing module 'DeterminantMicroBlaze_wrapper' (39#1) [C:/Users/KuldeepGohil/Desktop/Spring2021/CECS 460/labs/VivadoProjects/lab6/lab6.srcs/sources_1/bd/DeterminantMicroBlaze/hdl/DeterminantMicroBlaze_wrapper.v:12]
WARNING: [Synth 8-3331] design s00_couplers_imp_N42ZOM has unconnected port M_ACLK
WARNING: [Synth 8-3331] design s00_couplers_imp_N42ZOM has unconnected port M_ARESETN
WARNING: [Synth 8-3331] design s00_couplers_imp_N42ZOM has unconnected port S_ACLK
WARNING: [Synth 8-3331] design s00_couplers_imp_N42ZOM has unconnected port S_ARESETN
WARNING: [Synth 8-3331] design m10_couplers_imp_18U2219 has unconnected port M_ACLK
WARNING: [Synth 8-3331] design m10_couplers_imp_18U2219 has unconnected port M_ARESETN
WARNING: [Synth 8-3331] design m10_couplers_imp_18U2219 has unconnected port S_ACLK
WARNING: [Synth 8-3331] design m10_couplers_imp_18U2219 has unconnected port S_ARESETN
WARNING: [Synth 8-3331] design m09_couplers_imp_BJBI2M has unconnected port M_ACLK
WARNING: [Synth 8-3331] design m09_couplers_imp_BJBI2M has unconnected port M_ARESETN
WARNING: [Synth 8-3331] design m09_couplers_imp_BJBI2M has unconnected port S_ACLK
WARNING: [Synth 8-3331] design m09_couplers_imp_BJBI2M has unconnected port S_ARESETN
WARNING: [Synth 8-3331] design m08_couplers_imp_AY2SQ7 has unconnected port M_ACLK
WARNING: [Synth 8-3331] design m08_couplers_imp_AY2SQ7 has unconnected port M_ARESETN
WARNING: [Synth 8-3331] design m08_couplers_imp_AY2SQ7 has unconnected port S_ACLK
WARNING: [Synth 8-3331] design m08_couplers_imp_AY2SQ7 has unconnected port S_ARESETN
WARNING: [Synth 8-3331] design m07_couplers_imp_XKFZV4 has unconnected port M_ACLK
WARNING: [Synth 8-3331] design m07_couplers_imp_XKFZV4 has unconnected port M_ARESETN
WARNING: [Synth 8-3331] design m07_couplers_imp_XKFZV4 has unconnected port S_ACLK
WARNING: [Synth 8-3331] design m07_couplers_imp_XKFZV4 has unconnected port S_ARESETN
WARNING: [Synth 8-3331] design m06_couplers_imp_WRSR5T has unconnected port M_ACLK
WARNING: [Synth 8-3331] design m06_couplers_imp_WRSR5T has unconnected port M_ARESETN
WARNING: [Synth 8-3331] design m06_couplers_imp_WRSR5T has unconnected port S_ACLK
WARNING: [Synth 8-3331] design m06_couplers_imp_WRSR5T has unconnected port S_ARESETN
WARNING: [Synth 8-3331] design m05_couplers_imp_S2X59U has unconnected port M_ACLK
WARNING: [Synth 8-3331] design m05_couplers_imp_S2X59U has unconnected port M_ARESETN
WARNING: [Synth 8-3331] design m05_couplers_imp_S2X59U has unconnected port S_ACLK
WARNING: [Synth 8-3331] design m05_couplers_imp_S2X59U has unconnected port S_ARESETN
WARNING: [Synth 8-3331] design m04_couplers_imp_TX14IR has unconnected port M_ACLK
WARNING: [Synth 8-3331] design m04_couplers_imp_TX14IR has unconnected port M_ARESETN
WARNING: [Synth 8-3331] design m04_couplers_imp_TX14IR has unconnected port S_ACLK
WARNING: [Synth 8-3331] design m04_couplers_imp_TX14IR has unconnected port S_ARESETN
WARNING: [Synth 8-3331] design m03_couplers_imp_IP69SK has unconnected port M_ACLK
WARNING: [Synth 8-3331] design m03_couplers_imp_IP69SK has unconnected port M_ARESETN
WARNING: [Synth 8-3331] design m03_couplers_imp_IP69SK has unconnected port S_ACLK
WARNING: [Synth 8-3331] design m03_couplers_imp_IP69SK has unconnected port S_ARESETN
WARNING: [Synth 8-3331] design m02_couplers_imp_LI96TH has unconnected port M_ACLK
WARNING: [Synth 8-3331] design m02_couplers_imp_LI96TH has unconnected port M_ARESETN
WARNING: [Synth 8-3331] design m02_couplers_imp_LI96TH has unconnected port S_ACLK
WARNING: [Synth 8-3331] design m02_couplers_imp_LI96TH has unconnected port S_ARESETN
WARNING: [Synth 8-3331] design m01_couplers_imp_Q9MLYU has unconnected port M_ACLK
WARNING: [Synth 8-3331] design m01_couplers_imp_Q9MLYU has unconnected port M_ARESETN
WARNING: [Synth 8-3331] design m01_couplers_imp_Q9MLYU has unconnected port S_ACLK
WARNING: [Synth 8-3331] design m01_couplers_imp_Q9MLYU has unconnected port S_ARESETN
WARNING: [Synth 8-3331] design m00_couplers_imp_MA2ZC7 has unconnected port M_ACLK
WARNING: [Synth 8-3331] design m00_couplers_imp_MA2ZC7 has unconnected port M_ARESETN
WARNING: [Synth 8-3331] design m00_couplers_imp_MA2ZC7 has unconnected port S_ACLK
WARNING: [Synth 8-3331] design m00_couplers_imp_MA2ZC7 has unconnected port S_ARESETN
WARNING: [Synth 8-3331] design DeterminantMicroBlaze_microblaze_0_axi_periph_0 has unconnected port M00_ACLK
WARNING: [Synth 8-3331] design DeterminantMicroBlaze_microblaze_0_axi_periph_0 has unconnected port M00_ARESETN
WARNING: [Synth 8-3331] design DeterminantMicroBlaze_microblaze_0_axi_periph_0 has unconnected port M01_ACLK
WARNING: [Synth 8-3331] design DeterminantMicroBlaze_microblaze_0_axi_periph_0 has unconnected port M01_ARESETN
WARNING: [Synth 8-3331] design DeterminantMicroBlaze_microblaze_0_axi_periph_0 has unconnected port M02_ACLK
WARNING: [Synth 8-3331] design DeterminantMicroBlaze_microblaze_0_axi_periph_0 has unconnected port M02_ARESETN
WARNING: [Synth 8-3331] design DeterminantMicroBlaze_microblaze_0_axi_periph_0 has unconnected port M03_ACLK
WARNING: [Synth 8-3331] design DeterminantMicroBlaze_microblaze_0_axi_periph_0 has unconnected port M03_ARESETN
WARNING: [Synth 8-3331] design DeterminantMicroBlaze_microblaze_0_axi_periph_0 has unconnected port M04_ACLK
WARNING: [Synth 8-3331] design DeterminantMicroBlaze_microblaze_0_axi_periph_0 has unconnected port M04_ARESETN
WARNING: [Synth 8-3331] design DeterminantMicroBlaze_microblaze_0_axi_periph_0 has unconnected port M05_ACLK
WARNING: [Synth 8-3331] design DeterminantMicroBlaze_microblaze_0_axi_periph_0 has unconnected port M05_ARESETN
WARNING: [Synth 8-3331] design DeterminantMicroBlaze_microblaze_0_axi_periph_0 has unconnected port M06_ACLK
WARNING: [Synth 8-3331] design DeterminantMicroBlaze_microblaze_0_axi_periph_0 has unconnected port M06_ARESETN
WARNING: [Synth 8-3331] design DeterminantMicroBlaze_microblaze_0_axi_periph_0 has unconnected port M07_ACLK
WARNING: [Synth 8-3331] design DeterminantMicroBlaze_microblaze_0_axi_periph_0 has unconnected port M07_ARESETN
WARNING: [Synth 8-3331] design DeterminantMicroBlaze_microblaze_0_axi_periph_0 has unconnected port M08_ACLK
WARNING: [Synth 8-3331] design DeterminantMicroBlaze_microblaze_0_axi_periph_0 has unconnected port M08_ARESETN
WARNING: [Synth 8-3331] design DeterminantMicroBlaze_microblaze_0_axi_periph_0 has unconnected port M09_ACLK
WARNING: [Synth 8-3331] design DeterminantMicroBlaze_microblaze_0_axi_periph_0 has unconnected port M09_ARESETN
WARNING: [Synth 8-3331] design DeterminantMicroBlaze_microblaze_0_axi_periph_0 has unconnected port M10_ACLK
WARNING: [Synth 8-3331] design DeterminantMicroBlaze_microblaze_0_axi_periph_0 has unconnected port M10_ARESETN
WARNING: [Synth 8-3331] design DeterminantMicroBlaze_microblaze_0_axi_periph_0 has unconnected port S00_ACLK
WARNING: [Synth 8-3331] design DeterminantMicroBlaze_microblaze_0_axi_periph_0 has unconnected port S00_ARESETN
---------------------------------------------------------------------------------
Finished RTL Elaboration : Time (s): cpu = 00:00:03 ; elapsed = 00:00:03 . Memory (MB): peak = 560.508 ; gain = 158.969
---------------------------------------------------------------------------------

Report Check Netlist: 
+------+------------------+-------+---------+-------+------------------+
|      |Item              |Errors |Warnings |Status |Description       |
+------+------------------+-------+---------+-------+------------------+
|1     |multi_driven_nets |      0|        0|Passed |Multi driven nets |
+------+------------------+-------+---------+-------+------------------+
---------------------------------------------------------------------------------
Start Handling Custom Attributes
---------------------------------------------------------------------------------
---------------------------------------------------------------------------------
Finished Handling Custom Attributes : Time (s): cpu = 00:00:03 ; elapsed = 00:00:03 . Memory (MB): peak = 560.508 ; gain = 158.969
---------------------------------------------------------------------------------
---------------------------------------------------------------------------------
Finished RTL Optimization Phase 1 : Time (s): cpu = 00:00:03 ; elapsed = 00:00:03 . Memory (MB): peak = 560.508 ; gain = 158.969
---------------------------------------------------------------------------------
INFO: [Device 21-403] Loading part xc7a100tcsg324-1
INFO: [Project 1-570] Preparing netlist for logic optimization

Processing XDC Constraints
Initializing timing engine
Parsing XDC File [c:/Users/KuldeepGohil/Desktop/Spring2021/CECS 460/labs/VivadoProjects/lab6/lab6.srcs/sources_1/bd/DeterminantMicroBlaze/ip/DeterminantMicroBlaze_clk_wiz_0_0/DeterminantMicroBlaze_clk_wiz_0_0/DeterminantMicroBlaze_clk_wiz_0_0_in_context.xdc] for cell 'DeterminantMicroBlaze_i/clk_wiz_0'
Finished Parsing XDC File [c:/Users/KuldeepGohil/Desktop/Spring2021/CECS 460/labs/VivadoProjects/lab6/lab6.srcs/sources_1/bd/DeterminantMicroBlaze/ip/DeterminantMicroBlaze_clk_wiz_0_0/DeterminantMicroBlaze_clk_wiz_0_0/DeterminantMicroBlaze_clk_wiz_0_0_in_context.xdc] for cell 'DeterminantMicroBlaze_i/clk_wiz_0'
Parsing XDC File [c:/Users/KuldeepGohil/Desktop/Spring2021/CECS 460/labs/VivadoProjects/lab6/lab6.srcs/sources_1/bd/DeterminantMicroBlaze/ip/DeterminantMicroBlaze_DeterminantTopModule_0_0/DeterminantMicroBlaze_DeterminantTopModule_0_0/DeterminantMicroBlaze_DeterminantTopModule_0_0_in_context.xdc] for cell 'DeterminantMicroBlaze_i/DeterminantTopModule_0'
Finished Parsing XDC File [c:/Users/KuldeepGohil/Desktop/Spring2021/CECS 460/labs/VivadoProjects/lab6/lab6.srcs/sources_1/bd/DeterminantMicroBlaze/ip/DeterminantMicroBlaze_DeterminantTopModule_0_0/DeterminantMicroBlaze_DeterminantTopModule_0_0/DeterminantMicroBlaze_DeterminantTopModule_0_0_in_context.xdc] for cell 'DeterminantMicroBlaze_i/DeterminantTopModule_0'
Parsing XDC File [c:/Users/KuldeepGohil/Desktop/Spring2021/CECS 460/labs/VivadoProjects/lab6/lab6.srcs/sources_1/bd/DeterminantMicroBlaze/ip/DeterminantMicroBlaze_axi_uartlite_0_0/DeterminantMicroBlaze_axi_uartlite_0_0/DeterminantMicroBlaze_axi_uartlite_0_0_in_context.xdc] for cell 'DeterminantMicroBlaze_i/axi_uartlite_0'
Finished Parsing XDC File [c:/Users/KuldeepGohil/Desktop/Spring2021/CECS 460/labs/VivadoProjects/lab6/lab6.srcs/sources_1/bd/DeterminantMicroBlaze/ip/DeterminantMicroBlaze_axi_uartlite_0_0/DeterminantMicroBlaze_axi_uartlite_0_0/DeterminantMicroBlaze_axi_uartlite_0_0_in_context.xdc] for cell 'DeterminantMicroBlaze_i/axi_uartlite_0'
Parsing XDC File [c:/Users/KuldeepGohil/Desktop/Spring2021/CECS 460/labs/VivadoProjects/lab6/lab6.srcs/sources_1/bd/DeterminantMicroBlaze/ip/DeterminantMicroBlaze_axi_gpio_0_0/DeterminantMicroBlaze_axi_gpio_0_0/DeterminantMicroBlaze_axi_gpio_1_0_in_context.xdc] for cell 'DeterminantMicroBlaze_i/axi_gpio_0'
Finished Parsing XDC File [c:/Users/KuldeepGohil/Desktop/Spring2021/CECS 460/labs/VivadoProjects/lab6/lab6.srcs/sources_1/bd/DeterminantMicroBlaze/ip/DeterminantMicroBlaze_axi_gpio_0_0/DeterminantMicroBlaze_axi_gpio_0_0/DeterminantMicroBlaze_axi_gpio_1_0_in_context.xdc] for cell 'DeterminantMicroBlaze_i/axi_gpio_0'
Parsing XDC File [c:/Users/KuldeepGohil/Desktop/Spring2021/CECS 460/labs/VivadoProjects/lab6/lab6.srcs/sources_1/bd/DeterminantMicroBlaze/ip/DeterminantMicroBlaze_axi_gpio_1_0/DeterminantMicroBlaze_axi_gpio_1_0/DeterminantMicroBlaze_axi_gpio_1_0_in_context.xdc] for cell 'DeterminantMicroBlaze_i/axi_gpio_1'
Finished Parsing XDC File [c:/Users/KuldeepGohil/Desktop/Spring2021/CECS 460/labs/VivadoProjects/lab6/lab6.srcs/sources_1/bd/DeterminantMicroBlaze/ip/DeterminantMicroBlaze_axi_gpio_1_0/DeterminantMicroBlaze_axi_gpio_1_0/DeterminantMicroBlaze_axi_gpio_1_0_in_context.xdc] for cell 'DeterminantMicroBlaze_i/axi_gpio_1'
Parsing XDC File [c:/Users/KuldeepGohil/Desktop/Spring2021/CECS 460/labs/VivadoProjects/lab6/lab6.srcs/sources_1/bd/DeterminantMicroBlaze/ip/DeterminantMicroBlaze_axi_gpio_2_0/DeterminantMicroBlaze_axi_gpio_2_0/DeterminantMicroBlaze_axi_gpio_1_0_in_context.xdc] for cell 'DeterminantMicroBlaze_i/axi_gpio_2'
Finished Parsing XDC File [c:/Users/KuldeepGohil/Desktop/Spring2021/CECS 460/labs/VivadoProjects/lab6/lab6.srcs/sources_1/bd/DeterminantMicroBlaze/ip/DeterminantMicroBlaze_axi_gpio_2_0/DeterminantMicroBlaze_axi_gpio_2_0/DeterminantMicroBlaze_axi_gpio_1_0_in_context.xdc] for cell 'DeterminantMicroBlaze_i/axi_gpio_2'
Parsing XDC File [c:/Users/KuldeepGohil/Desktop/Spring2021/CECS 460/labs/VivadoProjects/lab6/lab6.srcs/sources_1/bd/DeterminantMicroBlaze/ip/DeterminantMicroBlaze_axi_gpio_3_0/DeterminantMicroBlaze_axi_gpio_3_0/DeterminantMicroBlaze_axi_gpio_1_0_in_context.xdc] for cell 'DeterminantMicroBlaze_i/axi_gpio_3'
Finished Parsing XDC File [c:/Users/KuldeepGohil/Desktop/Spring2021/CECS 460/labs/VivadoProjects/lab6/lab6.srcs/sources_1/bd/DeterminantMicroBlaze/ip/DeterminantMicroBlaze_axi_gpio_3_0/DeterminantMicroBlaze_axi_gpio_3_0/DeterminantMicroBlaze_axi_gpio_1_0_in_context.xdc] for cell 'DeterminantMicroBlaze_i/axi_gpio_3'
Parsing XDC File [c:/Users/KuldeepGohil/Desktop/Spring2021/CECS 460/labs/VivadoProjects/lab6/lab6.srcs/sources_1/bd/DeterminantMicroBlaze/ip/DeterminantMicroBlaze_axi_gpio_3_1/DeterminantMicroBlaze_axi_gpio_3_1/DeterminantMicroBlaze_axi_gpio_1_0_in_context.xdc] for cell 'DeterminantMicroBlaze_i/axi_gpio_4'
Finished Parsing XDC File [c:/Users/KuldeepGohil/Desktop/Spring2021/CECS 460/labs/VivadoProjects/lab6/lab6.srcs/sources_1/bd/DeterminantMicroBlaze/ip/DeterminantMicroBlaze_axi_gpio_3_1/DeterminantMicroBlaze_axi_gpio_3_1/DeterminantMicroBlaze_axi_gpio_1_0_in_context.xdc] for cell 'DeterminantMicroBlaze_i/axi_gpio_4'
Parsing XDC File [c:/Users/KuldeepGohil/Desktop/Spring2021/CECS 460/labs/VivadoProjects/lab6/lab6.srcs/sources_1/bd/DeterminantMicroBlaze/ip/DeterminantMicroBlaze_axi_gpio_3_2/DeterminantMicroBlaze_axi_gpio_3_2/DeterminantMicroBlaze_axi_gpio_1_0_in_context.xdc] for cell 'DeterminantMicroBlaze_i/axi_gpio_5'
Finished Parsing XDC File [c:/Users/KuldeepGohil/Desktop/Spring2021/CECS 460/labs/VivadoProjects/lab6/lab6.srcs/sources_1/bd/DeterminantMicroBlaze/ip/DeterminantMicroBlaze_axi_gpio_3_2/DeterminantMicroBlaze_axi_gpio_3_2/DeterminantMicroBlaze_axi_gpio_1_0_in_context.xdc] for cell 'DeterminantMicroBlaze_i/axi_gpio_5'
Parsing XDC File [c:/Users/KuldeepGohil/Desktop/Spring2021/CECS 460/labs/VivadoProjects/lab6/lab6.srcs/sources_1/bd/DeterminantMicroBlaze/ip/DeterminantMicroBlaze_axi_gpio_3_3/DeterminantMicroBlaze_axi_gpio_3_3/DeterminantMicroBlaze_axi_gpio_1_0_in_context.xdc] for cell 'DeterminantMicroBlaze_i/axi_gpio_6'
Finished Parsing XDC File [c:/Users/KuldeepGohil/Desktop/Spring2021/CECS 460/labs/VivadoProjects/lab6/lab6.srcs/sources_1/bd/DeterminantMicroBlaze/ip/DeterminantMicroBlaze_axi_gpio_3_3/DeterminantMicroBlaze_axi_gpio_3_3/DeterminantMicroBlaze_axi_gpio_1_0_in_context.xdc] for cell 'DeterminantMicroBlaze_i/axi_gpio_6'
Parsing XDC File [c:/Users/KuldeepGohil/Desktop/Spring2021/CECS 460/labs/VivadoProjects/lab6/lab6.srcs/sources_1/bd/DeterminantMicroBlaze/ip/DeterminantMicroBlaze_axi_gpio_3_4/DeterminantMicroBlaze_axi_gpio_3_4/DeterminantMicroBlaze_axi_gpio_1_0_in_context.xdc] for cell 'DeterminantMicroBlaze_i/axi_gpio_7'
Finished Parsing XDC File [c:/Users/KuldeepGohil/Desktop/Spring2021/CECS 460/labs/VivadoProjects/lab6/lab6.srcs/sources_1/bd/DeterminantMicroBlaze/ip/DeterminantMicroBlaze_axi_gpio_3_4/DeterminantMicroBlaze_axi_gpio_3_4/DeterminantMicroBlaze_axi_gpio_1_0_in_context.xdc] for cell 'DeterminantMicroBlaze_i/axi_gpio_7'
Parsing XDC File [c:/Users/KuldeepGohil/Desktop/Spring2021/CECS 460/labs/VivadoProjects/lab6/lab6.srcs/sources_1/bd/DeterminantMicroBlaze/ip/DeterminantMicroBlaze_axi_gpio_3_5/DeterminantMicroBlaze_axi_gpio_3_5/DeterminantMicroBlaze_axi_gpio_1_0_in_context.xdc] for cell 'DeterminantMicroBlaze_i/axi_gpio_8'
Finished Parsing XDC File [c:/Users/KuldeepGohil/Desktop/Spring2021/CECS 460/labs/VivadoProjects/lab6/lab6.srcs/sources_1/bd/DeterminantMicroBlaze/ip/DeterminantMicroBlaze_axi_gpio_3_5/DeterminantMicroBlaze_axi_gpio_3_5/DeterminantMicroBlaze_axi_gpio_1_0_in_context.xdc] for cell 'DeterminantMicroBlaze_i/axi_gpio_8'
Parsing XDC File [c:/Users/KuldeepGohil/Desktop/Spring2021/CECS 460/labs/VivadoProjects/lab6/lab6.srcs/sources_1/bd/DeterminantMicroBlaze/ip/DeterminantMicroBlaze_axi_gpio_3_6/DeterminantMicroBlaze_axi_gpio_3_6/DeterminantMicroBlaze_axi_gpio_3_6_in_context.xdc] for cell 'DeterminantMicroBlaze_i/axi_gpio_9'
Finished Parsing XDC File [c:/Users/KuldeepGohil/Desktop/Spring2021/CECS 460/labs/VivadoProjects/lab6/lab6.srcs/sources_1/bd/DeterminantMicroBlaze/ip/DeterminantMicroBlaze_axi_gpio_3_6/DeterminantMicroBlaze_axi_gpio_3_6/DeterminantMicroBlaze_axi_gpio_3_6_in_context.xdc] for cell 'DeterminantMicroBlaze_i/axi_gpio_9'
Parsing XDC File [c:/Users/KuldeepGohil/Desktop/Spring2021/CECS 460/labs/VivadoProjects/lab6/lab6.srcs/sources_1/bd/DeterminantMicroBlaze/ip/DeterminantMicroBlaze_microblaze_0_0/DeterminantMicroBlaze_microblaze_0_0/DeterminantMicroBlaze_microblaze_0_0_in_context.xdc] for cell 'DeterminantMicroBlaze_i/microblaze_0'
Finished Parsing XDC File [c:/Users/KuldeepGohil/Desktop/Spring2021/CECS 460/labs/VivadoProjects/lab6/lab6.srcs/sources_1/bd/DeterminantMicroBlaze/ip/DeterminantMicroBlaze_microblaze_0_0/DeterminantMicroBlaze_microblaze_0_0/DeterminantMicroBlaze_microblaze_0_0_in_context.xdc] for cell 'DeterminantMicroBlaze_i/microblaze_0'
Parsing XDC File [c:/Users/KuldeepGohil/Desktop/Spring2021/CECS 460/labs/VivadoProjects/lab6/lab6.srcs/sources_1/bd/DeterminantMicroBlaze/ip/DeterminantMicroBlaze_dlmb_v10_0/DeterminantMicroBlaze_dlmb_v10_0/DeterminantMicroBlaze_dlmb_v10_0_in_context.xdc] for cell 'DeterminantMicroBlaze_i/microblaze_0_local_memory/dlmb_v10'
Finished Parsing XDC File [c:/Users/KuldeepGohil/Desktop/Spring2021/CECS 460/labs/VivadoProjects/lab6/lab6.srcs/sources_1/bd/DeterminantMicroBlaze/ip/DeterminantMicroBlaze_dlmb_v10_0/DeterminantMicroBlaze_dlmb_v10_0/DeterminantMicroBlaze_dlmb_v10_0_in_context.xdc] for cell 'DeterminantMicroBlaze_i/microblaze_0_local_memory/dlmb_v10'
Parsing XDC File [c:/Users/KuldeepGohil/Desktop/Spring2021/CECS 460/labs/VivadoProjects/lab6/lab6.srcs/sources_1/bd/DeterminantMicroBlaze/ip/DeterminantMicroBlaze_ilmb_v10_0/DeterminantMicroBlaze_ilmb_v10_0/DeterminantMicroBlaze_dlmb_v10_0_in_context.xdc] for cell 'DeterminantMicroBlaze_i/microblaze_0_local_memory/ilmb_v10'
Finished Parsing XDC File [c:/Users/KuldeepGohil/Desktop/Spring2021/CECS 460/labs/VivadoProjects/lab6/lab6.srcs/sources_1/bd/DeterminantMicroBlaze/ip/DeterminantMicroBlaze_ilmb_v10_0/DeterminantMicroBlaze_ilmb_v10_0/DeterminantMicroBlaze_dlmb_v10_0_in_context.xdc] for cell 'DeterminantMicroBlaze_i/microblaze_0_local_memory/ilmb_v10'
Parsing XDC File [c:/Users/KuldeepGohil/Desktop/Spring2021/CECS 460/labs/VivadoProjects/lab6/lab6.srcs/sources_1/bd/DeterminantMicroBlaze/ip/DeterminantMicroBlaze_dlmb_bram_if_cntlr_0/DeterminantMicroBlaze_dlmb_bram_if_cntlr_0/DeterminantMicroBlaze_dlmb_bram_if_cntlr_0_in_context.xdc] for cell 'DeterminantMicroBlaze_i/microblaze_0_local_memory/dlmb_bram_if_cntlr'
Finished Parsing XDC File [c:/Users/KuldeepGohil/Desktop/Spring2021/CECS 460/labs/VivadoProjects/lab6/lab6.srcs/sources_1/bd/DeterminantMicroBlaze/ip/DeterminantMicroBlaze_dlmb_bram_if_cntlr_0/DeterminantMicroBlaze_dlmb_bram_if_cntlr_0/DeterminantMicroBlaze_dlmb_bram_if_cntlr_0_in_context.xdc] for cell 'DeterminantMicroBlaze_i/microblaze_0_local_memory/dlmb_bram_if_cntlr'
Parsing XDC File [c:/Users/KuldeepGohil/Desktop/Spring2021/CECS 460/labs/VivadoProjects/lab6/lab6.srcs/sources_1/bd/DeterminantMicroBlaze/ip/DeterminantMicroBlaze_ilmb_bram_if_cntlr_0/DeterminantMicroBlaze_ilmb_bram_if_cntlr_0/DeterminantMicroBlaze_ilmb_bram_if_cntlr_0_in_context.xdc] for cell 'DeterminantMicroBlaze_i/microblaze_0_local_memory/ilmb_bram_if_cntlr'
Finished Parsing XDC File [c:/Users/KuldeepGohil/Desktop/Spring2021/CECS 460/labs/VivadoProjects/lab6/lab6.srcs/sources_1/bd/DeterminantMicroBlaze/ip/DeterminantMicroBlaze_ilmb_bram_if_cntlr_0/DeterminantMicroBlaze_ilmb_bram_if_cntlr_0/DeterminantMicroBlaze_ilmb_bram_if_cntlr_0_in_context.xdc] for cell 'DeterminantMicroBlaze_i/microblaze_0_local_memory/ilmb_bram_if_cntlr'
Parsing XDC File [c:/Users/KuldeepGohil/Desktop/Spring2021/CECS 460/labs/VivadoProjects/lab6/lab6.srcs/sources_1/bd/DeterminantMicroBlaze/ip/DeterminantMicroBlaze_lmb_bram_0/DeterminantMicroBlaze_lmb_bram_0/DeterminantMicroBlaze_lmb_bram_0_in_context.xdc] for cell 'DeterminantMicroBlaze_i/microblaze_0_local_memory/lmb_bram'
Finished Parsing XDC File [c:/Users/KuldeepGohil/Desktop/Spring2021/CECS 460/labs/VivadoProjects/lab6/lab6.srcs/sources_1/bd/DeterminantMicroBlaze/ip/DeterminantMicroBlaze_lmb_bram_0/DeterminantMicroBlaze_lmb_bram_0/DeterminantMicroBlaze_lmb_bram_0_in_context.xdc] for cell 'DeterminantMicroBlaze_i/microblaze_0_local_memory/lmb_bram'
Parsing XDC File [c:/Users/KuldeepGohil/Desktop/Spring2021/CECS 460/labs/VivadoProjects/lab6/lab6.srcs/sources_1/bd/DeterminantMicroBlaze/ip/DeterminantMicroBlaze_mdm_1_0/DeterminantMicroBlaze_mdm_1_0/DeterminantMicroBlaze_mdm_1_0_in_context.xdc] for cell 'DeterminantMicroBlaze_i/mdm_1'
Finished Parsing XDC File [c:/Users/KuldeepGohil/Desktop/Spring2021/CECS 460/labs/VivadoProjects/lab6/lab6.srcs/sources_1/bd/DeterminantMicroBlaze/ip/DeterminantMicroBlaze_mdm_1_0/DeterminantMicroBlaze_mdm_1_0/DeterminantMicroBlaze_mdm_1_0_in_context.xdc] for cell 'DeterminantMicroBlaze_i/mdm_1'
Parsing XDC File [c:/Users/KuldeepGohil/Desktop/Spring2021/CECS 460/labs/VivadoProjects/lab6/lab6.srcs/sources_1/bd/DeterminantMicroBlaze/ip/DeterminantMicroBlaze_rst_clk_wiz_0_100M_0/DeterminantMicroBlaze_rst_clk_wiz_0_100M_0/DeterminantMicroBlaze_rst_clk_wiz_0_100M_0_in_context.xdc] for cell 'DeterminantMicroBlaze_i/rst_clk_wiz_0_100M'
Finished Parsing XDC File [c:/Users/KuldeepGohil/Desktop/Spring2021/CECS 460/labs/VivadoProjects/lab6/lab6.srcs/sources_1/bd/DeterminantMicroBlaze/ip/DeterminantMicroBlaze_rst_clk_wiz_0_100M_0/DeterminantMicroBlaze_rst_clk_wiz_0_100M_0/DeterminantMicroBlaze_rst_clk_wiz_0_100M_0_in_context.xdc] for cell 'DeterminantMicroBlaze_i/rst_clk_wiz_0_100M'
Parsing XDC File [c:/Users/KuldeepGohil/Desktop/Spring2021/CECS 460/labs/VivadoProjects/lab6/lab6.srcs/sources_1/bd/DeterminantMicroBlaze/ip/DeterminantMicroBlaze_xbar_0/DeterminantMicroBlaze_xbar_0/DeterminantMicroBlaze_xbar_0_in_context.xdc] for cell 'DeterminantMicroBlaze_i/microblaze_0_axi_periph/xbar'
Finished Parsing XDC File [c:/Users/KuldeepGohil/Desktop/Spring2021/CECS 460/labs/VivadoProjects/lab6/lab6.srcs/sources_1/bd/DeterminantMicroBlaze/ip/DeterminantMicroBlaze_xbar_0/DeterminantMicroBlaze_xbar_0/DeterminantMicroBlaze_xbar_0_in_context.xdc] for cell 'DeterminantMicroBlaze_i/microblaze_0_axi_periph/xbar'
Parsing XDC File [c:/Users/KuldeepGohil/Desktop/Spring2021/CECS 460/labs/VivadoProjects/lab6/lab6.srcs/sources_1/bd/DeterminantMicroBlaze/ip/DeterminantMicroBlaze_util_vector_logic_0_0/DeterminantMicroBlaze_util_vector_logic_0_0/DeterminantMicroBlaze_util_vector_logic_0_0_in_context.xdc] for cell 'DeterminantMicroBlaze_i/util_vector_logic_0'
Finished Parsing XDC File [c:/Users/KuldeepGohil/Desktop/Spring2021/CECS 460/labs/VivadoProjects/lab6/lab6.srcs/sources_1/bd/DeterminantMicroBlaze/ip/DeterminantMicroBlaze_util_vector_logic_0_0/DeterminantMicroBlaze_util_vector_logic_0_0/DeterminantMicroBlaze_util_vector_logic_0_0_in_context.xdc] for cell 'DeterminantMicroBlaze_i/util_vector_logic_0'
Parsing XDC File [C:/Users/KuldeepGohil/Desktop/Spring2021/CECS 460/labs/VivadoProjects/lab6/lab6.srcs/constrs_1/imports/lab-6/Nexys4ddrMaster.xdc]
Finished Parsing XDC File [C:/Users/KuldeepGohil/Desktop/Spring2021/CECS 460/labs/VivadoProjects/lab6/lab6.srcs/constrs_1/imports/lab-6/Nexys4ddrMaster.xdc]
INFO: [Project 1-236] Implementation specific constraints were found while reading constraint file [C:/Users/KuldeepGohil/Desktop/Spring2021/CECS 460/labs/VivadoProjects/lab6/lab6.srcs/constrs_1/imports/lab-6/Nexys4ddrMaster.xdc]. These constraints will be ignored for synthesis but will be used in implementation. Impacted constraints are listed in the file [.Xil/DeterminantMicroBlaze_wrapper_propImpl.xdc].
Resolution: To avoid this warning, move constraints listed in [.Xil/DeterminantMicroBlaze_wrapper_propImpl.xdc] to another XDC file and exclude this new file from synthesis with the used_in_synthesis property (File Properties dialog in GUI) and re-run elaboration/synthesis.
Parsing XDC File [C:/Users/KuldeepGohil/Desktop/Spring2021/CECS 460/labs/VivadoProjects/lab6/lab6.runs/synth_1/dont_touch.xdc]
Finished Parsing XDC File [C:/Users/KuldeepGohil/Desktop/Spring2021/CECS 460/labs/VivadoProjects/lab6/lab6.runs/synth_1/dont_touch.xdc]
Netlist sorting complete. Time (s): cpu = 00:00:00 ; elapsed = 00:00:00.001 . Memory (MB): peak = 886.199 ; gain = 0.000
Completed Processing XDC Constraints

Netlist sorting complete. Time (s): cpu = 00:00:00 ; elapsed = 00:00:00.001 . Memory (MB): peak = 886.199 ; gain = 0.000
INFO: [Project 1-111] Unisim Transformation Summary:
No Unisim elements were transformed.

Netlist sorting complete. Time (s): cpu = 00:00:00 ; elapsed = 00:00:00 . Memory (MB): peak = 886.199 ; gain = 0.000
Constraint Validation Runtime : Time (s): cpu = 00:00:00 ; elapsed = 00:00:00.007 . Memory (MB): peak = 886.199 ; gain = 0.000
WARNING: [Timing 38-316] Clock period '20.000' specified during out-of-context synthesis of instance 'DeterminantMicroBlaze_i/microblaze_0_local_memory/lmb_bram' at clock pin 'clka' is different from the actual clock period '10.000', this can lead to different synthesis results.
---------------------------------------------------------------------------------
Finished Constraint Validation : Time (s): cpu = 00:00:10 ; elapsed = 00:00:11 . Memory (MB): peak = 886.199 ; gain = 484.660
---------------------------------------------------------------------------------
---------------------------------------------------------------------------------
Start Loading Part and Timing Information
---------------------------------------------------------------------------------
Loading part: xc7a100tcsg324-1
---------------------------------------------------------------------------------
Finished Loading Part and Timing Information : Time (s): cpu = 00:00:10 ; elapsed = 00:00:11 . Memory (MB): peak = 886.199 ; gain = 484.660
---------------------------------------------------------------------------------
---------------------------------------------------------------------------------
Start Applying 'set_property' XDC Constraints
---------------------------------------------------------------------------------
Applied set_property IO_BUFFER_TYPE = NONE for clk. (constraint file  {c:/Users/KuldeepGohil/Desktop/Spring2021/CECS 460/labs/VivadoProjects/lab6/lab6.srcs/sources_1/bd/DeterminantMicroBlaze/ip/DeterminantMicroBlaze_clk_wiz_0_0/DeterminantMicroBlaze_clk_wiz_0_0/DeterminantMicroBlaze_clk_wiz_0_0_in_context.xdc}, line 3).
Applied set_property CLOCK_BUFFER_TYPE = NONE for clk. (constraint file  {c:/Users/KuldeepGohil/Desktop/Spring2021/CECS 460/labs/VivadoProjects/lab6/lab6.srcs/sources_1/bd/DeterminantMicroBlaze/ip/DeterminantMicroBlaze_clk_wiz_0_0/DeterminantMicroBlaze_clk_wiz_0_0/DeterminantMicroBlaze_clk_wiz_0_0_in_context.xdc}, line 4).
Applied set_property DONT_TOUCH = true for DeterminantMicroBlaze_i. (constraint file  auto generated constraint, line ).
Applied set_property DONT_TOUCH = true for DeterminantMicroBlaze_i/clk_wiz_0. (constraint file  auto generated constraint, line ).
Applied set_property DONT_TOUCH = true for DeterminantMicroBlaze_i/DeterminantTopModule_0. (constraint file  auto generated constraint, line ).
Applied set_property DONT_TOUCH = true for DeterminantMicroBlaze_i/axi_uartlite_0. (constraint file  auto generated constraint, line ).
Applied set_property DONT_TOUCH = true for DeterminantMicroBlaze_i/axi_gpio_0. (constraint file  auto generated constraint, line ).
Applied set_property DONT_TOUCH = true for DeterminantMicroBlaze_i/axi_gpio_1. (constraint file  auto generated constraint, line ).
Applied set_property DONT_TOUCH = true for DeterminantMicroBlaze_i/axi_gpio_2. (constraint file  auto generated constraint, line ).
Applied set_property DONT_TOUCH = true for DeterminantMicroBlaze_i/axi_gpio_3. (constraint file  auto generated constraint, line ).
Applied set_property DONT_TOUCH = true for DeterminantMicroBlaze_i/axi_gpio_4. (constraint file  auto generated constraint, line ).
Applied set_property DONT_TOUCH = true for DeterminantMicroBlaze_i/axi_gpio_5. (constraint file  auto generated constraint, line ).
Applied set_property DONT_TOUCH = true for DeterminantMicroBlaze_i/axi_gpio_6. (constraint file  auto generated constraint, line ).
Applied set_property DONT_TOUCH = true for DeterminantMicroBlaze_i/axi_gpio_7. (constraint file  auto generated constraint, line ).
Applied set_property DONT_TOUCH = true for DeterminantMicroBlaze_i/axi_gpio_8. (constraint file  auto generated constraint, line ).
Applied set_property DONT_TOUCH = true for DeterminantMicroBlaze_i/axi_gpio_9. (constraint file  auto generated constraint, line ).
Applied set_property DONT_TOUCH = true for DeterminantMicroBlaze_i/microblaze_0. (constraint file  auto generated constraint, line ).
Applied set_property DONT_TOUCH = true for DeterminantMicroBlaze_i/microblaze_0_local_memory/dlmb_v10. (constraint file  auto generated constraint, line ).
Applied set_property DONT_TOUCH = true for DeterminantMicroBlaze_i/microblaze_0_local_memory/ilmb_v10. (constraint file  auto generated constraint, line ).
Applied set_property DONT_TOUCH = true for DeterminantMicroBlaze_i/microblaze_0_local_memory/dlmb_bram_if_cntlr. (constraint file  auto generated constraint, line ).
Applied set_property DONT_TOUCH = true for DeterminantMicroBlaze_i/microblaze_0_local_memory/ilmb_bram_if_cntlr. (constraint file  auto generated constraint, line ).
Applied set_property DONT_TOUCH = true for DeterminantMicroBlaze_i/microblaze_0_local_memory/lmb_bram. (constraint file  auto generated constraint, line ).
Applied set_property DONT_TOUCH = true for DeterminantMicroBlaze_i/mdm_1. (constraint file  auto generated constraint, line ).
Applied set_property DONT_TOUCH = true for DeterminantMicroBlaze_i/rst_clk_wiz_0_100M. (constraint file  auto generated constraint, line ).
Applied set_property DONT_TOUCH = true for DeterminantMicroBlaze_i/microblaze_0_axi_periph/xbar. (constraint file  auto generated constraint, line ).
Applied set_property DONT_TOUCH = true for DeterminantMicroBlaze_i/microblaze_0_axi_periph. (constraint file  auto generated constraint, line ).
Applied set_property DONT_TOUCH = true for DeterminantMicroBlaze_i/util_vector_logic_0. (constraint file  auto generated constraint, line ).
---------------------------------------------------------------------------------
Finished applying 'set_property' XDC Constraints : Time (s): cpu = 00:00:10 ; elapsed = 00:00:11 . Memory (MB): peak = 886.199 ; gain = 484.660
---------------------------------------------------------------------------------
---------------------------------------------------------------------------------
Finished RTL Optimization Phase 2 : Time (s): cpu = 00:00:11 ; elapsed = 00:00:11 . Memory (MB): peak = 886.199 ; gain = 484.660
---------------------------------------------------------------------------------

Report RTL Partitions: 
+-+--------------+------------+----------+
| |RTL Partition |Replication |Instances |
+-+--------------+------------+----------+
+-+--------------+------------+----------+
---------------------------------------------------------------------------------
Start RTL Component Statistics 
---------------------------------------------------------------------------------
Detailed RTL Component Info : 
---------------------------------------------------------------------------------
Finished RTL Component Statistics 
---------------------------------------------------------------------------------
---------------------------------------------------------------------------------
Start RTL Hierarchical Component Statistics 
---------------------------------------------------------------------------------
Hierarchical RTL Component report 
---------------------------------------------------------------------------------
Finished RTL Hierarchical Component Statistics
---------------------------------------------------------------------------------
---------------------------------------------------------------------------------
Start Part Resource Summary
---------------------------------------------------------------------------------
Part Resources:
DSPs: 240 (col length:80)
BRAMs: 270 (col length: RAMB18 80 RAMB36 40)
---------------------------------------------------------------------------------
Finished Part Resource Summary
---------------------------------------------------------------------------------
---------------------------------------------------------------------------------
Start Cross Boundary and Area Optimization
---------------------------------------------------------------------------------
Warning: Parallel synthesis criteria is not met 
WARNING: [Synth 8-3331] design DeterminantMicroBlaze_microblaze_0_axi_periph_0 has unconnected port M00_ACLK
WARNING: [Synth 8-3331] design DeterminantMicroBlaze_microblaze_0_axi_periph_0 has unconnected port M00_ARESETN
WARNING: [Synth 8-3331] design DeterminantMicroBlaze_microblaze_0_axi_periph_0 has unconnected port M01_ACLK
WARNING: [Synth 8-3331] design DeterminantMicroBlaze_microblaze_0_axi_periph_0 has unconnected port M01_ARESETN
WARNING: [Synth 8-3331] design DeterminantMicroBlaze_microblaze_0_axi_periph_0 has unconnected port M02_ACLK
WARNING: [Synth 8-3331] design DeterminantMicroBlaze_microblaze_0_axi_periph_0 has unconnected port M02_ARESETN
WARNING: [Synth 8-3331] design DeterminantMicroBlaze_microblaze_0_axi_periph_0 has unconnected port M03_ACLK
WARNING: [Synth 8-3331] design DeterminantMicroBlaze_microblaze_0_axi_periph_0 has unconnected port M03_ARESETN
WARNING: [Synth 8-3331] design DeterminantMicroBlaze_microblaze_0_axi_periph_0 has unconnected port M04_ACLK
WARNING: [Synth 8-3331] design DeterminantMicroBlaze_microblaze_0_axi_periph_0 has unconnected port M04_ARESETN
WARNING: [Synth 8-3331] design DeterminantMicroBlaze_microblaze_0_axi_periph_0 has unconnected port M05_ACLK
WARNING: [Synth 8-3331] design DeterminantMicroBlaze_microblaze_0_axi_periph_0 has unconnected port M05_ARESETN
WARNING: [Synth 8-3331] design DeterminantMicroBlaze_microblaze_0_axi_periph_0 has unconnected port M06_ACLK
WARNING: [Synth 8-3331] design DeterminantMicroBlaze_microblaze_0_axi_periph_0 has unconnected port M06_ARESETN
WARNING: [Synth 8-3331] design DeterminantMicroBlaze_microblaze_0_axi_periph_0 has unconnected port M07_ACLK
WARNING: [Synth 8-3331] design DeterminantMicroBlaze_microblaze_0_axi_periph_0 has unconnected port M07_ARESETN
WARNING: [Synth 8-3331] design DeterminantMicroBlaze_microblaze_0_axi_periph_0 has unconnected port M08_ACLK
WARNING: [Synth 8-3331] design DeterminantMicroBlaze_microblaze_0_axi_periph_0 has unconnected port M08_ARESETN
WARNING: [Synth 8-3331] design DeterminantMicroBlaze_microblaze_0_axi_periph_0 has unconnected port M09_ACLK
WARNING: [Synth 8-3331] design DeterminantMicroBlaze_microblaze_0_axi_periph_0 has unconnected port M09_ARESETN
WARNING: [Synth 8-3331] design DeterminantMicroBlaze_microblaze_0_axi_periph_0 has unconnected port M10_ACLK
WARNING: [Synth 8-3331] design DeterminantMicroBlaze_microblaze_0_axi_periph_0 has unconnected port M10_ARESETN
WARNING: [Synth 8-3331] design DeterminantMicroBlaze_microblaze_0_axi_periph_0 has unconnected port S00_ACLK
WARNING: [Synth 8-3331] design DeterminantMicroBlaze_microblaze_0_axi_periph_0 has unconnected port S00_ARESETN
---------------------------------------------------------------------------------
Finished Cross Boundary and Area Optimization : Time (s): cpu = 00:00:11 ; elapsed = 00:00:12 . Memory (MB): peak = 886.199 ; gain = 484.660
---------------------------------------------------------------------------------

Report RTL Partitions: 
+-+--------------+------------+----------+
| |RTL Partition |Replication |Instances |
+-+--------------+------------+----------+
+-+--------------+------------+----------+
---------------------------------------------------------------------------------
Start Applying XDC Timing Constraints
---------------------------------------------------------------------------------
INFO: [Synth 8-5578] Moved timing constraint from pin 'DeterminantMicroBlaze_i/clk_wiz_0/clk_out1' to pin 'DeterminantMicroBlaze_i/clk_wiz_0/bbstub_clk_out1/O'
INFO: [Synth 8-5578] Moved timing constraint from pin 'DeterminantMicroBlaze_i/microblaze_0_local_memory/dlmb_bram_if_cntlr/BRAM_Clk_A' to pin 'DeterminantMicroBlaze_i/microblaze_0_local_memory/dlmb_bram_if_cntlr/bbstub_BRAM_Clk_A/O'
INFO: [Synth 8-5578] Moved timing constraint from pin 'DeterminantMicroBlaze_i/microblaze_0_local_memory/ilmb_bram_if_cntlr/BRAM_Clk_A' to pin 'DeterminantMicroBlaze_i/microblaze_0_local_memory/ilmb_bram_if_cntlr/bbstub_BRAM_Clk_A/O'
INFO: [Synth 8-5578] Moved timing constraint from pin 'DeterminantMicroBlaze_i/mdm_1/Dbg_Clk_0' to pin 'DeterminantMicroBlaze_i/mdm_1/bbstub_Dbg_Clk_0/O'
INFO: [Synth 8-5578] Moved timing constraint from pin 'DeterminantMicroBlaze_i/mdm_1/Dbg_Update_0' to pin 'DeterminantMicroBlaze_i/mdm_1/bbstub_Dbg_Update_0/O'
INFO: [Synth 8-5819] Moved 5 constraints on hierarchical pins to their respective driving/loading pins
---------------------------------------------------------------------------------
Finished Applying XDC Timing Constraints : Time (s): cpu = 00:00:17 ; elapsed = 00:00:18 . Memory (MB): peak = 888.941 ; gain = 487.402
---------------------------------------------------------------------------------
---------------------------------------------------------------------------------
Start Timing Optimization
---------------------------------------------------------------------------------
---------------------------------------------------------------------------------
Finished Timing Optimization : Time (s): cpu = 00:00:17 ; elapsed = 00:00:18 . Memory (MB): peak = 889.312 ; gain = 487.773
---------------------------------------------------------------------------------

Report RTL Partitions: 
+-+--------------+------------+----------+
| |RTL Partition |Replication |Instances |
+-+--------------+------------+----------+
+-+--------------+------------+----------+
---------------------------------------------------------------------------------
Start Technology Mapping
---------------------------------------------------------------------------------
---------------------------------------------------------------------------------
Finished Technology Mapping : Time (s): cpu = 00:00:17 ; elapsed = 00:00:18 . Memory (MB): peak = 900.777 ; gain = 499.238
---------------------------------------------------------------------------------

Report RTL Partitions: 
+-+--------------+------------+----------+
| |RTL Partition |Replication |Instances |
+-+--------------+------------+----------+
+-+--------------+------------+----------+
---------------------------------------------------------------------------------
Start IO Insertion
---------------------------------------------------------------------------------
---------------------------------------------------------------------------------
Start Flattening Before IO Insertion
---------------------------------------------------------------------------------
---------------------------------------------------------------------------------
Finished Flattening Before IO Insertion
---------------------------------------------------------------------------------
---------------------------------------------------------------------------------
Start Final Netlist Cleanup
---------------------------------------------------------------------------------
---------------------------------------------------------------------------------
Finished Final Netlist Cleanup
---------------------------------------------------------------------------------
---------------------------------------------------------------------------------
Finished IO Insertion : Time (s): cpu = 00:00:18 ; elapsed = 00:00:19 . Memory (MB): peak = 900.777 ; gain = 499.238
---------------------------------------------------------------------------------

Report Check Netlist: 
+------+------------------+-------+---------+-------+------------------+
|      |Item              |Errors |Warnings |Status |Description       |
+------+------------------+-------+---------+-------+------------------+
|1     |multi_driven_nets |      0|        0|Passed |Multi driven nets |
+------+------------------+-------+---------+-------+------------------+
---------------------------------------------------------------------------------
Start Renaming Generated Instances
---------------------------------------------------------------------------------
---------------------------------------------------------------------------------
Finished Renaming Generated Instances : Time (s): cpu = 00:00:18 ; elapsed = 00:00:19 . Memory (MB): peak = 900.777 ; gain = 499.238
---------------------------------------------------------------------------------

Report RTL Partitions: 
+-+--------------+------------+----------+
| |RTL Partition |Replication |Instances |
+-+--------------+------------+----------+
+-+--------------+------------+----------+
---------------------------------------------------------------------------------
Start Rebuilding User Hierarchy
---------------------------------------------------------------------------------
---------------------------------------------------------------------------------
Finished Rebuilding User Hierarchy : Time (s): cpu = 00:00:18 ; elapsed = 00:00:19 . Memory (MB): peak = 900.777 ; gain = 499.238
---------------------------------------------------------------------------------
---------------------------------------------------------------------------------
Start Renaming Generated Ports
---------------------------------------------------------------------------------
---------------------------------------------------------------------------------
Finished Renaming Generated Ports : Time (s): cpu = 00:00:18 ; elapsed = 00:00:19 . Memory (MB): peak = 900.777 ; gain = 499.238
---------------------------------------------------------------------------------
---------------------------------------------------------------------------------
Start Handling Custom Attributes
---------------------------------------------------------------------------------
---------------------------------------------------------------------------------
Finished Handling Custom Attributes : Time (s): cpu = 00:00:18 ; elapsed = 00:00:19 . Memory (MB): peak = 900.777 ; gain = 499.238
---------------------------------------------------------------------------------
---------------------------------------------------------------------------------
Start Renaming Generated Nets
---------------------------------------------------------------------------------
---------------------------------------------------------------------------------
Finished Renaming Generated Nets : Time (s): cpu = 00:00:18 ; elapsed = 00:00:19 . Memory (MB): peak = 900.777 ; gain = 499.238
---------------------------------------------------------------------------------
---------------------------------------------------------------------------------
Start Writing Synthesis Report
---------------------------------------------------------------------------------

Report BlackBoxes: 
+------+-----------------------------------------------+----------+
|      |BlackBox name                                  |Instances |
+------+-----------------------------------------------+----------+
|1     |DeterminantMicroBlaze_xbar_0                   |         1|
|2     |DeterminantMicroBlaze_DeterminantTopModule_0_0 |         1|
|3     |DeterminantMicroBlaze_axi_gpio_0_0             |         1|
|4     |DeterminantMicroBlaze_axi_gpio_1_0             |         1|
|5     |DeterminantMicroBlaze_axi_gpio_2_0             |         1|
|6     |DeterminantMicroBlaze_axi_gpio_3_0             |         1|
|7     |DeterminantMicroBlaze_axi_gpio_3_1             |         1|
|8     |DeterminantMicroBlaze_axi_gpio_3_2             |         1|
|9     |DeterminantMicroBlaze_axi_gpio_3_3             |         1|
|10    |DeterminantMicroBlaze_axi_gpio_3_4             |         1|
|11    |DeterminantMicroBlaze_axi_gpio_3_5             |         1|
|12    |DeterminantMicroBlaze_axi_gpio_3_6             |         1|
|13    |DeterminantMicroBlaze_axi_uartlite_0_0         |         1|
|14    |DeterminantMicroBlaze_clk_wiz_0_0              |         1|
|15    |DeterminantMicroBlaze_mdm_1_0                  |         1|
|16    |DeterminantMicroBlaze_microblaze_0_0           |         1|
|17    |DeterminantMicroBlaze_rst_clk_wiz_0_100M_0     |         1|
|18    |DeterminantMicroBlaze_util_vector_logic_0_0    |         1|
|19    |DeterminantMicroBlaze_dlmb_bram_if_cntlr_0     |         1|
|20    |DeterminantMicroBlaze_dlmb_v10_0               |         1|
|21    |DeterminantMicroBlaze_ilmb_bram_if_cntlr_0     |         1|
|22    |DeterminantMicroBlaze_ilmb_v10_0               |         1|
|23    |DeterminantMicroBlaze_lmb_bram_0               |         1|
+------+-----------------------------------------------+----------+

Report Cell Usage: 
+------+-----------------------------------------------+------+
|      |Cell                                           |Count |
+------+-----------------------------------------------+------+
|1     |DeterminantMicroBlaze_DeterminantTopModule_0_0 |     1|
|2     |DeterminantMicroBlaze_axi_gpio_0_0             |     1|
|3     |DeterminantMicroBlaze_axi_gpio_1_0             |     1|
|4     |DeterminantMicroBlaze_axi_gpio_2_0             |     1|
|5     |DeterminantMicroBlaze_axi_gpio_3_0             |     1|
|6     |DeterminantMicroBlaze_axi_gpio_3_1             |     1|
|7     |DeterminantMicroBlaze_axi_gpio_3_2             |     1|
|8     |DeterminantMicroBlaze_axi_gpio_3_3             |     1|
|9     |DeterminantMicroBlaze_axi_gpio_3_4             |     1|
|10    |DeterminantMicroBlaze_axi_gpio_3_5             |     1|
|11    |DeterminantMicroBlaze_axi_gpio_3_6             |     1|
|12    |DeterminantMicroBlaze_axi_uartlite_0_0         |     1|
|13    |DeterminantMicroBlaze_clk_wiz_0_0              |     1|
|14    |DeterminantMicroBlaze_dlmb_bram_if_cntlr_0     |     1|
|15    |DeterminantMicroBlaze_dlmb_v10_0               |     1|
|16    |DeterminantMicroBlaze_ilmb_bram_if_cntlr_0     |     1|
|17    |DeterminantMicroBlaze_ilmb_v10_0               |     1|
|18    |DeterminantMicroBlaze_lmb_bram_0               |     1|
|19    |DeterminantMicroBlaze_mdm_1_0                  |     1|
|20    |DeterminantMicroBlaze_microblaze_0_0           |     1|
|21    |DeterminantMicroBlaze_rst_clk_wiz_0_100M_0     |     1|
|22    |DeterminantMicroBlaze_util_vector_logic_0_0    |     1|
|23    |DeterminantMicroBlaze_xbar_0                   |     1|
|24    |IBUF                                           |     5|
|25    |OBUF                                           |    17|
+------+-----------------------------------------------+------+

Report Instance Areas: 
+------+------------------------------+------------------------------------------------+------+
|      |Instance                      |Module                                          |Cells |
+------+------------------------------+------------------------------------------------+------+
|1     |top                           |                                                |  2819|
|2     |  DeterminantMicroBlaze_i     |DeterminantMicroBlaze                           |  2797|
|3     |    microblaze_0_axi_periph   |DeterminantMicroBlaze_microblaze_0_axi_periph_0 |  1262|
|4     |    microblaze_0_local_memory |microblaze_0_local_memory_imp_5CYS9E            |   496|
+------+------------------------------+------------------------------------------------+------+
---------------------------------------------------------------------------------
Finished Writing Synthesis Report : Time (s): cpu = 00:00:18 ; elapsed = 00:00:19 . Memory (MB): peak = 900.777 ; gain = 499.238
---------------------------------------------------------------------------------
Synthesis finished with 0 errors, 0 critical warnings and 24 warnings.
Synthesis Optimization Runtime : Time (s): cpu = 00:00:09 ; elapsed = 00:00:13 . Memory (MB): peak = 900.777 ; gain = 173.547
Synthesis Optimization Complete : Time (s): cpu = 00:00:18 ; elapsed = 00:00:19 . Memory (MB): peak = 900.777 ; gain = 499.238
INFO: [Project 1-571] Translating synthesized netlist
INFO: [Project 1-570] Preparing netlist for logic optimization
INFO: [Opt 31-138] Pushed 0 inverter(s) to 0 load pin(s).
Netlist sorting complete. Time (s): cpu = 00:00:00 ; elapsed = 00:00:00 . Memory (MB): peak = 910.258 ; gain = 0.000
INFO: [Project 1-111] Unisim Transformation Summary:
No Unisim elements were transformed.

INFO: [Common 17-83] Releasing license: Synthesis
97 Infos, 104 Warnings, 0 Critical Warnings and 0 Errors encountered.
synth_design completed successfully
synth_design: Time (s): cpu = 00:00:19 ; elapsed = 00:00:21 . Memory (MB): peak = 910.273 ; gain = 515.625
Netlist sorting complete. Time (s): cpu = 00:00:00 ; elapsed = 00:00:00 . Memory (MB): peak = 910.273 ; gain = 0.000
WARNING: [Constraints 18-5210] No constraints selected for write.
Resolution: This message can indicate that there are no constraints for the design, or it can indicate that the used_in flags are set such that the constraints are ignored. This later case is used when running synth_design to not write synthesis constraints to the resulting checkpoint. Instead, project constraints are read when the synthesized design is opened.
INFO: [Common 17-1381] The checkpoint 'C:/Users/KuldeepGohil/Desktop/Spring2021/CECS 460/labs/VivadoProjects/lab6/lab6.runs/synth_1/DeterminantMicroBlaze_wrapper.dcp' has been generated.
INFO: [runtcl-4] Executing : report_utilization -file DeterminantMicroBlaze_wrapper_utilization_synth.rpt -pb DeterminantMicroBlaze_wrapper_utilization_synth.pb
INFO: [Common 17-206] Exiting Vivado at Fri Apr 23 10:33:12 2021...
