#-----------------------------------------------------------
# Webtalk v2018.3 (64-bit)
# SW Build 2405991 on Thu Dec  6 23:38:27 MST 2018
# 
# Start of session at: Sat Apr 24 18:16:35 2021
# Process ID: 720
# Current directory: C:/Users/KuldeepGohil/Desktop/Spring2021/CECS460/labs/VivadoProjects/midtermProject/midtermProject.sdk/webtalk
# Command line: wbtcv.exe -mode batch -source sdk_webtalk.tcl
# Log file: C:/Users/KuldeepGohil/Desktop/Spring2021/CECS460/labs/VivadoProjects/midtermProject/midtermProject.sdk/webtalk/webtalk.log
# Journal file: C:/Users/KuldeepGohil/Desktop/Spring2021/CECS460/labs/VivadoProjects/midtermProject/midtermProject.sdk/webtalk\webtalk.jou
#-----------------------------------------------------------
source sdk_webtalk.tcl
# webtalk_init -webtalk_dir C:\\Users\\KuldeepGohil\\Desktop\\Spring2021\\CECS460\\labs\\VivadoProjects\\midtermProject\\midtermProject.sdk\\webtalk
# webtalk_register_client -client project
# webtalk_add_data -client project -key date_generated -value "2021-04-24 18:16:34" -context "software_version_and_target_device"
# webtalk_add_data -client project -key product_version -value "SDK v2018.3" -context "software_version_and_target_device"
# webtalk_add_data -client project -key build_version -value "2018.3" -context "software_version_and_target_device"
# webtalk_add_data -client project -key os_platform -value "amd64" -context "software_version_and_target_device"
# webtalk_add_data -client project -key registration_id -value "174166057_174166058_210737082_767" -context "software_version_and_target_device"
# webtalk_add_data -client project -key tool_flow -value "SDK" -context "software_version_and_target_device"
# webtalk_add_data -client project -key beta -value "false" -context "software_version_and_target_device"
# webtalk_add_data -client project -key route_design -value "NA" -context "software_version_and_target_device"
# webtalk_add_data -client project -key target_family -value "NA" -context "software_version_and_target_device"
# webtalk_add_data -client project -key target_device -value "NA" -context "software_version_and_target_device"
# webtalk_add_data -client project -key target_package -value "NA" -context "software_version_and_target_device"
# webtalk_add_data -client project -key target_speed -value "NA" -context "software_version_and_target_device"
# webtalk_add_data -client project -key random_id -value "tm5pj45oq8vh51bm6smjj61oa5" -context "software_version_and_target_device"
# webtalk_add_data -client project -key project_id -value "2018.3_28" -context "software_version_and_target_device"
# webtalk_add_data -client project -key project_iteration -value "28" -context "software_version_and_target_device"
# webtalk_add_data -client project -key os_name -value "Microsoft Windows 8 or later , 64-bit" -context "user_environment"
# webtalk_add_data -client project -key os_release -value "major release  (build 9200)" -context "user_environment"
# webtalk_add_data -client project -key cpu_name -value "AMD Ryzen 5 5600X 6-Core Processor             " -context "user_environment"
# webtalk_add_data -client project -key cpu_speed -value "3700 MHz" -context "user_environment"
# webtalk_add_data -client project -key total_processors -value "2" -context "user_environment"
# webtalk_add_data -client project -key system_ram -value "17.101 GB" -context "user_environment"
# webtalk_register_client -client sdk
# webtalk_add_data -client sdk -key uid -value "1619313345172" -context "sdk\\\\hardware/1619313345172"
# webtalk_add_data -client sdk -key isZynq -value "false" -context "sdk\\\\hardware/1619313345172"
# webtalk_add_data -client sdk -key isZynqMP -value "false" -context "sdk\\\\hardware/1619313345172"
# webtalk_add_data -client sdk -key Processors -value "1" -context "sdk\\\\hardware/1619313345172"
# webtalk_add_data -client sdk -key VivadoVersion -value "2018.3" -context "sdk\\\\hardware/1619313345172"
# webtalk_add_data -client sdk -key Arch -value "artix7" -context "sdk\\\\hardware/1619313345172"
# webtalk_add_data -client sdk -key Device -value "7a100t" -context "sdk\\\\hardware/1619313345172"
# webtalk_add_data -client sdk -key IsHandoff -value "true" -context "sdk\\\\hardware/1619313345172"
# webtalk_add_data -client sdk -key os -value "NA" -context "sdk\\\\hardware/1619313345172"
# webtalk_add_data -client sdk -key apptemplate -value "NA" -context "sdk\\\\hardware/1619313345172"
# webtalk_add_data -client sdk -key RecordType -value "HWCreation" -context "sdk\\\\hardware/1619313345172"
# webtalk_add_data -client sdk -key uid -value "NA" -context "sdk\\\\bsp/1619313394380"
# webtalk_add_data -client sdk -key RecordType -value "ToolUsage" -context "sdk\\\\bsp/1619313394380"
# webtalk_add_data -client sdk -key BootgenCount -value "0" -context "sdk\\\\bsp/1619313394380"
# webtalk_add_data -client sdk -key DebugCount -value "0" -context "sdk\\\\bsp/1619313394380"
# webtalk_add_data -client sdk -key PerfCount -value "0" -context "sdk\\\\bsp/1619313394380"
# webtalk_add_data -client sdk -key FlashCount -value "0" -context "sdk\\\\bsp/1619313394380"
# webtalk_add_data -client sdk -key CrossTriggCount -value "0" -context "sdk\\\\bsp/1619313394380"
# webtalk_add_data -client sdk -key QemuDebugCount -value "0" -context "sdk\\\\bsp/1619313394380"
# webtalk_transmit -clientid 571497155 -regid "174166057_174166058_210737082_767" -xml C:\\Users\\KuldeepGohil\\Desktop\\Spring2021\\CECS460\\labs\\VivadoProjects\\midtermProject\\midtermProject.sdk\\webtalk\\usage_statistics_ext_sdk.xml -html C:\\Users\\KuldeepGohil\\Desktop\\Spring2021\\CECS460\\labs\\VivadoProjects\\midtermProject\\midtermProject.sdk\\webtalk\\usage_statistics_ext_sdk.html -wdm C:\\Users\\KuldeepGohil\\Desktop\\Spring2021\\CECS460\\labs\\VivadoProjects\\midtermProject\\midtermProject.sdk\\webtalk\\sdk_webtalk.wdm -intro "<H3>SDK Usage Report</H3><BR>"
# webtalk_terminate
INFO: [Common 17-206] Exiting Webtalk at Sat Apr 24 18:16:36 2021...
