10:41:43 INFO  : Registering command handlers for SDK TCF services
10:41:45 INFO  : Launching XSCT server: xsct.bat -interactive C:\Users\KuldeepGohil\Desktop\Spring2021\CECS460\labs\VivadoProjects\lab6\lab6.sdk\temp_xsdb_launch_script.tcl
10:41:49 INFO  : XSCT server has started successfully.
10:41:57 INFO  : Successfully done setting XSCT server connection channel  
10:41:57 INFO  : Successfully done setting SDK workspace  
10:41:57 INFO  : Processing command line option -hwspec C:/Users/KuldeepGohil/Desktop/Spring2021/CECS460/labs/VivadoProjects/lab6/lab6.sdk/DeterminantMicroBlaze_wrapper.hdf.
10:49:29 INFO  : Connected to target on host '127.0.0.1' and port '3121'.
10:49:31 INFO  : 'targets -set -filter {jtag_cable_name =~ "Digilent Nexys4DDR 210292A8AD9BA" && level==0} -index 0' command is executed.
10:49:34 INFO  : FPGA configured successfully with bitstream "C:/Users/KuldeepGohil/Desktop/Spring2021/CECS460/labs/VivadoProjects/lab6/lab6.sdk/DeterminantMicroBlaze_wrapper_hw_platform_0/download.bit"
10:50:10 INFO  : 'targets -set -filter {jtag_cable_name =~ "Digilent Nexys4DDR 210292A8AD9BA" && level==0} -index 0' command is executed.
10:50:10 INFO  : 'fpga -state' command is executed.
10:50:10 INFO  : Connected to target on host '127.0.0.1' and port '3121'.
10:50:10 INFO  : Jtag cable 'Digilent Nexys4DDR 210292A8AD9BA' is selected.
10:50:10 INFO  : 'jtag frequency' command is executed.
10:50:10 INFO  : 'configparams mdm-detect-bscan-mask 2' command is executed.
10:50:10 INFO  : Context for processor 'microblaze_0' is selected.
10:50:10 INFO  : Processor reset is completed for 'microblaze_0'.
10:50:10 INFO  : Context for processor 'microblaze_0' is selected.
10:50:10 INFO  : The application 'C:/Users/KuldeepGohil/Desktop/Spring2021/CECS460/labs/VivadoProjects/lab6/lab6.sdk/MicroBlazeDeterminant/Debug/MicroBlazeDeterminant.elf' is downloaded to processor 'microblaze_0'.
10:50:10 INFO  : ----------------XSDB Script----------------
connect -url tcp:127.0.0.1:3121
configparams mdm-detect-bscan-mask 2
targets -set -nocase -filter {name =~ "microblaze*#0" && bscan=="USER2"  && jtag_cable_name =~ "Digilent Nexys4DDR 210292A8AD9BA"} -index 0
rst -processor
targets -set -nocase -filter {name =~ "microblaze*#0" && bscan=="USER2"  && jtag_cable_name =~ "Digilent Nexys4DDR 210292A8AD9BA"} -index 0
dow C:/Users/KuldeepGohil/Desktop/Spring2021/CECS460/labs/VivadoProjects/lab6/lab6.sdk/MicroBlazeDeterminant/Debug/MicroBlazeDeterminant.elf
----------------End of Script----------------

10:50:10 INFO  : Memory regions updated for context MicroBlaze #0
10:50:10 INFO  : Memory regions updated for context MicroBlaze Debug Module at USER2
10:50:10 INFO  : Context for processor 'microblaze_0' is selected.
10:50:10 INFO  : 'con' command is executed.
10:50:10 INFO  : ----------------XSDB Script (After Launch)----------------
targets -set -nocase -filter {name =~ "microblaze*#0" && bscan=="USER2"  && jtag_cable_name =~ "Digilent Nexys4DDR 210292A8AD9BA"} -index 0
con
----------------End of Script----------------

10:50:10 INFO  : Launch script is exported to file 'C:\Users\KuldeepGohil\Desktop\Spring2021\CECS460\labs\VivadoProjects\lab6\lab6.sdk\.sdk\launch_scripts\xilinx_c-c++_application_(system_debugger)\system_debugger_using_debug_microblazedeterminant.elf_on_local.tcl'
10:52:46 INFO  : Disconnected from the channel tcfchan#1.
10:52:47 INFO  : 'targets -set -filter {jtag_cable_name =~ "Digilent Nexys4DDR 210292A8AD9BA" && level==0} -index 0' command is executed.
10:52:47 INFO  : 'fpga -state' command is executed.
10:52:47 INFO  : Connected to target on host '127.0.0.1' and port '3121'.
10:52:47 INFO  : Jtag cable 'Digilent Nexys4DDR 210292A8AD9BA' is selected.
10:52:47 INFO  : 'jtag frequency' command is executed.
10:52:47 INFO  : 'configparams mdm-detect-bscan-mask 2' command is executed.
10:52:47 INFO  : Context for processor 'microblaze_0' is selected.
10:52:47 INFO  : Processor reset is completed for 'microblaze_0'.
10:52:48 INFO  : Context for processor 'microblaze_0' is selected.
10:52:48 INFO  : The application 'C:/Users/KuldeepGohil/Desktop/Spring2021/CECS460/labs/VivadoProjects/lab6/lab6.sdk/MicroBlazeDeterminant/Debug/MicroBlazeDeterminant.elf' is downloaded to processor 'microblaze_0'.
10:52:48 INFO  : ----------------XSDB Script----------------
connect -url tcp:127.0.0.1:3121
configparams mdm-detect-bscan-mask 2
targets -set -nocase -filter {name =~ "microblaze*#0" && bscan=="USER2"  && jtag_cable_name =~ "Digilent Nexys4DDR 210292A8AD9BA"} -index 0
rst -processor
targets -set -nocase -filter {name =~ "microblaze*#0" && bscan=="USER2"  && jtag_cable_name =~ "Digilent Nexys4DDR 210292A8AD9BA"} -index 0
dow C:/Users/KuldeepGohil/Desktop/Spring2021/CECS460/labs/VivadoProjects/lab6/lab6.sdk/MicroBlazeDeterminant/Debug/MicroBlazeDeterminant.elf
----------------End of Script----------------

10:52:48 INFO  : Memory regions updated for context MicroBlaze #0
10:52:48 INFO  : Memory regions updated for context MicroBlaze Debug Module at USER2
10:52:48 INFO  : Context for processor 'microblaze_0' is selected.
10:52:48 INFO  : 'con' command is executed.
10:52:48 INFO  : ----------------XSDB Script (After Launch)----------------
targets -set -nocase -filter {name =~ "microblaze*#0" && bscan=="USER2"  && jtag_cable_name =~ "Digilent Nexys4DDR 210292A8AD9BA"} -index 0
con
----------------End of Script----------------

10:52:48 INFO  : Launch script is exported to file 'C:\Users\KuldeepGohil\Desktop\Spring2021\CECS460\labs\VivadoProjects\lab6\lab6.sdk\.sdk\launch_scripts\xilinx_c-c++_application_(system_debugger)\system_debugger_using_debug_microblazedeterminant.elf_on_local.tcl'
10:56:17 INFO  : Connected to target on host '127.0.0.1' and port '3121'.
10:56:17 INFO  : 'targets -set -filter {jtag_cable_name =~ "Digilent Nexys4DDR 210292A8AD9BA" && level==0} -index 0' command is executed.
10:56:19 INFO  : FPGA configured successfully with bitstream "C:/Users/KuldeepGohil/Desktop/Spring2021/CECS460/labs/VivadoProjects/lab6/lab6.sdk/DeterminantMicroBlaze_wrapper_hw_platform_0/download.bit"
10:56:39 INFO  : Disconnected from the channel tcfchan#2.
10:56:40 INFO  : 'targets -set -filter {jtag_cable_name =~ "Digilent Nexys4DDR 210292A8AD9BA" && level==0} -index 0' command is executed.
10:56:40 INFO  : 'fpga -state' command is executed.
10:56:40 INFO  : Connected to target on host '127.0.0.1' and port '3121'.
10:56:40 INFO  : Jtag cable 'Digilent Nexys4DDR 210292A8AD9BA' is selected.
10:56:40 INFO  : 'jtag frequency' command is executed.
10:56:40 INFO  : 'configparams mdm-detect-bscan-mask 2' command is executed.
10:56:40 INFO  : Context for processor 'microblaze_0' is selected.
10:56:40 INFO  : Processor reset is completed for 'microblaze_0'.
10:56:40 INFO  : Context for processor 'microblaze_0' is selected.
10:56:40 INFO  : The application 'C:/Users/KuldeepGohil/Desktop/Spring2021/CECS460/labs/VivadoProjects/lab6/lab6.sdk/MicroBlazeDeterminant/Debug/MicroBlazeDeterminant.elf' is downloaded to processor 'microblaze_0'.
10:56:40 INFO  : ----------------XSDB Script----------------
connect -url tcp:127.0.0.1:3121
configparams mdm-detect-bscan-mask 2
targets -set -nocase -filter {name =~ "microblaze*#0" && bscan=="USER2"  && jtag_cable_name =~ "Digilent Nexys4DDR 210292A8AD9BA"} -index 0
rst -processor
targets -set -nocase -filter {name =~ "microblaze*#0" && bscan=="USER2"  && jtag_cable_name =~ "Digilent Nexys4DDR 210292A8AD9BA"} -index 0
dow C:/Users/KuldeepGohil/Desktop/Spring2021/CECS460/labs/VivadoProjects/lab6/lab6.sdk/MicroBlazeDeterminant/Debug/MicroBlazeDeterminant.elf
----------------End of Script----------------

10:56:40 INFO  : Memory regions updated for context MicroBlaze #0
10:56:40 INFO  : Memory regions updated for context MicroBlaze Debug Module at USER2
10:56:41 INFO  : Context for processor 'microblaze_0' is selected.
10:56:41 INFO  : 'con' command is executed.
10:56:41 INFO  : ----------------XSDB Script (After Launch)----------------
targets -set -nocase -filter {name =~ "microblaze*#0" && bscan=="USER2"  && jtag_cable_name =~ "Digilent Nexys4DDR 210292A8AD9BA"} -index 0
con
----------------End of Script----------------

10:56:41 INFO  : Launch script is exported to file 'C:\Users\KuldeepGohil\Desktop\Spring2021\CECS460\labs\VivadoProjects\lab6\lab6.sdk\.sdk\launch_scripts\xilinx_c-c++_application_(system_debugger)\system_debugger_using_debug_microblazedeterminant.elf_on_local.tcl'
11:03:16 INFO  : Disconnected from the channel tcfchan#3.
11:03:17 INFO  : 'targets -set -filter {jtag_cable_name =~ "Digilent Nexys4DDR 210292A8AD9BA" && level==0} -index 0' command is executed.
11:03:17 INFO  : 'fpga -state' command is executed.
11:03:17 INFO  : Connected to target on host '127.0.0.1' and port '3121'.
11:03:17 INFO  : Jtag cable 'Digilent Nexys4DDR 210292A8AD9BA' is selected.
11:03:17 INFO  : 'jtag frequency' command is executed.
11:03:17 INFO  : 'configparams mdm-detect-bscan-mask 2' command is executed.
11:03:17 INFO  : Context for processor 'microblaze_0' is selected.
11:03:17 INFO  : Processor reset is completed for 'microblaze_0'.
11:03:17 INFO  : Context for processor 'microblaze_0' is selected.
11:03:17 INFO  : The application 'C:/Users/KuldeepGohil/Desktop/Spring2021/CECS460/labs/VivadoProjects/lab6/lab6.sdk/MicroBlazeDeterminant/Debug/MicroBlazeDeterminant.elf' is downloaded to processor 'microblaze_0'.
11:03:17 INFO  : ----------------XSDB Script----------------
connect -url tcp:127.0.0.1:3121
configparams mdm-detect-bscan-mask 2
targets -set -nocase -filter {name =~ "microblaze*#0" && bscan=="USER2"  && jtag_cable_name =~ "Digilent Nexys4DDR 210292A8AD9BA"} -index 0
rst -processor
targets -set -nocase -filter {name =~ "microblaze*#0" && bscan=="USER2"  && jtag_cable_name =~ "Digilent Nexys4DDR 210292A8AD9BA"} -index 0
dow C:/Users/KuldeepGohil/Desktop/Spring2021/CECS460/labs/VivadoProjects/lab6/lab6.sdk/MicroBlazeDeterminant/Debug/MicroBlazeDeterminant.elf
----------------End of Script----------------

11:03:17 INFO  : Memory regions updated for context MicroBlaze #0
11:03:17 INFO  : Memory regions updated for context MicroBlaze Debug Module at USER2
11:03:17 INFO  : Context for processor 'microblaze_0' is selected.
11:03:17 INFO  : 'con' command is executed.
11:03:17 INFO  : ----------------XSDB Script (After Launch)----------------
targets -set -nocase -filter {name =~ "microblaze*#0" && bscan=="USER2"  && jtag_cable_name =~ "Digilent Nexys4DDR 210292A8AD9BA"} -index 0
con
----------------End of Script----------------

11:03:17 INFO  : Launch script is exported to file 'C:\Users\KuldeepGohil\Desktop\Spring2021\CECS460\labs\VivadoProjects\lab6\lab6.sdk\.sdk\launch_scripts\xilinx_c-c++_application_(system_debugger)\system_debugger_using_debug_microblazedeterminant.elf_on_local.tcl'
11:05:20 INFO  : Connected to target on host '127.0.0.1' and port '3121'.
11:05:20 INFO  : 'targets -set -filter {jtag_cable_name =~ "Digilent Nexys4DDR 210292A8AD9BA" && level==0} -index 0' command is executed.
11:05:22 INFO  : FPGA configured successfully with bitstream "C:/Users/KuldeepGohil/Desktop/Spring2021/CECS460/labs/VivadoProjects/lab6/lab6.sdk/DeterminantMicroBlaze_wrapper_hw_platform_0/download.bit"
11:05:59 INFO  : Connected to target on host '127.0.0.1' and port '3121'.
11:05:59 INFO  : 'targets -set -filter {jtag_cable_name =~ "Digilent Nexys4DDR 210292A8AD9BA" && level==0} -index 0' command is executed.
11:06:01 INFO  : FPGA configured successfully with bitstream "C:/Users/KuldeepGohil/Desktop/Spring2021/CECS460/labs/VivadoProjects/lab6/lab6.sdk/DeterminantMicroBlaze_wrapper_hw_platform_0/download.bit"
11:06:15 INFO  : Disconnected from the channel tcfchan#4.
11:06:16 INFO  : 'targets -set -filter {jtag_cable_name =~ "Digilent Nexys4DDR 210292A8AD9BA" && level==0} -index 0' command is executed.
11:06:16 INFO  : 'fpga -state' command is executed.
11:06:16 INFO  : Connected to target on host '127.0.0.1' and port '3121'.
11:06:17 INFO  : Jtag cable 'Digilent Nexys4DDR 210292A8AD9BA' is selected.
11:06:17 INFO  : 'jtag frequency' command is executed.
11:06:17 INFO  : 'configparams mdm-detect-bscan-mask 2' command is executed.
11:06:17 INFO  : Context for processor 'microblaze_0' is selected.
11:06:17 INFO  : Processor reset is completed for 'microblaze_0'.
11:06:17 INFO  : Context for processor 'microblaze_0' is selected.
11:06:17 INFO  : The application 'C:/Users/KuldeepGohil/Desktop/Spring2021/CECS460/labs/VivadoProjects/lab6/lab6.sdk/MicroBlazeDeterminant/Debug/MicroBlazeDeterminant.elf' is downloaded to processor 'microblaze_0'.
11:06:17 INFO  : ----------------XSDB Script----------------
connect -url tcp:127.0.0.1:3121
configparams mdm-detect-bscan-mask 2
targets -set -nocase -filter {name =~ "microblaze*#0" && bscan=="USER2"  && jtag_cable_name =~ "Digilent Nexys4DDR 210292A8AD9BA"} -index 0
rst -processor
targets -set -nocase -filter {name =~ "microblaze*#0" && bscan=="USER2"  && jtag_cable_name =~ "Digilent Nexys4DDR 210292A8AD9BA"} -index 0
dow C:/Users/KuldeepGohil/Desktop/Spring2021/CECS460/labs/VivadoProjects/lab6/lab6.sdk/MicroBlazeDeterminant/Debug/MicroBlazeDeterminant.elf
----------------End of Script----------------

11:06:17 INFO  : Memory regions updated for context MicroBlaze #0
11:06:17 INFO  : Memory regions updated for context MicroBlaze Debug Module at USER2
11:06:17 INFO  : Context for processor 'microblaze_0' is selected.
11:06:17 INFO  : 'con' command is executed.
11:06:17 INFO  : ----------------XSDB Script (After Launch)----------------
targets -set -nocase -filter {name =~ "microblaze*#0" && bscan=="USER2"  && jtag_cable_name =~ "Digilent Nexys4DDR 210292A8AD9BA"} -index 0
con
----------------End of Script----------------

11:06:17 INFO  : Launch script is exported to file 'C:\Users\KuldeepGohil\Desktop\Spring2021\CECS460\labs\VivadoProjects\lab6\lab6.sdk\.sdk\launch_scripts\xilinx_c-c++_application_(system_debugger)\system_debugger_using_debug_microblazedeterminant.elf_on_local.tcl'
11:09:54 INFO  : Disconnected from the channel tcfchan#5.
11:09:55 INFO  : 'targets -set -filter {jtag_cable_name =~ "Digilent Nexys4DDR 210292A8AD9BA" && level==0} -index 0' command is executed.
11:09:55 INFO  : 'fpga -state' command is executed.
11:09:55 INFO  : Connected to target on host '127.0.0.1' and port '3121'.
11:09:55 INFO  : Jtag cable 'Digilent Nexys4DDR 210292A8AD9BA' is selected.
11:09:55 INFO  : 'jtag frequency' command is executed.
11:09:55 INFO  : 'configparams mdm-detect-bscan-mask 2' command is executed.
11:09:55 INFO  : Context for processor 'microblaze_0' is selected.
11:09:55 INFO  : Processor reset is completed for 'microblaze_0'.
11:09:55 INFO  : Context for processor 'microblaze_0' is selected.
11:09:55 INFO  : The application 'C:/Users/KuldeepGohil/Desktop/Spring2021/CECS460/labs/VivadoProjects/lab6/lab6.sdk/MicroBlazeDeterminant/Debug/MicroBlazeDeterminant.elf' is downloaded to processor 'microblaze_0'.
11:09:55 INFO  : ----------------XSDB Script----------------
connect -url tcp:127.0.0.1:3121
configparams mdm-detect-bscan-mask 2
targets -set -nocase -filter {name =~ "microblaze*#0" && bscan=="USER2"  && jtag_cable_name =~ "Digilent Nexys4DDR 210292A8AD9BA"} -index 0
rst -processor
targets -set -nocase -filter {name =~ "microblaze*#0" && bscan=="USER2"  && jtag_cable_name =~ "Digilent Nexys4DDR 210292A8AD9BA"} -index 0
dow C:/Users/KuldeepGohil/Desktop/Spring2021/CECS460/labs/VivadoProjects/lab6/lab6.sdk/MicroBlazeDeterminant/Debug/MicroBlazeDeterminant.elf
----------------End of Script----------------

11:09:55 INFO  : Memory regions updated for context MicroBlaze #0
11:09:55 INFO  : Memory regions updated for context MicroBlaze Debug Module at USER2
11:09:55 INFO  : Context for processor 'microblaze_0' is selected.
11:09:55 INFO  : 'con' command is executed.
11:09:55 INFO  : ----------------XSDB Script (After Launch)----------------
targets -set -nocase -filter {name =~ "microblaze*#0" && bscan=="USER2"  && jtag_cable_name =~ "Digilent Nexys4DDR 210292A8AD9BA"} -index 0
con
----------------End of Script----------------

11:09:55 INFO  : Launch script is exported to file 'C:\Users\KuldeepGohil\Desktop\Spring2021\CECS460\labs\VivadoProjects\lab6\lab6.sdk\.sdk\launch_scripts\xilinx_c-c++_application_(system_debugger)\system_debugger_using_debug_microblazedeterminant.elf_on_local.tcl'
11:12:06 INFO  : Disconnected from the channel tcfchan#6.
00:52:49 INFO  : Registering command handlers for SDK TCF services
00:52:51 INFO  : Launching XSCT server: xsct.bat -interactive C:\Users\KuldeepGohil\Desktop\Spring2021\CECS460\labs\VivadoProjects\lab6\lab6.sdk\temp_xsdb_launch_script.tcl
00:52:55 INFO  : XSCT server has started successfully.
00:53:03 INFO  : Successfully done setting XSCT server connection channel  
00:53:03 INFO  : Successfully done setting SDK workspace  
00:53:03 INFO  : Processing command line option -hwspec C:/Users/KuldeepGohil/Desktop/Spring2021/CECS460/labs/VivadoProjects/lab6/lab6.sdk/DeterminantMicroBlaze_wrapper.hdf.
00:53:03 INFO  : Checking for hwspec changes in the project DeterminantMicroBlaze_wrapper_hw_platform_0.
03:11:33 INFO  : Registering command handlers for SDK TCF services
03:11:33 INFO  : Launching XSCT server: xsct.bat -interactive C:\Users\KuldeepGohil\Desktop\Spring2021\CECS460\labs\VivadoProjects\lab6\lab6.sdk\temp_xsdb_launch_script.tcl
03:11:35 INFO  : XSCT server has started successfully.
03:11:36 INFO  : Successfully done setting XSCT server connection channel  
03:11:36 INFO  : Successfully done setting SDK workspace  
03:11:36 INFO  : Processing command line option -hwspec C:/Users/KuldeepGohil/Desktop/Spring2021/CECS460/labs/VivadoProjects/lab6/lab6.sdk/DeterminantMicroBlaze_wrapper.hdf.
03:11:36 INFO  : Checking for hwspec changes in the project DeterminantMicroBlaze_wrapper_hw_platform_0.
03:37:09 INFO  : Connected to target on host '127.0.0.1' and port '3121'.
03:37:11 INFO  : 'targets -set -filter {jtag_cable_name =~ "Digilent Nexys4DDR 210292A8AD9BA" && level==0} -index 0' command is executed.
03:37:13 INFO  : FPGA configured successfully with bitstream "C:/Users/KuldeepGohil/Desktop/Spring2021/CECS460/labs/VivadoProjects/lab6/lab6.sdk/DeterminantMicroBlaze_wrapper_hw_platform_0/download.bit"
03:37:31 INFO  : 'targets -set -filter {jtag_cable_name =~ "Digilent Nexys4DDR 210292A8AD9BA" && level==0} -index 0' command is executed.
03:37:31 INFO  : 'fpga -state' command is executed.
03:37:31 INFO  : Connected to target on host '127.0.0.1' and port '3121'.
03:37:31 INFO  : Jtag cable 'Digilent Nexys4DDR 210292A8AD9BA' is selected.
03:37:31 INFO  : 'jtag frequency' command is executed.
03:37:31 INFO  : 'configparams mdm-detect-bscan-mask 2' command is executed.
03:37:31 INFO  : Context for processor 'microblaze_0' is selected.
03:37:31 INFO  : Processor reset is completed for 'microblaze_0'.
03:37:31 INFO  : Context for processor 'microblaze_0' is selected.
03:37:31 INFO  : The application 'C:/Users/KuldeepGohil/Desktop/Spring2021/CECS460/labs/VivadoProjects/lab6/lab6.sdk/MicroBlazeDeterminant/Debug/MicroBlazeDeterminant.elf' is downloaded to processor 'microblaze_0'.
03:37:31 INFO  : ----------------XSDB Script----------------
connect -url tcp:127.0.0.1:3121
configparams mdm-detect-bscan-mask 2
targets -set -nocase -filter {name =~ "microblaze*#0" && bscan=="USER2"  && jtag_cable_name =~ "Digilent Nexys4DDR 210292A8AD9BA"} -index 0
rst -processor
targets -set -nocase -filter {name =~ "microblaze*#0" && bscan=="USER2"  && jtag_cable_name =~ "Digilent Nexys4DDR 210292A8AD9BA"} -index 0
dow C:/Users/KuldeepGohil/Desktop/Spring2021/CECS460/labs/VivadoProjects/lab6/lab6.sdk/MicroBlazeDeterminant/Debug/MicroBlazeDeterminant.elf
----------------End of Script----------------

03:37:31 INFO  : Memory regions updated for context MicroBlaze #0
03:37:31 INFO  : Memory regions updated for context MicroBlaze Debug Module at USER2
03:37:31 INFO  : Context for processor 'microblaze_0' is selected.
03:37:31 INFO  : 'con' command is executed.
03:37:31 INFO  : ----------------XSDB Script (After Launch)----------------
targets -set -nocase -filter {name =~ "microblaze*#0" && bscan=="USER2"  && jtag_cable_name =~ "Digilent Nexys4DDR 210292A8AD9BA"} -index 0
con
----------------End of Script----------------

03:37:31 INFO  : Launch script is exported to file 'C:\Users\KuldeepGohil\Desktop\Spring2021\CECS460\labs\VivadoProjects\lab6\lab6.sdk\.sdk\launch_scripts\xilinx_c-c++_application_(system_debugger)\system_debugger_using_debug_microblazedeterminant.elf_on_local.tcl'
03:43:48 INFO  : Disconnected from the channel tcfchan#1.
03:43:49 INFO  : 'targets -set -filter {jtag_cable_name =~ "Digilent Nexys4DDR 210292A8AD9BA" && level==0} -index 0' command is executed.
03:43:49 INFO  : 'fpga -state' command is executed.
03:43:49 INFO  : Connected to target on host '127.0.0.1' and port '3121'.
03:43:49 INFO  : Jtag cable 'Digilent Nexys4DDR 210292A8AD9BA' is selected.
03:43:49 INFO  : 'jtag frequency' command is executed.
03:43:49 INFO  : 'configparams mdm-detect-bscan-mask 2' command is executed.
03:43:49 INFO  : Context for processor 'microblaze_0' is selected.
03:43:49 INFO  : Processor reset is completed for 'microblaze_0'.
03:43:49 INFO  : Context for processor 'microblaze_0' is selected.
03:43:49 INFO  : The application 'C:/Users/KuldeepGohil/Desktop/Spring2021/CECS460/labs/VivadoProjects/lab6/lab6.sdk/MicroBlazeDeterminant/Debug/MicroBlazeDeterminant.elf' is downloaded to processor 'microblaze_0'.
03:43:49 INFO  : ----------------XSDB Script----------------
connect -url tcp:127.0.0.1:3121
configparams mdm-detect-bscan-mask 2
targets -set -nocase -filter {name =~ "microblaze*#0" && bscan=="USER2"  && jtag_cable_name =~ "Digilent Nexys4DDR 210292A8AD9BA"} -index 0
rst -processor
targets -set -nocase -filter {name =~ "microblaze*#0" && bscan=="USER2"  && jtag_cable_name =~ "Digilent Nexys4DDR 210292A8AD9BA"} -index 0
dow C:/Users/KuldeepGohil/Desktop/Spring2021/CECS460/labs/VivadoProjects/lab6/lab6.sdk/MicroBlazeDeterminant/Debug/MicroBlazeDeterminant.elf
----------------End of Script----------------

03:43:49 INFO  : Memory regions updated for context MicroBlaze #0
03:43:49 INFO  : Memory regions updated for context MicroBlaze Debug Module at USER2
03:43:49 INFO  : Context for processor 'microblaze_0' is selected.
03:43:49 INFO  : 'con' command is executed.
03:43:49 INFO  : ----------------XSDB Script (After Launch)----------------
targets -set -nocase -filter {name =~ "microblaze*#0" && bscan=="USER2"  && jtag_cable_name =~ "Digilent Nexys4DDR 210292A8AD9BA"} -index 0
con
----------------End of Script----------------

03:43:49 INFO  : Launch script is exported to file 'C:\Users\KuldeepGohil\Desktop\Spring2021\CECS460\labs\VivadoProjects\lab6\lab6.sdk\.sdk\launch_scripts\xilinx_c-c++_application_(system_debugger)\system_debugger_using_debug_microblazedeterminant.elf_on_local.tcl'
03:44:05 INFO  : Connected to target on host '127.0.0.1' and port '3121'.
03:44:05 INFO  : 'targets -set -filter {jtag_cable_name =~ "Digilent Nexys4DDR 210292A8AD9BA" && level==0} -index 0' command is executed.
03:44:07 INFO  : FPGA configured successfully with bitstream "C:/Users/KuldeepGohil/Desktop/Spring2021/CECS460/labs/VivadoProjects/lab6/lab6.sdk/DeterminantMicroBlaze_wrapper_hw_platform_0/download.bit"
03:44:14 INFO  : Disconnected from the channel tcfchan#2.
03:44:15 INFO  : 'targets -set -filter {jtag_cable_name =~ "Digilent Nexys4DDR 210292A8AD9BA" && level==0} -index 0' command is executed.
03:44:15 INFO  : 'fpga -state' command is executed.
03:44:15 INFO  : Connected to target on host '127.0.0.1' and port '3121'.
03:44:16 INFO  : Jtag cable 'Digilent Nexys4DDR 210292A8AD9BA' is selected.
03:44:16 INFO  : 'jtag frequency' command is executed.
03:44:16 INFO  : 'configparams mdm-detect-bscan-mask 2' command is executed.
03:44:16 INFO  : Context for processor 'microblaze_0' is selected.
03:44:16 INFO  : Processor reset is completed for 'microblaze_0'.
03:44:16 INFO  : Context for processor 'microblaze_0' is selected.
03:44:16 INFO  : The application 'C:/Users/KuldeepGohil/Desktop/Spring2021/CECS460/labs/VivadoProjects/lab6/lab6.sdk/MicroBlazeDeterminant/Debug/MicroBlazeDeterminant.elf' is downloaded to processor 'microblaze_0'.
03:44:16 INFO  : ----------------XSDB Script----------------
connect -url tcp:127.0.0.1:3121
configparams mdm-detect-bscan-mask 2
targets -set -nocase -filter {name =~ "microblaze*#0" && bscan=="USER2"  && jtag_cable_name =~ "Digilent Nexys4DDR 210292A8AD9BA"} -index 0
rst -processor
targets -set -nocase -filter {name =~ "microblaze*#0" && bscan=="USER2"  && jtag_cable_name =~ "Digilent Nexys4DDR 210292A8AD9BA"} -index 0
dow C:/Users/KuldeepGohil/Desktop/Spring2021/CECS460/labs/VivadoProjects/lab6/lab6.sdk/MicroBlazeDeterminant/Debug/MicroBlazeDeterminant.elf
----------------End of Script----------------

03:44:16 INFO  : Memory regions updated for context MicroBlaze #0
03:44:16 INFO  : Memory regions updated for context MicroBlaze Debug Module at USER2
03:44:16 INFO  : Context for processor 'microblaze_0' is selected.
03:44:16 INFO  : 'con' command is executed.
03:44:16 INFO  : ----------------XSDB Script (After Launch)----------------
targets -set -nocase -filter {name =~ "microblaze*#0" && bscan=="USER2"  && jtag_cable_name =~ "Digilent Nexys4DDR 210292A8AD9BA"} -index 0
con
----------------End of Script----------------

03:44:16 INFO  : Launch script is exported to file 'C:\Users\KuldeepGohil\Desktop\Spring2021\CECS460\labs\VivadoProjects\lab6\lab6.sdk\.sdk\launch_scripts\xilinx_c-c++_application_(system_debugger)\system_debugger_using_debug_microblazedeterminant.elf_on_local.tcl'
03:44:48 INFO  : Disconnected from the channel tcfchan#3.
03:44:49 INFO  : 'targets -set -filter {jtag_cable_name =~ "Digilent Nexys4DDR 210292A8AD9BA" && level==0} -index 0' command is executed.
03:44:49 INFO  : 'fpga -state' command is executed.
03:44:49 INFO  : Connected to target on host '127.0.0.1' and port '3121'.
03:44:49 INFO  : Jtag cable 'Digilent Nexys4DDR 210292A8AD9BA' is selected.
03:44:49 INFO  : 'jtag frequency' command is executed.
03:44:49 INFO  : 'configparams mdm-detect-bscan-mask 2' command is executed.
03:44:49 INFO  : Context for processor 'microblaze_0' is selected.
03:44:50 INFO  : Processor reset is completed for 'microblaze_0'.
03:44:50 INFO  : Context for processor 'microblaze_0' is selected.
03:44:50 INFO  : The application 'C:/Users/KuldeepGohil/Desktop/Spring2021/CECS460/labs/VivadoProjects/lab6/lab6.sdk/MicroBlazeDeterminant/Debug/MicroBlazeDeterminant.elf' is downloaded to processor 'microblaze_0'.
03:44:50 INFO  : ----------------XSDB Script----------------
connect -url tcp:127.0.0.1:3121
configparams mdm-detect-bscan-mask 2
targets -set -nocase -filter {name =~ "microblaze*#0" && bscan=="USER2"  && jtag_cable_name =~ "Digilent Nexys4DDR 210292A8AD9BA"} -index 0
rst -processor
targets -set -nocase -filter {name =~ "microblaze*#0" && bscan=="USER2"  && jtag_cable_name =~ "Digilent Nexys4DDR 210292A8AD9BA"} -index 0
dow C:/Users/KuldeepGohil/Desktop/Spring2021/CECS460/labs/VivadoProjects/lab6/lab6.sdk/MicroBlazeDeterminant/Debug/MicroBlazeDeterminant.elf
----------------End of Script----------------

03:44:50 INFO  : Memory regions updated for context MicroBlaze #0
03:44:50 INFO  : Memory regions updated for context MicroBlaze Debug Module at USER2
03:44:50 INFO  : Context for processor 'microblaze_0' is selected.
03:44:50 INFO  : 'con' command is executed.
03:44:50 INFO  : ----------------XSDB Script (After Launch)----------------
targets -set -nocase -filter {name =~ "microblaze*#0" && bscan=="USER2"  && jtag_cable_name =~ "Digilent Nexys4DDR 210292A8AD9BA"} -index 0
con
----------------End of Script----------------

03:44:50 INFO  : Launch script is exported to file 'C:\Users\KuldeepGohil\Desktop\Spring2021\CECS460\labs\VivadoProjects\lab6\lab6.sdk\.sdk\launch_scripts\xilinx_c-c++_application_(system_debugger)\system_debugger_using_debug_microblazedeterminant.elf_on_local.tcl'
05:09:45 INFO  : Disconnected from the channel tcfchan#4.
