Command line:
   Decoder_tb_isim_beh.exe
     -simmode  gui
     -simrunnum  0
     -socket  53577

Mon May 01 00:22:00 2017


 Elaboration Time: 0.0624 sec

 Current Memory Usage: 663.72 Meg

 Total Signals          : 15
 Total Nets             : 24
 Total Signal Drivers   : 7
 Total Blocks           : 3
 Total Primitive Blocks : 2
 Total Processes        : 10
 Total Traceable Variables  : 21
 Total Scalar Nets and Variables : 147
Total Line Count : 28

 Total Simulation Time: 0.078 sec

 Current Memory Usage: 821.006 Meg

Mon May 01 00:23:38 2017

