--------------------------------------------------------------------------------
Release 14.7 Trace  (nt64)
Copyright (c) 1995-2013 Xilinx, Inc.  All rights reserved.

C:\Xilinx\14.7\ISE_DS\ISE\bin\nt64\unwrapped\trce.exe -intstyle ise -v 3 -s 3
-n 3 -fastpaths -xml topModule.twx topModule.ncd -o topModule.twr topModule.pcf
-ucf Project2.ucf

Design file:              topModule.ncd
Physical constraint file: topModule.pcf
Device,package,speed:     xc7a100t,csg324,C,-3 (PRODUCTION 1.10 2013-10-13)
Report level:             verbose report

Environment Variable      Effect 
--------------------      ------ 
NONE                      No environment variables were set
--------------------------------------------------------------------------------

INFO:Timing:2698 - No timing constraints found, doing default enumeration.
INFO:Timing:3412 - To improve timing, see the Timing Closure User Guide (UG612).
INFO:Timing:2752 - To get complete path coverage, use the unconstrained paths 
   option. All paths that are not constrained will be reported in the 
   unconstrained paths section(s) of the report.
INFO:Timing:3339 - The clock-to-out numbers in this timing report are based on 
   a 50 Ohm transmission line loading model.  For the details of this model, 
   and for more information on accounting for different loading conditions, 
   please see the device datasheet.



Data Sheet report:
-----------------
All values displayed in nanoseconds (ns)

Setup/Hold to clock clk
------------+------------+------------+------------+------------+------------------+--------+
            |Max Setup to|  Process   |Max Hold to |  Process   |                  | Clock  |
Source      | clk (edge) |   Corner   | clk (edge) |   Corner   |Internal Clock(s) | Phase  |
------------+------------+------------+------------+------------+------------------+--------+
push        |   -0.116(R)|      FAST  |    1.800(R)|      SLOW  |clk_BUFGP         |   0.000|
rst         |    1.235(R)|      FAST  |    1.821(R)|      SLOW  |clk_BUFGP         |   0.000|
------------+------------+------------+------------+------------+------------------+--------+

Clock clk to Pad
------------+-----------------+------------+-----------------+------------+------------------+--------+
            |Max (slowest) clk|  Process   |Min (fastest) clk|  Process   |                  | Clock  |
Destination |  (edge) to PAD  |   Corner   |  (edge) to PAD  |   Corner   |Internal Clock(s) | Phase  |
------------+-----------------+------------+-----------------+------------+------------------+--------+
anode<0>    |         9.397(R)|      SLOW  |         3.472(R)|      FAST  |clk_BUFGP         |   0.000|
anode<1>    |         9.295(R)|      SLOW  |         3.424(R)|      FAST  |clk_BUFGP         |   0.000|
anode<2>    |        10.485(R)|      SLOW  |         4.043(R)|      FAST  |clk_BUFGP         |   0.000|
anode<3>    |         9.201(R)|      SLOW  |         3.372(R)|      FAST  |clk_BUFGP         |   0.000|
anode<4>    |         9.670(R)|      SLOW  |         3.616(R)|      FAST  |clk_BUFGP         |   0.000|
anode<5>    |         9.910(R)|      SLOW  |         3.751(R)|      FAST  |clk_BUFGP         |   0.000|
anode<6>    |        10.622(R)|      SLOW  |         4.202(R)|      FAST  |clk_BUFGP         |   0.000|
anode<7>    |        10.053(R)|      SLOW  |         3.816(R)|      FAST  |clk_BUFGP         |   0.000|
cathode<0>  |        11.825(R)|      SLOW  |         4.184(R)|      FAST  |clk_BUFGP         |   0.000|
cathode<1>  |        11.738(R)|      SLOW  |         4.251(R)|      FAST  |clk_BUFGP         |   0.000|
cathode<2>  |        11.425(R)|      SLOW  |         3.986(R)|      FAST  |clk_BUFGP         |   0.000|
cathode<3>  |        11.772(R)|      SLOW  |         4.245(R)|      FAST  |clk_BUFGP         |   0.000|
cathode<4>  |        11.143(R)|      SLOW  |         3.876(R)|      FAST  |clk_BUFGP         |   0.000|
cathode<5>  |        11.608(R)|      SLOW  |         4.171(R)|      FAST  |clk_BUFGP         |   0.000|
cathode<6>  |        11.274(R)|      SLOW  |         3.869(R)|      FAST  |clk_BUFGP         |   0.000|
------------+-----------------+------------+-----------------+------------+------------------+--------+

Clock to Setup on destination clock clk
---------------+---------+---------+---------+---------+
               | Src:Rise| Src:Fall| Src:Rise| Src:Fall|
Source Clock   |Dest:Rise|Dest:Rise|Dest:Fall|Dest:Fall|
---------------+---------+---------+---------+---------+
clk            |    2.855|         |         |         |
---------------+---------+---------+---------+---------+


Analysis completed Thu Apr 25 15:34:03 2019 
--------------------------------------------------------------------------------

Trace Settings:
-------------------------
Trace Settings 

Peak Memory Usage: 611 MB



