Release 14.7 - xst P.20131013 (nt64)
Copyright (c) 1995-2013 Xilinx, Inc.  All rights reserved.
--> Parameter TMPDIR set to xst/projnav.tmp


Total REAL time to Xst completion: 0.00 secs
Total CPU time to Xst completion: 0.10 secs
 
--> Parameter xsthdpdir set to xst


Total REAL time to Xst completion: 0.00 secs
Total CPU time to Xst completion: 0.10 secs
 
--> Reading design: sevensegdisplay.prj

TABLE OF CONTENTS
  1) Synthesis Options Summary
  2) HDL Parsing
  3) HDL Elaboration
  4) HDL Synthesis
       4.1) HDL Synthesis Report
  5) Advanced HDL Synthesis
       5.1) Advanced HDL Synthesis Report
  6) Low Level Synthesis
  7) Partition Report
  8) Design Summary
       8.1) Primitive and Black Box Usage
       8.2) Device utilization summary
       8.3) Partition Resource Summary
       8.4) Timing Report
            8.4.1) Clock Information
            8.4.2) Asynchronous Control Signals Information
            8.4.3) Timing Summary
            8.4.4) Timing Details
            8.4.5) Cross Clock Domains Report


=========================================================================
*                      Synthesis Options Summary                        *
=========================================================================
---- Source Parameters
Input File Name                    : "sevensegdisplay.prj"
Ignore Synthesis Constraint File   : NO

---- Target Parameters
Output File Name                   : "sevensegdisplay"
Output Format                      : NGC
Target Device                      : xc7a100t-3-csg324

---- Source Options
Top Module Name                    : sevensegdisplay
Automatic FSM Extraction           : YES
FSM Encoding Algorithm             : Auto
Safe Implementation                : No
FSM Style                          : LUT
RAM Extraction                     : Yes
RAM Style                          : Auto
ROM Extraction                     : Yes
Shift Register Extraction          : YES
ROM Style                          : Auto
Resource Sharing                   : YES
Asynchronous To Synchronous        : NO
Shift Register Minimum Size        : 2
Use DSP Block                      : Auto
Automatic Register Balancing       : No

---- Target Options
LUT Combining                      : Auto
Reduce Control Sets                : Auto
Add IO Buffers                     : YES
Global Maximum Fanout              : 100000
Add Generic Clock Buffer(BUFG)     : 32
Register Duplication               : YES
Optimize Instantiated Primitives   : NO
Use Clock Enable                   : Auto
Use Synchronous Set                : Auto
Use Synchronous Reset              : Auto
Pack IO Registers into IOBs        : Auto
Equivalent register Removal        : YES

---- General Options
Optimization Goal                  : Speed
Optimization Effort                : 1
Power Reduction                    : NO
Keep Hierarchy                     : No
Netlist Hierarchy                  : As_Optimized
RTL Output                         : Yes
Global Optimization                : AllClockNets
Read Cores                         : YES
Write Timing Constraints           : NO
Cross Clock Analysis               : NO
Hierarchy Separator                : /
Bus Delimiter                      : <>
Case Specifier                     : Maintain
Slice Utilization Ratio            : 100
BRAM Utilization Ratio             : 100
DSP48 Utilization Ratio            : 100
Auto BRAM Packing                  : NO
Slice Utilization Ratio Delta      : 5

=========================================================================


=========================================================================
*                          HDL Parsing                                  *
=========================================================================
Analyzing Verilog file "C:\Users\Kuldeep\Desktop\CECS CLASSES\301 Stuff\CECS 301 2019\Project2\rotator.v" into library work
Parsing module <rotator>.
Analyzing Verilog file "C:\Users\Kuldeep\Desktop\CECS CLASSES\301 Stuff\CECS 301 2019\Project2\mux8to1.v" into library work
Parsing module <mux8to1>.
Analyzing Verilog file "C:\Users\Kuldeep\Desktop\CECS CLASSES\301 Stuff\CECS 301 2019\Project2\mod8.v" into library work
Parsing module <mod8>.
Analyzing Verilog file "C:\Users\Kuldeep\Desktop\CECS CLASSES\301 Stuff\CECS 301 2019\Project2\hextosseg.v" into library work
Parsing module <hextosseg>.
Analyzing Verilog file "C:\Users\Kuldeep\Desktop\CECS CLASSES\301 Stuff\CECS 301 2019\Project2\counter32.v" into library work
Parsing module <counter32>.
Analyzing Verilog file "C:\Users\Kuldeep\Desktop\CECS CLASSES\301 Stuff\CECS 301 2019\Project2\barrelshifter.v" into library work
Parsing module <barrelshifter>.
Analyzing Verilog file "C:\Users\Kuldeep\Desktop\CECS CLASSES\301 Stuff\CECS 301 2019\Project2\sevensegdisplay.v" into library work
Parsing module <sevensegdisplay>.

=========================================================================
*                            HDL Elaboration                            *
=========================================================================

Elaborating module <sevensegdisplay>.

Elaborating module <rotator>.

Elaborating module <barrelshifter>.

Elaborating module <mod8>.

Elaborating module <mux8to1>.

Elaborating module <hextosseg>.

Elaborating module <counter32>.

=========================================================================
*                           HDL Synthesis                               *
=========================================================================

Synthesizing Unit <sevensegdisplay>.
    Related source file is "C:\Users\Kuldeep\Desktop\CECS CLASSES\301 Stuff\CECS 301 2019\Project2\sevensegdisplay.v".
    Summary:
	no macro.
Unit <sevensegdisplay> synthesized.

Synthesizing Unit <rotator>.
    Related source file is "C:\Users\Kuldeep\Desktop\CECS CLASSES\301 Stuff\CECS 301 2019\Project2\rotator.v".
    Found 18-bit register for signal <counter>.
    Found 18-bit adder for signal <counter[17]_GND_2_o_add_1_OUT> created at line 37.
    Summary:
	inferred   1 Adder/Subtractor(s).
	inferred  18 D-type flip-flop(s).
	inferred   1 Multiplexer(s).
Unit <rotator> synthesized.

Synthesizing Unit <barrelshifter>.
    Related source file is "C:\Users\Kuldeep\Desktop\CECS CLASSES\301 Stuff\CECS 301 2019\Project2\barrelshifter.v".
    Found 8-bit register for signal <anode>.
INFO:Xst:1799 - State 11111111 is never reached in FSM <anode>.
    Found finite state machine <FSM_0> for signal <anode>.
    -----------------------------------------------------------------------
    | States             | 9                                              |
    | Transitions        | 16                                             |
    | Inputs             | 2                                              |
    | Outputs            | 16                                             |
    | Clock              | clk (rising_edge)                              |
    | Reset              | rst (positive)                                 |
    | Reset type         | asynchronous                                   |
    | Reset State        | 11111110                                       |
    | Encoding           | auto                                           |
    | Implementation     | LUT                                            |
    -----------------------------------------------------------------------
    Summary:
	inferred   1 Finite State Machine(s).
Unit <barrelshifter> synthesized.

Synthesizing Unit <mod8>.
    Related source file is "C:\Users\Kuldeep\Desktop\CECS CLASSES\301 Stuff\CECS 301 2019\Project2\mod8.v".
    Found 3-bit register for signal <count>.
    Found 3-bit adder for signal <count[2]_GND_5_o_add_1_OUT> created at line 40.
    Summary:
	inferred   1 Adder/Subtractor(s).
	inferred   3 D-type flip-flop(s).
Unit <mod8> synthesized.

Synthesizing Unit <mux8to1>.
    Related source file is "C:\Users\Kuldeep\Desktop\CECS CLASSES\301 Stuff\CECS 301 2019\Project2\mux8to1.v".
    Found 4-bit 8-to-1 multiplexer for signal <hexVal> created at line 34.
    Summary:
	inferred   1 Multiplexer(s).
Unit <mux8to1> synthesized.

Synthesizing Unit <hextosseg>.
    Related source file is "C:\Users\Kuldeep\Desktop\CECS CLASSES\301 Stuff\CECS 301 2019\Project2\hextosseg.v".
    Found 16x8-bit Read Only RAM for signal <cathode>
    Summary:
	inferred   1 RAM(s).
Unit <hextosseg> synthesized.

Synthesizing Unit <counter32>.
    Related source file is "C:\Users\Kuldeep\Desktop\CECS CLASSES\301 Stuff\CECS 301 2019\Project2\counter32.v".
    Found 32-bit register for signal <inVal>.
    Found 32-bit adder for signal <inVal[31]_GND_8_o_add_0_OUT> created at line 29.
    Summary:
	inferred   1 Adder/Subtractor(s).
	inferred  32 D-type flip-flop(s).
Unit <counter32> synthesized.

=========================================================================
HDL Synthesis Report

Macro Statistics
# RAMs                                                 : 1
 16x8-bit single-port Read Only RAM                    : 1
# Adders/Subtractors                                   : 3
 18-bit adder                                          : 1
 3-bit adder                                           : 1
 32-bit adder                                          : 1
# Registers                                            : 3
 18-bit register                                       : 1
 3-bit register                                        : 1
 32-bit register                                       : 1
# Multiplexers                                         : 2
 18-bit 2-to-1 multiplexer                             : 1
 4-bit 8-to-1 multiplexer                              : 1
# FSMs                                                 : 1

=========================================================================

=========================================================================
*                       Advanced HDL Synthesis                          *
=========================================================================


Synthesizing (advanced) Unit <counter32>.
The following registers are absorbed into counter <inVal>: 1 register on signal <inVal>.
Unit <counter32> synthesized (advanced).

Synthesizing (advanced) Unit <hextosseg>.
INFO:Xst:3218 - HDL ADVISOR - The RAM <Mram_cathode> will be implemented on LUTs either because you have described an asynchronous read or because of currently unsupported block RAM features. If you have described an asynchronous read, making it synchronous would allow you to take advantage of available block RAM resources, for optimized device usage and improved timings. Please refer to your documentation for coding guidelines.
    -----------------------------------------------------------------------
    | ram_type           | Distributed                         |          |
    -----------------------------------------------------------------------
    | Port A                                                              |
    |     aspect ratio   | 16-word x 8-bit                     |          |
    |     weA            | connected to signal <GND>           | high     |
    |     addrA          | connected to signal <hexVal>        |          |
    |     diA            | connected to signal <GND>           |          |
    |     doA            | connected to signal <cathode>       |          |
    -----------------------------------------------------------------------
Unit <hextosseg> synthesized (advanced).

Synthesizing (advanced) Unit <mod8>.
The following registers are absorbed into counter <count>: 1 register on signal <count>.
Unit <mod8> synthesized (advanced).

Synthesizing (advanced) Unit <rotator>.
The following registers are absorbed into counter <counter>: 1 register on signal <counter>.
Unit <rotator> synthesized (advanced).

=========================================================================
Advanced HDL Synthesis Report

Macro Statistics
# RAMs                                                 : 1
 16x8-bit single-port distributed Read Only RAM        : 1
# Counters                                             : 3
 18-bit up counter                                     : 1
 3-bit up counter                                      : 1
 32-bit up counter                                     : 1
# Multiplexers                                         : 1
 4-bit 8-to-1 multiplexer                              : 1
# FSMs                                                 : 1

=========================================================================

=========================================================================
*                         Low Level Synthesis                           *
=========================================================================
Analyzing FSM <MFsm> for best encoding.
Optimizing FSM <FSM_0> on signal <anode[1:8]> with user encoding.
----------------------
 State    | Encoding
----------------------
 11111110 | 11111110
 11111101 | 11111101
 11111011 | 11111011
 11110111 | 11110111
 11101111 | 11101111
 11011111 | 11011111
 10111111 | 10111111
 01111111 | 01111111
 11111111 | unreached
----------------------

Optimizing unit <sevensegdisplay> ...
INFO:Xst:2261 - The FF/Latch <rotator/counter_1> in Unit <sevensegdisplay> is equivalent to the following FF/Latch, which will be removed : <counter32/inVal_1> 
INFO:Xst:2261 - The FF/Latch <rotator/counter_2> in Unit <sevensegdisplay> is equivalent to the following FF/Latch, which will be removed : <counter32/inVal_2> 
INFO:Xst:2261 - The FF/Latch <rotator/counter_3> in Unit <sevensegdisplay> is equivalent to the following FF/Latch, which will be removed : <counter32/inVal_3> 
INFO:Xst:2261 - The FF/Latch <rotator/counter_4> in Unit <sevensegdisplay> is equivalent to the following FF/Latch, which will be removed : <counter32/inVal_4> 
INFO:Xst:2261 - The FF/Latch <rotator/counter_5> in Unit <sevensegdisplay> is equivalent to the following FF/Latch, which will be removed : <counter32/inVal_5> 

Mapping all equations...
Building and optimizing final netlist ...
Found area constraint ratio of 100 (+ 5) on block sevensegdisplay, actual ratio is 0.

Final Macro Processing ...

=========================================================================
Final Register Report

Macro Statistics
# Registers                                            : 56
 Flip-Flops                                            : 56

=========================================================================

=========================================================================
*                           Partition Report                            *
=========================================================================

Partition Implementation Status
-------------------------------

  No Partitions were found in this design.

-------------------------------

=========================================================================
*                            Design Summary                             *
=========================================================================

Top Level Output File Name         : sevensegdisplay.ngc

Primitive and Black Box Usage:
------------------------------
# BELS                             : 198
#      GND                         : 1
#      INV                         : 2
#      LUT1                        : 48
#      LUT3                        : 8
#      LUT4                        : 9
#      LUT5                        : 4
#      LUT6                        : 28
#      MUXCY                       : 48
#      MUXF7                       : 4
#      VCC                         : 1
#      XORCY                       : 45
# FlipFlops/Latches                : 56
#      FDC                         : 46
#      FDCE                        : 3
#      FDP                         : 7
# Clock Buffers                    : 1
#      BUFGP                       : 1
# IO Buffers                       : 17
#      IBUF                        : 1
#      OBUF                        : 16

Device utilization summary:
---------------------------

Selected Device : 7a100tcsg324-3 


Slice Logic Utilization: 
 Number of Slice Registers:              56  out of  126800     0%  
 Number of Slice LUTs:                   99  out of  63400     0%  
    Number used as Logic:                99  out of  63400     0%  

Slice Logic Distribution: 
 Number of LUT Flip Flop pairs used:     99
   Number with an unused Flip Flop:      43  out of     99    43%  
   Number with an unused LUT:             0  out of     99     0%  
   Number of fully used LUT-FF pairs:    56  out of     99    56%  
   Number of unique control sets:         2

IO Utilization: 
 Number of IOs:                          18
 Number of bonded IOBs:                  18  out of    210     8%  

Specific Feature Utilization:
 Number of BUFG/BUFGCTRLs:                1  out of     32     3%  

---------------------------
Partition Resource Summary:
---------------------------

  No Partitions were found in this design.

---------------------------


=========================================================================
Timing Report

NOTE: THESE TIMING NUMBERS ARE ONLY A SYNTHESIS ESTIMATE.
      FOR ACCURATE TIMING INFORMATION PLEASE REFER TO THE TRACE REPORT
      GENERATED AFTER PLACE-and-ROUTE.

Clock Information:
------------------
-----------------------------------+------------------------+-------+
Clock Signal                       | Clock buffer(FF name)  | Load  |
-----------------------------------+------------------------+-------+
clk                                | BUFGP                  | 56    |
-----------------------------------+------------------------+-------+

Asynchronous Control Signals Information:
----------------------------------------
No asynchronous control signals found in this design

Timing Summary:
---------------
Speed Grade: -3

   Minimum period: 2.281ns (Maximum Frequency: 438.308MHz)
   Minimum input arrival time before clock: 0.740ns
   Maximum output required time after clock: 2.432ns
   Maximum combinational path delay: No path found

Timing Details:
---------------
All values displayed in nanoseconds (ns)

=========================================================================
Timing constraint: Default period analysis for Clock 'clk'
  Clock period: 2.281ns (frequency: 438.308MHz)
  Total number of paths / destination ports: 1223 / 59
-------------------------------------------------------------------------
Delay:               2.281ns (Levels of Logic = 3)
  Source:            rotator/counter_10 (FF)
  Destination:       barrelshifter/anode_FSM_FFd8 (FF)
  Source Clock:      clk rising
  Destination Clock: clk rising

  Data Path: rotator/counter_10 to barrelshifter/anode_FSM_FFd8
                                Gate     Net
    Cell:in->out      fanout   Delay   Delay  Logical Name (Net Name)
    ----------------------------------------  ------------
     FDC:C->Q              2   0.361   0.688  rotator/counter_10 (rotator/counter_10)
     LUT5:I0->O           22   0.097   0.607  rotator/rotate<17>1 (rotator/rotate<17>)
     LUT5:I2->O            8   0.097   0.327  rotator/rotate<17>4 (rotate)
     LUT3:I2->O            1   0.097   0.000  barrelshifter/anode_FSM_FFd8-In1 (barrelshifter/anode_FSM_FFd8-In)
     FDC:D                     0.008          barrelshifter/anode_FSM_FFd8
    ----------------------------------------
    Total                      2.281ns (0.660ns logic, 1.622ns route)
                                       (28.9% logic, 71.1% route)

=========================================================================
Timing constraint: Default OFFSET IN BEFORE for Clock 'clk'
  Total number of paths / destination ports: 56 / 56
-------------------------------------------------------------------------
Offset:              0.740ns (Levels of Logic = 1)
  Source:            rst (PAD)
  Destination:       barrelshifter/anode_FSM_FFd8 (FF)
  Destination Clock: clk rising

  Data Path: rst to barrelshifter/anode_FSM_FFd8
                                Gate     Net
    Cell:in->out      fanout   Delay   Delay  Logical Name (Net Name)
    ----------------------------------------  ------------
     IBUF:I->O            56   0.001   0.390  rst_IBUF (rst_IBUF)
     FDC:CLR                   0.349          barrelshifter/anode_FSM_FFd8
    ----------------------------------------
    Total                      0.740ns (0.350ns logic, 0.390ns route)
                                       (47.3% logic, 52.7% route)

=========================================================================
Timing constraint: Default OFFSET OUT AFTER for Clock 'clk'
  Total number of paths / destination ports: 372 / 15
-------------------------------------------------------------------------
Offset:              2.432ns (Levels of Logic = 4)
  Source:            mod8/count_1 (FF)
  Destination:       cathode<6> (PAD)
  Source Clock:      clk rising

  Data Path: mod8/count_1 to cathode<6>
                                Gate     Net
    Cell:in->out      fanout   Delay   Delay  Logical Name (Net Name)
    ----------------------------------------  ------------
     FDCE:C->Q            10   0.361   0.735  mod8/count_1 (mod8/count_1)
     LUT6:I0->O            1   0.097   0.000  mux8to1/Mmux_hexVal_3 (mux8to1/Mmux_hexVal_3)
     MUXF7:I1->O           7   0.279   0.584  mux8to1/Mmux_hexVal_2_f7 (hexVal<0>)
     LUT4:I0->O            1   0.097   0.279  hextosseg/Mram_cathode31 (cathode_3_OBUF)
     OBUF:I->O                 0.000          cathode_3_OBUF (cathode<3>)
    ----------------------------------------
    Total                      2.432ns (0.834ns logic, 1.598ns route)
                                       (34.3% logic, 65.7% route)

=========================================================================

Cross Clock Domains Report:
--------------------------

Clock to Setup on destination clock clk
---------------+---------+---------+---------+---------+
               | Src:Rise| Src:Fall| Src:Rise| Src:Fall|
Source Clock   |Dest:Rise|Dest:Rise|Dest:Fall|Dest:Fall|
---------------+---------+---------+---------+---------+
clk            |    2.281|         |         |         |
---------------+---------+---------+---------+---------+

=========================================================================


Total REAL time to Xst completion: 10.00 secs
Total CPU time to Xst completion: 9.50 secs
 
--> 

Total memory usage is 424772 kilobytes

Number of errors   :    0 (   0 filtered)
Number of warnings :    0 (   0 filtered)
Number of infos    :    7 (   0 filtered)

