#-----------------------------------------------------------
# Vivado v2018.3 (64-bit)
# SW Build 2405991 on Thu Dec  6 23:38:27 MST 2018
# IP Build 2404404 on Fri Dec  7 01:43:56 MST 2018
# Start of session at: Fri Apr 23 10:40:22 2021
# Process ID: 14208
# Current directory: C:/Users/KuldeepGohil/Desktop/Spring2021/CECS460/labs/VivadoProjects/lab6
# Command line: vivado.exe -gui_launcher_event rodinguilauncherevent4944 C:\Users\KuldeepGohil\Desktop\Spring2021\CECS460\labs\VivadoProjects\lab6\lab6.xpr
# Log file: C:/Users/KuldeepGohil/Desktop/Spring2021/CECS460/labs/VivadoProjects/lab6/vivado.log
# Journal file: C:/Users/KuldeepGohil/Desktop/Spring2021/CECS460/labs/VivadoProjects/lab6\vivado.jou
#-----------------------------------------------------------
start_gui
open_project C:/Users/KuldeepGohil/Desktop/Spring2021/CECS460/labs/VivadoProjects/lab6/lab6.xpr
INFO: [Project 1-313] Project file moved from 'C:/Users/KuldeepGohil/Desktop/Spring2021/CECS 460/labs/VivadoProjects/lab6' since last save.
Scanning sources...
Finished scanning sources
INFO: [IP_Flow 19-234] Refreshing IP repositories
INFO: [IP_Flow 19-1704] No user IP repositories specified
INFO: [IP_Flow 19-2313] Loaded Vivado IP repository 'S:/Xilinx/Vivado/2018.3/data/ip'.
open_project: Time (s): cpu = 00:00:17 ; elapsed = 00:00:09 . Memory (MB): peak = 871.785 ; gain = 241.812
update_compile_order -fileset sources_1
file copy -force C:/Users/KuldeepGohil/Desktop/Spring2021/CECS460/labs/VivadoProjects/lab6/lab6.runs/impl_1/DeterminantMicroBlaze_wrapper.sysdef C:/Users/KuldeepGohil/Desktop/Spring2021/CECS460/labs/VivadoProjects/lab6/lab6.sdk/DeterminantMicroBlaze_wrapper.hdf

launch_sdk -workspace C:/Users/KuldeepGohil/Desktop/Spring2021/CECS460/labs/VivadoProjects/lab6/lab6.sdk -hwspec C:/Users/KuldeepGohil/Desktop/Spring2021/CECS460/labs/VivadoProjects/lab6/lab6.sdk/DeterminantMicroBlaze_wrapper.hdf
INFO: [Vivado 12-393] Launching SDK...
INFO: [Vivado 12-417] Running xsdk -workspace C:/Users/KuldeepGohil/Desktop/Spring2021/CECS460/labs/VivadoProjects/lab6/lab6.sdk -hwspec C:/Users/KuldeepGohil/Desktop/Spring2021/CECS460/labs/VivadoProjects/lab6/lab6.sdk/DeterminantMicroBlaze_wrapper.hdf
INFO: [Vivado 12-3157] SDK launch initiated. Please check console for any further messages.
close_project
open_project F:/Downloads/zybo_hdmi/zybo_hdmi/Zybo-Z7-20-HDMI.xpr
Scanning sources...
Finished scanning sources
INFO: [IP_Flow 19-234] Refreshing IP repositories
INFO: [IP_Flow 19-1700] Loaded user IP repository 'f:/Downloads/zybo_hdmi/zybo_hdmi/Zybo-Z7-20-HDMI.ipdefs/repo_0'.
INFO: [Common 17-41] Interrupt caught. Command should exit soon.
INFO: [IP_Flow 19-2313] Loaded Vivado IP repository 'S:/Xilinx/Vivado/2018.3/data/ip'.
INFO: [Common 17-344] 'open_project' was cancelled
open_project C:/Users/KuldeepGohil/Desktop/Spring2021/CECS460/labs/VivadoProjects/lab5/lab5.xpr
INFO: [Project 1-313] Project file moved from 'C:/Users/KuldeepGohil/Desktop/Spring2021/CECS 460/labs/VivadoProjects/lab5' since last save.
Scanning sources...
Finished scanning sources
INFO: [IP_Flow 19-234] Refreshing IP repositories
INFO: [IP_Flow 19-1704] No user IP repositories specified
INFO: [IP_Flow 19-2313] Loaded Vivado IP repository 'S:/Xilinx/Vivado/2018.3/data/ip'.
update_compile_order -fileset sources_1
reset_run impl_1 -prev_step 
launch_runs impl_1 -to_step write_bitstream -jobs 2
[Fri Apr 23 11:18:33 2021] Launched impl_1...
Run output will be captured here: C:/Users/KuldeepGohil/Desktop/Spring2021/CECS460/labs/VivadoProjects/lab5/lab5.runs/impl_1/runme.log
export_ip_user_files -of_objects  [get_files C:/Users/KuldeepGohil/Desktop/Spring2021/CECS460/labs/VivadoProjects/lab5/lab5.srcs/constrs_1/imports/xdc/Nexys4ddrMaster.xdc] -no_script -reset -force -quiet
remove_files  -fileset constrs_1 C:/Users/KuldeepGohil/Desktop/Spring2021/CECS460/labs/VivadoProjects/lab5/lab5.srcs/constrs_1/imports/xdc/Nexys4ddrMaster.xdc
file delete -force C:/Users/KuldeepGohil/Desktop/Spring2021/CECS460/labs/VivadoProjects/lab5/lab5.srcs/constrs_1/imports/xdc/Nexys4ddrMaster.xdc
add_files -fileset constrs_1 -norecurse C:/Users/KuldeepGohil/Desktop/Spring2021/CECS460/labs/lab-6/Nexys4ddrMaster.xdc
import_files -fileset constrs_1 C:/Users/KuldeepGohil/Desktop/Spring2021/CECS460/labs/lab-6/Nexys4ddrMaster.xdc
reset_run synth_1
launch_runs impl_1 -to_step write_bitstream -jobs 2
[Fri Apr 23 11:27:18 2021] Launched synth_1...
Run output will be captured here: C:/Users/KuldeepGohil/Desktop/Spring2021/CECS460/labs/VivadoProjects/lab5/lab5.runs/synth_1/runme.log
[Fri Apr 23 11:27:18 2021] Launched impl_1...
Run output will be captured here: C:/Users/KuldeepGohil/Desktop/Spring2021/CECS460/labs/VivadoProjects/lab5/lab5.runs/impl_1/runme.log
exit
INFO: [Common 17-206] Exiting Vivado at Fri Apr 23 11:31:29 2021...
