#-----------------------------------------------------------
# Vivado v2018.3 (64-bit)
# SW Build 2405991 on Thu Dec  6 23:38:27 MST 2018
# IP Build 2404404 on Fri Dec  7 01:43:56 MST 2018
# Start of session at: Fri Apr 30 01:15:57 2021
# Process ID: 7068
# Current directory: C:/Users/KuldeepGohil/Desktop/Spring2021/CECS461/Labs/Lab4/lab4
# Command line: vivado.exe -gui_launcher_event rodinguilauncherevent6788 C:\Users\KuldeepGohil\Desktop\Spring2021\CECS461\Labs\Lab4\lab4\lab4.xpr
# Log file: C:/Users/KuldeepGohil/Desktop/Spring2021/CECS461/Labs/Lab4/lab4/vivado.log
# Journal file: C:/Users/KuldeepGohil/Desktop/Spring2021/CECS461/Labs/Lab4/lab4\vivado.jou
#-----------------------------------------------------------
start_gui
open_project C:/Users/KuldeepGohil/Desktop/Spring2021/CECS461/Labs/Lab4/lab4/lab4.xpr
Scanning sources...
Finished scanning sources
INFO: [IP_Flow 19-234] Refreshing IP repositories
INFO: [IP_Flow 19-1700] Loaded user IP repository 'c:/Users/KuldeepGohil/Desktop/Spring2021/CECS461/Labs/led_ip'.
INFO: [IP_Flow 19-2313] Loaded Vivado IP repository 'S:/Xilinx/Vivado/2018.3/data/ip'.
open_project: Time (s): cpu = 00:00:12 ; elapsed = 00:00:08 . Memory (MB): peak = 798.902 ; gain = 165.051
update_compile_order -fileset sources_1
save_project_as lab5 C:/Users/KuldeepGohil/Desktop/Spring2021/CECS461/Labs/Lab5/lab5 -exclude_run_results -force
INFO: [Coretcl 2-133] re-setting run 'synth_1'...
INFO: [Coretcl 2-133] re-setting run 'design_1_synth_1'...
INFO: [Coretcl 2-133] re-setting run 'impl_1'...
INFO: [Coretcl 2-133] re-setting run 'design_1_impl_1'...
save_project_as: Time (s): cpu = 00:00:04 ; elapsed = 00:00:07 . Memory (MB): peak = 858.312 ; gain = 7.141
import_files
INFO: [filemgmt 20-334] All file(s) are already imported in fileset: 'design_1'
INFO: [filemgmt 20-348] Importing the appropriate files for fileset: 'design_1'
INFO: [filemgmt 20-348] Importing the appropriate files for fileset: 'constrs_1'
INFO: [filemgmt 20-334] All file(s) are already imported in fileset: 'sources_1'
INFO: [filemgmt 20-348] Importing the appropriate files for fileset: 'sources_1'
exit
INFO: [Common 17-206] Exiting Vivado at Fri Apr 30 01:18:40 2021...
