14:14:34 INFO  : Registering command handlers for SDK TCF services
14:14:35 INFO  : Launching XSCT server: xsct.bat -interactive C:\Users\KuldeepGohil\Desktop\Spring2021\CECS461\Labs\Lab1\project_1\project_1.sdk\temp_xsdb_launch_script.tcl
14:14:37 INFO  : XSCT server has started successfully.
14:14:37 INFO  : Successfully done setting XSCT server connection channel  
14:14:40 INFO  : Successfully done setting SDK workspace  
14:14:40 INFO  : Processing command line option -hwspec C:/Users/KuldeepGohil/Desktop/Spring2021/CECS461/Labs/Lab1/project_1/project_1.sdk/design_1_wrapper.hdf.
14:22:16 INFO  : Connected to target on host '127.0.0.1' and port '3121'.
14:22:18 INFO  : Jtag cable 'Digilent Zybo Z7 210351AB734BA' is selected.
14:22:18 INFO  : 'jtag frequency' command is executed.
14:22:18 INFO  : Sourcing of 'C:/Users/KuldeepGohil/Desktop/Spring2021/CECS461/Labs/Lab1/project_1/project_1.sdk/design_1_wrapper_hw_platform_0/ps7_init.tcl' is done.
14:22:18 INFO  : Context for 'APU' is selected.
14:22:18 INFO  : Hardware design information is loaded from 'C:/Users/KuldeepGohil/Desktop/Spring2021/CECS461/Labs/Lab1/project_1/project_1.sdk/design_1_wrapper_hw_platform_0/system.hdf'.
14:22:18 INFO  : 'configparams force-mem-access 1' command is executed.
14:22:18 INFO  : Context for 'APU' is selected.
14:22:18 INFO  : 'stop' command is executed.
14:22:18 INFO  : 'ps7_init' command is executed.
14:22:18 INFO  : 'ps7_post_config' command is executed.
14:22:18 INFO  : Context for processor 'ps7_cortexa9_0' is selected.
14:22:18 INFO  : Processor reset is completed for 'ps7_cortexa9_0'.
14:22:18 INFO  : Context for processor 'ps7_cortexa9_0' is selected.
14:22:18 INFO  : The application 'C:/Users/KuldeepGohil/Desktop/Spring2021/CECS461/Labs/Lab1/project_1/project_1.sdk/mem_test/Debug/mem_test.elf' is downloaded to processor 'ps7_cortexa9_0'.
14:22:18 INFO  : 'configparams force-mem-access 0' command is executed.
14:22:18 INFO  : ----------------XSDB Script----------------
connect -url tcp:127.0.0.1:3121
source C:/Users/KuldeepGohil/Desktop/Spring2021/CECS461/Labs/Lab1/project_1/project_1.sdk/design_1_wrapper_hw_platform_0/ps7_init.tcl
targets -set -nocase -filter {name =~"APU*" && jtag_cable_name =~ "Digilent Zybo Z7 210351AB734BA"} -index 0
loadhw -hw C:/Users/KuldeepGohil/Desktop/Spring2021/CECS461/Labs/Lab1/project_1/project_1.sdk/design_1_wrapper_hw_platform_0/system.hdf -mem-ranges [list {0x40000000 0xbfffffff}]
configparams force-mem-access 1
targets -set -nocase -filter {name =~"APU*" && jtag_cable_name =~ "Digilent Zybo Z7 210351AB734BA"} -index 0
stop
ps7_init
ps7_post_config
targets -set -nocase -filter {name =~ "ARM*#0" && jtag_cable_name =~ "Digilent Zybo Z7 210351AB734BA"} -index 0
rst -processor
targets -set -nocase -filter {name =~ "ARM*#0" && jtag_cable_name =~ "Digilent Zybo Z7 210351AB734BA"} -index 0
dow C:/Users/KuldeepGohil/Desktop/Spring2021/CECS461/Labs/Lab1/project_1/project_1.sdk/mem_test/Debug/mem_test.elf
configparams force-mem-access 0
----------------End of Script----------------

14:22:18 INFO  : Context for processor 'ps7_cortexa9_0' is selected.
14:22:18 INFO  : 'con' command is executed.
14:22:18 INFO  : ----------------XSDB Script (After Launch)----------------
targets -set -nocase -filter {name =~ "ARM*#0" && jtag_cable_name =~ "Digilent Zybo Z7 210351AB734BA"} -index 0
con
----------------End of Script----------------

14:22:18 INFO  : Disconnected from the channel tcfchan#1.
09:09:33 INFO  : Registering command handlers for SDK TCF services
09:09:35 INFO  : Launching XSCT server: xsct.bat -interactive C:\Users\KuldeepGohil\Desktop\Spring2021\CECS461\Labs\Lab1\project_1\project_1.sdk\temp_xsdb_launch_script.tcl
09:09:39 INFO  : XSCT server has started successfully.
09:09:46 INFO  : Successfully done setting XSCT server connection channel  
09:09:46 INFO  : Successfully done setting SDK workspace  
09:09:46 INFO  : Processing command line option -hwspec C:/Users/KuldeepGohil/Desktop/Spring2021/CECS461/Labs/Lab1/project_1/project_1.sdk/design_1_wrapper.hdf.
09:09:46 INFO  : Checking for hwspec changes in the project design_1_wrapper_hw_platform_0.
09:24:10 INFO  : Connected to target on host '127.0.0.1' and port '3121'.
09:24:13 INFO  : Jtag cable 'Digilent Zybo Z7 210351AB734BA' is selected.
09:24:13 INFO  : 'jtag frequency' command is executed.
09:24:13 INFO  : Sourcing of 'C:/Users/KuldeepGohil/Desktop/Spring2021/CECS461/Labs/Lab1/project_1/project_1.sdk/design_1_wrapper_hw_platform_0/ps7_init.tcl' is done.
09:24:15 INFO  : Context for 'APU' is selected.
09:24:15 INFO  : Hardware design information is loaded from 'C:/Users/KuldeepGohil/Desktop/Spring2021/CECS461/Labs/Lab1/project_1/project_1.sdk/design_1_wrapper_hw_platform_0/system.hdf'.
09:24:15 INFO  : 'configparams force-mem-access 1' command is executed.
09:24:16 INFO  : Context for 'APU' is selected.
09:24:16 INFO  : 'stop' command is executed.
09:24:16 INFO  : 'ps7_init' command is executed.
09:24:16 INFO  : 'ps7_post_config' command is executed.
09:24:18 INFO  : Context for processor 'ps7_cortexa9_0' is selected.
09:24:18 INFO  : Processor reset is completed for 'ps7_cortexa9_0'.
09:24:20 INFO  : Context for processor 'ps7_cortexa9_0' is selected.
09:24:20 INFO  : The application 'C:/Users/KuldeepGohil/Desktop/Spring2021/CECS461/Labs/Lab1/project_1/project_1.sdk/mem_test/Debug/mem_test.elf' is downloaded to processor 'ps7_cortexa9_0'.
09:24:20 INFO  : 'configparams force-mem-access 0' command is executed.
09:24:20 INFO  : ----------------XSDB Script----------------
connect -url tcp:127.0.0.1:3121
source C:/Users/KuldeepGohil/Desktop/Spring2021/CECS461/Labs/Lab1/project_1/project_1.sdk/design_1_wrapper_hw_platform_0/ps7_init.tcl
targets -set -nocase -filter {name =~"APU*" && jtag_cable_name =~ "Digilent Zybo Z7 210351AB734BA"} -index 0
loadhw -hw C:/Users/KuldeepGohil/Desktop/Spring2021/CECS461/Labs/Lab1/project_1/project_1.sdk/design_1_wrapper_hw_platform_0/system.hdf -mem-ranges [list {0x40000000 0xbfffffff}]
configparams force-mem-access 1
targets -set -nocase -filter {name =~"APU*" && jtag_cable_name =~ "Digilent Zybo Z7 210351AB734BA"} -index 0
stop
ps7_init
ps7_post_config
targets -set -nocase -filter {name =~ "ARM*#0" && jtag_cable_name =~ "Digilent Zybo Z7 210351AB734BA"} -index 0
rst -processor
targets -set -nocase -filter {name =~ "ARM*#0" && jtag_cable_name =~ "Digilent Zybo Z7 210351AB734BA"} -index 0
dow C:/Users/KuldeepGohil/Desktop/Spring2021/CECS461/Labs/Lab1/project_1/project_1.sdk/mem_test/Debug/mem_test.elf
configparams force-mem-access 0
----------------End of Script----------------

09:24:21 INFO  : Context for processor 'ps7_cortexa9_0' is selected.
09:24:21 INFO  : 'con' command is executed.
09:24:21 INFO  : ----------------XSDB Script (After Launch)----------------
targets -set -nocase -filter {name =~ "ARM*#0" && jtag_cable_name =~ "Digilent Zybo Z7 210351AB734BA"} -index 0
con
----------------End of Script----------------

09:24:21 INFO  : Disconnected from the channel tcfchan#1.
09:37:39 INFO  : Connected to target on host '127.0.0.1' and port '3121'.
09:37:41 INFO  : Jtag cable 'Digilent Zybo Z7 210351AB734BA' is selected.
09:37:41 INFO  : 'jtag frequency' command is executed.
09:37:41 INFO  : Sourcing of 'C:/Users/KuldeepGohil/Desktop/Spring2021/CECS461/Labs/Lab1/project_1/project_1.sdk/design_1_wrapper_hw_platform_0/ps7_init.tcl' is done.
09:37:43 INFO  : Context for 'APU' is selected.
09:37:43 INFO  : Hardware design information is loaded from 'C:/Users/KuldeepGohil/Desktop/Spring2021/CECS461/Labs/Lab1/project_1/project_1.sdk/design_1_wrapper_hw_platform_0/system.hdf'.
09:37:43 INFO  : 'configparams force-mem-access 1' command is executed.
09:37:45 INFO  : Context for 'APU' is selected.
09:37:45 INFO  : 'stop' command is executed.
09:37:45 INFO  : 'ps7_init' command is executed.
09:37:45 INFO  : 'ps7_post_config' command is executed.
09:37:46 INFO  : Context for processor 'ps7_cortexa9_0' is selected.
09:37:46 INFO  : Processor reset is completed for 'ps7_cortexa9_0'.
09:37:48 INFO  : Context for processor 'ps7_cortexa9_0' is selected.
09:37:48 INFO  : The application 'C:/Users/KuldeepGohil/Desktop/Spring2021/CECS461/Labs/Lab1/project_1/project_1.sdk/mem_test/Debug/mem_test.elf' is downloaded to processor 'ps7_cortexa9_0'.
09:37:48 INFO  : 'configparams force-mem-access 0' command is executed.
09:37:48 INFO  : ----------------XSDB Script----------------
connect -url tcp:127.0.0.1:3121
source C:/Users/KuldeepGohil/Desktop/Spring2021/CECS461/Labs/Lab1/project_1/project_1.sdk/design_1_wrapper_hw_platform_0/ps7_init.tcl
targets -set -nocase -filter {name =~"APU*" && jtag_cable_name =~ "Digilent Zybo Z7 210351AB734BA"} -index 0
loadhw -hw C:/Users/KuldeepGohil/Desktop/Spring2021/CECS461/Labs/Lab1/project_1/project_1.sdk/design_1_wrapper_hw_platform_0/system.hdf -mem-ranges [list {0x40000000 0xbfffffff}]
configparams force-mem-access 1
targets -set -nocase -filter {name =~"APU*" && jtag_cable_name =~ "Digilent Zybo Z7 210351AB734BA"} -index 0
stop
ps7_init
ps7_post_config
targets -set -nocase -filter {name =~ "ARM*#0" && jtag_cable_name =~ "Digilent Zybo Z7 210351AB734BA"} -index 0
rst -processor
targets -set -nocase -filter {name =~ "ARM*#0" && jtag_cable_name =~ "Digilent Zybo Z7 210351AB734BA"} -index 0
dow C:/Users/KuldeepGohil/Desktop/Spring2021/CECS461/Labs/Lab1/project_1/project_1.sdk/mem_test/Debug/mem_test.elf
configparams force-mem-access 0
----------------End of Script----------------

09:37:50 INFO  : Context for processor 'ps7_cortexa9_0' is selected.
09:37:50 INFO  : 'con' command is executed.
09:37:50 INFO  : ----------------XSDB Script (After Launch)----------------
targets -set -nocase -filter {name =~ "ARM*#0" && jtag_cable_name =~ "Digilent Zybo Z7 210351AB734BA"} -index 0
con
----------------End of Script----------------

09:37:50 INFO  : Disconnected from the channel tcfchan#2.
09:38:40 INFO  : Connected to target on host '127.0.0.1' and port '3121'.
09:38:41 INFO  : Jtag cable 'Digilent Zybo Z7 210351AB734BA' is selected.
09:38:41 INFO  : 'jtag frequency' command is executed.
09:38:41 INFO  : Sourcing of 'C:/Users/KuldeepGohil/Desktop/Spring2021/CECS461/Labs/Lab1/project_1/project_1.sdk/design_1_wrapper_hw_platform_0/ps7_init.tcl' is done.
09:38:41 INFO  : Context for 'APU' is selected.
09:38:41 INFO  : Hardware design information is loaded from 'C:/Users/KuldeepGohil/Desktop/Spring2021/CECS461/Labs/Lab1/project_1/project_1.sdk/design_1_wrapper_hw_platform_0/system.hdf'.
09:38:41 INFO  : 'configparams force-mem-access 1' command is executed.
09:38:41 INFO  : Context for 'APU' is selected.
09:38:41 INFO  : 'stop' command is executed.
09:38:41 INFO  : 'ps7_init' command is executed.
09:38:41 INFO  : 'ps7_post_config' command is executed.
09:38:41 INFO  : Context for processor 'ps7_cortexa9_0' is selected.
09:38:41 INFO  : Processor reset is completed for 'ps7_cortexa9_0'.
09:38:41 INFO  : Context for processor 'ps7_cortexa9_0' is selected.
09:38:42 INFO  : The application 'C:/Users/KuldeepGohil/Desktop/Spring2021/CECS461/Labs/Lab1/project_1/project_1.sdk/mem_test/Debug/mem_test.elf' is downloaded to processor 'ps7_cortexa9_0'.
09:38:42 INFO  : 'configparams force-mem-access 0' command is executed.
09:38:42 INFO  : ----------------XSDB Script----------------
connect -url tcp:127.0.0.1:3121
source C:/Users/KuldeepGohil/Desktop/Spring2021/CECS461/Labs/Lab1/project_1/project_1.sdk/design_1_wrapper_hw_platform_0/ps7_init.tcl
targets -set -nocase -filter {name =~"APU*" && jtag_cable_name =~ "Digilent Zybo Z7 210351AB734BA"} -index 0
loadhw -hw C:/Users/KuldeepGohil/Desktop/Spring2021/CECS461/Labs/Lab1/project_1/project_1.sdk/design_1_wrapper_hw_platform_0/system.hdf -mem-ranges [list {0x40000000 0xbfffffff}]
configparams force-mem-access 1
targets -set -nocase -filter {name =~"APU*" && jtag_cable_name =~ "Digilent Zybo Z7 210351AB734BA"} -index 0
stop
ps7_init
ps7_post_config
targets -set -nocase -filter {name =~ "ARM*#0" && jtag_cable_name =~ "Digilent Zybo Z7 210351AB734BA"} -index 0
rst -processor
targets -set -nocase -filter {name =~ "ARM*#0" && jtag_cable_name =~ "Digilent Zybo Z7 210351AB734BA"} -index 0
dow C:/Users/KuldeepGohil/Desktop/Spring2021/CECS461/Labs/Lab1/project_1/project_1.sdk/mem_test/Debug/mem_test.elf
configparams force-mem-access 0
----------------End of Script----------------

09:38:42 INFO  : Context for processor 'ps7_cortexa9_0' is selected.
09:38:42 INFO  : 'con' command is executed.
09:38:42 INFO  : ----------------XSDB Script (After Launch)----------------
targets -set -nocase -filter {name =~ "ARM*#0" && jtag_cable_name =~ "Digilent Zybo Z7 210351AB734BA"} -index 0
con
----------------End of Script----------------

09:38:42 INFO  : Disconnected from the channel tcfchan#3.
09:53:56 INFO  : Connected to target on host '127.0.0.1' and port '3121'.
09:53:57 INFO  : Jtag cable 'Digilent Zybo Z7 210351AB734BA' is selected.
09:53:57 INFO  : 'jtag frequency' command is executed.
09:53:57 INFO  : Sourcing of 'C:/Users/KuldeepGohil/Desktop/Spring2021/CECS461/Labs/Lab1/project_1/project_1.sdk/design_1_wrapper_hw_platform_0/ps7_init.tcl' is done.
09:53:57 INFO  : Context for 'APU' is selected.
09:53:57 INFO  : Hardware design information is loaded from 'C:/Users/KuldeepGohil/Desktop/Spring2021/CECS461/Labs/Lab1/project_1/project_1.sdk/design_1_wrapper_hw_platform_0/system.hdf'.
09:53:57 INFO  : 'configparams force-mem-access 1' command is executed.
09:53:57 INFO  : Context for 'APU' is selected.
09:53:57 INFO  : 'stop' command is executed.
09:53:57 INFO  : 'ps7_init' command is executed.
09:53:57 INFO  : 'ps7_post_config' command is executed.
09:53:57 INFO  : Context for processor 'ps7_cortexa9_0' is selected.
09:53:57 INFO  : Processor reset is completed for 'ps7_cortexa9_0'.
09:53:57 INFO  : Context for processor 'ps7_cortexa9_0' is selected.
09:53:57 INFO  : The application 'C:/Users/KuldeepGohil/Desktop/Spring2021/CECS461/Labs/Lab1/project_1/project_1.sdk/mem_test/Debug/mem_test.elf' is downloaded to processor 'ps7_cortexa9_0'.
09:53:57 INFO  : 'configparams force-mem-access 0' command is executed.
09:53:57 INFO  : ----------------XSDB Script----------------
connect -url tcp:127.0.0.1:3121
source C:/Users/KuldeepGohil/Desktop/Spring2021/CECS461/Labs/Lab1/project_1/project_1.sdk/design_1_wrapper_hw_platform_0/ps7_init.tcl
targets -set -nocase -filter {name =~"APU*" && jtag_cable_name =~ "Digilent Zybo Z7 210351AB734BA"} -index 0
loadhw -hw C:/Users/KuldeepGohil/Desktop/Spring2021/CECS461/Labs/Lab1/project_1/project_1.sdk/design_1_wrapper_hw_platform_0/system.hdf -mem-ranges [list {0x40000000 0xbfffffff}]
configparams force-mem-access 1
targets -set -nocase -filter {name =~"APU*" && jtag_cable_name =~ "Digilent Zybo Z7 210351AB734BA"} -index 0
stop
ps7_init
ps7_post_config
targets -set -nocase -filter {name =~ "ARM*#0" && jtag_cable_name =~ "Digilent Zybo Z7 210351AB734BA"} -index 0
rst -processor
targets -set -nocase -filter {name =~ "ARM*#0" && jtag_cable_name =~ "Digilent Zybo Z7 210351AB734BA"} -index 0
dow C:/Users/KuldeepGohil/Desktop/Spring2021/CECS461/Labs/Lab1/project_1/project_1.sdk/mem_test/Debug/mem_test.elf
configparams force-mem-access 0
----------------End of Script----------------

09:53:57 INFO  : Context for processor 'ps7_cortexa9_0' is selected.
09:53:57 INFO  : 'con' command is executed.
09:53:57 INFO  : ----------------XSDB Script (After Launch)----------------
targets -set -nocase -filter {name =~ "ARM*#0" && jtag_cable_name =~ "Digilent Zybo Z7 210351AB734BA"} -index 0
con
----------------End of Script----------------

09:53:57 INFO  : Disconnected from the channel tcfchan#4.
10:14:11 INFO  : Connected to target on host '127.0.0.1' and port '3121'.
10:14:12 INFO  : Jtag cable 'Digilent Zybo Z7 210351AB734BA' is selected.
10:14:12 INFO  : 'jtag frequency' command is executed.
10:14:12 INFO  : Sourcing of 'C:/Users/KuldeepGohil/Desktop/Spring2021/CECS461/Labs/Lab1/project_1/project_1.sdk/design_1_wrapper_hw_platform_0/ps7_init.tcl' is done.
10:14:12 INFO  : Context for 'APU' is selected.
10:14:12 INFO  : Hardware design information is loaded from 'C:/Users/KuldeepGohil/Desktop/Spring2021/CECS461/Labs/Lab1/project_1/project_1.sdk/design_1_wrapper_hw_platform_0/system.hdf'.
10:14:12 INFO  : 'configparams force-mem-access 1' command is executed.
10:14:12 INFO  : Context for 'APU' is selected.
10:14:12 INFO  : 'stop' command is executed.
10:14:12 INFO  : 'ps7_init' command is executed.
10:14:12 INFO  : 'ps7_post_config' command is executed.
10:14:12 INFO  : Context for processor 'ps7_cortexa9_0' is selected.
10:14:12 INFO  : Processor reset is completed for 'ps7_cortexa9_0'.
10:14:12 INFO  : Context for processor 'ps7_cortexa9_0' is selected.
10:14:13 INFO  : The application 'C:/Users/KuldeepGohil/Desktop/Spring2021/CECS461/Labs/Lab1/project_1/project_1.sdk/mem_test/Debug/mem_test.elf' is downloaded to processor 'ps7_cortexa9_0'.
10:14:13 INFO  : 'configparams force-mem-access 0' command is executed.
10:14:13 INFO  : ----------------XSDB Script----------------
connect -url tcp:127.0.0.1:3121
source C:/Users/KuldeepGohil/Desktop/Spring2021/CECS461/Labs/Lab1/project_1/project_1.sdk/design_1_wrapper_hw_platform_0/ps7_init.tcl
targets -set -nocase -filter {name =~"APU*" && jtag_cable_name =~ "Digilent Zybo Z7 210351AB734BA"} -index 0
loadhw -hw C:/Users/KuldeepGohil/Desktop/Spring2021/CECS461/Labs/Lab1/project_1/project_1.sdk/design_1_wrapper_hw_platform_0/system.hdf -mem-ranges [list {0x40000000 0xbfffffff}]
configparams force-mem-access 1
targets -set -nocase -filter {name =~"APU*" && jtag_cable_name =~ "Digilent Zybo Z7 210351AB734BA"} -index 0
stop
ps7_init
ps7_post_config
targets -set -nocase -filter {name =~ "ARM*#0" && jtag_cable_name =~ "Digilent Zybo Z7 210351AB734BA"} -index 0
rst -processor
targets -set -nocase -filter {name =~ "ARM*#0" && jtag_cable_name =~ "Digilent Zybo Z7 210351AB734BA"} -index 0
dow C:/Users/KuldeepGohil/Desktop/Spring2021/CECS461/Labs/Lab1/project_1/project_1.sdk/mem_test/Debug/mem_test.elf
configparams force-mem-access 0
----------------End of Script----------------

10:14:13 INFO  : Context for processor 'ps7_cortexa9_0' is selected.
10:14:13 INFO  : 'con' command is executed.
10:14:13 INFO  : ----------------XSDB Script (After Launch)----------------
targets -set -nocase -filter {name =~ "ARM*#0" && jtag_cable_name =~ "Digilent Zybo Z7 210351AB734BA"} -index 0
con
----------------End of Script----------------

10:14:13 INFO  : Disconnected from the channel tcfchan#5.
10:35:05 INFO  : Connected to target on host '127.0.0.1' and port '3121'.
10:35:06 INFO  : Jtag cable 'Digilent Zybo Z7 210351AB734BA' is selected.
10:35:06 INFO  : 'jtag frequency' command is executed.
10:35:06 INFO  : Sourcing of 'C:/Users/KuldeepGohil/Desktop/Spring2021/CECS461/Labs/Lab1/project_1/project_1.sdk/design_1_wrapper_hw_platform_0/ps7_init.tcl' is done.
10:35:06 INFO  : Context for 'APU' is selected.
10:35:06 INFO  : Hardware design information is loaded from 'C:/Users/KuldeepGohil/Desktop/Spring2021/CECS461/Labs/Lab1/project_1/project_1.sdk/design_1_wrapper_hw_platform_0/system.hdf'.
10:35:06 INFO  : 'configparams force-mem-access 1' command is executed.
10:35:06 INFO  : Context for 'APU' is selected.
10:35:06 INFO  : 'stop' command is executed.
10:35:07 INFO  : 'ps7_init' command is executed.
10:35:07 INFO  : 'ps7_post_config' command is executed.
10:35:07 INFO  : Context for processor 'ps7_cortexa9_0' is selected.
10:35:07 INFO  : Processor reset is completed for 'ps7_cortexa9_0'.
10:35:07 INFO  : Context for processor 'ps7_cortexa9_0' is selected.
10:35:07 INFO  : The application 'C:/Users/KuldeepGohil/Desktop/Spring2021/CECS461/Labs/Lab1/project_1/project_1.sdk/mem_test/Debug/mem_test.elf' is downloaded to processor 'ps7_cortexa9_0'.
10:35:07 INFO  : 'configparams force-mem-access 0' command is executed.
10:35:07 INFO  : ----------------XSDB Script----------------
connect -url tcp:127.0.0.1:3121
source C:/Users/KuldeepGohil/Desktop/Spring2021/CECS461/Labs/Lab1/project_1/project_1.sdk/design_1_wrapper_hw_platform_0/ps7_init.tcl
targets -set -nocase -filter {name =~"APU*" && jtag_cable_name =~ "Digilent Zybo Z7 210351AB734BA"} -index 0
loadhw -hw C:/Users/KuldeepGohil/Desktop/Spring2021/CECS461/Labs/Lab1/project_1/project_1.sdk/design_1_wrapper_hw_platform_0/system.hdf -mem-ranges [list {0x40000000 0xbfffffff}]
configparams force-mem-access 1
targets -set -nocase -filter {name =~"APU*" && jtag_cable_name =~ "Digilent Zybo Z7 210351AB734BA"} -index 0
stop
ps7_init
ps7_post_config
targets -set -nocase -filter {name =~ "ARM*#0" && jtag_cable_name =~ "Digilent Zybo Z7 210351AB734BA"} -index 0
rst -processor
targets -set -nocase -filter {name =~ "ARM*#0" && jtag_cable_name =~ "Digilent Zybo Z7 210351AB734BA"} -index 0
dow C:/Users/KuldeepGohil/Desktop/Spring2021/CECS461/Labs/Lab1/project_1/project_1.sdk/mem_test/Debug/mem_test.elf
configparams force-mem-access 0
----------------End of Script----------------

10:35:07 INFO  : Context for processor 'ps7_cortexa9_0' is selected.
10:35:07 INFO  : 'con' command is executed.
10:35:07 INFO  : ----------------XSDB Script (After Launch)----------------
targets -set -nocase -filter {name =~ "ARM*#0" && jtag_cable_name =~ "Digilent Zybo Z7 210351AB734BA"} -index 0
con
----------------End of Script----------------

10:35:07 INFO  : Disconnected from the channel tcfchan#6.
10:40:21 INFO  : Connected to target on host '127.0.0.1' and port '3121'.
10:40:24 INFO  : Jtag cable 'Digilent Zybo Z7 210351AB734BA' is selected.
10:40:24 INFO  : 'jtag frequency' command is executed.
10:40:24 INFO  : Sourcing of 'C:/Users/KuldeepGohil/Desktop/Spring2021/CECS461/Labs/Lab1/project_1/project_1.sdk/design_1_wrapper_hw_platform_0/ps7_init.tcl' is done.
10:40:25 INFO  : Context for 'APU' is selected.
10:40:25 INFO  : Hardware design information is loaded from 'C:/Users/KuldeepGohil/Desktop/Spring2021/CECS461/Labs/Lab1/project_1/project_1.sdk/design_1_wrapper_hw_platform_0/system.hdf'.
10:40:25 INFO  : 'configparams force-mem-access 1' command is executed.
10:40:27 INFO  : Context for 'APU' is selected.
10:40:27 INFO  : 'stop' command is executed.
10:40:27 INFO  : 'ps7_init' command is executed.
10:40:27 INFO  : 'ps7_post_config' command is executed.
10:40:29 INFO  : Context for processor 'ps7_cortexa9_0' is selected.
10:40:29 INFO  : Processor reset is completed for 'ps7_cortexa9_0'.
10:40:30 INFO  : Context for processor 'ps7_cortexa9_0' is selected.
10:40:30 INFO  : The application 'C:/Users/KuldeepGohil/Desktop/Spring2021/CECS461/Labs/Lab1/project_1/project_1.sdk/mem_test/Debug/mem_test.elf' is downloaded to processor 'ps7_cortexa9_0'.
10:40:30 INFO  : 'configparams force-mem-access 0' command is executed.
10:40:30 INFO  : ----------------XSDB Script----------------
connect -url tcp:127.0.0.1:3121
source C:/Users/KuldeepGohil/Desktop/Spring2021/CECS461/Labs/Lab1/project_1/project_1.sdk/design_1_wrapper_hw_platform_0/ps7_init.tcl
targets -set -nocase -filter {name =~"APU*" && jtag_cable_name =~ "Digilent Zybo Z7 210351AB734BA"} -index 0
loadhw -hw C:/Users/KuldeepGohil/Desktop/Spring2021/CECS461/Labs/Lab1/project_1/project_1.sdk/design_1_wrapper_hw_platform_0/system.hdf -mem-ranges [list {0x40000000 0xbfffffff}]
configparams force-mem-access 1
targets -set -nocase -filter {name =~"APU*" && jtag_cable_name =~ "Digilent Zybo Z7 210351AB734BA"} -index 0
stop
ps7_init
ps7_post_config
targets -set -nocase -filter {name =~ "ARM*#0" && jtag_cable_name =~ "Digilent Zybo Z7 210351AB734BA"} -index 0
rst -processor
targets -set -nocase -filter {name =~ "ARM*#0" && jtag_cable_name =~ "Digilent Zybo Z7 210351AB734BA"} -index 0
dow C:/Users/KuldeepGohil/Desktop/Spring2021/CECS461/Labs/Lab1/project_1/project_1.sdk/mem_test/Debug/mem_test.elf
configparams force-mem-access 0
----------------End of Script----------------

10:40:32 INFO  : Context for processor 'ps7_cortexa9_0' is selected.
10:40:32 INFO  : 'con' command is executed.
10:40:32 INFO  : ----------------XSDB Script (After Launch)----------------
targets -set -nocase -filter {name =~ "ARM*#0" && jtag_cable_name =~ "Digilent Zybo Z7 210351AB734BA"} -index 0
con
----------------End of Script----------------

10:40:32 INFO  : Disconnected from the channel tcfchan#7.
10:41:41 INFO  : Connected to target on host '127.0.0.1' and port '3121'.
10:41:44 INFO  : Jtag cable 'Digilent Zybo Z7 210351AB734BA' is selected.
10:41:44 INFO  : 'jtag frequency' command is executed.
10:41:44 INFO  : Sourcing of 'C:/Users/KuldeepGohil/Desktop/Spring2021/CECS461/Labs/Lab1/project_1/project_1.sdk/design_1_wrapper_hw_platform_0/ps7_init.tcl' is done.
10:41:46 INFO  : Context for 'APU' is selected.
10:41:47 INFO  : Hardware design information is loaded from 'C:/Users/KuldeepGohil/Desktop/Spring2021/CECS461/Labs/Lab1/project_1/project_1.sdk/design_1_wrapper_hw_platform_0/system.hdf'.
10:41:47 INFO  : 'configparams force-mem-access 1' command is executed.
10:41:48 INFO  : Context for 'APU' is selected.
10:41:48 INFO  : 'stop' command is executed.
10:41:48 INFO  : 'ps7_init' command is executed.
10:41:48 INFO  : 'ps7_post_config' command is executed.
10:41:52 ERROR : no targets found with "name =~ "ARM*#0" && jtag_cable_name =~ "Digilent Zybo Z7 210351AB734BA"". available targets: none
10:41:52 INFO  : ----------------XSDB Script----------------
connect -url tcp:127.0.0.1:3121
source C:/Users/KuldeepGohil/Desktop/Spring2021/CECS461/Labs/Lab1/project_1/project_1.sdk/design_1_wrapper_hw_platform_0/ps7_init.tcl
targets -set -nocase -filter {name =~"APU*" && jtag_cable_name =~ "Digilent Zybo Z7 210351AB734BA"} -index 0
loadhw -hw C:/Users/KuldeepGohil/Desktop/Spring2021/CECS461/Labs/Lab1/project_1/project_1.sdk/design_1_wrapper_hw_platform_0/system.hdf -mem-ranges [list {0x40000000 0xbfffffff}]
configparams force-mem-access 1
targets -set -nocase -filter {name =~"APU*" && jtag_cable_name =~ "Digilent Zybo Z7 210351AB734BA"} -index 0
stop
ps7_init
ps7_post_config
targets -set -nocase -filter {name =~ "ARM*#0" && jtag_cable_name =~ "Digilent Zybo Z7 210351AB734BA"} -index 0
----------------End of Script----------------

10:42:00 INFO  : Connected to target on host '127.0.0.1' and port '3121'.
10:42:00 INFO  : Jtag cable 'Digilent Zybo Z7 210351AB734BA' is selected.
10:42:01 INFO  : 'jtag frequency' command is executed.
10:42:01 INFO  : Sourcing of 'C:/Users/KuldeepGohil/Desktop/Spring2021/CECS461/Labs/Lab1/project_1/project_1.sdk/design_1_wrapper_hw_platform_0/ps7_init.tcl' is done.
10:42:03 INFO  : Context for 'APU' is selected.
10:42:03 INFO  : Hardware design information is loaded from 'C:/Users/KuldeepGohil/Desktop/Spring2021/CECS461/Labs/Lab1/project_1/project_1.sdk/design_1_wrapper_hw_platform_0/system.hdf'.
10:42:03 INFO  : 'configparams force-mem-access 1' command is executed.
10:42:03 INFO  : Context for 'APU' is selected.
10:42:03 INFO  : 'stop' command is executed.
10:42:04 INFO  : 'ps7_init' command is executed.
10:42:04 INFO  : 'ps7_post_config' command is executed.
10:42:04 INFO  : Context for processor 'ps7_cortexa9_0' is selected.
10:42:04 INFO  : Processor reset is completed for 'ps7_cortexa9_0'.
10:42:04 INFO  : Context for processor 'ps7_cortexa9_0' is selected.
10:42:04 INFO  : The application 'C:/Users/KuldeepGohil/Desktop/Spring2021/CECS461/Labs/Lab1/project_1/project_1.sdk/mem_test/Debug/mem_test.elf' is downloaded to processor 'ps7_cortexa9_0'.
10:42:04 INFO  : 'configparams force-mem-access 0' command is executed.
10:42:04 INFO  : ----------------XSDB Script----------------
connect -url tcp:127.0.0.1:3121
source C:/Users/KuldeepGohil/Desktop/Spring2021/CECS461/Labs/Lab1/project_1/project_1.sdk/design_1_wrapper_hw_platform_0/ps7_init.tcl
targets -set -nocase -filter {name =~"APU*" && jtag_cable_name =~ "Digilent Zybo Z7 210351AB734BA"} -index 0
loadhw -hw C:/Users/KuldeepGohil/Desktop/Spring2021/CECS461/Labs/Lab1/project_1/project_1.sdk/design_1_wrapper_hw_platform_0/system.hdf -mem-ranges [list {0x40000000 0xbfffffff}]
configparams force-mem-access 1
targets -set -nocase -filter {name =~"APU*" && jtag_cable_name =~ "Digilent Zybo Z7 210351AB734BA"} -index 0
stop
ps7_init
ps7_post_config
targets -set -nocase -filter {name =~ "ARM*#0" && jtag_cable_name =~ "Digilent Zybo Z7 210351AB734BA"} -index 0
rst -processor
targets -set -nocase -filter {name =~ "ARM*#0" && jtag_cable_name =~ "Digilent Zybo Z7 210351AB734BA"} -index 0
dow C:/Users/KuldeepGohil/Desktop/Spring2021/CECS461/Labs/Lab1/project_1/project_1.sdk/mem_test/Debug/mem_test.elf
configparams force-mem-access 0
----------------End of Script----------------

10:42:04 INFO  : Context for processor 'ps7_cortexa9_0' is selected.
10:42:04 INFO  : 'con' command is executed.
10:42:04 INFO  : ----------------XSDB Script (After Launch)----------------
targets -set -nocase -filter {name =~ "ARM*#0" && jtag_cable_name =~ "Digilent Zybo Z7 210351AB734BA"} -index 0
con
----------------End of Script----------------

10:42:04 INFO  : Disconnected from the channel tcfchan#8.
10:42:36 INFO  : Registering command handlers for SDK TCF services
10:42:36 INFO  : Launching XSCT server: xsct.bat -interactive C:\Users\KuldeepGohil\Desktop\Spring2021\CECS461\Labs\Lab1\project_1\project_1.sdk\temp_xsdb_launch_script.tcl
10:42:38 INFO  : XSCT server has started successfully.
10:42:38 INFO  : Successfully done setting XSCT server connection channel  
10:42:38 INFO  : Successfully done setting SDK workspace  
10:42:38 INFO  : Processing command line option -hwspec C:/Users/KuldeepGohil/Desktop/Spring2021/CECS461/Labs/Lab1/project_1/project_1.sdk/design_1_wrapper.hdf.
10:42:39 INFO  : Checking for hwspec changes in the project design_1_wrapper_hw_platform_0.
10:43:12 INFO  : Connected to target on host '127.0.0.1' and port '3121'.
10:43:13 INFO  : Jtag cable 'Digilent Zybo Z7 210351AB734BA' is selected.
10:43:13 INFO  : 'jtag frequency' command is executed.
10:43:13 INFO  : Sourcing of 'C:/Users/KuldeepGohil/Desktop/Spring2021/CECS461/Labs/Lab1/project_1/project_1.sdk/design_1_wrapper_hw_platform_0/ps7_init.tcl' is done.
10:43:13 INFO  : Context for 'APU' is selected.
10:43:13 INFO  : Hardware design information is loaded from 'C:/Users/KuldeepGohil/Desktop/Spring2021/CECS461/Labs/Lab1/project_1/project_1.sdk/design_1_wrapper_hw_platform_0/system.hdf'.
10:43:13 INFO  : 'configparams force-mem-access 1' command is executed.
10:43:13 INFO  : Context for 'APU' is selected.
10:43:13 INFO  : 'stop' command is executed.
10:43:14 INFO  : 'ps7_init' command is executed.
10:43:14 INFO  : 'ps7_post_config' command is executed.
10:43:14 INFO  : Context for processor 'ps7_cortexa9_0' is selected.
10:43:14 INFO  : Processor reset is completed for 'ps7_cortexa9_0'.
10:43:14 INFO  : Context for processor 'ps7_cortexa9_0' is selected.
10:43:14 INFO  : The application 'C:/Users/KuldeepGohil/Desktop/Spring2021/CECS461/Labs/Lab1/project_1/project_1.sdk/mem_test/Debug/mem_test.elf' is downloaded to processor 'ps7_cortexa9_0'.
10:43:14 INFO  : 'configparams force-mem-access 0' command is executed.
10:43:14 INFO  : ----------------XSDB Script----------------
connect -url tcp:127.0.0.1:3121
source C:/Users/KuldeepGohil/Desktop/Spring2021/CECS461/Labs/Lab1/project_1/project_1.sdk/design_1_wrapper_hw_platform_0/ps7_init.tcl
targets -set -nocase -filter {name =~"APU*" && jtag_cable_name =~ "Digilent Zybo Z7 210351AB734BA"} -index 0
loadhw -hw C:/Users/KuldeepGohil/Desktop/Spring2021/CECS461/Labs/Lab1/project_1/project_1.sdk/design_1_wrapper_hw_platform_0/system.hdf -mem-ranges [list {0x40000000 0xbfffffff}]
configparams force-mem-access 1
targets -set -nocase -filter {name =~"APU*" && jtag_cable_name =~ "Digilent Zybo Z7 210351AB734BA"} -index 0
stop
ps7_init
ps7_post_config
targets -set -nocase -filter {name =~ "ARM*#0" && jtag_cable_name =~ "Digilent Zybo Z7 210351AB734BA"} -index 0
rst -processor
targets -set -nocase -filter {name =~ "ARM*#0" && jtag_cable_name =~ "Digilent Zybo Z7 210351AB734BA"} -index 0
dow C:/Users/KuldeepGohil/Desktop/Spring2021/CECS461/Labs/Lab1/project_1/project_1.sdk/mem_test/Debug/mem_test.elf
configparams force-mem-access 0
----------------End of Script----------------

10:43:14 INFO  : Context for processor 'ps7_cortexa9_0' is selected.
10:43:14 INFO  : 'con' command is executed.
10:43:14 INFO  : ----------------XSDB Script (After Launch)----------------
targets -set -nocase -filter {name =~ "ARM*#0" && jtag_cable_name =~ "Digilent Zybo Z7 210351AB734BA"} -index 0
con
----------------End of Script----------------

10:43:14 INFO  : Disconnected from the channel tcfchan#1.
10:43:37 INFO  : Connected to target on host '127.0.0.1' and port '3121'.
10:43:38 INFO  : Jtag cable 'Digilent Zybo Z7 210351AB734BA' is selected.
10:43:38 INFO  : 'jtag frequency' command is executed.
10:43:38 INFO  : Sourcing of 'C:/Users/KuldeepGohil/Desktop/Spring2021/CECS461/Labs/Lab1/project_1/project_1.sdk/design_1_wrapper_hw_platform_0/ps7_init.tcl' is done.
10:43:38 INFO  : Context for 'APU' is selected.
10:43:39 INFO  : Hardware design information is loaded from 'C:/Users/KuldeepGohil/Desktop/Spring2021/CECS461/Labs/Lab1/project_1/project_1.sdk/design_1_wrapper_hw_platform_0/system.hdf'.
10:43:39 INFO  : 'configparams force-mem-access 1' command is executed.
10:43:39 INFO  : Context for 'APU' is selected.
10:43:40 INFO  : 'stop' command is executed.
10:43:40 INFO  : 'ps7_init' command is executed.
10:43:40 INFO  : 'ps7_post_config' command is executed.
10:43:40 INFO  : Context for processor 'ps7_cortexa9_0' is selected.
10:43:40 INFO  : Processor reset is completed for 'ps7_cortexa9_0'.
10:43:40 INFO  : Context for processor 'ps7_cortexa9_0' is selected.
10:43:40 INFO  : The application 'C:/Users/KuldeepGohil/Desktop/Spring2021/CECS461/Labs/Lab1/project_1/project_1.sdk/mem_test/Debug/mem_test.elf' is downloaded to processor 'ps7_cortexa9_0'.
10:43:40 INFO  : 'configparams force-mem-access 0' command is executed.
10:43:40 INFO  : ----------------XSDB Script----------------
connect -url tcp:127.0.0.1:3121
source C:/Users/KuldeepGohil/Desktop/Spring2021/CECS461/Labs/Lab1/project_1/project_1.sdk/design_1_wrapper_hw_platform_0/ps7_init.tcl
targets -set -nocase -filter {name =~"APU*" && jtag_cable_name =~ "Digilent Zybo Z7 210351AB734BA"} -index 0
loadhw -hw C:/Users/KuldeepGohil/Desktop/Spring2021/CECS461/Labs/Lab1/project_1/project_1.sdk/design_1_wrapper_hw_platform_0/system.hdf -mem-ranges [list {0x40000000 0xbfffffff}]
configparams force-mem-access 1
targets -set -nocase -filter {name =~"APU*" && jtag_cable_name =~ "Digilent Zybo Z7 210351AB734BA"} -index 0
stop
ps7_init
ps7_post_config
targets -set -nocase -filter {name =~ "ARM*#0" && jtag_cable_name =~ "Digilent Zybo Z7 210351AB734BA"} -index 0
rst -processor
targets -set -nocase -filter {name =~ "ARM*#0" && jtag_cable_name =~ "Digilent Zybo Z7 210351AB734BA"} -index 0
dow C:/Users/KuldeepGohil/Desktop/Spring2021/CECS461/Labs/Lab1/project_1/project_1.sdk/mem_test/Debug/mem_test.elf
configparams force-mem-access 0
----------------End of Script----------------

10:43:40 INFO  : Context for processor 'ps7_cortexa9_0' is selected.
10:43:40 INFO  : 'con' command is executed.
10:43:40 INFO  : ----------------XSDB Script (After Launch)----------------
targets -set -nocase -filter {name =~ "ARM*#0" && jtag_cable_name =~ "Digilent Zybo Z7 210351AB734BA"} -index 0
con
----------------End of Script----------------

10:43:40 INFO  : Disconnected from the channel tcfchan#2.
10:45:15 INFO  : Connected to target on host '127.0.0.1' and port '3121'.
10:45:15 INFO  : Jtag cable 'Digilent Zybo Z7 210351AB734BA' is selected.
10:45:16 INFO  : 'jtag frequency' command is executed.
10:45:16 INFO  : Sourcing of 'C:/Users/KuldeepGohil/Desktop/Spring2021/CECS461/Labs/Lab1/project_1/project_1.sdk/design_1_wrapper_hw_platform_0/ps7_init.tcl' is done.
10:45:16 INFO  : Context for 'APU' is selected.
10:45:16 INFO  : Hardware design information is loaded from 'C:/Users/KuldeepGohil/Desktop/Spring2021/CECS461/Labs/Lab1/project_1/project_1.sdk/design_1_wrapper_hw_platform_0/system.hdf'.
10:45:16 INFO  : 'configparams force-mem-access 1' command is executed.
10:45:16 INFO  : Context for 'APU' is selected.
10:45:16 INFO  : 'stop' command is executed.
10:45:16 INFO  : 'ps7_init' command is executed.
10:45:16 INFO  : 'ps7_post_config' command is executed.
10:45:16 INFO  : Context for processor 'ps7_cortexa9_0' is selected.
10:45:16 INFO  : Processor reset is completed for 'ps7_cortexa9_0'.
10:45:16 INFO  : Context for processor 'ps7_cortexa9_0' is selected.
10:45:16 INFO  : The application 'C:/Users/KuldeepGohil/Desktop/Spring2021/CECS461/Labs/Lab1/project_1/project_1.sdk/mem_test/Debug/mem_test.elf' is downloaded to processor 'ps7_cortexa9_0'.
10:45:16 INFO  : 'configparams force-mem-access 0' command is executed.
10:45:16 INFO  : ----------------XSDB Script----------------
connect -url tcp:127.0.0.1:3121
source C:/Users/KuldeepGohil/Desktop/Spring2021/CECS461/Labs/Lab1/project_1/project_1.sdk/design_1_wrapper_hw_platform_0/ps7_init.tcl
targets -set -nocase -filter {name =~"APU*" && jtag_cable_name =~ "Digilent Zybo Z7 210351AB734BA"} -index 0
loadhw -hw C:/Users/KuldeepGohil/Desktop/Spring2021/CECS461/Labs/Lab1/project_1/project_1.sdk/design_1_wrapper_hw_platform_0/system.hdf -mem-ranges [list {0x40000000 0xbfffffff}]
configparams force-mem-access 1
targets -set -nocase -filter {name =~"APU*" && jtag_cable_name =~ "Digilent Zybo Z7 210351AB734BA"} -index 0
stop
ps7_init
ps7_post_config
targets -set -nocase -filter {name =~ "ARM*#0" && jtag_cable_name =~ "Digilent Zybo Z7 210351AB734BA"} -index 0
rst -processor
targets -set -nocase -filter {name =~ "ARM*#0" && jtag_cable_name =~ "Digilent Zybo Z7 210351AB734BA"} -index 0
dow C:/Users/KuldeepGohil/Desktop/Spring2021/CECS461/Labs/Lab1/project_1/project_1.sdk/mem_test/Debug/mem_test.elf
configparams force-mem-access 0
----------------End of Script----------------

10:45:16 INFO  : Context for processor 'ps7_cortexa9_0' is selected.
10:45:16 INFO  : 'con' command is executed.
10:45:16 INFO  : ----------------XSDB Script (After Launch)----------------
targets -set -nocase -filter {name =~ "ARM*#0" && jtag_cable_name =~ "Digilent Zybo Z7 210351AB734BA"} -index 0
con
----------------End of Script----------------

10:45:16 INFO  : Disconnected from the channel tcfchan#3.
10:46:44 INFO  : Connected to target on host '127.0.0.1' and port '3121'.
10:46:45 INFO  : Jtag cable 'Digilent Zybo Z7 210351AB734BA' is selected.
10:46:45 INFO  : 'jtag frequency' command is executed.
10:46:45 INFO  : Sourcing of 'C:/Users/KuldeepGohil/Desktop/Spring2021/CECS461/Labs/Lab1/project_1/project_1.sdk/design_1_wrapper_hw_platform_0/ps7_init.tcl' is done.
10:46:45 INFO  : Context for 'APU' is selected.
10:46:45 INFO  : Hardware design information is loaded from 'C:/Users/KuldeepGohil/Desktop/Spring2021/CECS461/Labs/Lab1/project_1/project_1.sdk/design_1_wrapper_hw_platform_0/system.hdf'.
10:46:45 INFO  : 'configparams force-mem-access 1' command is executed.
10:46:45 INFO  : Context for 'APU' is selected.
10:46:45 INFO  : 'stop' command is executed.
10:46:45 INFO  : 'ps7_init' command is executed.
10:46:45 INFO  : 'ps7_post_config' command is executed.
10:46:45 INFO  : Context for processor 'ps7_cortexa9_0' is selected.
10:46:45 INFO  : Processor reset is completed for 'ps7_cortexa9_0'.
10:46:46 INFO  : Context for processor 'ps7_cortexa9_0' is selected.
10:46:46 INFO  : The application 'C:/Users/KuldeepGohil/Desktop/Spring2021/CECS461/Labs/Lab1/project_1/project_1.sdk/mem_test/Debug/mem_test.elf' is downloaded to processor 'ps7_cortexa9_0'.
10:46:46 INFO  : 'configparams force-mem-access 0' command is executed.
10:46:46 INFO  : ----------------XSDB Script----------------
connect -url tcp:127.0.0.1:3121
source C:/Users/KuldeepGohil/Desktop/Spring2021/CECS461/Labs/Lab1/project_1/project_1.sdk/design_1_wrapper_hw_platform_0/ps7_init.tcl
targets -set -nocase -filter {name =~"APU*" && jtag_cable_name =~ "Digilent Zybo Z7 210351AB734BA"} -index 0
loadhw -hw C:/Users/KuldeepGohil/Desktop/Spring2021/CECS461/Labs/Lab1/project_1/project_1.sdk/design_1_wrapper_hw_platform_0/system.hdf -mem-ranges [list {0x40000000 0xbfffffff}]
configparams force-mem-access 1
targets -set -nocase -filter {name =~"APU*" && jtag_cable_name =~ "Digilent Zybo Z7 210351AB734BA"} -index 0
stop
ps7_init
ps7_post_config
targets -set -nocase -filter {name =~ "ARM*#0" && jtag_cable_name =~ "Digilent Zybo Z7 210351AB734BA"} -index 0
rst -processor
targets -set -nocase -filter {name =~ "ARM*#0" && jtag_cable_name =~ "Digilent Zybo Z7 210351AB734BA"} -index 0
dow C:/Users/KuldeepGohil/Desktop/Spring2021/CECS461/Labs/Lab1/project_1/project_1.sdk/mem_test/Debug/mem_test.elf
configparams force-mem-access 0
----------------End of Script----------------

10:46:46 INFO  : Context for processor 'ps7_cortexa9_0' is selected.
10:46:46 INFO  : 'con' command is executed.
10:46:46 INFO  : ----------------XSDB Script (After Launch)----------------
targets -set -nocase -filter {name =~ "ARM*#0" && jtag_cable_name =~ "Digilent Zybo Z7 210351AB734BA"} -index 0
con
----------------End of Script----------------

10:46:46 INFO  : Disconnected from the channel tcfchan#4.
11:00:49 INFO  : Connected to target on host '127.0.0.1' and port '3121'.
11:00:50 INFO  : Jtag cable 'Digilent Zybo Z7 210351AB734BA' is selected.
11:00:50 INFO  : 'jtag frequency' command is executed.
11:00:50 INFO  : Sourcing of 'C:/Users/KuldeepGohil/Desktop/Spring2021/CECS461/Labs/Lab1/project_1/project_1.sdk/design_1_wrapper_hw_platform_0/ps7_init.tcl' is done.
11:00:50 INFO  : Context for 'APU' is selected.
11:00:50 INFO  : Hardware design information is loaded from 'C:/Users/KuldeepGohil/Desktop/Spring2021/CECS461/Labs/Lab1/project_1/project_1.sdk/design_1_wrapper_hw_platform_0/system.hdf'.
11:00:50 INFO  : 'configparams force-mem-access 1' command is executed.
11:00:50 INFO  : Context for 'APU' is selected.
11:00:50 INFO  : 'stop' command is executed.
11:00:50 INFO  : 'ps7_init' command is executed.
11:00:50 INFO  : 'ps7_post_config' command is executed.
11:00:50 INFO  : Context for processor 'ps7_cortexa9_0' is selected.
11:00:50 INFO  : Processor reset is completed for 'ps7_cortexa9_0'.
11:00:51 INFO  : Context for processor 'ps7_cortexa9_0' is selected.
11:00:51 INFO  : The application 'C:/Users/KuldeepGohil/Desktop/Spring2021/CECS461/Labs/Lab1/project_1/project_1.sdk/mem_test/Debug/mem_test.elf' is downloaded to processor 'ps7_cortexa9_0'.
11:00:51 INFO  : 'configparams force-mem-access 0' command is executed.
11:00:51 INFO  : ----------------XSDB Script----------------
connect -url tcp:127.0.0.1:3121
source C:/Users/KuldeepGohil/Desktop/Spring2021/CECS461/Labs/Lab1/project_1/project_1.sdk/design_1_wrapper_hw_platform_0/ps7_init.tcl
targets -set -nocase -filter {name =~"APU*" && jtag_cable_name =~ "Digilent Zybo Z7 210351AB734BA"} -index 0
loadhw -hw C:/Users/KuldeepGohil/Desktop/Spring2021/CECS461/Labs/Lab1/project_1/project_1.sdk/design_1_wrapper_hw_platform_0/system.hdf -mem-ranges [list {0x40000000 0xbfffffff}]
configparams force-mem-access 1
targets -set -nocase -filter {name =~"APU*" && jtag_cable_name =~ "Digilent Zybo Z7 210351AB734BA"} -index 0
stop
ps7_init
ps7_post_config
targets -set -nocase -filter {name =~ "ARM*#0" && jtag_cable_name =~ "Digilent Zybo Z7 210351AB734BA"} -index 0
rst -processor
targets -set -nocase -filter {name =~ "ARM*#0" && jtag_cable_name =~ "Digilent Zybo Z7 210351AB734BA"} -index 0
dow C:/Users/KuldeepGohil/Desktop/Spring2021/CECS461/Labs/Lab1/project_1/project_1.sdk/mem_test/Debug/mem_test.elf
configparams force-mem-access 0
----------------End of Script----------------

11:00:51 INFO  : Context for processor 'ps7_cortexa9_0' is selected.
11:00:51 INFO  : 'con' command is executed.
11:00:51 INFO  : ----------------XSDB Script (After Launch)----------------
targets -set -nocase -filter {name =~ "ARM*#0" && jtag_cable_name =~ "Digilent Zybo Z7 210351AB734BA"} -index 0
con
----------------End of Script----------------

11:00:51 INFO  : Disconnected from the channel tcfchan#5.
11:09:48 INFO  : Connected to target on host '127.0.0.1' and port '3121'.
11:09:49 INFO  : Jtag cable 'Digilent Zybo Z7 210351AB734BA' is selected.
11:09:49 INFO  : 'jtag frequency' command is executed.
11:09:49 INFO  : Sourcing of 'C:/Users/KuldeepGohil/Desktop/Spring2021/CECS461/Labs/Lab1/project_1/project_1.sdk/design_1_wrapper_hw_platform_0/ps7_init.tcl' is done.
11:09:49 INFO  : Context for 'APU' is selected.
11:09:49 INFO  : Hardware design information is loaded from 'C:/Users/KuldeepGohil/Desktop/Spring2021/CECS461/Labs/Lab1/project_1/project_1.sdk/design_1_wrapper_hw_platform_0/system.hdf'.
11:09:49 INFO  : 'configparams force-mem-access 1' command is executed.
11:09:49 INFO  : Context for 'APU' is selected.
11:09:49 INFO  : 'stop' command is executed.
11:09:49 INFO  : 'ps7_init' command is executed.
11:09:49 INFO  : 'ps7_post_config' command is executed.
11:09:49 INFO  : Context for processor 'ps7_cortexa9_0' is selected.
11:09:49 INFO  : Processor reset is completed for 'ps7_cortexa9_0'.
11:09:49 INFO  : Context for processor 'ps7_cortexa9_0' is selected.
11:09:49 INFO  : The application 'C:/Users/KuldeepGohil/Desktop/Spring2021/CECS461/Labs/Lab1/project_1/project_1.sdk/mem_test/Debug/mem_test.elf' is downloaded to processor 'ps7_cortexa9_0'.
11:09:49 INFO  : 'configparams force-mem-access 0' command is executed.
11:09:49 INFO  : ----------------XSDB Script----------------
connect -url tcp:127.0.0.1:3121
source C:/Users/KuldeepGohil/Desktop/Spring2021/CECS461/Labs/Lab1/project_1/project_1.sdk/design_1_wrapper_hw_platform_0/ps7_init.tcl
targets -set -nocase -filter {name =~"APU*" && jtag_cable_name =~ "Digilent Zybo Z7 210351AB734BA"} -index 0
loadhw -hw C:/Users/KuldeepGohil/Desktop/Spring2021/CECS461/Labs/Lab1/project_1/project_1.sdk/design_1_wrapper_hw_platform_0/system.hdf -mem-ranges [list {0x40000000 0xbfffffff}]
configparams force-mem-access 1
targets -set -nocase -filter {name =~"APU*" && jtag_cable_name =~ "Digilent Zybo Z7 210351AB734BA"} -index 0
stop
ps7_init
ps7_post_config
targets -set -nocase -filter {name =~ "ARM*#0" && jtag_cable_name =~ "Digilent Zybo Z7 210351AB734BA"} -index 0
rst -processor
targets -set -nocase -filter {name =~ "ARM*#0" && jtag_cable_name =~ "Digilent Zybo Z7 210351AB734BA"} -index 0
dow C:/Users/KuldeepGohil/Desktop/Spring2021/CECS461/Labs/Lab1/project_1/project_1.sdk/mem_test/Debug/mem_test.elf
configparams force-mem-access 0
----------------End of Script----------------

11:09:49 INFO  : Context for processor 'ps7_cortexa9_0' is selected.
11:09:50 INFO  : 'con' command is executed.
11:09:50 INFO  : ----------------XSDB Script (After Launch)----------------
targets -set -nocase -filter {name =~ "ARM*#0" && jtag_cable_name =~ "Digilent Zybo Z7 210351AB734BA"} -index 0
con
----------------End of Script----------------

11:09:50 INFO  : Disconnected from the channel tcfchan#6.
11:12:47 INFO  : Connected to target on host '127.0.0.1' and port '3121'.
11:12:48 INFO  : Jtag cable 'Digilent Zybo Z7 210351AB734BA' is selected.
11:12:48 INFO  : 'jtag frequency' command is executed.
11:12:48 INFO  : Sourcing of 'C:/Users/KuldeepGohil/Desktop/Spring2021/CECS461/Labs/Lab1/project_1/project_1.sdk/design_1_wrapper_hw_platform_0/ps7_init.tcl' is done.
11:12:48 INFO  : Context for 'APU' is selected.
11:12:48 INFO  : Hardware design information is loaded from 'C:/Users/KuldeepGohil/Desktop/Spring2021/CECS461/Labs/Lab1/project_1/project_1.sdk/design_1_wrapper_hw_platform_0/system.hdf'.
11:12:48 INFO  : 'configparams force-mem-access 1' command is executed.
11:12:48 INFO  : Context for 'APU' is selected.
11:12:48 INFO  : 'stop' command is executed.
11:12:48 INFO  : 'ps7_init' command is executed.
11:12:48 INFO  : 'ps7_post_config' command is executed.
11:12:48 INFO  : Context for processor 'ps7_cortexa9_0' is selected.
11:12:48 INFO  : Processor reset is completed for 'ps7_cortexa9_0'.
11:12:49 INFO  : Context for processor 'ps7_cortexa9_0' is selected.
11:12:49 INFO  : The application 'C:/Users/KuldeepGohil/Desktop/Spring2021/CECS461/Labs/Lab1/project_1/project_1.sdk/mem_test/Debug/mem_test.elf' is downloaded to processor 'ps7_cortexa9_0'.
11:12:49 INFO  : 'configparams force-mem-access 0' command is executed.
11:12:49 INFO  : ----------------XSDB Script----------------
connect -url tcp:127.0.0.1:3121
source C:/Users/KuldeepGohil/Desktop/Spring2021/CECS461/Labs/Lab1/project_1/project_1.sdk/design_1_wrapper_hw_platform_0/ps7_init.tcl
targets -set -nocase -filter {name =~"APU*" && jtag_cable_name =~ "Digilent Zybo Z7 210351AB734BA"} -index 0
loadhw -hw C:/Users/KuldeepGohil/Desktop/Spring2021/CECS461/Labs/Lab1/project_1/project_1.sdk/design_1_wrapper_hw_platform_0/system.hdf -mem-ranges [list {0x40000000 0xbfffffff}]
configparams force-mem-access 1
targets -set -nocase -filter {name =~"APU*" && jtag_cable_name =~ "Digilent Zybo Z7 210351AB734BA"} -index 0
stop
ps7_init
ps7_post_config
targets -set -nocase -filter {name =~ "ARM*#0" && jtag_cable_name =~ "Digilent Zybo Z7 210351AB734BA"} -index 0
rst -processor
targets -set -nocase -filter {name =~ "ARM*#0" && jtag_cable_name =~ "Digilent Zybo Z7 210351AB734BA"} -index 0
dow C:/Users/KuldeepGohil/Desktop/Spring2021/CECS461/Labs/Lab1/project_1/project_1.sdk/mem_test/Debug/mem_test.elf
configparams force-mem-access 0
----------------End of Script----------------

11:12:49 INFO  : Context for processor 'ps7_cortexa9_0' is selected.
11:12:49 INFO  : 'con' command is executed.
11:12:49 INFO  : ----------------XSDB Script (After Launch)----------------
targets -set -nocase -filter {name =~ "ARM*#0" && jtag_cable_name =~ "Digilent Zybo Z7 210351AB734BA"} -index 0
con
----------------End of Script----------------

11:12:49 INFO  : Disconnected from the channel tcfchan#7.
11:26:06 INFO  : Connected to target on host '127.0.0.1' and port '3121'.
11:26:07 INFO  : Jtag cable 'Digilent Zybo Z7 210351AB734BA' is selected.
11:26:07 INFO  : 'jtag frequency' command is executed.
11:26:07 INFO  : Sourcing of 'C:/Users/KuldeepGohil/Desktop/Spring2021/CECS461/Labs/Lab1/project_1/project_1.sdk/design_1_wrapper_hw_platform_0/ps7_init.tcl' is done.
11:26:07 INFO  : Context for 'APU' is selected.
11:26:07 INFO  : Hardware design information is loaded from 'C:/Users/KuldeepGohil/Desktop/Spring2021/CECS461/Labs/Lab1/project_1/project_1.sdk/design_1_wrapper_hw_platform_0/system.hdf'.
11:26:07 INFO  : 'configparams force-mem-access 1' command is executed.
11:26:07 INFO  : Context for 'APU' is selected.
11:26:07 INFO  : 'stop' command is executed.
11:26:07 INFO  : 'ps7_init' command is executed.
11:26:07 INFO  : 'ps7_post_config' command is executed.
11:26:07 INFO  : Context for processor 'ps7_cortexa9_0' is selected.
11:26:07 INFO  : Processor reset is completed for 'ps7_cortexa9_0'.
11:26:07 INFO  : Context for processor 'ps7_cortexa9_0' is selected.
11:26:07 INFO  : The application 'C:/Users/KuldeepGohil/Desktop/Spring2021/CECS461/Labs/Lab1/project_1/project_1.sdk/mem_test/Debug/mem_test.elf' is downloaded to processor 'ps7_cortexa9_0'.
11:26:07 INFO  : 'configparams force-mem-access 0' command is executed.
11:26:07 INFO  : ----------------XSDB Script----------------
connect -url tcp:127.0.0.1:3121
source C:/Users/KuldeepGohil/Desktop/Spring2021/CECS461/Labs/Lab1/project_1/project_1.sdk/design_1_wrapper_hw_platform_0/ps7_init.tcl
targets -set -nocase -filter {name =~"APU*" && jtag_cable_name =~ "Digilent Zybo Z7 210351AB734BA"} -index 0
loadhw -hw C:/Users/KuldeepGohil/Desktop/Spring2021/CECS461/Labs/Lab1/project_1/project_1.sdk/design_1_wrapper_hw_platform_0/system.hdf -mem-ranges [list {0x40000000 0xbfffffff}]
configparams force-mem-access 1
targets -set -nocase -filter {name =~"APU*" && jtag_cable_name =~ "Digilent Zybo Z7 210351AB734BA"} -index 0
stop
ps7_init
ps7_post_config
targets -set -nocase -filter {name =~ "ARM*#0" && jtag_cable_name =~ "Digilent Zybo Z7 210351AB734BA"} -index 0
rst -processor
targets -set -nocase -filter {name =~ "ARM*#0" && jtag_cable_name =~ "Digilent Zybo Z7 210351AB734BA"} -index 0
dow C:/Users/KuldeepGohil/Desktop/Spring2021/CECS461/Labs/Lab1/project_1/project_1.sdk/mem_test/Debug/mem_test.elf
configparams force-mem-access 0
----------------End of Script----------------

11:26:07 INFO  : Context for processor 'ps7_cortexa9_0' is selected.
11:26:07 INFO  : 'con' command is executed.
11:26:07 INFO  : ----------------XSDB Script (After Launch)----------------
targets -set -nocase -filter {name =~ "ARM*#0" && jtag_cable_name =~ "Digilent Zybo Z7 210351AB734BA"} -index 0
con
----------------End of Script----------------

11:26:07 INFO  : Disconnected from the channel tcfchan#8.
11:37:42 INFO  : Connected to target on host '127.0.0.1' and port '3121'.
11:37:43 INFO  : Jtag cable 'Digilent Zybo Z7 210351AB734BA' is selected.
11:37:43 INFO  : 'jtag frequency' command is executed.
11:37:43 INFO  : Sourcing of 'C:/Users/KuldeepGohil/Desktop/Spring2021/CECS461/Labs/Lab1/project_1/project_1.sdk/design_1_wrapper_hw_platform_0/ps7_init.tcl' is done.
11:37:43 INFO  : Context for 'APU' is selected.
11:37:43 INFO  : Hardware design information is loaded from 'C:/Users/KuldeepGohil/Desktop/Spring2021/CECS461/Labs/Lab1/project_1/project_1.sdk/design_1_wrapper_hw_platform_0/system.hdf'.
11:37:43 INFO  : 'configparams force-mem-access 1' command is executed.
11:37:43 INFO  : Context for 'APU' is selected.
11:37:43 INFO  : 'stop' command is executed.
11:37:44 INFO  : 'ps7_init' command is executed.
11:37:44 INFO  : 'ps7_post_config' command is executed.
11:37:44 INFO  : Context for processor 'ps7_cortexa9_0' is selected.
11:37:44 INFO  : Processor reset is completed for 'ps7_cortexa9_0'.
11:37:44 INFO  : Context for processor 'ps7_cortexa9_0' is selected.
11:37:44 INFO  : The application 'C:/Users/KuldeepGohil/Desktop/Spring2021/CECS461/Labs/Lab1/project_1/project_1.sdk/mem_test/Debug/mem_test.elf' is downloaded to processor 'ps7_cortexa9_0'.
11:37:44 INFO  : 'configparams force-mem-access 0' command is executed.
11:37:44 INFO  : ----------------XSDB Script----------------
connect -url tcp:127.0.0.1:3121
source C:/Users/KuldeepGohil/Desktop/Spring2021/CECS461/Labs/Lab1/project_1/project_1.sdk/design_1_wrapper_hw_platform_0/ps7_init.tcl
targets -set -nocase -filter {name =~"APU*" && jtag_cable_name =~ "Digilent Zybo Z7 210351AB734BA"} -index 0
loadhw -hw C:/Users/KuldeepGohil/Desktop/Spring2021/CECS461/Labs/Lab1/project_1/project_1.sdk/design_1_wrapper_hw_platform_0/system.hdf -mem-ranges [list {0x40000000 0xbfffffff}]
configparams force-mem-access 1
targets -set -nocase -filter {name =~"APU*" && jtag_cable_name =~ "Digilent Zybo Z7 210351AB734BA"} -index 0
stop
ps7_init
ps7_post_config
targets -set -nocase -filter {name =~ "ARM*#0" && jtag_cable_name =~ "Digilent Zybo Z7 210351AB734BA"} -index 0
rst -processor
targets -set -nocase -filter {name =~ "ARM*#0" && jtag_cable_name =~ "Digilent Zybo Z7 210351AB734BA"} -index 0
dow C:/Users/KuldeepGohil/Desktop/Spring2021/CECS461/Labs/Lab1/project_1/project_1.sdk/mem_test/Debug/mem_test.elf
configparams force-mem-access 0
----------------End of Script----------------

11:37:44 INFO  : Context for processor 'ps7_cortexa9_0' is selected.
11:37:44 INFO  : 'con' command is executed.
11:37:44 INFO  : ----------------XSDB Script (After Launch)----------------
targets -set -nocase -filter {name =~ "ARM*#0" && jtag_cable_name =~ "Digilent Zybo Z7 210351AB734BA"} -index 0
con
----------------End of Script----------------

11:37:44 INFO  : Disconnected from the channel tcfchan#9.
11:43:06 INFO  : Connected to target on host '127.0.0.1' and port '3121'.
11:43:07 INFO  : Jtag cable 'Digilent Zybo Z7 210351AB734BA' is selected.
11:43:07 INFO  : 'jtag frequency' command is executed.
11:43:07 INFO  : Sourcing of 'C:/Users/KuldeepGohil/Desktop/Spring2021/CECS461/Labs/Lab1/project_1/project_1.sdk/design_1_wrapper_hw_platform_0/ps7_init.tcl' is done.
11:43:07 INFO  : Context for 'APU' is selected.
11:43:07 INFO  : Hardware design information is loaded from 'C:/Users/KuldeepGohil/Desktop/Spring2021/CECS461/Labs/Lab1/project_1/project_1.sdk/design_1_wrapper_hw_platform_0/system.hdf'.
11:43:07 INFO  : 'configparams force-mem-access 1' command is executed.
11:43:07 INFO  : Context for 'APU' is selected.
11:43:07 INFO  : 'stop' command is executed.
11:43:07 INFO  : 'ps7_init' command is executed.
11:43:07 INFO  : 'ps7_post_config' command is executed.
11:43:07 INFO  : Context for processor 'ps7_cortexa9_0' is selected.
11:43:07 INFO  : Processor reset is completed for 'ps7_cortexa9_0'.
11:43:07 INFO  : Context for processor 'ps7_cortexa9_0' is selected.
11:43:07 INFO  : The application 'C:/Users/KuldeepGohil/Desktop/Spring2021/CECS461/Labs/Lab1/project_1/project_1.sdk/mem_test/Debug/mem_test.elf' is downloaded to processor 'ps7_cortexa9_0'.
11:43:07 INFO  : 'configparams force-mem-access 0' command is executed.
11:43:07 INFO  : ----------------XSDB Script----------------
connect -url tcp:127.0.0.1:3121
source C:/Users/KuldeepGohil/Desktop/Spring2021/CECS461/Labs/Lab1/project_1/project_1.sdk/design_1_wrapper_hw_platform_0/ps7_init.tcl
targets -set -nocase -filter {name =~"APU*" && jtag_cable_name =~ "Digilent Zybo Z7 210351AB734BA"} -index 0
loadhw -hw C:/Users/KuldeepGohil/Desktop/Spring2021/CECS461/Labs/Lab1/project_1/project_1.sdk/design_1_wrapper_hw_platform_0/system.hdf -mem-ranges [list {0x40000000 0xbfffffff}]
configparams force-mem-access 1
targets -set -nocase -filter {name =~"APU*" && jtag_cable_name =~ "Digilent Zybo Z7 210351AB734BA"} -index 0
stop
ps7_init
ps7_post_config
targets -set -nocase -filter {name =~ "ARM*#0" && jtag_cable_name =~ "Digilent Zybo Z7 210351AB734BA"} -index 0
rst -processor
targets -set -nocase -filter {name =~ "ARM*#0" && jtag_cable_name =~ "Digilent Zybo Z7 210351AB734BA"} -index 0
dow C:/Users/KuldeepGohil/Desktop/Spring2021/CECS461/Labs/Lab1/project_1/project_1.sdk/mem_test/Debug/mem_test.elf
configparams force-mem-access 0
----------------End of Script----------------

11:43:07 INFO  : Context for processor 'ps7_cortexa9_0' is selected.
11:43:07 INFO  : 'con' command is executed.
11:43:07 INFO  : ----------------XSDB Script (After Launch)----------------
targets -set -nocase -filter {name =~ "ARM*#0" && jtag_cable_name =~ "Digilent Zybo Z7 210351AB734BA"} -index 0
con
----------------End of Script----------------

11:43:07 INFO  : Disconnected from the channel tcfchan#10.
14:42:11 INFO  : Registering command handlers for SDK TCF services
14:42:13 INFO  : Launching XSCT server: xsct.bat -interactive C:\Users\KuldeepGohil\Desktop\Spring2021\CECS461\Labs\Lab1\project_1\project_1.sdk\temp_xsdb_launch_script.tcl
14:42:16 INFO  : XSCT server has started successfully.
14:42:24 INFO  : Successfully done setting XSCT server connection channel  
14:42:24 INFO  : Successfully done setting SDK workspace  
14:42:24 INFO  : Processing command line option -hwspec C:/Users/KuldeepGohil/Desktop/Spring2021/CECS461/Labs/Lab1/project_1/project_1.sdk/design_1_wrapper.hdf.
14:42:24 INFO  : Checking for hwspec changes in the project design_1_wrapper_hw_platform_0.
16:31:34 INFO  : Connected to target on host '127.0.0.1' and port '3121'.
16:31:35 INFO  : Jtag cable 'Digilent Zybo Z7 210351AB734BA' is selected.
16:31:35 INFO  : 'jtag frequency' command is executed.
16:31:35 INFO  : Sourcing of 'C:/Users/KuldeepGohil/Desktop/Spring2021/CECS461/Labs/Lab1/project_1/project_1.sdk/design_1_wrapper_hw_platform_0/ps7_init.tcl' is done.
16:31:35 INFO  : Context for 'APU' is selected.
16:31:35 INFO  : Hardware design information is loaded from 'C:/Users/KuldeepGohil/Desktop/Spring2021/CECS461/Labs/Lab1/project_1/project_1.sdk/design_1_wrapper_hw_platform_0/system.hdf'.
16:31:35 INFO  : 'configparams force-mem-access 1' command is executed.
16:31:35 INFO  : Context for 'APU' is selected.
16:31:35 INFO  : 'stop' command is executed.
16:31:35 INFO  : 'ps7_init' command is executed.
16:31:35 INFO  : 'ps7_post_config' command is executed.
16:31:35 INFO  : Context for processor 'ps7_cortexa9_0' is selected.
16:31:35 INFO  : Processor reset is completed for 'ps7_cortexa9_0'.
16:31:35 INFO  : Context for processor 'ps7_cortexa9_0' is selected.
16:31:35 INFO  : The application 'C:/Users/KuldeepGohil/Desktop/Spring2021/CECS461/Labs/Lab1/project_1/project_1.sdk/mem_test/Debug/mem_test.elf' is downloaded to processor 'ps7_cortexa9_0'.
16:31:36 INFO  : 'configparams force-mem-access 0' command is executed.
16:31:36 INFO  : ----------------XSDB Script----------------
connect -url tcp:127.0.0.1:3121
source C:/Users/KuldeepGohil/Desktop/Spring2021/CECS461/Labs/Lab1/project_1/project_1.sdk/design_1_wrapper_hw_platform_0/ps7_init.tcl
targets -set -nocase -filter {name =~"APU*" && jtag_cable_name =~ "Digilent Zybo Z7 210351AB734BA"} -index 0
loadhw -hw C:/Users/KuldeepGohil/Desktop/Spring2021/CECS461/Labs/Lab1/project_1/project_1.sdk/design_1_wrapper_hw_platform_0/system.hdf -mem-ranges [list {0x40000000 0xbfffffff}]
configparams force-mem-access 1
targets -set -nocase -filter {name =~"APU*" && jtag_cable_name =~ "Digilent Zybo Z7 210351AB734BA"} -index 0
stop
ps7_init
ps7_post_config
targets -set -nocase -filter {name =~ "ARM*#0" && jtag_cable_name =~ "Digilent Zybo Z7 210351AB734BA"} -index 0
rst -processor
targets -set -nocase -filter {name =~ "ARM*#0" && jtag_cable_name =~ "Digilent Zybo Z7 210351AB734BA"} -index 0
dow C:/Users/KuldeepGohil/Desktop/Spring2021/CECS461/Labs/Lab1/project_1/project_1.sdk/mem_test/Debug/mem_test.elf
configparams force-mem-access 0
----------------End of Script----------------

16:31:36 INFO  : Context for processor 'ps7_cortexa9_0' is selected.
16:31:36 INFO  : 'con' command is executed.
16:31:36 INFO  : ----------------XSDB Script (After Launch)----------------
targets -set -nocase -filter {name =~ "ARM*#0" && jtag_cable_name =~ "Digilent Zybo Z7 210351AB734BA"} -index 0
con
----------------End of Script----------------

16:31:36 INFO  : Disconnected from the channel tcfchan#1.
