ISim log file
Running: F:\CECS 361\Project5\top_module_tb_isim_beh.exe -intstyle ise -gui -tclbatch isim.cmd -wdb F:/CECS 361/Project5/top_module_tb_isim_beh.wdb 
ISim P.20131013 (signature 0x7708f090)
This is a Full version of ISim.
Time resolution is 1 ps
# onerror resume
# wave add /
# run 1000 ns
Simulator is doing circuit initialization process.
==============================start==============================
Finished circuit initialization process.
Error: clk and counter does not match clk_25 = 1 count = 0 
Error: clk and counter does not match clk_25 = 1 count = 0 
Error: clk and counter does not match clk_25 = 2 count = 0 
Error: clk and counter does not match clk_25 = 2 count = 0 
Error: clk and counter does not match clk_25 = 3 count = 1 
Error: clk and counter does not match clk_25 = 3 count = 1 
Error: clk and counter does not match clk_25 = 0 count = 2 
Error: clk and counter does not match clk_25 = 0 count = 2 
Error: clk and counter does not match clk_25 = 1 count = 3 
Error: clk and counter does not match clk_25 = 1 count = 3 
Error: clk and counter does not match clk_25 = 2 count = 0 
Error: clk and counter does not match clk_25 = 2 count = 0 
Error: clk and counter does not match clk_25 = 3 count = 1 
Error: clk and counter does not match clk_25 = 3 count = 1 
Error: clk and counter does not match clk_25 = 0 count = 2 
Error: clk and counter does not match clk_25 = 0 count = 2 
Error: clk and counter does not match clk_25 = 1 count = 3 
Error: clk and counter does not match clk_25 = 1 count = 3 
Error: clk and counter does not match clk_25 = 2 count = 0 
Error: clk and counter does not match clk_25 = 2 count = 0 
Error: clk and counter does not match clk_25 = 3 count = 1 
Error: clk and counter does not match clk_25 = 3 count = 1 
Error: clk and counter does not match clk_25 = 0 count = 2 
Error: clk and counter does not match clk_25 = 0 count = 2 
Error: clk and counter does not match clk_25 = 1 count = 3 
Error: clk and counter does not match clk_25 = 1 count = 3 
Error: clk and counter does not match clk_25 = 2 count = 0 
Error: clk and counter does not match clk_25 = 2 count = 0 
Error: clk and counter does not match clk_25 = 3 count = 1 
Error: clk and counter does not match clk_25 = 3 count = 1 
Error: clk and counter does not match clk_25 = 0 count = 2 
Error: clk and counter does not match clk_25 = 0 count = 2 
Error: clk and counter does not match clk_25 = 1 count = 3 
Error: clk and counter does not match clk_25 = 1 count = 3 
Error: clk and counter does not match clk_25 = 2 count = 0 
Error: clk and counter does not match clk_25 = 2 count = 0 
Error: clk and counter does not match clk_25 = 3 count = 1 
Error: clk and counter does not match clk_25 = 3 count = 1 
Error: clk and counter does not match clk_25 = 0 count = 2 
Error: clk and counter does not match clk_25 = 0 count = 2 
Error: clk and counter does not match clk_25 = 1 count = 3 
Error: clk and counter does not match clk_25 = 1 count = 3 
Error: clk and counter does not match clk_25 = 2 count = 0 
Error: clk and counter does not match clk_25 = 2 count = 0 
Error: clk and counter does not match clk_25 = 3 count = 1 
Error: clk and counter does not match clk_25 = 3 count = 1 
Error: clk and counter does not match clk_25 = 0 count = 2 
Error: clk and counter does not match clk_25 = 0 count = 2 
Error: clk and counter does not match clk_25 = 1 count = 3 
Error: clk and counter does not match clk_25 = 1 count = 3 
Error: clk and counter does not match clk_25 = 2 count = 0 
Error: clk and counter does not match clk_25 = 2 count = 0 
Error: clk and counter does not match clk_25 = 3 count = 1 
Error: clk and counter does not match clk_25 = 3 count = 1 
Error: clk and counter does not match clk_25 = 0 count = 2 
Error: clk and counter does not match clk_25 = 0 count = 2 
Error: clk and counter does not match clk_25 = 1 count = 3 
Error: clk and counter does not match clk_25 = 1 count = 3 
Error: clk and counter does not match clk_25 = 2 count = 0 
Error: clk and counter does not match clk_25 = 2 count = 0 
Error: clk and counter does not match clk_25 = 3 count = 1 
Error: clk and counter does not match clk_25 = 3 count = 1 
Error: clk and counter does not match clk_25 = 0 count = 2 
Error: clk and counter does not match clk_25 = 0 count = 2 
Error: clk and counter does not match clk_25 = 1 count = 3 
Error: clk and counter does not match clk_25 = 1 count = 3 
Error: clk and counter does not match clk_25 = 2 count = 0 
Error: clk and counter does not match clk_25 = 2 count = 0 
Error: clk and counter does not match clk_25 = 3 count = 1 
Error: clk and counter does not match clk_25 = 3 count = 1 
Error: clk and counter does not match clk_25 = 0 count = 2 
Error: clk and counter does not match clk_25 = 0 count = 2 
Error: clk and counter does not match clk_25 = 1 count = 3 
Error: clk and counter does not match clk_25 = 1 count = 3 
Error: clk and counter does not match clk_25 = 2 count = 0 
Error: clk and counter does not match clk_25 = 2 count = 0 
Error: clk and counter does not match clk_25 = 3 count = 1 
Error: clk and counter does not match clk_25 = 3 count = 1 
Error: clk and counter does not match clk_25 = 0 count = 2 
Error: clk and counter does not match clk_25 = 0 count = 2 
Error: clk and counter does not match clk_25 = 1 count = 3 
Error: clk and counter does not match clk_25 = 1 count = 3 
Error: clk and counter does not match clk_25 = 2 count = 0 
Error: clk and counter does not match clk_25 = 2 count = 0 
Error: clk and counter does not match clk_25 = 3 count = 1 
Error: clk and counter does not match clk_25 = 3 count = 1 
Error: clk and counter does not match clk_25 = 0 count = 2 
Error: clk and counter does not match clk_25 = 0 count = 2 
Error: clk and counter does not match clk_25 = 1 count = 3 
Error: clk and counter does not match clk_25 = 1 count = 3 
Error: clk and counter does not match clk_25 = 2 count = 0 
Error: clk and counter does not match clk_25 = 2 count = 0 
Error: clk and counter does not match clk_25 = 3 count = 1 
Error: clk and counter does not match clk_25 = 3 count = 1 
Error: clk and counter does not match clk_25 = 0 count = 2 
Error: clk and counter does not match clk_25 = 0 count = 2 
Error: clk and counter does not match clk_25 = 1 count = 3 
Error: clk and counter does not match clk_25 = 1 count = 3 
Error: clk and counter does not match clk_25 = 2 count = 0 
Error: clk and counter does not match clk_25 = 2 count = 0 
Error: clk and counter does not match clk_25 = 3 count = 1 
Error: clk and counter does not match clk_25 = 3 count = 1 
Error: clk and counter does not match clk_25 = 0 count = 2 
Error: clk and counter does not match clk_25 = 0 count = 2 
Error: clk and counter does not match clk_25 = 1 count = 3 
Error: clk and counter does not match clk_25 = 1 count = 3 
Error: clk and counter does not match clk_25 = 2 count = 0 
Error: clk and counter does not match clk_25 = 2 count = 0 
Error: clk and counter does not match clk_25 = 3 count = 1 
Error: clk and counter does not match clk_25 = 3 count = 1 
Error: clk and counter does not match clk_25 = 0 count = 2 
Error: clk and counter does not match clk_25 = 0 count = 2 
Error: clk and counter does not match clk_25 = 1 count = 3 
Error: clk and counter does not match clk_25 = 1 count = 3 
Error: clk and counter does not match clk_25 = 2 count = 0 
Error: clk and counter does not match clk_25 = 2 count = 0 
Error: clk and counter does not match clk_25 = 3 count = 1 
Error: clk and counter does not match clk_25 = 3 count = 1 
Error: clk and counter does not match clk_25 = 0 count = 2 
Error: clk and counter does not match clk_25 = 0 count = 2 
Error: clk and counter does not match clk_25 = 1 count = 3 
Error: clk and counter does not match clk_25 = 1 count = 3 
Error: clk and counter does not match clk_25 = 2 count = 0 
Error: clk and counter does not match clk_25 = 2 count = 0 
Error: clk and counter does not match clk_25 = 3 count = 1 
Error: clk and counter does not match clk_25 = 3 count = 1 
Error: clk and counter does not match clk_25 = 0 count = 2 
Error: clk and counter does not match clk_25 = 0 count = 2 
Error: clk and counter does not match clk_25 = 1 count = 3 
Error: clk and counter does not match clk_25 = 1 count = 3 
Error: clk and counter does not match clk_25 = 2 count = 0 
Error: clk and counter does not match clk_25 = 2 count = 0 
Error: clk and counter does not match clk_25 = 3 count = 1 
Error: clk and counter does not match clk_25 = 3 count = 1 
Error: clk and counter does not match clk_25 = 0 count = 2 
Error: clk and counter does not match clk_25 = 0 count = 2 
Error: clk and counter does not match clk_25 = 1 count = 3 
Error: clk and counter does not match clk_25 = 1 count = 3 
Error: clk and counter does not match clk_25 = 2 count = 0 
Error: clk and counter does not match clk_25 = 2 count = 0 
Error: clk and counter does not match clk_25 = 3 count = 1 
Error: clk and counter does not match clk_25 = 3 count = 1 
Error: clk and counter does not match clk_25 = 0 count = 2 
Error: clk and counter does not match clk_25 = 0 count = 2 
Error: clk and counter does not match clk_25 = 1 count = 3 
Error: clk and counter does not match clk_25 = 1 count = 3 
Error: clk and counter does not match clk_25 = 2 count = 0 
Error: clk and counter does not match clk_25 = 2 count = 0 
Error: clk and counter does not match clk_25 = 3 count = 1 
Error: clk and counter does not match clk_25 = 3 count = 1 
Error: clk and counter does not match clk_25 = 0 count = 2 
Error: clk and counter does not match clk_25 = 0 count = 2 
Error: clk and counter does not match clk_25 = 1 count = 3 
Error: clk and counter does not match clk_25 = 1 count = 3 
Error: clk and counter does not match clk_25 = 2 count = 0 
Error: clk and counter does not match clk_25 = 2 count = 0 
Error: clk and counter does not match clk_25 = 3 count = 1 
Error: clk and counter does not match clk_25 = 3 count = 1 
Error: clk and counter does not match clk_25 = 0 count = 2 
Error: clk and counter does not match clk_25 = 0 count = 2 
Error: clk and counter does not match clk_25 = 1 count = 3 
Error: clk and counter does not match clk_25 = 1 count = 3 
Error: clk and counter does not match clk_25 = 2 count = 0 
Error: clk and counter does not match clk_25 = 2 count = 0 
Error: clk and counter does not match clk_25 = 3 count = 1 
Error: clk and counter does not match clk_25 = 3 count = 1 
Error: clk and counter does not match clk_25 = 0 count = 2 
Error: clk and counter does not match clk_25 = 0 count = 2 
Error: clk and counter does not match clk_25 = 1 count = 3 
Error: clk and counter does not match clk_25 = 1 count = 3 
Error: clk and counter does not match clk_25 = 2 count = 0 
Error: clk and counter does not match clk_25 = 2 count = 0 
Error: clk and counter does not match clk_25 = 3 count = 1 
Error: clk and counter does not match clk_25 = 3 count = 1 
Error: clk and counter does not match clk_25 = 0 count = 2 
Error: clk and counter does not match clk_25 = 0 count = 2 
Error: clk and counter does not match clk_25 = 1 count = 3 
Error: clk and counter does not match clk_25 = 1 count = 3 
Error: clk and counter does not match clk_25 = 2 count = 0 
Error: clk and counter does not match clk_25 = 2 count = 0 
Error: clk and counter does not match clk_25 = 3 count = 1 
Error: clk and counter does not match clk_25 = 3 count = 1 
Error: clk and counter does not match clk_25 = 0 count = 2 
Error: clk and counter does not match clk_25 = 0 count = 2 
Error: clk and counter does not match clk_25 = 1 count = 3 
Error: clk and counter does not match clk_25 = 1 count = 3 
Error: clk and counter does not match clk_25 = 2 count = 0 
Error: clk and counter does not match clk_25 = 2 count = 0 
Error: clk and counter does not match clk_25 = 3 count = 1 
Error: clk and counter does not match clk_25 = 3 count = 1 
Error: clk and counter does not match clk_25 = 0 count = 2 
Error: clk and counter does not match clk_25 = 0 count = 2 
Error: clk and counter does not match clk_25 = 1 count = 3 
Error: clk and counter does not match clk_25 = 1 count = 3 
Error: clk and counter does not match clk_25 = 2 count = 0 
Error: clk and counter does not match clk_25 = 2 count = 0 
Error: clk and counter does not match clk_25 = 3 count = 1 
Error: clk and counter does not match clk_25 = 3 count = 1 
Error: clk and counter does not match clk_25 = 0 count = 2 
Error: clk and counter does not match clk_25 = 0 count = 2 
Error: clk and counter does not match clk_25 = 1 count = 3 
Error: clk and counter does not match clk_25 = 1 count = 3 
Error: clk and counter does not match clk_25 = 2 count = 0 
Error: clk and counter does not match clk_25 = 2 count = 0 
Error: clk and counter does not match clk_25 = 3 count = 1 
Error: clk and counter does not match clk_25 = 3 count = 1 
Error: clk and counter does not match clk_25 = 0 count = 2 
Error: clk and counter does not match clk_25 = 0 count = 2 
Error: clk and counter does not match clk_25 = 1 count = 3 
Error: clk and counter does not match clk_25 = 1 count = 3 
Error: clk and counter does not match clk_25 = 2 count = 0 
Error: clk and counter does not match clk_25 = 2 count = 0 
Error: clk and counter does not match clk_25 = 3 count = 1 
Error: clk and counter does not match clk_25 = 3 count = 1 
Error: clk and counter does not match clk_25 = 0 count = 2 
Error: clk and counter does not match clk_25 = 0 count = 2 
Error: clk and counter does not match clk_25 = 1 count = 3 
Error: clk and counter does not match clk_25 = 1 count = 3 
Error: clk and counter does not match clk_25 = 2 count = 0 
Error: clk and counter does not match clk_25 = 2 count = 0 
Error: clk and counter does not match clk_25 = 3 count = 1 
Error: clk and counter does not match clk_25 = 3 count = 1 
Error: clk and counter does not match clk_25 = 0 count = 2 
Error: clk and counter does not match clk_25 = 0 count = 2 
Error: clk and counter does not match clk_25 = 1 count = 3 
Error: clk and counter does not match clk_25 = 1 count = 3 
Error: clk and counter does not match clk_25 = 2 count = 0 
Error: clk and counter does not match clk_25 = 2 count = 0 
Error: clk and counter does not match clk_25 = 3 count = 1 
Error: clk and counter does not match clk_25 = 3 count = 1 
Error: clk and counter does not match clk_25 = 0 count = 2 
Error: clk and counter does not match clk_25 = 0 count = 2 
Error: clk and counter does not match clk_25 = 1 count = 3 
Error: clk and counter does not match clk_25 = 1 count = 3 
Error: clk and counter does not match clk_25 = 2 count = 0 
Error: clk and counter does not match clk_25 = 2 count = 0 
Error: clk and counter does not match clk_25 = 3 count = 1 
Error: clk and counter does not match clk_25 = 3 count = 1 
Error: clk and counter does not match clk_25 = 0 count = 2 
Error: clk and counter does not match clk_25 = 0 count = 2 
Error: clk and counter does not match clk_25 = 1 count = 3 
Error: clk and counter does not match clk_25 = 1 count = 3 
Error: clk and counter does not match clk_25 = 2 count = 0 
Error: clk and counter does not match clk_25 = 2 count = 0 
Error: clk and counter does not match clk_25 = 3 count = 1 
Error: clk and counter does not match clk_25 = 3 count = 1 
Error: clk and counter does not match clk_25 = 0 count = 2 
Error: clk and counter does not match clk_25 = 0 count = 2 
Error: clk and counter does not match clk_25 = 1 count = 3 
Error: clk and counter does not match clk_25 = 1 count = 3 
Error: clk and counter does not match clk_25 = 2 count = 0 
Error: clk and counter does not match clk_25 = 2 count = 0 
Error: clk and counter does not match clk_25 = 3 count = 1 
Error: clk and counter does not match clk_25 = 3 count = 1 
Error: clk and counter does not match clk_25 = 0 count = 2 
Error: clk and counter does not match clk_25 = 0 count = 2 
Error: clk and counter does not match clk_25 = 1 count = 3 
Error: clk and counter does not match clk_25 = 1 count = 3 
Error: clk and counter does not match clk_25 = 2 count = 0 
Error: clk and counter does not match clk_25 = 2 count = 0 
Error: clk and counter does not match clk_25 = 3 count = 1 
Error: clk and counter does not match clk_25 = 3 count = 1 
Error: clk and counter does not match clk_25 = 0 count = 2 
Error: clk and counter does not match clk_25 = 0 count = 2 
Error: clk and counter does not match clk_25 = 1 count = 3 
Error: clk and counter does not match clk_25 = 1 count = 3 
Error: clk and counter does not match clk_25 = 2 count = 0 
Error: clk and counter does not match clk_25 = 2 count = 0 
Error: clk and counter does not match clk_25 = 3 count = 1 
Error: clk and counter does not match clk_25 = 3 count = 1 
Error: clk and counter does not match clk_25 = 0 count = 2 
Error: clk and counter does not match clk_25 = 0 count = 2 
Error: clk and counter does not match clk_25 = 1 count = 3 
Error: clk and counter does not match clk_25 = 1 count = 3 
Error: clk and counter does not match clk_25 = 2 count = 0 
Error: clk and counter does not match clk_25 = 2 count = 0 
Error: clk and counter does not match clk_25 = 3 count = 1 
Error: clk and counter does not match clk_25 = 3 count = 1 
Error: clk and counter does not match clk_25 = 0 count = 2 
Error: clk and counter does not match clk_25 = 0 count = 2 
Error: clk and counter does not match clk_25 = 1 count = 3 
Error: clk and counter does not match clk_25 = 1 count = 3 
Error: clk and counter does not match clk_25 = 2 count = 0 
Error: clk and counter does not match clk_25 = 2 count = 0 
Error: clk and counter does not match clk_25 = 3 count = 1 
Error: clk and counter does not match clk_25 = 3 count = 1 
Error: clk and counter does not match clk_25 = 0 count = 2 
Error: clk and counter does not match clk_25 = 0 count = 2 
Error: clk and counter does not match clk_25 = 1 count = 3 
Error: clk and counter does not match clk_25 = 1 count = 3 
Error: clk and counter does not match clk_25 = 2 count = 0 
Error: clk and counter does not match clk_25 = 2 count = 0 
Error: clk and counter does not match clk_25 = 3 count = 1 
Error: clk and counter does not match clk_25 = 3 count = 1 
Error: clk and counter does not match clk_25 = 0 count = 2 
Error: clk and counter does not match clk_25 = 0 count = 2 
Error: clk and counter does not match clk_25 = 1 count = 3 
Error: clk and counter does not match clk_25 = 1 count = 3 
Error: clk and counter does not match clk_25 = 2 count = 0 
Error: clk and counter does not match clk_25 = 2 count = 0 
Error: clk and counter does not match clk_25 = 3 count = 1 
Error: clk and counter does not match clk_25 = 3 count = 1 
Error: clk and counter does not match clk_25 = 0 count = 2 
Error: clk and counter does not match clk_25 = 0 count = 2 
Error: clk and counter does not match clk_25 = 1 count = 3 
Error: clk and counter does not match clk_25 = 1 count = 3 
Error: clk and counter does not match clk_25 = 2 count = 0 
Error: clk and counter does not match clk_25 = 2 count = 0 
Error: clk and counter does not match clk_25 = 3 count = 1 
Error: clk and counter does not match clk_25 = 3 count = 1 
Error: clk and counter does not match clk_25 = 0 count = 2 
Error: clk and counter does not match clk_25 = 0 count = 2 
Error: clk and counter does not match clk_25 = 1 count = 3 
Error: clk and counter does not match clk_25 = 1 count = 3 
Error: clk and counter does not match clk_25 = 2 count = 0 
Error: clk and counter does not match clk_25 = 2 count = 0 
Error: clk and counter does not match clk_25 = 3 count = 1 
Error: clk and counter does not match clk_25 = 3 count = 1 
Error: clk and counter does not match clk_25 = 0 count = 2 
Error: clk and counter does not match clk_25 = 0 count = 2 
Error: clk and counter does not match clk_25 = 1 count = 3 
Error: clk and counter does not match clk_25 = 1 count = 3 
Error: clk and counter does not match clk_25 = 2 count = 0 
Error: clk and counter does not match clk_25 = 2 count = 0 
Error: clk and counter does not match clk_25 = 3 count = 1 
Error: clk and counter does not match clk_25 = 3 count = 1 
Error: clk and counter does not match clk_25 = 0 count = 2 
Error: clk and counter does not match clk_25 = 0 count = 2 
Error: clk and counter does not match clk_25 = 1 count = 3 
Error: clk and counter does not match clk_25 = 1 count = 3 
Error: clk and counter does not match clk_25 = 2 count = 0 
Error: clk and counter does not match clk_25 = 2 count = 0 
Error: clk and counter does not match clk_25 = 3 count = 1 
Error: clk and counter does not match clk_25 = 3 count = 1 
Error: clk and counter does not match clk_25 = 0 count = 2 
Error: clk and counter does not match clk_25 = 0 count = 2 
Error: clk and counter does not match clk_25 = 1 count = 3 
Error: clk and counter does not match clk_25 = 1 count = 3 
Error: clk and counter does not match clk_25 = 2 count = 0 
Error: clk and counter does not match clk_25 = 2 count = 0 
Error: clk and counter does not match clk_25 = 3 count = 1 
Error: clk and counter does not match clk_25 = 3 count = 1 
Error: clk and counter does not match clk_25 = 0 count = 2 
Error: clk and counter does not match clk_25 = 0 count = 2 
Error: clk and counter does not match clk_25 = 1 count = 3 
Error: clk and counter does not match clk_25 = 1 count = 3 
Error: clk and counter does not match clk_25 = 2 count = 0 
Error: clk and counter does not match clk_25 = 2 count = 0 
Error: clk and counter does not match clk_25 = 3 count = 1 
Error: clk and counter does not match clk_25 = 3 count = 1 
Error: clk and counter does not match clk_25 = 0 count = 2 
Error: clk and counter does not match clk_25 = 0 count = 2 
Error: clk and counter does not match clk_25 = 1 count = 3 
Error: clk and counter does not match clk_25 = 1 count = 3 
Error: clk and counter does not match clk_25 = 2 count = 0 
Error: clk and counter does not match clk_25 = 2 count = 0 
Error: clk and counter does not match clk_25 = 3 count = 1 
Error: clk and counter does not match clk_25 = 3 count = 1 
Error: clk and counter does not match clk_25 = 0 count = 2 
Error: clk and counter does not match clk_25 = 0 count = 2 
Error: clk and counter does not match clk_25 = 1 count = 3 
Error: clk and counter does not match clk_25 = 1 count = 3 
Error: clk and counter does not match clk_25 = 2 count = 0 
Error: clk and counter does not match clk_25 = 2 count = 0 
Error: clk and counter does not match clk_25 = 3 count = 1 
Error: clk and counter does not match clk_25 = 3 count = 1 
Error: clk and counter does not match clk_25 = 0 count = 2 
Error: clk and counter does not match clk_25 = 0 count = 2 
Error: clk and counter does not match clk_25 = 1 count = 3 
Error: clk and counter does not match clk_25 = 1 count = 3 
Error: clk and counter does not match clk_25 = 2 count = 0 
Error: clk and counter does not match clk_25 = 2 count = 0 
Error: clk and counter does not match clk_25 = 3 count = 1 
Error: clk and counter does not match clk_25 = 3 count = 1 
Error: clk and counter does not match clk_25 = 0 count = 2 
Error: clk and counter does not match clk_25 = 0 count = 2 
Error: clk and counter does not match clk_25 = 1 count = 3 
Error: clk and counter does not match clk_25 = 1 count = 3 
Error: clk and counter does not match clk_25 = 2 count = 0 
Error: clk and counter does not match clk_25 = 2 count = 0 
Error: clk and counter does not match clk_25 = 3 count = 1 
Error: clk and counter does not match clk_25 = 3 count = 1 
Error: clk and counter does not match clk_25 = 0 count = 2 
Error: clk and counter does not match clk_25 = 0 count = 2 
Error: clk and counter does not match clk_25 = 1 count = 3 
Error: clk and counter does not match clk_25 = 1 count = 3 
Error: clk and counter does not match clk_25 = 2 count = 0 
Error: clk and counter does not match clk_25 = 2 count = 0 
Error: clk and counter does not match clk_25 = 3 count = 1 
Error: clk and counter does not match clk_25 = 3 count = 1 
Error: clk and counter does not match clk_25 = 0 count = 2 
Error: clk and counter does not match clk_25 = 0 count = 2 
Error: clk and counter does not match clk_25 = 1 count = 3 
Error: clk and counter does not match clk_25 = 1 count = 3 
Error: clk and counter does not match clk_25 = 2 count = 0 
Error: clk and counter does not match clk_25 = 2 count = 0 
Error: clk and counter does not match clk_25 = 3 count = 1 
Error: clk and counter does not match clk_25 = 3 count = 1 
Error: clk and counter does not match clk_25 = 0 count = 2 
Error: clk and counter does not match clk_25 = 0 count = 2 
Error: clk and counter does not match clk_25 = 1 count = 3 
Error: clk and counter does not match clk_25 = 1 count = 3 
Error: clk and counter does not match clk_25 = 2 count = 0 
Error: clk and counter does not match clk_25 = 2 count = 0 
Error: clk and counter does not match clk_25 = 3 count = 1 
Error: clk and counter does not match clk_25 = 3 count = 1 
Error: clk and counter does not match clk_25 = 0 count = 2 
Error: clk and counter does not match clk_25 = 0 count = 2 
Error: clk and counter does not match clk_25 = 1 count = 3 
Error: clk and counter does not match clk_25 = 1 count = 3 
Error: clk and counter does not match clk_25 = 2 count = 0 
Error: clk and counter does not match clk_25 = 2 count = 0 
Error: clk and counter does not match clk_25 = 3 count = 1 
Error: clk and counter does not match clk_25 = 3 count = 1 
Error: clk and counter does not match clk_25 = 0 count = 2 
Error: clk and counter does not match clk_25 = 0 count = 2 
Error: clk and counter does not match clk_25 = 1 count = 3 
Error: clk and counter does not match clk_25 = 1 count = 3 
Error: clk and counter does not match clk_25 = 2 count = 0 
Error: clk and counter does not match clk_25 = 2 count = 0 
Error: clk and counter does not match clk_25 = 3 count = 1 
Error: clk and counter does not match clk_25 = 3 count = 1 
Error: clk and counter does not match clk_25 = 0 count = 2 
Error: clk and counter does not match clk_25 = 0 count = 2 
Error: clk and counter does not match clk_25 = 1 count = 3 
Error: clk and counter does not match clk_25 = 1 count = 3 
Error: clk and counter does not match clk_25 = 2 count = 0 
Error: clk and counter does not match clk_25 = 2 count = 0 
Error: clk and counter does not match clk_25 = 3 count = 1 
Error: clk and counter does not match clk_25 = 3 count = 1 
Error: clk and counter does not match clk_25 = 0 count = 2 
Error: clk and counter does not match clk_25 = 0 count = 2 
Error: clk and counter does not match clk_25 = 1 count = 3 
Error: clk and counter does not match clk_25 = 1 count = 3 
Error: clk and counter does not match clk_25 = 2 count = 0 
Error: clk and counter does not match clk_25 = 2 count = 0 
Error: clk and counter does not match clk_25 = 3 count = 1 
Error: clk and counter does not match clk_25 = 3 count = 1 
Error: clk and counter does not match clk_25 = 0 count = 2 
Error: clk and counter does not match clk_25 = 0 count = 2 
Error: clk and counter does not match clk_25 = 1 count = 3 
Error: clk and counter does not match clk_25 = 1 count = 3 
Error: clk and counter does not match clk_25 = 2 count = 0 
Error: clk and counter does not match clk_25 = 2 count = 0 
Error: clk and counter does not match clk_25 = 3 count = 1 
Error: clk and counter does not match clk_25 = 3 count = 1 
Error: clk and counter does not match clk_25 = 0 count = 2 
Error: clk and counter does not match clk_25 = 0 count = 2 
Error: clk and counter does not match clk_25 = 1 count = 3 
Error: clk and counter does not match clk_25 = 1 count = 3 
Error: clk and counter does not match clk_25 = 2 count = 0 
Error: clk and counter does not match clk_25 = 2 count = 0 
Error: clk and counter does not match clk_25 = 3 count = 1 
Error: clk and counter does not match clk_25 = 3 count = 1 
Error: clk and counter does not match clk_25 = 0 count = 2 
Error: clk and counter does not match clk_25 = 0 count = 2 
Error: clk and counter does not match clk_25 = 1 count = 3 
Error: clk and counter does not match clk_25 = 1 count = 3 
Error: clk and counter does not match clk_25 = 2 count = 0 
Error: clk and counter does not match clk_25 = 2 count = 0 
Error: clk and counter does not match clk_25 = 3 count = 1 
Error: clk and counter does not match clk_25 = 3 count = 1 
Error: clk and counter does not match clk_25 = 0 count = 2 
Error: clk and counter does not match clk_25 = 0 count = 2 
Error: clk and counter does not match clk_25 = 1 count = 3 
Error: clk and counter does not match clk_25 = 1 count = 3 
Error: clk and counter does not match clk_25 = 2 count = 0 
Error: clk and counter does not match clk_25 = 2 count = 0 
Error: clk and counter does not match clk_25 = 3 count = 1 
Error: clk and counter does not match clk_25 = 3 count = 1 
Error: clk and counter does not match clk_25 = 0 count = 2 
Error: clk and counter does not match clk_25 = 0 count = 2 
Error: clk and counter does not match clk_25 = 1 count = 3 
Error: clk and counter does not match clk_25 = 1 count = 3 
Error: clk and counter does not match clk_25 = 2 count = 0 
