Release 14.7 - xst P.20131013 (nt64)
Copyright (c) 1995-2013 Xilinx, Inc.  All rights reserved.
--> Parameter TMPDIR set to xst/projnav.tmp


Total REAL time to Xst completion: 0.00 secs
Total CPU time to Xst completion: 0.08 secs
 
--> Parameter xsthdpdir set to xst


Total REAL time to Xst completion: 0.00 secs
Total CPU time to Xst completion: 0.08 secs
 
--> Reading design: topLevel.prj

TABLE OF CONTENTS
  1) Synthesis Options Summary
  2) HDL Parsing
  3) HDL Elaboration
  4) HDL Synthesis
       4.1) HDL Synthesis Report
  5) Advanced HDL Synthesis
       5.1) Advanced HDL Synthesis Report
  6) Low Level Synthesis
  7) Partition Report
  8) Design Summary
       8.1) Primitive and Black Box Usage
       8.2) Device utilization summary
       8.3) Partition Resource Summary
       8.4) Timing Report
            8.4.1) Clock Information
            8.4.2) Asynchronous Control Signals Information
            8.4.3) Timing Summary
            8.4.4) Timing Details
            8.4.5) Cross Clock Domains Report


=========================================================================
*                      Synthesis Options Summary                        *
=========================================================================
---- Source Parameters
Input File Name                    : "topLevel.prj"
Ignore Synthesis Constraint File   : NO

---- Target Parameters
Output File Name                   : "topLevel"
Output Format                      : NGC
Target Device                      : xc6slx16-3-csg324

---- Source Options
Top Module Name                    : topLevel
Automatic FSM Extraction           : YES
FSM Encoding Algorithm             : Auto
Safe Implementation                : No
FSM Style                          : LUT
RAM Extraction                     : Yes
RAM Style                          : Auto
ROM Extraction                     : Yes
Shift Register Extraction          : YES
ROM Style                          : Auto
Resource Sharing                   : YES
Asynchronous To Synchronous        : NO
Shift Register Minimum Size        : 2
Use DSP Block                      : Auto
Automatic Register Balancing       : No

---- Target Options
LUT Combining                      : Auto
Reduce Control Sets                : Auto
Add IO Buffers                     : YES
Global Maximum Fanout              : 100000
Add Generic Clock Buffer(BUFG)     : 16
Register Duplication               : YES
Optimize Instantiated Primitives   : NO
Use Clock Enable                   : Auto
Use Synchronous Set                : Auto
Use Synchronous Reset              : Auto
Pack IO Registers into IOBs        : Auto
Equivalent register Removal        : YES

---- General Options
Optimization Goal                  : Speed
Optimization Effort                : 1
Power Reduction                    : NO
Keep Hierarchy                     : No
Netlist Hierarchy                  : As_Optimized
RTL Output                         : Yes
Global Optimization                : AllClockNets
Read Cores                         : YES
Write Timing Constraints           : NO
Cross Clock Analysis               : NO
Hierarchy Separator                : /
Bus Delimiter                      : <>
Case Specifier                     : Maintain
Slice Utilization Ratio            : 100
BRAM Utilization Ratio             : 100
DSP48 Utilization Ratio            : 100
Auto BRAM Packing                  : NO
Slice Utilization Ratio Delta      : 5

=========================================================================


=========================================================================
*                          HDL Parsing                                  *
=========================================================================
Analyzing Verilog file "C:\Users\Kuldeep\Desktop\Lab 7\Lab7\Pulseit.v" into library work
Parsing module <Pulse_Generator>.
Analyzing Verilog file "C:\Users\Kuldeep\Desktop\Lab 7\Lab7\machine.v" into library work
Parsing module <machine>.
Analyzing Verilog file "C:\Users\Kuldeep\Desktop\Lab 7\Lab7\topLevel.v" into library work
Parsing module <topLevel>.

=========================================================================
*                            HDL Elaboration                            *
=========================================================================

Elaborating module <topLevel>.
WARNING:HDLCompiler:604 - "C:\Users\Kuldeep\Desktop\Lab 7\Lab7\topLevel.v" Line 28: Module instantiation should have an instance name

Elaborating module <Pulse_Generator>.
WARNING:HDLCompiler:604 - "C:\Users\Kuldeep\Desktop\Lab 7\Lab7\topLevel.v" Line 29: Module instantiation should have an instance name

Elaborating module <machine>.

=========================================================================
*                           HDL Synthesis                               *
=========================================================================

Synthesizing Unit <topLevel>.
    Related source file is "C:\Users\Kuldeep\Desktop\Lab 7\Lab7\topLevel.v".
    Summary:
	no macro.
Unit <topLevel> synthesized.

Synthesizing Unit <Pulse_Generator>.
    Related source file is "C:\Users\Kuldeep\Desktop\Lab 7\Lab7\Pulseit.v".
    Found 26-bit register for signal <count>.
    Found 26-bit adder for signal <count[25]_GND_2_o_add_1_OUT> created at line 33.
    Summary:
	inferred   1 Adder/Subtractor(s).
	inferred  26 D-type flip-flop(s).
	inferred   1 Multiplexer(s).
Unit <Pulse_Generator> synthesized.

Synthesizing Unit <machine>.
    Related source file is "C:\Users\Kuldeep\Desktop\Lab 7\Lab7\machine.v".
    Found 2-bit register for signal <state>.
    Found 1-bit register for signal <out>.
    Found 1-bit 4-to-1 multiplexer for signal <state[1]_PWR_3_o_Mux_5_o> created at line 42.
    Found 2-bit 4-to-1 multiplexer for signal <state[1]_PWR_3_o_wide_mux_6_OUT> created at line 42.
    Summary:
	inferred   3 D-type flip-flop(s).
	inferred   2 Multiplexer(s).
Unit <machine> synthesized.

=========================================================================
HDL Synthesis Report

Macro Statistics
# Adders/Subtractors                                   : 1
 26-bit adder                                          : 1
# Registers                                            : 3
 1-bit register                                        : 1
 2-bit register                                        : 1
 26-bit register                                       : 1
# Multiplexers                                         : 3
 1-bit 4-to-1 multiplexer                              : 1
 2-bit 4-to-1 multiplexer                              : 1
 26-bit 2-to-1 multiplexer                             : 1

=========================================================================

=========================================================================
*                       Advanced HDL Synthesis                          *
=========================================================================


Synthesizing (advanced) Unit <Pulse_Generator>.
The following registers are absorbed into counter <count>: 1 register on signal <count>.
Unit <Pulse_Generator> synthesized (advanced).

=========================================================================
Advanced HDL Synthesis Report

Macro Statistics
# Counters                                             : 1
 26-bit up counter                                     : 1
# Registers                                            : 3
 Flip-Flops                                            : 3
# Multiplexers                                         : 2
 1-bit 4-to-1 multiplexer                              : 1
 2-bit 4-to-1 multiplexer                              : 1

=========================================================================

=========================================================================
*                         Low Level Synthesis                           *
=========================================================================
INFO:Xst:2261 - The FF/Latch <_i000002/out> in Unit <topLevel> is equivalent to the following FF/Latch, which will be removed : <_i000002/state_0> 

Optimizing unit <topLevel> ...

Mapping all equations...
Building and optimizing final netlist ...
Found area constraint ratio of 100 (+ 5) on block topLevel, actual ratio is 0.

Final Macro Processing ...

=========================================================================
Final Register Report

Macro Statistics
# Registers                                            : 28
 Flip-Flops                                            : 28

=========================================================================

=========================================================================
*                           Partition Report                            *
=========================================================================

Partition Implementation Status
-------------------------------

  No Partitions were found in this design.

-------------------------------

=========================================================================
*                            Design Summary                             *
=========================================================================

Top Level Output File Name         : topLevel.ngc

Primitive and Black Box Usage:
------------------------------
# BELS                             : 114
#      GND                         : 1
#      INV                         : 1
#      LUT1                        : 25
#      LUT2                        : 26
#      LUT4                        : 1
#      LUT5                        : 1
#      LUT6                        : 7
#      MUXCY                       : 25
#      VCC                         : 1
#      XORCY                       : 26
# FlipFlops/Latches                : 28
#      FDC                         : 26
#      FDCE                        : 2
# Clock Buffers                    : 1
#      BUFGP                       : 1
# IO Buffers                       : 5
#      IBUF                        : 2
#      OBUF                        : 3

Device utilization summary:
---------------------------

Selected Device : 6slx16csg324-3 


Slice Logic Utilization: 
 Number of Slice Registers:              28  out of  18224     0%  
 Number of Slice LUTs:                   61  out of   9112     0%  
    Number used as Logic:                61  out of   9112     0%  

Slice Logic Distribution: 
 Number of LUT Flip Flop pairs used:     61
   Number with an unused Flip Flop:      33  out of     61    54%  
   Number with an unused LUT:             0  out of     61     0%  
   Number of fully used LUT-FF pairs:    28  out of     61    45%  
   Number of unique control sets:         2

IO Utilization: 
 Number of IOs:                           6
 Number of bonded IOBs:                   6  out of    232     2%  

Specific Feature Utilization:
 Number of BUFG/BUFGCTRLs:                1  out of     16     6%  

---------------------------
Partition Resource Summary:
---------------------------

  No Partitions were found in this design.

---------------------------


=========================================================================
Timing Report

NOTE: THESE TIMING NUMBERS ARE ONLY A SYNTHESIS ESTIMATE.
      FOR ACCURATE TIMING INFORMATION PLEASE REFER TO THE TRACE REPORT
      GENERATED AFTER PLACE-and-ROUTE.

Clock Information:
------------------
-----------------------------------+------------------------+-------+
Clock Signal                       | Clock buffer(FF name)  | Load  |
-----------------------------------+------------------------+-------+
clk                                | BUFGP                  | 28    |
-----------------------------------+------------------------+-------+

Asynchronous Control Signals Information:
----------------------------------------
No asynchronous control signals found in this design

Timing Summary:
---------------
Speed Grade: -3

   Minimum period: 4.030ns (Maximum Frequency: 248.145MHz)
   Minimum input arrival time before clock: 2.886ns
   Maximum output required time after clock: 3.701ns
   Maximum combinational path delay: No path found

Timing Details:
---------------
All values displayed in nanoseconds (ns)

=========================================================================
Timing constraint: Default period analysis for Clock 'clk'
  Clock period: 4.030ns (frequency: 248.145MHz)
  Total number of paths / destination ports: 1082 / 30
-------------------------------------------------------------------------
Delay:               4.030ns (Levels of Logic = 3)
  Source:            _i000001/count_8 (FF)
  Destination:       _i000001/count_12 (FF)
  Source Clock:      clk rising
  Destination Clock: clk rising

  Data Path: _i000001/count_8 to _i000001/count_12
                                Gate     Net
    Cell:in->out      fanout   Delay   Delay  Logical Name (Net Name)
    ----------------------------------------  ------------
     FDC:C->Q              2   0.447   0.981  _i000001/count_8 (_i000001/count_8)
     LUT6:I0->O            4   0.203   0.931  _i000001/pulse<25>4 (_i000001/pulse<25>3)
     LUT6:I2->O           14   0.203   0.958  _i000001/pulse<25>5 (out_in)
     LUT2:I1->O            1   0.205   0.000  _i000001/Mcount_count_eqn_251 (_i000001/Mcount_count_eqn_25)
     FDC:D                     0.102          _i000001/count_25
    ----------------------------------------
    Total                      4.030ns (1.160ns logic, 2.870ns route)
                                       (28.8% logic, 71.2% route)

=========================================================================
Timing constraint: Default OFFSET IN BEFORE for Clock 'clk'
  Total number of paths / destination ports: 29 / 29
-------------------------------------------------------------------------
Offset:              2.886ns (Levels of Logic = 1)
  Source:            reset (PAD)
  Destination:       _i000002/out (FF)
  Destination Clock: clk rising

  Data Path: reset to _i000002/out
                                Gate     Net
    Cell:in->out      fanout   Delay   Delay  Logical Name (Net Name)
    ----------------------------------------  ------------
     IBUF:I->O            28   1.222   1.234  reset_IBUF (reset_IBUF)
     FDCE:CLR                  0.430          _i000002/state_1
    ----------------------------------------
    Total                      2.886ns (1.652ns logic, 1.234ns route)
                                       (57.2% logic, 42.8% route)

=========================================================================
Timing constraint: Default OFFSET OUT AFTER for Clock 'clk'
  Total number of paths / destination ports: 3 / 3
-------------------------------------------------------------------------
Offset:              3.701ns (Levels of Logic = 1)
  Source:            _i000002/out (FF)
  Destination:       state<0> (PAD)
  Source Clock:      clk rising

  Data Path: _i000002/out to state<0>
                                Gate     Net
    Cell:in->out      fanout   Delay   Delay  Logical Name (Net Name)
    ----------------------------------------  ------------
     FDCE:C->Q             4   0.447   0.683  _i000002/out (_i000002/out)
     OBUF:I->O                 2.571          state_0_OBUF (state<0>)
    ----------------------------------------
    Total                      3.701ns (3.018ns logic, 0.683ns route)
                                       (81.6% logic, 18.4% route)

=========================================================================

Cross Clock Domains Report:
--------------------------

Clock to Setup on destination clock clk
---------------+---------+---------+---------+---------+
               | Src:Rise| Src:Fall| Src:Rise| Src:Fall|
Source Clock   |Dest:Rise|Dest:Rise|Dest:Fall|Dest:Fall|
---------------+---------+---------+---------+---------+
clk            |    4.030|         |         |         |
---------------+---------+---------+---------+---------+

=========================================================================


Total REAL time to Xst completion: 6.00 secs
Total CPU time to Xst completion: 6.61 secs
 
--> 

Total memory usage is 254228 kilobytes

Number of errors   :    0 (   0 filtered)
Number of warnings :    2 (   0 filtered)
Number of infos    :    1 (   0 filtered)

