#-----------------------------------------------------------
# Vivado v2018.3 (64-bit)
# SW Build 2405991 on Thu Dec  6 23:38:27 MST 2018
# IP Build 2404404 on Fri Dec  7 01:43:56 MST 2018
# Start of session at: Mon Jun 14 12:41:31 2021
# Process ID: 13132
# Current directory: C:/Users/KuldeepGohil/Desktop/Spring2021/CECS460/finalProjectHDMIPong
# Command line: vivado.exe -gui_launcher_event rodinguilauncherevent12400 C:\Users\KuldeepGohil\Desktop\Spring2021\CECS460\finalProjectHDMIPong\finalProjectHDMIPong.xpr
# Log file: C:/Users/KuldeepGohil/Desktop/Spring2021/CECS460/finalProjectHDMIPong/vivado.log
# Journal file: C:/Users/KuldeepGohil/Desktop/Spring2021/CECS460/finalProjectHDMIPong\vivado.jou
#-----------------------------------------------------------
start_gui
open_project C:/Users/KuldeepGohil/Desktop/Spring2021/CECS460/finalProjectHDMIPong/finalProjectHDMIPong.xpr
Scanning sources...
Finished scanning sources
WARNING: [filemgmt 56-3] IP Repository Path: Could not find the directory 'C:/Users/KuldeepGohil/Desktop/Spring2021/CECS461/Labs/final_pong_hdmi/zybo-z7-hdmi-master/hardware/zybo_z7_hdmi_repo'.
INFO: [IP_Flow 19-234] Refreshing IP repositories
WARNING: [IP_Flow 19-2248] Failed to load user IP repository 'c:/Users/KuldeepGohil/Desktop/Spring2021/CECS461/Labs/final_pong_hdmi/zybo-z7-hdmi-master/hardware/zybo_z7_hdmi_repo'; Can't find the specified path.
If this directory should no longer be in your list of user repositories, go to the IP Settings dialog and remove it.
INFO: [IP_Flow 19-2313] Loaded Vivado IP repository 'S:/Xilinx/Vivado/2018.3/data/ip'.
WARNING: [BD 41-1661] One or more IPs have been locked in the design 'system.bd'. Please run report_ip_status for more details and recommendations on how to fix this issue.
List of locked IPs:
system_axi_dynclk_0_0
system_rgb2dvi_0_0

open_project: Time (s): cpu = 00:00:14 ; elapsed = 00:00:11 . Memory (MB): peak = 820.707 ; gain = 189.211
update_compile_order -fileset sources_1
open_bd_design {C:/Users/KuldeepGohil/Desktop/Spring2021/CECS460/finalProjectHDMIPong/finalProjectHDMIPong.srcs/sources_1/bd/system/system.bd}
CRITICAL WARNING: [BD 41-52] Could not find the abstraction definition specified by the vlnv: digilentinc.com:interface:tmds_rtl:1.0 
CRITICAL WARNING: [BD 41-181] Type specified by the VLNV: 'digilentinc.com:interface:tmds_rtl:1.0', cannot be found. Interface port: 'hdmi_out' cannot be created
Adding cell -- xilinx.com:ip:processing_system7:5.5 - processing_system7_0
Adding cell -- xilinx.com:ip:axi_interconnect:2.1 - ps7_0_axi_periph
Adding cell -- xilinx.com:ip:axi_crossbar:2.1 - xbar
Adding cell -- xilinx.com:ip:axi_protocol_converter:2.1 - auto_pc
Adding cell -- xilinx.com:ip:proc_sys_reset:5.0 - rst_ps7_0_100M
CRITICAL WARNING: [BD 41-52] Could not find the abstraction definition specified by the vlnv: digilentinc.com:interface:tmds_rtl:1.0 
CRITICAL WARNING: [BD 41-181] Type specified by the VLNV: 'digilentinc.com:interface:tmds_rtl:1.0', cannot be found. Interface port: 'hdmi_out' cannot be created
Adding cell -- digilentinc.com:ip:axi_dynclk:1.0 - axi_dynclk_0
Adding cell -- xilinx.com:ip:axi_vdma:6.3 - axi_vdma_0
Adding cell -- xilinx.com:ip:v_tc:6.1 - v_tc_0
Adding cell -- xilinx.com:ip:v_axi4s_vid_out:4.0 - v_axi4s_vid_out_0
Adding cell -- digilentinc.com:ip:rgb2dvi:1.4 - rgb2dvi_0
CRITICAL WARNING: [BD 41-51] Could not find bus definition for the interface: TMDS 
CRITICAL WARNING: [BD 41-49] Could not find abstraction definition for the interface: TMDS 
CRITICAL WARNING: [BD 41-49] Could not find abstraction definition for the interface: TMDS 
Adding cell -- xilinx.com:ip:axis_subset_converter:1.1 - axis_subset_converter_0
Adding cell -- xilinx.com:ip:xlconstant:1.1 - xlconstant_0
Adding cell -- xilinx.com:ip:smartconnect:1.0 - axi_smc
CRITICAL WARNING: [BD 41-2161] Unable to find interface <hdmi_out> in cell <> while setting up interface connections during loading of BD file.
WARNING: [BD 41-1731] Type mismatch between connected pins: /hdmi/axi_dynclk_0/LOCKED_O(undef) and /hdmi/rgb2dvi_0/aRst_n(rst)
Adding cell -- xilinx.com:ip:axi_gpio:2.0 - buttons
Adding cell -- xilinx.com:ip:axi_gpio:2.0 - switches
Adding cell -- xilinx.com:ip:xadc_wiz:3.3 - xadc_joystick
Adding cell -- xilinx.com:ip:proc_sys_reset:5.0 - rst_ps7_0_100M_1
CRITICAL WARNING: [BD 41-2161] Unable to find interface <hdmi_out> in cell <> while setting up interface connections during loading of BD file.
CRITICAL WARNING: [BD 41-2161] Unable to find interface <hdmi_out> in cell <hdmi> while setting up interface connections during loading of BD file.
Successfully read diagram <system> from BD file <C:/Users/KuldeepGohil/Desktop/Spring2021/CECS460/finalProjectHDMIPong/finalProjectHDMIPong.srcs/sources_1/bd/system/system.bd>
open_bd_design: Time (s): cpu = 00:00:08 ; elapsed = 00:00:07 . Memory (MB): peak = 950.367 ; gain = 106.285
INFO: [Device 21-403] Loading part xc7z010clg400-1
exit
INFO: [Common 17-206] Exiting Vivado at Mon Jun 14 22:36:31 2021...
