#-----------------------------------------------------------
# Webtalk v2018.3 (64-bit)
# SW Build 2405991 on Thu Dec  6 23:38:27 MST 2018
# 
# Start of session at: Tue Apr 13 21:59:10 2021
# Process ID: 31528
# Current directory: D:/xilinx/Vivado/2018.3/CECS461_Labs/pong_hdmi/pong_hdmi.sdk/webtalk
# Command line: wbtcv.exe -mode batch -source sdk_webtalk.tcl
# Log file: D:/xilinx/Vivado/2018.3/CECS461_Labs/pong_hdmi/pong_hdmi.sdk/webtalk/webtalk.log
# Journal file: D:/xilinx/Vivado/2018.3/CECS461_Labs/pong_hdmi/pong_hdmi.sdk/webtalk\webtalk.jou
#-----------------------------------------------------------
source sdk_webtalk.tcl
# webtalk_init -webtalk_dir D:\\xilinx\\Vivado\\2018.3\\CECS461_Labs\\pong_hdmi\\pong_hdmi.sdk\\webtalk
# webtalk_register_client -client project
# webtalk_add_data -client project -key date_generated -value "2021-04-13 21:59:09" -context "software_version_and_target_device"
# webtalk_add_data -client project -key product_version -value "SDK v2018.3" -context "software_version_and_target_device"
# webtalk_add_data -client project -key build_version -value "2018.3" -context "software_version_and_target_device"
# webtalk_add_data -client project -key os_platform -value "amd64" -context "software_version_and_target_device"
# webtalk_add_data -client project -key registration_id -value "174166057_174166058_210737082_407" -context "software_version_and_target_device"
# webtalk_add_data -client project -key tool_flow -value "SDK" -context "software_version_and_target_device"
# webtalk_add_data -client project -key beta -value "false" -context "software_version_and_target_device"
# webtalk_add_data -client project -key route_design -value "NA" -context "software_version_and_target_device"
# webtalk_add_data -client project -key target_family -value "NA" -context "software_version_and_target_device"
# webtalk_add_data -client project -key target_device -value "NA" -context "software_version_and_target_device"
# webtalk_add_data -client project -key target_package -value "NA" -context "software_version_and_target_device"
# webtalk_add_data -client project -key target_speed -value "NA" -context "software_version_and_target_device"
# webtalk_add_data -client project -key random_id -value "c0h0sp7oigcl7ongvph65lpdfu" -context "software_version_and_target_device"
# webtalk_add_data -client project -key project_id -value "2018.3_21" -context "software_version_and_target_device"
# webtalk_add_data -client project -key project_iteration -value "21" -context "software_version_and_target_device"
# webtalk_add_data -client project -key os_name -value "Microsoft Windows 8 or later , 64-bit" -context "user_environment"
# webtalk_add_data -client project -key os_release -value "major release  (build 9200)" -context "user_environment"
# webtalk_add_data -client project -key cpu_name -value "Intel(R) Core(TM) i5-8600 CPU @ 3.10GHz" -context "user_environment"
# webtalk_add_data -client project -key cpu_speed -value "3096 MHz" -context "user_environment"
# webtalk_add_data -client project -key total_processors -value "1" -context "user_environment"
# webtalk_add_data -client project -key system_ram -value "17.108 GB" -context "user_environment"
# webtalk_register_client -client sdk
# webtalk_add_data -client sdk -key uid -value "1618363005516" -context "sdk\\\\hardware/1618363005516"
# webtalk_add_data -client sdk -key isZynq -value "true" -context "sdk\\\\hardware/1618363005516"
# webtalk_add_data -client sdk -key isZynqMP -value "false" -context "sdk\\\\hardware/1618363005516"
# webtalk_add_data -client sdk -key Processors -value "2" -context "sdk\\\\hardware/1618363005516"
# webtalk_add_data -client sdk -key VivadoVersion -value "2018.3" -context "sdk\\\\hardware/1618363005516"
# webtalk_add_data -client sdk -key Arch -value "zynq" -context "sdk\\\\hardware/1618363005516"
# webtalk_add_data -client sdk -key Device -value "7z010" -context "sdk\\\\hardware/1618363005516"
# webtalk_add_data -client sdk -key IsHandoff -value "true" -context "sdk\\\\hardware/1618363005516"
# webtalk_add_data -client sdk -key os -value "NA" -context "sdk\\\\hardware/1618363005516"
# webtalk_add_data -client sdk -key apptemplate -value "NA" -context "sdk\\\\hardware/1618363005516"
# webtalk_add_data -client sdk -key RecordType -value "HWCreation" -context "sdk\\\\hardware/1618363005516"
# webtalk_add_data -client sdk -key uid -value "1618363168706" -context "sdk\\\\bsp/1618363168706"
# webtalk_add_data -client sdk -key hwid -value "1618363005516" -context "sdk\\\\bsp/1618363168706"
# webtalk_add_data -client sdk -key os -value "standalone" -context "sdk\\\\bsp/1618363168706"
# webtalk_add_data -client sdk -key apptemplate -value "empty_application" -context "sdk\\\\bsp/1618363168706"
# webtalk_add_data -client sdk -key RecordType -value "BSPCreation" -context "sdk\\\\bsp/1618363168706"
# webtalk_add_data -client sdk -key uid -value "1618363176590" -context "sdk\\\\application/1618363176590"
# webtalk_add_data -client sdk -key hwid -value "1618363005516" -context "sdk\\\\application/1618363176590"
# webtalk_add_data -client sdk -key bspid -value "1618363168706" -context "sdk\\\\application/1618363176590"
# webtalk_add_data -client sdk -key newbsp -value "true" -context "sdk\\\\application/1618363176590"
# webtalk_add_data -client sdk -key os -value "standalone" -context "sdk\\\\application/1618363176590"
# webtalk_add_data -client sdk -key apptemplate -value "empty_application" -context "sdk\\\\application/1618363176590"
# webtalk_add_data -client sdk -key RecordType -value "APPCreation" -context "sdk\\\\application/1618363176590"
# webtalk_add_data -client sdk -key LangUsed -value "C" -context "sdk\\\\application/1618363176590"
# webtalk_add_data -client sdk -key Procused -value "ps7_cortexa9" -context "sdk\\\\application/1618363176590"
# webtalk_add_data -client sdk -key projSize -value "488.0078125" -context "sdk\\\\application/1618363176590"
# webtalk_add_data -client sdk -key uid -value "NA" -context "sdk\\\\bsp/1618376348982"
# webtalk_add_data -client sdk -key RecordType -value "ToolUsage" -context "sdk\\\\bsp/1618376348982"
# webtalk_add_data -client sdk -key BootgenCount -value "0" -context "sdk\\\\bsp/1618376348982"
# webtalk_add_data -client sdk -key DebugCount -value "0" -context "sdk\\\\bsp/1618376348982"
# webtalk_add_data -client sdk -key PerfCount -value "0" -context "sdk\\\\bsp/1618376348982"
# webtalk_add_data -client sdk -key FlashCount -value "0" -context "sdk\\\\bsp/1618376348982"
# webtalk_add_data -client sdk -key CrossTriggCount -value "0" -context "sdk\\\\bsp/1618376348982"
# webtalk_add_data -client sdk -key QemuDebugCount -value "0" -context "sdk\\\\bsp/1618376348982"
# webtalk_transmit -clientid 3568624567 -regid "174166057_174166058_210737082_407" -xml D:\\xilinx\\Vivado\\2018.3\\CECS461_Labs\\pong_hdmi\\pong_hdmi.sdk\\webtalk\\usage_statistics_ext_sdk.xml -html D:\\xilinx\\Vivado\\2018.3\\CECS461_Labs\\pong_hdmi\\pong_hdmi.sdk\\webtalk\\usage_statistics_ext_sdk.html -wdm D:\\xilinx\\Vivado\\2018.3\\CECS461_Labs\\pong_hdmi\\pong_hdmi.sdk\\webtalk\\sdk_webtalk.wdm -intro "<H3>SDK Usage Report</H3><BR>"
# webtalk_terminate
INFO: [Common 17-206] Exiting Webtalk at Tue Apr 13 21:59:17 2021...
